[0.043s] Invoking command in '/home/canveo/turtlebot_ws/build/kobuki_random_walker': CMAKE_PREFIX_PATH=${CMAKE_PREFIX_PATH}:/home/canveo/turtlebot_ws/install/move_base:/opt/ros/iron /usr/bin/cmake --build /home/canveo/turtlebot_ws/build/kobuki_random_walker -- -j8 -l8
[0.188s] [ 50%] Built target kobuki_random_walker_node
[0.190s] [100%] Built target kobuki_random_walker
[0.223s] Invoked command in '/home/canveo/turtlebot_ws/build/kobuki_random_walker' returned '0': CMAKE_PREFIX_PATH=${CMAKE_PREFIX_PATH}:/home/canveo/turtlebot_ws/install/move_base:/opt/ros/iron /usr/bin/cmake --build /home/canveo/turtlebot_ws/build/kobuki_random_walker -- -j8 -l8
[0.419s] Invoking command in '/home/canveo/turtlebot_ws/build/kobuki_random_walker': CMAKE_PREFIX_PATH=${CMAKE_PREFIX_PATH}:/home/canveo/turtlebot_ws/install/move_base:/opt/ros/iron /usr/bin/cmake --install /home/canveo/turtlebot_ws/build/kobuki_random_walker
[0.442s] -- Install configuration: ""
[0.443s] -- Execute custom install script
[0.443s] -- Up-to-date symlink: /home/canveo/turtlebot_ws/install/kobuki_random_walker/lib/kobuki_random_walker/kobuki_random_walker_node
[0.443s] -- Up-to-date symlink: /home/canveo/turtlebot_ws/install/kobuki_random_walker/lib/libkobuki_random_walker.so
[0.443s] -- Up-to-date symlink: /home/canveo/turtlebot_ws/install/kobuki_random_walker/include/kobuki_random_walker/random_walker.hpp
[0.444s] -- Up-to-date symlink: /home/canveo/turtlebot_ws/install/kobuki_random_walker/share/kobuki_random_walker/launch/random_walker_app.launch
[0.444s] -- Up-to-date symlink: /home/canveo/turtlebot_ws/install/kobuki_random_walker/share/kobuki_random_walker/launch/safe_random_walker_app.launch
[0.444s] -- Up-to-date symlink: /home/canveo/turtlebot_ws/install/kobuki_random_walker/share/kobuki_random_walker/launch/standalone.launch
[0.444s] -- Up-to-date symlink: /home/canveo/turtlebot_ws/install/kobuki_random_walker/share/ament_index/resource_index/package_run_dependencies/kobuki_random_walker
[0.444s] -- Up-to-date symlink: /home/canveo/turtlebot_ws/install/kobuki_random_walker/share/ament_index/resource_index/parent_prefix_path/kobuki_random_walker
[0.444s] -- Up-to-date symlink: /home/canveo/turtlebot_ws/install/kobuki_random_walker/share/kobuki_random_walker/environment/ament_prefix_path.sh
[0.446s] -- Up-to-date symlink: /home/canveo/turtlebot_ws/install/kobuki_random_walker/share/kobuki_random_walker/environment/ament_prefix_path.dsv
[0.450s] -- Up-to-date symlink: /home/canveo/turtlebot_ws/install/kobuki_random_walker/share/kobuki_random_walker/environment/path.sh
[0.452s] -- Up-to-date symlink: /home/canveo/turtlebot_ws/install/kobuki_random_walker/share/kobuki_random_walker/environment/path.dsv
[0.452s] -- Up-to-date symlink: /home/canveo/turtlebot_ws/install/kobuki_random_walker/share/kobuki_random_walker/local_setup.bash
[0.453s] -- Up-to-date symlink: /home/canveo/turtlebot_ws/install/kobuki_random_walker/share/kobuki_random_walker/local_setup.sh
[0.453s] -- Up-to-date symlink: /home/canveo/turtlebot_ws/install/kobuki_random_walker/share/kobuki_random_walker/local_setup.zsh
[0.454s] -- Up-to-date symlink: /home/canveo/turtlebot_ws/install/kobuki_random_walker/share/kobuki_random_walker/local_setup.dsv
[0.454s] -- Symlinking: /home/canveo/turtlebot_ws/install/kobuki_random_walker/share/kobuki_random_walker/package.dsv
[0.464s] -- Up-to-date symlink: /home/canveo/turtlebot_ws/install/kobuki_random_walker/share/ament_index/resource_index/packages/kobuki_random_walker
[0.465s] -- Up-to-date symlink: /home/canveo/turtlebot_ws/install/kobuki_random_walker/share/ament_index/resource_index/rclcpp_components/kobuki_random_walker
[0.466s] -- Up-to-date symlink: /home/canveo/turtlebot_ws/install/kobuki_random_walker/share/kobuki_random_walker/cmake/kobuki_random_walkerConfig.cmake
[0.466s] -- Up-to-date symlink: /home/canveo/turtlebot_ws/install/kobuki_random_walker/share/kobuki_random_walker/cmake/kobuki_random_walkerConfig-version.cmake
[0.467s] -- Up-to-date symlink: /home/canveo/turtlebot_ws/install/kobuki_random_walker/share/kobuki_random_walker/package.xml
[0.492s] Invoked command in '/home/canveo/turtlebot_ws/build/kobuki_random_walker' returned '0': CMAKE_PREFIX_PATH=${CMAKE_PREFIX_PATH}:/home/canveo/turtlebot_ws/install/move_base:/opt/ros/iron /usr/bin/cmake --install /home/canveo/turtlebot_ws/build/kobuki_random_walker
