[0.057s] Invoking command in '/home/canveo/turtlebot_ws/build/kobuki_safety_controller': CMAKE_PREFIX_PATH=${CMAKE_PREFIX_PATH}:/opt/ros/iron /usr/bin/cmake --build /home/canveo/turtlebot_ws/build/kobuki_safety_controller -- -j8 -l8
[0.134s] [35m[1mConsolidate compiler generated dependencies of target kobuki_safety_controller[0m
[0.138s] [35m[1mConsolidate compiler generated dependencies of target kobuki_safety_controller_node[0m
[0.203s] [ 50%] Built target kobuki_safety_controller_node
[0.208s] [100%] Built target kobuki_safety_controller
[0.237s] Invoked command in '/home/canveo/turtlebot_ws/build/kobuki_safety_controller' returned '0': CMAKE_PREFIX_PATH=${CMAKE_PREFIX_PATH}:/opt/ros/iron /usr/bin/cmake --build /home/canveo/turtlebot_ws/build/kobuki_safety_controller -- -j8 -l8
[0.378s] Invoking command in '/home/canveo/turtlebot_ws/build/kobuki_safety_controller': CMAKE_PREFIX_PATH=${CMAKE_PREFIX_PATH}:/opt/ros/iron /usr/bin/cmake --install /home/canveo/turtlebot_ws/build/kobuki_safety_controller
[0.409s] -- Install configuration: ""
[0.409s] -- Execute custom install script
[0.410s] -- Up-to-date symlink: /home/canveo/turtlebot_ws/install/kobuki_safety_controller/lib/kobuki_safety_controller/kobuki_safety_controller_node
[0.411s] -- Up-to-date symlink: /home/canveo/turtlebot_ws/install/kobuki_safety_controller/lib/libkobuki_safety_controller.so
[0.411s] -- Up-to-date symlink: /home/canveo/turtlebot_ws/install/kobuki_safety_controller/include/kobuki_safety_controller/safety_controller.hpp
[0.411s] -- Up-to-date symlink: /home/canveo/turtlebot_ws/install/kobuki_safety_controller/share/kobuki_safety_controller/config/safety_controller_params.yaml
[0.411s] -- Up-to-date symlink: /home/canveo/turtlebot_ws/install/kobuki_safety_controller/share/kobuki_safety_controller/launch/safety_controller-composed-launch.py
[0.411s] -- Up-to-date symlink: /home/canveo/turtlebot_ws/install/kobuki_safety_controller/share/kobuki_safety_controller/launch/safety_controller-launch.py
[0.411s] -- Up-to-date symlink: /home/canveo/turtlebot_ws/install/kobuki_safety_controller/share/ament_index/resource_index/package_run_dependencies/kobuki_safety_controller
[0.412s] -- Up-to-date symlink: /home/canveo/turtlebot_ws/install/kobuki_safety_controller/share/ament_index/resource_index/parent_prefix_path/kobuki_safety_controller
[0.412s] -- Up-to-date symlink: /home/canveo/turtlebot_ws/install/kobuki_safety_controller/share/kobuki_safety_controller/environment/ament_prefix_path.sh
[0.412s] -- Up-to-date symlink: /home/canveo/turtlebot_ws/install/kobuki_safety_controller/share/kobuki_safety_controller/environment/ament_prefix_path.dsv
[0.413s] -- Up-to-date symlink: /home/canveo/turtlebot_ws/install/kobuki_safety_controller/share/kobuki_safety_controller/environment/path.sh
[0.413s] -- Up-to-date symlink: /home/canveo/turtlebot_ws/install/kobuki_safety_controller/share/kobuki_safety_controller/environment/path.dsv
[0.414s] -- Up-to-date symlink: /home/canveo/turtlebot_ws/install/kobuki_safety_controller/share/kobuki_safety_controller/local_setup.bash
[0.414s] -- Up-to-date symlink: /home/canveo/turtlebot_ws/install/kobuki_safety_controller/share/kobuki_safety_controller/local_setup.sh
[0.414s] -- Up-to-date symlink: /home/canveo/turtlebot_ws/install/kobuki_safety_controller/share/kobuki_safety_controller/local_setup.zsh
[0.414s] -- Up-to-date symlink: /home/canveo/turtlebot_ws/install/kobuki_safety_controller/share/kobuki_safety_controller/local_setup.dsv
[0.414s] -- Symlinking: /home/canveo/turtlebot_ws/install/kobuki_safety_controller/share/kobuki_safety_controller/package.dsv
[0.440s] -- Up-to-date symlink: /home/canveo/turtlebot_ws/install/kobuki_safety_controller/share/ament_index/resource_index/packages/kobuki_safety_controller
[0.441s] -- Up-to-date symlink: /home/canveo/turtlebot_ws/install/kobuki_safety_controller/share/ament_index/resource_index/rclcpp_components/kobuki_safety_controller
[0.442s] -- Up-to-date symlink: /home/canveo/turtlebot_ws/install/kobuki_safety_controller/share/kobuki_safety_controller/cmake/kobuki_safety_controllerConfig.cmake
[0.442s] -- Up-to-date symlink: /home/canveo/turtlebot_ws/install/kobuki_safety_controller/share/kobuki_safety_controller/cmake/kobuki_safety_controllerConfig-version.cmake
[0.446s] -- Up-to-date symlink: /home/canveo/turtlebot_ws/install/kobuki_safety_controller/share/kobuki_safety_controller/package.xml
[0.490s] Invoked command in '/home/canveo/turtlebot_ws/build/kobuki_safety_controller' returned '0': CMAKE_PREFIX_PATH=${CMAKE_PREFIX_PATH}:/opt/ros/iron /usr/bin/cmake --install /home/canveo/turtlebot_ws/build/kobuki_safety_controller
