[0.610s] Invoking command in '/home/canveo/turtlebot_ws/build/follow_line': PYTHONPATH=/home/canveo/turtlebot_ws/build/follow_line/prefix_override:/usr/lib/python3/dist-packages/colcon_core/task/python/colcon_distutils_commands:/home/canveo/turtlebot_ws/install/follow_line/lib/python3.10/site-packages:${PYTHONPATH} /usr/bin/python3 -W ignore:setup.py install is deprecated setup.py develop --uninstall --editable --build-directory /home/canveo/turtlebot_ws/build/follow_line/build
[0.860s] running develop
[0.868s] /usr/lib/python3/dist-packages/setuptools/command/easy_install.py:158: EasyInstallDeprecationWarning: easy_install command is deprecated. Use build and pip and other standards-based tools.
[0.869s]   warnings.warn(
[1.045s] Removing /home/canveo/turtlebot_ws/install/follow_line/lib/python3.10/site-packages/follow-line.egg-link (link to .)
[1.070s] Invoked command in '/home/canveo/turtlebot_ws/build/follow_line' returned '0': PYTHONPATH=/home/canveo/turtlebot_ws/build/follow_line/prefix_override:/usr/lib/python3/dist-packages/colcon_core/task/python/colcon_distutils_commands:/home/canveo/turtlebot_ws/install/follow_line/lib/python3.10/site-packages:${PYTHONPATH} /usr/bin/python3 -W ignore:setup.py install is deprecated setup.py develop --uninstall --editable --build-directory /home/canveo/turtlebot_ws/build/follow_line/build
[1.071s] Invoking command in '/home/canveo/turtlebot_ws/src/follow_line': PYTHONPATH=/home/canveo/turtlebot_ws/build/follow_line/prefix_override:/usr/lib/python3/dist-packages/colcon_core/task/python/colcon_distutils_commands:/home/canveo/turtlebot_ws/install/follow_line/lib/python3.10/site-packages:${PYTHONPATH} /usr/bin/python3 -W ignore:setup.py install is deprecated setup.py egg_info --egg-base ../../build/follow_line build --build-base /home/canveo/turtlebot_ws/build/follow_line/build install --record /home/canveo/turtlebot_ws/build/follow_line/install.log --single-version-externally-managed install_data --force
[1.302s] running egg_info
[1.303s] writing ../../build/follow_line/follow_line.egg-info/PKG-INFO
[1.303s] writing dependency_links to ../../build/follow_line/follow_line.egg-info/dependency_links.txt
[1.303s] writing entry points to ../../build/follow_line/follow_line.egg-info/entry_points.txt
[1.303s] writing top-level names to ../../build/follow_line/follow_line.egg-info/top_level.txt
[1.305s] reading manifest file '../../build/follow_line/follow_line.egg-info/SOURCES.txt'
[1.309s] writing manifest file '../../build/follow_line/follow_line.egg-info/SOURCES.txt'
[1.309s] running build
[1.309s] running build_py
[1.309s] creating /home/canveo/turtlebot_ws/build/follow_line/build
[1.310s] creating /home/canveo/turtlebot_ws/build/follow_line/build/lib
[1.310s] creating /home/canveo/turtlebot_ws/build/follow_line/build/lib/follow_line
[1.310s] copying follow_line/test_seguidor.py -> /home/canveo/turtlebot_ws/build/follow_line/build/lib/follow_line
[1.310s] copying follow_line/follow_path_pid.py -> /home/canveo/turtlebot_ws/build/follow_line/build/lib/follow_line
[1.310s] copying follow_line/move_turtle.py -> /home/canveo/turtlebot_ws/build/follow_line/build/lib/follow_line
[1.310s] copying follow_line/__init__.py -> /home/canveo/turtlebot_ws/build/follow_line/build/lib/follow_line
[1.310s] copying follow_line/pilotnet_turtle.py -> /home/canveo/turtlebot_ws/build/follow_line/build/lib/follow_line
[1.311s] running install
[1.311s] running install_lib
[1.311s] creating /home/canveo/turtlebot_ws/install/follow_line/lib/python3.10/site-packages/follow_line
[1.311s] copying /home/canveo/turtlebot_ws/build/follow_line/build/lib/follow_line/test_seguidor.py -> /home/canveo/turtlebot_ws/install/follow_line/lib/python3.10/site-packages/follow_line
[1.311s] copying /home/canveo/turtlebot_ws/build/follow_line/build/lib/follow_line/follow_path_pid.py -> /home/canveo/turtlebot_ws/install/follow_line/lib/python3.10/site-packages/follow_line
[1.312s] copying /home/canveo/turtlebot_ws/build/follow_line/build/lib/follow_line/move_turtle.py -> /home/canveo/turtlebot_ws/install/follow_line/lib/python3.10/site-packages/follow_line
[1.312s] copying /home/canveo/turtlebot_ws/build/follow_line/build/lib/follow_line/__init__.py -> /home/canveo/turtlebot_ws/install/follow_line/lib/python3.10/site-packages/follow_line
[1.312s] copying /home/canveo/turtlebot_ws/build/follow_line/build/lib/follow_line/pilotnet_turtle.py -> /home/canveo/turtlebot_ws/install/follow_line/lib/python3.10/site-packages/follow_line
[1.312s] byte-compiling /home/canveo/turtlebot_ws/install/follow_line/lib/python3.10/site-packages/follow_line/test_seguidor.py to test_seguidor.cpython-310.pyc
[1.312s] byte-compiling /home/canveo/turtlebot_ws/install/follow_line/lib/python3.10/site-packages/follow_line/follow_path_pid.py to follow_path_pid.cpython-310.pyc
[1.313s] byte-compiling /home/canveo/turtlebot_ws/install/follow_line/lib/python3.10/site-packages/follow_line/move_turtle.py to move_turtle.cpython-310.pyc
[1.314s] byte-compiling /home/canveo/turtlebot_ws/install/follow_line/lib/python3.10/site-packages/follow_line/__init__.py to __init__.cpython-310.pyc
[1.314s] byte-compiling /home/canveo/turtlebot_ws/install/follow_line/lib/python3.10/site-packages/follow_line/pilotnet_turtle.py to pilotnet_turtle.cpython-310.pyc
[1.315s] running install_data
[1.316s] copying resource/follow_line -> /home/canveo/turtlebot_ws/install/follow_line/share/ament_index/resource_index/packages
[1.316s] copying package.xml -> /home/canveo/turtlebot_ws/install/follow_line/share/follow_line
[1.316s] copying launch/tortuga.launch.py -> /home/canveo/turtlebot_ws/install/follow_line/share/follow_line
[1.316s] copying launch/pilot_turtlebot.launch.py -> /home/canveo/turtlebot_ws/install/follow_line/share/follow_line
[1.316s] copying launch/turtlebot_follow_line.launch.py -> /home/canveo/turtlebot_ws/install/follow_line/share/follow_line
[1.317s] copying launch/follow_line.launch.py -> /home/canveo/turtlebot_ws/install/follow_line/share/follow_line
[1.317s] running install_egg_info
[1.319s] Copying ../../build/follow_line/follow_line.egg-info to /home/canveo/turtlebot_ws/install/follow_line/lib/python3.10/site-packages/follow_line-0.0.0-py3.10.egg-info
[1.320s] running install_scripts
[1.340s] Installing follow_line_node script to /home/canveo/turtlebot_ws/install/follow_line/lib/follow_line
[1.340s] Installing pilotnet_turtle script to /home/canveo/turtlebot_ws/install/follow_line/lib/follow_line
[1.340s] writing list of installed files to '/home/canveo/turtlebot_ws/build/follow_line/install.log'
[1.364s] Invoked command in '/home/canveo/turtlebot_ws/src/follow_line' returned '0': PYTHONPATH=/home/canveo/turtlebot_ws/build/follow_line/prefix_override:/usr/lib/python3/dist-packages/colcon_core/task/python/colcon_distutils_commands:/home/canveo/turtlebot_ws/install/follow_line/lib/python3.10/site-packages:${PYTHONPATH} /usr/bin/python3 -W ignore:setup.py install is deprecated setup.py egg_info --egg-base ../../build/follow_line build --build-base /home/canveo/turtlebot_ws/build/follow_line/build install --record /home/canveo/turtlebot_ws/build/follow_line/install.log --single-version-externally-managed install_data --force
