[0.046s] Invoking command in '/home/canveo/turtlebot_ws/build/kobuki_safety_controller': CMAKE_PREFIX_PATH=${CMAKE_PREFIX_PATH}:/home/canveo/turtlebot_ws/install/move_base:/opt/ros/iron /usr/bin/cmake --build /home/canveo/turtlebot_ws/build/kobuki_safety_controller -- -j8 -l8
[0.193s] [ 50%] Built target kobuki_safety_controller_node
[0.193s] [100%] Built target kobuki_safety_controller
[0.232s] Invoked command in '/home/canveo/turtlebot_ws/build/kobuki_safety_controller' returned '0': CMAKE_PREFIX_PATH=${CMAKE_PREFIX_PATH}:/home/canveo/turtlebot_ws/install/move_base:/opt/ros/iron /usr/bin/cmake --build /home/canveo/turtlebot_ws/build/kobuki_safety_controller -- -j8 -l8
[0.331s] Invoking command in '/home/canveo/turtlebot_ws/build/kobuki_safety_controller': CMAKE_PREFIX_PATH=${CMAKE_PREFIX_PATH}:/home/canveo/turtlebot_ws/install/move_base:/opt/ros/iron /usr/bin/cmake --install /home/canveo/turtlebot_ws/build/kobuki_safety_controller
[0.349s] -- Install configuration: ""
[0.363s] -- Execute custom install script
[0.363s] -- Up-to-date symlink: /home/canveo/turtlebot_ws/install/kobuki_safety_controller/lib/kobuki_safety_controller/kobuki_safety_controller_node
[0.364s] -- Up-to-date symlink: /home/canveo/turtlebot_ws/install/kobuki_safety_controller/lib/libkobuki_safety_controller.so
[0.372s] -- Up-to-date symlink: /home/canveo/turtlebot_ws/install/kobuki_safety_controller/include/kobuki_safety_controller/safety_controller.hpp
[0.372s] -- Up-to-date symlink: /home/canveo/turtlebot_ws/install/kobuki_safety_controller/share/kobuki_safety_controller/config/safety_controller_params.yaml
[0.385s] -- Up-to-date symlink: /home/canveo/turtlebot_ws/install/kobuki_safety_controller/share/kobuki_safety_controller/launch/safety_controller-composed-launch.py
[0.385s] -- Up-to-date symlink: /home/canveo/turtlebot_ws/install/kobuki_safety_controller/share/kobuki_safety_controller/launch/safety_controller-launch.py
[0.385s] -- Up-to-date symlink: /home/canveo/turtlebot_ws/install/kobuki_safety_controller/share/ament_index/resource_index/package_run_dependencies/kobuki_safety_controller
[0.385s] -- Up-to-date symlink: /home/canveo/turtlebot_ws/install/kobuki_safety_controller/share/ament_index/resource_index/parent_prefix_path/kobuki_safety_controller
[0.385s] -- Up-to-date symlink: /home/canveo/turtlebot_ws/install/kobuki_safety_controller/share/kobuki_safety_controller/environment/ament_prefix_path.sh
[0.385s] -- Up-to-date symlink: /home/canveo/turtlebot_ws/install/kobuki_safety_controller/share/kobuki_safety_controller/environment/ament_prefix_path.dsv
[0.386s] -- Up-to-date symlink: /home/canveo/turtlebot_ws/install/kobuki_safety_controller/share/kobuki_safety_controller/environment/path.sh
[0.386s] -- Up-to-date symlink: /home/canveo/turtlebot_ws/install/kobuki_safety_controller/share/kobuki_safety_controller/environment/path.dsv
[0.386s] -- Up-to-date symlink: /home/canveo/turtlebot_ws/install/kobuki_safety_controller/share/kobuki_safety_controller/local_setup.bash
[0.386s] -- Up-to-date symlink: /home/canveo/turtlebot_ws/install/kobuki_safety_controller/share/kobuki_safety_controller/local_setup.sh
[0.387s] -- Up-to-date symlink: /home/canveo/turtlebot_ws/install/kobuki_safety_controller/share/kobuki_safety_controller/local_setup.zsh
[0.388s] -- Up-to-date symlink: /home/canveo/turtlebot_ws/install/kobuki_safety_controller/share/kobuki_safety_controller/local_setup.dsv
[0.390s] -- Symlinking: /home/canveo/turtlebot_ws/install/kobuki_safety_controller/share/kobuki_safety_controller/package.dsv
[0.405s] -- Up-to-date symlink: /home/canveo/turtlebot_ws/install/kobuki_safety_controller/share/ament_index/resource_index/packages/kobuki_safety_controller
[0.405s] -- Up-to-date symlink: /home/canveo/turtlebot_ws/install/kobuki_safety_controller/share/ament_index/resource_index/rclcpp_components/kobuki_safety_controller
[0.406s] -- Up-to-date symlink: /home/canveo/turtlebot_ws/install/kobuki_safety_controller/share/kobuki_safety_controller/cmake/kobuki_safety_controllerConfig.cmake
[0.406s] -- Up-to-date symlink: /home/canveo/turtlebot_ws/install/kobuki_safety_controller/share/kobuki_safety_controller/cmake/kobuki_safety_controllerConfig-version.cmake
[0.407s] -- Up-to-date symlink: /home/canveo/turtlebot_ws/install/kobuki_safety_controller/share/kobuki_safety_controller/package.xml
[0.431s] Invoked command in '/home/canveo/turtlebot_ws/build/kobuki_safety_controller' returned '0': CMAKE_PREFIX_PATH=${CMAKE_PREFIX_PATH}:/home/canveo/turtlebot_ws/install/move_base:/opt/ros/iron /usr/bin/cmake --install /home/canveo/turtlebot_ws/build/kobuki_safety_controller
