[0.033s] Invoking command in '/home/canveo/turtlebot_ws/build/cmd_vel_mux': /usr/bin/cmake --build /home/canveo/turtlebot_ws/build/cmd_vel_mux -- -j8 -l8
[0.178s] [ 50%] Built target cmd_vel_mux
[0.182s] [100%] Built target cmd_vel_mux_node
[0.198s] Invoked command in '/home/canveo/turtlebot_ws/build/cmd_vel_mux' returned '0': /usr/bin/cmake --build /home/canveo/turtlebot_ws/build/cmd_vel_mux -- -j8 -l8
[0.297s] Invoking command in '/home/canveo/turtlebot_ws/build/cmd_vel_mux': /usr/bin/cmake --install /home/canveo/turtlebot_ws/build/cmd_vel_mux
[0.336s] -- Install configuration: ""
[0.336s] -- Execute custom install script
[0.336s] -- Up-to-date symlink: /home/canveo/turtlebot_ws/install/cmd_vel_mux/lib/cmd_vel_mux/cmd_vel_mux_node
[0.337s] -- Up-to-date symlink: /home/canveo/turtlebot_ws/install/cmd_vel_mux/lib/libcmd_vel_mux.so
[0.337s] -- Up-to-date symlink: /home/canveo/turtlebot_ws/install/cmd_vel_mux/include/cmd_vel_mux/cmd_vel_mux.hpp
[0.337s] -- Up-to-date symlink: /home/canveo/turtlebot_ws/install/cmd_vel_mux/share/cmd_vel_mux/config/cmd_vel_mux_params.yaml
[0.337s] -- Up-to-date symlink: /home/canveo/turtlebot_ws/install/cmd_vel_mux/share/cmd_vel_mux/launch/cmd_vel_mux-composed-launch.py
[0.337s] -- Up-to-date symlink: /home/canveo/turtlebot_ws/install/cmd_vel_mux/share/cmd_vel_mux/launch/cmd_vel_mux-launch.py
[0.337s] -- Up-to-date symlink: /home/canveo/turtlebot_ws/install/cmd_vel_mux/share/ament_index/resource_index/package_run_dependencies/cmd_vel_mux
[0.337s] -- Up-to-date symlink: /home/canveo/turtlebot_ws/install/cmd_vel_mux/share/ament_index/resource_index/parent_prefix_path/cmd_vel_mux
[0.341s] -- Up-to-date symlink: /home/canveo/turtlebot_ws/install/cmd_vel_mux/share/cmd_vel_mux/environment/ament_prefix_path.sh
[0.341s] -- Up-to-date symlink: /home/canveo/turtlebot_ws/install/cmd_vel_mux/share/cmd_vel_mux/environment/ament_prefix_path.dsv
[0.341s] -- Up-to-date symlink: /home/canveo/turtlebot_ws/install/cmd_vel_mux/share/cmd_vel_mux/environment/path.sh
[0.342s] -- Up-to-date symlink: /home/canveo/turtlebot_ws/install/cmd_vel_mux/share/cmd_vel_mux/environment/path.dsv
[0.342s] -- Up-to-date symlink: /home/canveo/turtlebot_ws/install/cmd_vel_mux/share/cmd_vel_mux/local_setup.bash
[0.342s] -- Up-to-date symlink: /home/canveo/turtlebot_ws/install/cmd_vel_mux/share/cmd_vel_mux/local_setup.sh
[0.343s] -- Up-to-date symlink: /home/canveo/turtlebot_ws/install/cmd_vel_mux/share/cmd_vel_mux/local_setup.zsh
[0.343s] -- Up-to-date symlink: /home/canveo/turtlebot_ws/install/cmd_vel_mux/share/cmd_vel_mux/local_setup.dsv
[0.343s] -- Symlinking: /home/canveo/turtlebot_ws/install/cmd_vel_mux/share/cmd_vel_mux/package.dsv
[0.362s] -- Up-to-date symlink: /home/canveo/turtlebot_ws/install/cmd_vel_mux/share/ament_index/resource_index/packages/cmd_vel_mux
[0.362s] -- Up-to-date symlink: /home/canveo/turtlebot_ws/install/cmd_vel_mux/share/ament_index/resource_index/rclcpp_components/cmd_vel_mux
[0.363s] -- Up-to-date symlink: /home/canveo/turtlebot_ws/install/cmd_vel_mux/share/cmd_vel_mux/cmake/cmd_vel_muxConfig.cmake
[0.364s] -- Up-to-date symlink: /home/canveo/turtlebot_ws/install/cmd_vel_mux/share/cmd_vel_mux/cmake/cmd_vel_muxConfig-version.cmake
[0.364s] -- Up-to-date symlink: /home/canveo/turtlebot_ws/install/cmd_vel_mux/share/cmd_vel_mux/package.xml
[0.391s] Invoked command in '/home/canveo/turtlebot_ws/build/cmd_vel_mux' returned '0': /usr/bin/cmake --install /home/canveo/turtlebot_ws/build/cmd_vel_mux
