[0.036s] Invoking command in '/home/canveo/turtlebot_ws/build/kobuki_keyop': AMENT_PREFIX_PATH=/home/canveo/turtlebot_ws/install/kobuki_velocity_smoother:/home/canveo/turtlebot_ws/install/cmd_vel_mux:${AMENT_PREFIX_PATH} CMAKE_PREFIX_PATH=/home/canveo/turtlebot_ws/install/kobuki_velocity_smoother:/home/canveo/turtlebot_ws/install/cmd_vel_mux:/opt/ros/iron LD_LIBRARY_PATH=/home/canveo/turtlebot_ws/install/kobuki_velocity_smoother/lib:/home/canveo/turtlebot_ws/install/cmd_vel_mux/lib:${LD_LIBRARY_PATH} /usr/bin/cmake /home/canveo/turtlebot_ws/src/kobuki_ros/kobuki_keyop -DAMENT_CMAKE_SYMLINK_INSTALL=1 -DCMAKE_INSTALL_PREFIX=/home/canveo/turtlebot_ws/install/kobuki_keyop
[0.305s] -- The C compiler identification is GNU 11.4.0
[0.574s] -- The CXX compiler identification is GNU 11.4.0
[0.605s] -- Detecting C compiler ABI info
[0.923s] -- Detecting C compiler ABI info - done
[0.971s] -- Check for working C compiler: /usr/bin/cc - skipped
[0.972s] -- Detecting C compile features
[0.973s] -- Detecting C compile features - done
[0.987s] -- Detecting CXX compiler ABI info
[1.338s] -- Detecting CXX compiler ABI info - done
[1.393s] -- Check for working CXX compiler: /usr/bin/c++ - skipped
[1.393s] -- Detecting CXX compile features
[1.395s] -- Detecting CXX compile features - done
[1.403s] -- Found ament_cmake_ros: 0.11.2 (/opt/ros/iron/share/ament_cmake_ros/cmake)
[2.121s] -- Found Python3: /usr/bin/python3.10 (found version "3.10.12") found components: Interpreter 
[2.267s] -- Override CMake install command with custom implementation using symlinks instead of copying resources
[2.326s] -- Found ecl_build: 1.0.3 (/opt/ros/iron/share/ecl_build/cmake)
[2.341s] -- Found geometry_msgs: 5.0.1 (/opt/ros/iron/share/geometry_msgs/cmake)
[2.436s] -- Found rosidl_generator_c: 4.0.1 (/opt/ros/iron/share/rosidl_generator_c/cmake)
[2.466s] -- Found rosidl_generator_cpp: 4.0.1 (/opt/ros/iron/share/rosidl_generator_cpp/cmake)
[2.511s] -- Using all available rosidl_typesupport_c: rosidl_typesupport_fastrtps_c;rosidl_typesupport_introspection_c
[2.567s] -- Using all available rosidl_typesupport_cpp: rosidl_typesupport_fastrtps_cpp;rosidl_typesupport_introspection_cpp
[2.905s] -- Found kobuki_ros_interfaces: 1.0.0 (/opt/ros/iron/share/kobuki_ros_interfaces/cmake)
[3.742s] -- Found rclcpp: 21.0.7 (/opt/ros/iron/share/rclcpp/cmake)
[4.090s] -- Found rmw_implementation_cmake: 7.1.0 (/opt/ros/iron/share/rmw_implementation_cmake/cmake)
[4.097s] -- Found rmw_fastrtps_cpp: 7.1.4 (/opt/ros/iron/share/rmw_fastrtps_cpp/cmake)
[4.363s] -- Found OpenSSL: /usr/lib/x86_64-linux-gnu/libcrypto.so (found version "3.0.2")  
[4.426s] -- Found FastRTPS: /opt/ros/iron/include  
[4.535s] -- Using RMW implementation 'rmw_fastrtps_cpp' as default
[5.089s] -- Found rclcpp_components: 21.0.7 (/opt/ros/iron/share/rclcpp_components/cmake)
[5.558s] -- Configuring done
[5.602s] -- Generating done
[5.607s] -- Build files have been written to: /home/canveo/turtlebot_ws/build/kobuki_keyop
[5.637s] Invoked command in '/home/canveo/turtlebot_ws/build/kobuki_keyop' returned '0': AMENT_PREFIX_PATH=/home/canveo/turtlebot_ws/install/kobuki_velocity_smoother:/home/canveo/turtlebot_ws/install/cmd_vel_mux:${AMENT_PREFIX_PATH} CMAKE_PREFIX_PATH=/home/canveo/turtlebot_ws/install/kobuki_velocity_smoother:/home/canveo/turtlebot_ws/install/cmd_vel_mux:/opt/ros/iron LD_LIBRARY_PATH=/home/canveo/turtlebot_ws/install/kobuki_velocity_smoother/lib:/home/canveo/turtlebot_ws/install/cmd_vel_mux/lib:${LD_LIBRARY_PATH} /usr/bin/cmake /home/canveo/turtlebot_ws/src/kobuki_ros/kobuki_keyop -DAMENT_CMAKE_SYMLINK_INSTALL=1 -DCMAKE_INSTALL_PREFIX=/home/canveo/turtlebot_ws/install/kobuki_keyop
[5.638s] Invoking command in '/home/canveo/turtlebot_ws/build/kobuki_keyop': AMENT_PREFIX_PATH=/home/canveo/turtlebot_ws/install/kobuki_velocity_smoother:/home/canveo/turtlebot_ws/install/cmd_vel_mux:${AMENT_PREFIX_PATH} CMAKE_PREFIX_PATH=/home/canveo/turtlebot_ws/install/kobuki_velocity_smoother:/home/canveo/turtlebot_ws/install/cmd_vel_mux:/opt/ros/iron LD_LIBRARY_PATH=/home/canveo/turtlebot_ws/install/kobuki_velocity_smoother/lib:/home/canveo/turtlebot_ws/install/cmd_vel_mux/lib:${LD_LIBRARY_PATH} /usr/bin/cmake --build /home/canveo/turtlebot_ws/build/kobuki_keyop -- -j8 -l8
[5.763s] [ 25%] [32mBuilding CXX object CMakeFiles/kobuki_keyop.dir/src/keyop.cpp.o[0m
[5.790s] [ 50%] [32mBuilding CXX object CMakeFiles/kobuki_keyop_node.dir/rclcpp_components/node_main_kobuki_keyop_node.cpp.o[0m
[12.533s] [ 75%] [32m[1mLinking CXX executable kobuki_keyop_node[0m
[12.781s] [ 75%] Built target kobuki_keyop_node
[19.031s] [100%] [32m[1mLinking CXX shared library libkobuki_keyop.so[0m
[19.625s] [100%] Built target kobuki_keyop
[19.640s] Invoked command in '/home/canveo/turtlebot_ws/build/kobuki_keyop' returned '0': AMENT_PREFIX_PATH=/home/canveo/turtlebot_ws/install/kobuki_velocity_smoother:/home/canveo/turtlebot_ws/install/cmd_vel_mux:${AMENT_PREFIX_PATH} CMAKE_PREFIX_PATH=/home/canveo/turtlebot_ws/install/kobuki_velocity_smoother:/home/canveo/turtlebot_ws/install/cmd_vel_mux:/opt/ros/iron LD_LIBRARY_PATH=/home/canveo/turtlebot_ws/install/kobuki_velocity_smoother/lib:/home/canveo/turtlebot_ws/install/cmd_vel_mux/lib:${LD_LIBRARY_PATH} /usr/bin/cmake --build /home/canveo/turtlebot_ws/build/kobuki_keyop -- -j8 -l8
[19.676s] Invoking command in '/home/canveo/turtlebot_ws/build/kobuki_keyop': AMENT_PREFIX_PATH=/home/canveo/turtlebot_ws/install/kobuki_velocity_smoother:/home/canveo/turtlebot_ws/install/cmd_vel_mux:${AMENT_PREFIX_PATH} CMAKE_PREFIX_PATH=/home/canveo/turtlebot_ws/install/kobuki_velocity_smoother:/home/canveo/turtlebot_ws/install/cmd_vel_mux:/opt/ros/iron LD_LIBRARY_PATH=/home/canveo/turtlebot_ws/install/kobuki_velocity_smoother/lib:/home/canveo/turtlebot_ws/install/cmd_vel_mux/lib:${LD_LIBRARY_PATH} /usr/bin/cmake --install /home/canveo/turtlebot_ws/build/kobuki_keyop
[19.685s] -- Install configuration: ""
[19.685s] -- Execute custom install script
[19.686s] -- Symlinking: /home/canveo/turtlebot_ws/install/kobuki_keyop/lib/kobuki_keyop/kobuki_keyop_node
[19.697s] -- Symlinking: /home/canveo/turtlebot_ws/install/kobuki_keyop/lib/libkobuki_keyop.so
[19.708s] -- Symlinking: /home/canveo/turtlebot_ws/install/kobuki_keyop/include/kobuki_keyop/keyop.hpp
[19.719s] -- Symlinking: /home/canveo/turtlebot_ws/install/kobuki_keyop/share/kobuki_keyop/config/keyop_params.yaml
[19.730s] -- Symlinking: /home/canveo/turtlebot_ws/install/kobuki_keyop/share/ament_index/resource_index/package_run_dependencies/kobuki_keyop
[19.741s] -- Symlinking: /home/canveo/turtlebot_ws/install/kobuki_keyop/share/ament_index/resource_index/parent_prefix_path/kobuki_keyop
[19.752s] -- Symlinking: /home/canveo/turtlebot_ws/install/kobuki_keyop/share/kobuki_keyop/environment/ament_prefix_path.sh
[19.763s] -- Symlinking: /home/canveo/turtlebot_ws/install/kobuki_keyop/share/kobuki_keyop/environment/ament_prefix_path.dsv
[19.774s] -- Symlinking: /home/canveo/turtlebot_ws/install/kobuki_keyop/share/kobuki_keyop/environment/path.sh
[19.785s] -- Symlinking: /home/canveo/turtlebot_ws/install/kobuki_keyop/share/kobuki_keyop/environment/path.dsv
[19.796s] -- Symlinking: /home/canveo/turtlebot_ws/install/kobuki_keyop/share/kobuki_keyop/local_setup.bash
[19.818s] -- Symlinking: /home/canveo/turtlebot_ws/install/kobuki_keyop/share/kobuki_keyop/local_setup.sh
[19.824s] -- Symlinking: /home/canveo/turtlebot_ws/install/kobuki_keyop/share/kobuki_keyop/local_setup.zsh
[19.839s] -- Symlinking: /home/canveo/turtlebot_ws/install/kobuki_keyop/share/kobuki_keyop/local_setup.dsv
[19.853s] -- Symlinking: /home/canveo/turtlebot_ws/install/kobuki_keyop/share/kobuki_keyop/package.dsv
[19.863s] -- Symlinking: /home/canveo/turtlebot_ws/install/kobuki_keyop/share/ament_index/resource_index/packages/kobuki_keyop
[19.873s] -- Symlinking: /home/canveo/turtlebot_ws/install/kobuki_keyop/share/ament_index/resource_index/rclcpp_components/kobuki_keyop
[19.883s] -- Symlinking: /home/canveo/turtlebot_ws/install/kobuki_keyop/share/kobuki_keyop/cmake/kobuki_keyopConfig.cmake
[19.894s] -- Symlinking: /home/canveo/turtlebot_ws/install/kobuki_keyop/share/kobuki_keyop/cmake/kobuki_keyopConfig-version.cmake
[19.904s] -- Symlinking: /home/canveo/turtlebot_ws/install/kobuki_keyop/share/kobuki_keyop/package.xml
[19.920s] Invoked command in '/home/canveo/turtlebot_ws/build/kobuki_keyop' returned '0': AMENT_PREFIX_PATH=/home/canveo/turtlebot_ws/install/kobuki_velocity_smoother:/home/canveo/turtlebot_ws/install/cmd_vel_mux:${AMENT_PREFIX_PATH} CMAKE_PREFIX_PATH=/home/canveo/turtlebot_ws/install/kobuki_velocity_smoother:/home/canveo/turtlebot_ws/install/cmd_vel_mux:/opt/ros/iron LD_LIBRARY_PATH=/home/canveo/turtlebot_ws/install/kobuki_velocity_smoother/lib:/home/canveo/turtlebot_ws/install/cmd_vel_mux/lib:${LD_LIBRARY_PATH} /usr/bin/cmake --install /home/canveo/turtlebot_ws/build/kobuki_keyop
