[0.055s] Invoking command in '/home/canveo/turtlebot_ws/build/kobuki_bumper2pc': CMAKE_PREFIX_PATH=${CMAKE_PREFIX_PATH}:/home/canveo/turtlebot_ws/install/move_base:/opt/ros/iron /usr/bin/cmake --build /home/canveo/turtlebot_ws/build/kobuki_bumper2pc -- -j8 -l8
[0.226s] [ 50%] Built target kobuki_bumper2pc_node
[0.233s] [100%] Built target kobuki_bumper2pc
[0.543s] Invoked command in '/home/canveo/turtlebot_ws/build/kobuki_bumper2pc' returned '0': CMAKE_PREFIX_PATH=${CMAKE_PREFIX_PATH}:/home/canveo/turtlebot_ws/install/move_base:/opt/ros/iron /usr/bin/cmake --build /home/canveo/turtlebot_ws/build/kobuki_bumper2pc -- -j8 -l8
[0.623s] Invoking command in '/home/canveo/turtlebot_ws/build/kobuki_bumper2pc': CMAKE_PREFIX_PATH=${CMAKE_PREFIX_PATH}:/home/canveo/turtlebot_ws/install/move_base:/opt/ros/iron /usr/bin/cmake --install /home/canveo/turtlebot_ws/build/kobuki_bumper2pc
[0.647s] -- Install configuration: ""
[0.648s] -- Execute custom install script
[0.649s] -- Up-to-date symlink: /home/canveo/turtlebot_ws/install/kobuki_bumper2pc/lib/kobuki_bumper2pc/kobuki_bumper2pc_node
[0.651s] -- Up-to-date symlink: /home/canveo/turtlebot_ws/install/kobuki_bumper2pc/lib/libkobuki_bumper2pc.so
[0.652s] -- Up-to-date symlink: /home/canveo/turtlebot_ws/install/kobuki_bumper2pc/include/kobuki_bumper2pc/kobuki_bumper2pc.hpp
[0.655s] -- Up-to-date symlink: /home/canveo/turtlebot_ws/install/kobuki_bumper2pc/share/kobuki_bumper2pc/launch/kobuki_bumper2pc-launch.py
[0.655s] -- Up-to-date symlink: /home/canveo/turtlebot_ws/install/kobuki_bumper2pc/share/ament_index/resource_index/package_run_dependencies/kobuki_bumper2pc
[0.656s] -- Up-to-date symlink: /home/canveo/turtlebot_ws/install/kobuki_bumper2pc/share/ament_index/resource_index/parent_prefix_path/kobuki_bumper2pc
[0.657s] -- Up-to-date symlink: /home/canveo/turtlebot_ws/install/kobuki_bumper2pc/share/kobuki_bumper2pc/environment/ament_prefix_path.sh
[0.658s] -- Up-to-date symlink: /home/canveo/turtlebot_ws/install/kobuki_bumper2pc/share/kobuki_bumper2pc/environment/ament_prefix_path.dsv
[0.660s] -- Up-to-date symlink: /home/canveo/turtlebot_ws/install/kobuki_bumper2pc/share/kobuki_bumper2pc/environment/path.sh
[0.661s] -- Up-to-date symlink: /home/canveo/turtlebot_ws/install/kobuki_bumper2pc/share/kobuki_bumper2pc/environment/path.dsv
[0.661s] -- Up-to-date symlink: /home/canveo/turtlebot_ws/install/kobuki_bumper2pc/share/kobuki_bumper2pc/local_setup.bash
[0.662s] -- Up-to-date symlink: /home/canveo/turtlebot_ws/install/kobuki_bumper2pc/share/kobuki_bumper2pc/local_setup.sh
[0.662s] -- Up-to-date symlink: /home/canveo/turtlebot_ws/install/kobuki_bumper2pc/share/kobuki_bumper2pc/local_setup.zsh
[0.662s] -- Up-to-date symlink: /home/canveo/turtlebot_ws/install/kobuki_bumper2pc/share/kobuki_bumper2pc/local_setup.dsv
[0.662s] -- Symlinking: /home/canveo/turtlebot_ws/install/kobuki_bumper2pc/share/kobuki_bumper2pc/package.dsv
[0.684s] -- Up-to-date symlink: /home/canveo/turtlebot_ws/install/kobuki_bumper2pc/share/ament_index/resource_index/packages/kobuki_bumper2pc
[0.693s] -- Up-to-date symlink: /home/canveo/turtlebot_ws/install/kobuki_bumper2pc/share/ament_index/resource_index/rclcpp_components/kobuki_bumper2pc
[0.693s] -- Up-to-date symlink: /home/canveo/turtlebot_ws/install/kobuki_bumper2pc/share/kobuki_bumper2pc/cmake/kobuki_bumper2pcConfig.cmake
[0.693s] -- Up-to-date symlink: /home/canveo/turtlebot_ws/install/kobuki_bumper2pc/share/kobuki_bumper2pc/cmake/kobuki_bumper2pcConfig-version.cmake
[0.695s] -- Up-to-date symlink: /home/canveo/turtlebot_ws/install/kobuki_bumper2pc/share/kobuki_bumper2pc/package.xml
[0.742s] Invoked command in '/home/canveo/turtlebot_ws/build/kobuki_bumper2pc' returned '0': CMAKE_PREFIX_PATH=${CMAKE_PREFIX_PATH}:/home/canveo/turtlebot_ws/install/move_base:/opt/ros/iron /usr/bin/cmake --install /home/canveo/turtlebot_ws/build/kobuki_bumper2pc
