[0.045s] Invoking command in '/home/canveo/turtlebot_ws/build/kobuki_random_walker': CMAKE_PREFIX_PATH=${CMAKE_PREFIX_PATH}:/home/canveo/turtlebot_ws/install/move_base:/opt/ros/iron /usr/bin/cmake --build /home/canveo/turtlebot_ws/build/kobuki_random_walker -- -j8 -l8
[0.173s] [ 50%] Built target kobuki_random_walker_node
[0.173s] [100%] Built target kobuki_random_walker
[0.237s] Invoked command in '/home/canveo/turtlebot_ws/build/kobuki_random_walker' returned '0': CMAKE_PREFIX_PATH=${CMAKE_PREFIX_PATH}:/home/canveo/turtlebot_ws/install/move_base:/opt/ros/iron /usr/bin/cmake --build /home/canveo/turtlebot_ws/build/kobuki_random_walker -- -j8 -l8
[0.361s] Invoking command in '/home/canveo/turtlebot_ws/build/kobuki_random_walker': CMAKE_PREFIX_PATH=${CMAKE_PREFIX_PATH}:/home/canveo/turtlebot_ws/install/move_base:/opt/ros/iron /usr/bin/cmake --install /home/canveo/turtlebot_ws/build/kobuki_random_walker
[0.399s] -- Install configuration: ""
[0.403s] -- Execute custom install script
[0.405s] -- Up-to-date symlink: /home/canveo/turtlebot_ws/install/kobuki_random_walker/lib/kobuki_random_walker/kobuki_random_walker_node
[0.405s] -- Up-to-date symlink: /home/canveo/turtlebot_ws/install/kobuki_random_walker/lib/libkobuki_random_walker.so
[0.406s] -- Up-to-date symlink: /home/canveo/turtlebot_ws/install/kobuki_random_walker/include/kobuki_random_walker/random_walker.hpp
[0.407s] -- Up-to-date symlink: /home/canveo/turtlebot_ws/install/kobuki_random_walker/share/kobuki_random_walker/launch/random_walker_app.launch
[0.407s] -- Up-to-date symlink: /home/canveo/turtlebot_ws/install/kobuki_random_walker/share/kobuki_random_walker/launch/safe_random_walker_app.launch
[0.408s] -- Up-to-date symlink: /home/canveo/turtlebot_ws/install/kobuki_random_walker/share/kobuki_random_walker/launch/standalone.launch
[0.408s] -- Up-to-date symlink: /home/canveo/turtlebot_ws/install/kobuki_random_walker/share/ament_index/resource_index/package_run_dependencies/kobuki_random_walker
[0.410s] -- Up-to-date symlink: /home/canveo/turtlebot_ws/install/kobuki_random_walker/share/ament_index/resource_index/parent_prefix_path/kobuki_random_walker
[0.410s] -- Up-to-date symlink: /home/canveo/turtlebot_ws/install/kobuki_random_walker/share/kobuki_random_walker/environment/ament_prefix_path.sh
[0.411s] -- Up-to-date symlink: /home/canveo/turtlebot_ws/install/kobuki_random_walker/share/kobuki_random_walker/environment/ament_prefix_path.dsv
[0.411s] -- Up-to-date symlink: /home/canveo/turtlebot_ws/install/kobuki_random_walker/share/kobuki_random_walker/environment/path.sh
[0.411s] -- Up-to-date symlink: /home/canveo/turtlebot_ws/install/kobuki_random_walker/share/kobuki_random_walker/environment/path.dsv
[0.411s] -- Up-to-date symlink: /home/canveo/turtlebot_ws/install/kobuki_random_walker/share/kobuki_random_walker/local_setup.bash
[0.411s] -- Up-to-date symlink: /home/canveo/turtlebot_ws/install/kobuki_random_walker/share/kobuki_random_walker/local_setup.sh
[0.414s] -- Up-to-date symlink: /home/canveo/turtlebot_ws/install/kobuki_random_walker/share/kobuki_random_walker/local_setup.zsh
[0.414s] -- Up-to-date symlink: /home/canveo/turtlebot_ws/install/kobuki_random_walker/share/kobuki_random_walker/local_setup.dsv
[0.414s] -- Symlinking: /home/canveo/turtlebot_ws/install/kobuki_random_walker/share/kobuki_random_walker/package.dsv
[0.430s] -- Up-to-date symlink: /home/canveo/turtlebot_ws/install/kobuki_random_walker/share/ament_index/resource_index/packages/kobuki_random_walker
[0.430s] -- Up-to-date symlink: /home/canveo/turtlebot_ws/install/kobuki_random_walker/share/ament_index/resource_index/rclcpp_components/kobuki_random_walker
[0.430s] -- Up-to-date symlink: /home/canveo/turtlebot_ws/install/kobuki_random_walker/share/kobuki_random_walker/cmake/kobuki_random_walkerConfig.cmake
[0.430s] -- Up-to-date symlink: /home/canveo/turtlebot_ws/install/kobuki_random_walker/share/kobuki_random_walker/cmake/kobuki_random_walkerConfig-version.cmake
[0.430s] -- Up-to-date symlink: /home/canveo/turtlebot_ws/install/kobuki_random_walker/share/kobuki_random_walker/package.xml
[0.470s] Invoked command in '/home/canveo/turtlebot_ws/build/kobuki_random_walker' returned '0': CMAKE_PREFIX_PATH=${CMAKE_PREFIX_PATH}:/home/canveo/turtlebot_ws/install/move_base:/opt/ros/iron /usr/bin/cmake --install /home/canveo/turtlebot_ws/build/kobuki_random_walker
