[0.342s] Invoking command in '/home/canveo/turtlebot_ws/build/turtlebot2_gazebo': CMAKE_PREFIX_PATH=${CMAKE_PREFIX_PATH}:/home/canveo/turtlebot_ws/install/move_base:/opt/ros/iron /usr/bin/cmake --build /home/canveo/turtlebot_ws/build/turtlebot2_gazebo -- -j8 -l8
[0.403s] Invoked command in '/home/canveo/turtlebot_ws/build/turtlebot2_gazebo' returned '0': CMAKE_PREFIX_PATH=${CMAKE_PREFIX_PATH}:/home/canveo/turtlebot_ws/install/move_base:/opt/ros/iron /usr/bin/cmake --build /home/canveo/turtlebot_ws/build/turtlebot2_gazebo -- -j8 -l8
[0.449s] Invoking command in '/home/canveo/turtlebot_ws/build/turtlebot2_gazebo': CMAKE_PREFIX_PATH=${CMAKE_PREFIX_PATH}:/home/canveo/turtlebot_ws/install/move_base:/opt/ros/iron /usr/bin/cmake --install /home/canveo/turtlebot_ws/build/turtlebot2_gazebo
[0.469s] -- Install configuration: ""
[0.469s] -- Execute custom install script
[0.470s] -- Up-to-date symlink: /home/canveo/turtlebot_ws/install/turtlebot2_gazebo/share/ament_index/resource_index/package_run_dependencies/turtlebot2_gazebo
[0.470s] -- Up-to-date symlink: /home/canveo/turtlebot_ws/install/turtlebot2_gazebo/share/ament_index/resource_index/parent_prefix_path/turtlebot2_gazebo
[0.470s] -- Up-to-date symlink: /home/canveo/turtlebot_ws/install/turtlebot2_gazebo/share/turtlebot2_gazebo/environment/ament_prefix_path.sh
[0.470s] -- Up-to-date symlink: /home/canveo/turtlebot_ws/install/turtlebot2_gazebo/share/turtlebot2_gazebo/environment/ament_prefix_path.dsv
[0.470s] -- Up-to-date symlink: /home/canveo/turtlebot_ws/install/turtlebot2_gazebo/share/turtlebot2_gazebo/environment/path.sh
[0.470s] -- Up-to-date symlink: /home/canveo/turtlebot_ws/install/turtlebot2_gazebo/share/turtlebot2_gazebo/environment/path.dsv
[0.471s] -- Up-to-date symlink: /home/canveo/turtlebot_ws/install/turtlebot2_gazebo/share/turtlebot2_gazebo/local_setup.bash
[0.471s] -- Up-to-date symlink: /home/canveo/turtlebot_ws/install/turtlebot2_gazebo/share/turtlebot2_gazebo/local_setup.sh
[0.471s] -- Up-to-date symlink: /home/canveo/turtlebot_ws/install/turtlebot2_gazebo/share/turtlebot2_gazebo/local_setup.zsh
[0.473s] -- Up-to-date symlink: /home/canveo/turtlebot_ws/install/turtlebot2_gazebo/share/turtlebot2_gazebo/local_setup.dsv
[0.473s] -- Symlinking: /home/canveo/turtlebot_ws/install/turtlebot2_gazebo/share/turtlebot2_gazebo/package.dsv
[0.486s] -- Up-to-date symlink: /home/canveo/turtlebot_ws/install/turtlebot2_gazebo/share/ament_index/resource_index/packages/turtlebot2_gazebo
[0.487s] -- Up-to-date symlink: /home/canveo/turtlebot_ws/install/turtlebot2_gazebo/share/turtlebot2_gazebo/cmake/turtlebot2_gazeboConfig.cmake
[0.488s] -- Up-to-date symlink: /home/canveo/turtlebot_ws/install/turtlebot2_gazebo/share/turtlebot2_gazebo/cmake/turtlebot2_gazeboConfig-version.cmake
[0.488s] -- Up-to-date symlink: /home/canveo/turtlebot_ws/install/turtlebot2_gazebo/share/turtlebot2_gazebo/package.xml
[0.488s] -- Up-to-date symlink: /home/canveo/turtlebot_ws/install/turtlebot2_gazebo/share/turtlebot2_gazebo/launch/turtlebot2_gazebo.launch.py
[0.492s] Invoked command in '/home/canveo/turtlebot_ws/build/turtlebot2_gazebo' returned '0': CMAKE_PREFIX_PATH=${CMAKE_PREFIX_PATH}:/home/canveo/turtlebot_ws/install/move_base:/opt/ros/iron /usr/bin/cmake --install /home/canveo/turtlebot_ws/build/turtlebot2_gazebo
