[0.024s] Invoking command in '/home/canveo/turtlebot_ws/build/kobuki_node': AMENT_PREFIX_PATH=/home/canveo/turtlebot_ws/install/kobuki_core CMAKE_PREFIX_PATH=/home/canveo/turtlebot_ws/install/kobuki_core LD_LIBRARY_PATH=/home/canveo/turtlebot_ws/install/kobuki_core/lib PATH=/home/canveo/turtlebot_ws/install/kobuki_core/bin:${PATH} /usr/bin/cmake --build /home/canveo/turtlebot_ws/build/kobuki_node -- -j8 -l8
[0.130s] [ 33%] Built target kobuki_ros_node
[0.150s] [100%] Built target kobuki_ros
[0.166s] Invoked command in '/home/canveo/turtlebot_ws/build/kobuki_node' returned '0': AMENT_PREFIX_PATH=/home/canveo/turtlebot_ws/install/kobuki_core CMAKE_PREFIX_PATH=/home/canveo/turtlebot_ws/install/kobuki_core LD_LIBRARY_PATH=/home/canveo/turtlebot_ws/install/kobuki_core/lib PATH=/home/canveo/turtlebot_ws/install/kobuki_core/bin:${PATH} /usr/bin/cmake --build /home/canveo/turtlebot_ws/build/kobuki_node -- -j8 -l8
[0.208s] Invoking command in '/home/canveo/turtlebot_ws/build/kobuki_node': AMENT_PREFIX_PATH=/home/canveo/turtlebot_ws/install/kobuki_core CMAKE_PREFIX_PATH=/home/canveo/turtlebot_ws/install/kobuki_core LD_LIBRARY_PATH=/home/canveo/turtlebot_ws/install/kobuki_core/lib PATH=/home/canveo/turtlebot_ws/install/kobuki_core/bin:${PATH} /usr/bin/cmake --install /home/canveo/turtlebot_ws/build/kobuki_node
[0.214s] -- Install configuration: ""
[0.215s] -- Execute custom install script
[0.215s] -- Up-to-date symlink: /home/canveo/turtlebot_ws/install/kobuki_node/lib/kobuki_node/kobuki_ros_node
[0.216s] -- Up-to-date symlink: /home/canveo/turtlebot_ws/install/kobuki_node/lib/libkobuki_ros.so
[0.216s] -- Up-to-date symlink: /home/canveo/turtlebot_ws/install/kobuki_node/include/kobuki_node/diagnostics.hpp
[0.217s] -- Up-to-date symlink: /home/canveo/turtlebot_ws/install/kobuki_node/include/kobuki_node/kobuki_ros.hpp
[0.217s] -- Up-to-date symlink: /home/canveo/turtlebot_ws/install/kobuki_node/include/kobuki_node/odometry.hpp
[0.217s] -- Up-to-date symlink: /home/canveo/turtlebot_ws/install/kobuki_node/share/kobuki_node/config/kobuki_node_params.yaml
[0.217s] -- Up-to-date symlink: /home/canveo/turtlebot_ws/install/kobuki_node/share/kobuki_node/launch/kobuki_node-composed-launch.py
[0.218s] -- Up-to-date symlink: /home/canveo/turtlebot_ws/install/kobuki_node/share/kobuki_node/launch/kobuki_node-launch.py
[0.218s] -- Up-to-date symlink: /home/canveo/turtlebot_ws/install/kobuki_node/share/ament_index/resource_index/package_run_dependencies/kobuki_node
[0.218s] -- Up-to-date symlink: /home/canveo/turtlebot_ws/install/kobuki_node/share/ament_index/resource_index/parent_prefix_path/kobuki_node
[0.219s] -- Up-to-date symlink: /home/canveo/turtlebot_ws/install/kobuki_node/share/kobuki_node/environment/ament_prefix_path.sh
[0.219s] -- Up-to-date symlink: /home/canveo/turtlebot_ws/install/kobuki_node/share/kobuki_node/environment/ament_prefix_path.dsv
[0.220s] -- Up-to-date symlink: /home/canveo/turtlebot_ws/install/kobuki_node/share/kobuki_node/environment/path.sh
[0.220s] -- Up-to-date symlink: /home/canveo/turtlebot_ws/install/kobuki_node/share/kobuki_node/environment/path.dsv
[0.220s] -- Up-to-date symlink: /home/canveo/turtlebot_ws/install/kobuki_node/share/kobuki_node/local_setup.bash
[0.220s] -- Up-to-date symlink: /home/canveo/turtlebot_ws/install/kobuki_node/share/kobuki_node/local_setup.sh
[0.221s] -- Up-to-date symlink: /home/canveo/turtlebot_ws/install/kobuki_node/share/kobuki_node/local_setup.zsh
[0.221s] -- Up-to-date symlink: /home/canveo/turtlebot_ws/install/kobuki_node/share/kobuki_node/local_setup.dsv
[0.221s] -- Symlinking: /home/canveo/turtlebot_ws/install/kobuki_node/share/kobuki_node/package.dsv
[0.230s] -- Up-to-date symlink: /home/canveo/turtlebot_ws/install/kobuki_node/share/ament_index/resource_index/packages/kobuki_node
[0.230s] -- Up-to-date symlink: /home/canveo/turtlebot_ws/install/kobuki_node/share/ament_index/resource_index/rclcpp_components/kobuki_node
[0.231s] -- Up-to-date symlink: /home/canveo/turtlebot_ws/install/kobuki_node/share/kobuki_node/cmake/kobuki_nodeConfig.cmake
[0.231s] -- Up-to-date symlink: /home/canveo/turtlebot_ws/install/kobuki_node/share/kobuki_node/cmake/kobuki_nodeConfig-version.cmake
[0.231s] -- Up-to-date symlink: /home/canveo/turtlebot_ws/install/kobuki_node/share/kobuki_node/package.xml
[0.235s] Invoked command in '/home/canveo/turtlebot_ws/build/kobuki_node' returned '0': AMENT_PREFIX_PATH=/home/canveo/turtlebot_ws/install/kobuki_core CMAKE_PREFIX_PATH=/home/canveo/turtlebot_ws/install/kobuki_core LD_LIBRARY_PATH=/home/canveo/turtlebot_ws/install/kobuki_core/lib PATH=/home/canveo/turtlebot_ws/install/kobuki_core/bin:${PATH} /usr/bin/cmake --install /home/canveo/turtlebot_ws/build/kobuki_node
