[0.054s] Invoking command in '/home/canveo/turtlebot_ws/build/cmd_vel_mux': CMAKE_PREFIX_PATH=${CMAKE_PREFIX_PATH}:/home/canveo/turtlebot_ws/install/move_base:/opt/ros/iron /usr/bin/cmake --build /home/canveo/turtlebot_ws/build/cmd_vel_mux -- -j8 -l8
[0.230s] [ 50%] Built target cmd_vel_mux_node
[0.239s] [100%] Built target cmd_vel_mux
[0.300s] Invoked command in '/home/canveo/turtlebot_ws/build/cmd_vel_mux' returned '0': CMAKE_PREFIX_PATH=${CMAKE_PREFIX_PATH}:/home/canveo/turtlebot_ws/install/move_base:/opt/ros/iron /usr/bin/cmake --build /home/canveo/turtlebot_ws/build/cmd_vel_mux -- -j8 -l8
[0.428s] Invoking command in '/home/canveo/turtlebot_ws/build/cmd_vel_mux': CMAKE_PREFIX_PATH=${CMAKE_PREFIX_PATH}:/home/canveo/turtlebot_ws/install/move_base:/opt/ros/iron /usr/bin/cmake --install /home/canveo/turtlebot_ws/build/cmd_vel_mux
[0.445s] -- Install configuration: ""
[0.446s] -- Execute custom install script
[0.446s] -- Up-to-date symlink: /home/canveo/turtlebot_ws/install/cmd_vel_mux/lib/cmd_vel_mux/cmd_vel_mux_node
[0.448s] -- Up-to-date symlink: /home/canveo/turtlebot_ws/install/cmd_vel_mux/lib/libcmd_vel_mux.so
[0.448s] -- Up-to-date symlink: /home/canveo/turtlebot_ws/install/cmd_vel_mux/include/cmd_vel_mux/cmd_vel_mux.hpp
[0.450s] -- Up-to-date symlink: /home/canveo/turtlebot_ws/install/cmd_vel_mux/share/cmd_vel_mux/config/cmd_vel_mux_params.yaml
[0.450s] -- Up-to-date symlink: /home/canveo/turtlebot_ws/install/cmd_vel_mux/share/cmd_vel_mux/launch/cmd_vel_mux-composed-launch.py
[0.451s] -- Up-to-date symlink: /home/canveo/turtlebot_ws/install/cmd_vel_mux/share/cmd_vel_mux/launch/cmd_vel_mux-launch.py
[0.451s] -- Up-to-date symlink: /home/canveo/turtlebot_ws/install/cmd_vel_mux/share/ament_index/resource_index/package_run_dependencies/cmd_vel_mux
[0.452s] -- Up-to-date symlink: /home/canveo/turtlebot_ws/install/cmd_vel_mux/share/ament_index/resource_index/parent_prefix_path/cmd_vel_mux
[0.454s] -- Up-to-date symlink: /home/canveo/turtlebot_ws/install/cmd_vel_mux/share/cmd_vel_mux/environment/ament_prefix_path.sh
[0.455s] -- Up-to-date symlink: /home/canveo/turtlebot_ws/install/cmd_vel_mux/share/cmd_vel_mux/environment/ament_prefix_path.dsv
[0.456s] -- Up-to-date symlink: /home/canveo/turtlebot_ws/install/cmd_vel_mux/share/cmd_vel_mux/environment/path.sh
[0.456s] -- Up-to-date symlink: /home/canveo/turtlebot_ws/install/cmd_vel_mux/share/cmd_vel_mux/environment/path.dsv
[0.456s] -- Up-to-date symlink: /home/canveo/turtlebot_ws/install/cmd_vel_mux/share/cmd_vel_mux/local_setup.bash
[0.457s] -- Up-to-date symlink: /home/canveo/turtlebot_ws/install/cmd_vel_mux/share/cmd_vel_mux/local_setup.sh
[0.457s] -- Up-to-date symlink: /home/canveo/turtlebot_ws/install/cmd_vel_mux/share/cmd_vel_mux/local_setup.zsh
[0.458s] -- Up-to-date symlink: /home/canveo/turtlebot_ws/install/cmd_vel_mux/share/cmd_vel_mux/local_setup.dsv
[0.458s] -- Symlinking: /home/canveo/turtlebot_ws/install/cmd_vel_mux/share/cmd_vel_mux/package.dsv
[0.466s] -- Up-to-date symlink: /home/canveo/turtlebot_ws/install/cmd_vel_mux/share/ament_index/resource_index/packages/cmd_vel_mux
[0.467s] -- Up-to-date symlink: /home/canveo/turtlebot_ws/install/cmd_vel_mux/share/ament_index/resource_index/rclcpp_components/cmd_vel_mux
[0.467s] -- Up-to-date symlink: /home/canveo/turtlebot_ws/install/cmd_vel_mux/share/cmd_vel_mux/cmake/cmd_vel_muxConfig.cmake
[0.468s] -- Up-to-date symlink: /home/canveo/turtlebot_ws/install/cmd_vel_mux/share/cmd_vel_mux/cmake/cmd_vel_muxConfig-version.cmake
[0.468s] -- Up-to-date symlink: /home/canveo/turtlebot_ws/install/cmd_vel_mux/share/cmd_vel_mux/package.xml
[0.486s] Invoked command in '/home/canveo/turtlebot_ws/build/cmd_vel_mux' returned '0': CMAKE_PREFIX_PATH=${CMAKE_PREFIX_PATH}:/home/canveo/turtlebot_ws/install/move_base:/opt/ros/iron /usr/bin/cmake --install /home/canveo/turtlebot_ws/build/cmd_vel_mux
