[0.036s] Invoking command in '/home/canveo/turtlebot_ws/build/kobuki_description': CMAKE_PREFIX_PATH=/opt/ros/iron /usr/bin/cmake /home/canveo/turtlebot_ws/src/kobuki_ros/kobuki_description -DAMENT_CMAKE_SYMLINK_INSTALL=1 -DCMAKE_INSTALL_PREFIX=/home/canveo/turtlebot_ws/install/kobuki_description
[1.815s] -- The C compiler identification is GNU 11.4.0
[1.816s] -- The CXX compiler identification is GNU 11.4.0
[1.816s] -- Detecting C compiler ABI info
[1.816s] -- Detecting C compiler ABI info - done
[1.816s] -- Check for working C compiler: /usr/bin/cc - skipped
[1.816s] -- Detecting C compile features
[1.816s] -- Detecting C compile features - done
[1.816s] -- Detecting CXX compiler ABI info
[1.816s] -- Detecting CXX compiler ABI info - done
[1.817s] -- Check for working CXX compiler: /usr/bin/c++ - skipped
[1.817s] -- Detecting CXX compile features
[1.819s] -- Detecting CXX compile features - done
[1.819s] -- Found ament_cmake: 2.0.6 (/opt/ros/iron/share/ament_cmake/cmake)
[1.819s] -- Found Python3: /usr/bin/python3.10 (found version "3.10.12") found components: Interpreter 
[1.820s] -- Override CMake install command with custom implementation using symlinks instead of copying resources
[1.820s] -- Found ament_lint_auto: 0.14.4 (/opt/ros/iron/share/ament_lint_auto/cmake)
[1.820s] -- Added test 'copyright' to check source files copyright and LICENSE
[1.820s] -- Added test 'flake8' to check Python code syntax and style conventions
[1.820s] -- Configured 'flake8' exclude dirs and/or files: 
[1.820s] -- Added test 'lint_cmake' to check CMake code style
[1.820s] -- Added test 'pep257' to check Python code against some of the docstring style conventions in PEP 257
[1.820s] -- Added test 'xmllint' to check XML markup files
[1.821s] -- Configuring done
[1.821s] -- Generating done
[1.821s] -- Build files have been written to: /home/canveo/turtlebot_ws/build/kobuki_description
[1.823s] Invoked command in '/home/canveo/turtlebot_ws/build/kobuki_description' returned '0': CMAKE_PREFIX_PATH=/opt/ros/iron /usr/bin/cmake /home/canveo/turtlebot_ws/src/kobuki_ros/kobuki_description -DAMENT_CMAKE_SYMLINK_INSTALL=1 -DCMAKE_INSTALL_PREFIX=/home/canveo/turtlebot_ws/install/kobuki_description
[1.824s] Invoking command in '/home/canveo/turtlebot_ws/build/kobuki_description': CMAKE_PREFIX_PATH=/opt/ros/iron /usr/bin/cmake --build /home/canveo/turtlebot_ws/build/kobuki_description -- -j8 -l8
[4.167s] Invoked command in '/home/canveo/turtlebot_ws/build/kobuki_description' returned '0': CMAKE_PREFIX_PATH=/opt/ros/iron /usr/bin/cmake --build /home/canveo/turtlebot_ws/build/kobuki_description -- -j8 -l8
[4.289s] Invoking command in '/home/canveo/turtlebot_ws/build/kobuki_description': CMAKE_PREFIX_PATH=/opt/ros/iron /usr/bin/cmake --install /home/canveo/turtlebot_ws/build/kobuki_description
[4.733s] -- Install configuration: ""
[4.733s] -- Execute custom install script
[4.733s] -- Symlinking: /home/canveo/turtlebot_ws/install/kobuki_description/share/kobuki_description/launch/robot_description.launch.py
[4.733s] -- Symlinking: /home/canveo/turtlebot_ws/install/kobuki_description/share/kobuki_description/meshes/images/main_body.jpg
[4.733s] -- Symlinking: /home/canveo/turtlebot_ws/install/kobuki_description/share/kobuki_description/meshes/images/wheel.jpg
[4.734s] -- Symlinking: /home/canveo/turtlebot_ws/install/kobuki_description/share/kobuki_description/meshes/main_body.dae
[4.734s] -- Symlinking: /home/canveo/turtlebot_ws/install/kobuki_description/share/kobuki_description/meshes/wheel.dae
[4.734s] -- Symlinking: /home/canveo/turtlebot_ws/install/kobuki_description/share/kobuki_description/rviz/model.rviz
[4.734s] -- Symlinking: /home/canveo/turtlebot_ws/install/kobuki_description/share/kobuki_description/urdf/common_properties.urdf.xacro
[4.734s] -- Symlinking: /home/canveo/turtlebot_ws/install/kobuki_description/share/kobuki_description/urdf/kobuki.urdf.xacro
[4.734s] -- Symlinking: /home/canveo/turtlebot_ws/install/kobuki_description/share/kobuki_description/urdf/kobuki_gazebo.urdf.xacro
[4.734s] -- Symlinking: /home/canveo/turtlebot_ws/install/kobuki_description/share/kobuki_description/urdf/kobuki_standalone.urdf.xacro
[4.734s] -- Symlinking: /home/canveo/turtlebot_ws/install/kobuki_description/share/ament_index/resource_index/package_run_dependencies/kobuki_description
[4.735s] -- Symlinking: /home/canveo/turtlebot_ws/install/kobuki_description/share/ament_index/resource_index/parent_prefix_path/kobuki_description
[4.735s] -- Symlinking: /home/canveo/turtlebot_ws/install/kobuki_description/share/kobuki_description/environment/ament_prefix_path.sh
[4.735s] -- Symlinking: /home/canveo/turtlebot_ws/install/kobuki_description/share/kobuki_description/environment/ament_prefix_path.dsv
[4.744s] -- Symlinking: /home/canveo/turtlebot_ws/install/kobuki_description/share/kobuki_description/environment/path.sh
[4.762s] -- Symlinking: /home/canveo/turtlebot_ws/install/kobuki_description/share/kobuki_description/environment/path.dsv
[4.790s] -- Symlinking: /home/canveo/turtlebot_ws/install/kobuki_description/share/kobuki_description/local_setup.bash
[4.818s] -- Symlinking: /home/canveo/turtlebot_ws/install/kobuki_description/share/kobuki_description/local_setup.sh
[4.846s] -- Symlinking: /home/canveo/turtlebot_ws/install/kobuki_description/share/kobuki_description/local_setup.zsh
[4.882s] -- Symlinking: /home/canveo/turtlebot_ws/install/kobuki_description/share/kobuki_description/local_setup.dsv
[4.931s] -- Symlinking: /home/canveo/turtlebot_ws/install/kobuki_description/share/kobuki_description/package.dsv
[4.948s] -- Symlinking: /home/canveo/turtlebot_ws/install/kobuki_description/share/ament_index/resource_index/packages/kobuki_description
[4.981s] -- Symlinking: /home/canveo/turtlebot_ws/install/kobuki_description/share/kobuki_description/cmake/kobuki_descriptionConfig.cmake
[5.015s] -- Symlinking: /home/canveo/turtlebot_ws/install/kobuki_description/share/kobuki_description/cmake/kobuki_descriptionConfig-version.cmake
[5.053s] -- Symlinking: /home/canveo/turtlebot_ws/install/kobuki_description/share/kobuki_description/package.xml
[5.104s] Invoked command in '/home/canveo/turtlebot_ws/build/kobuki_description' returned '0': CMAKE_PREFIX_PATH=/opt/ros/iron /usr/bin/cmake --install /home/canveo/turtlebot_ws/build/kobuki_description
