[0.042s] Invoking command in '/home/canveo/turtlebot_ws/build/cmd_vel_mux': CMAKE_PREFIX_PATH=${CMAKE_PREFIX_PATH}:/home/canveo/turtlebot_ws/install/move_base:/opt/ros/iron /usr/bin/cmake --build /home/canveo/turtlebot_ws/build/cmd_vel_mux -- -j8 -l8
[0.170s] [ 50%] Built target cmd_vel_mux
[0.173s] [100%] Built target cmd_vel_mux_node
[0.224s] Invoked command in '/home/canveo/turtlebot_ws/build/cmd_vel_mux' returned '0': CMAKE_PREFIX_PATH=${CMAKE_PREFIX_PATH}:/home/canveo/turtlebot_ws/install/move_base:/opt/ros/iron /usr/bin/cmake --build /home/canveo/turtlebot_ws/build/cmd_vel_mux -- -j8 -l8
[0.350s] Invoking command in '/home/canveo/turtlebot_ws/build/cmd_vel_mux': CMAKE_PREFIX_PATH=${CMAKE_PREFIX_PATH}:/home/canveo/turtlebot_ws/install/move_base:/opt/ros/iron /usr/bin/cmake --install /home/canveo/turtlebot_ws/build/cmd_vel_mux
[0.385s] -- Install configuration: ""
[0.385s] -- Execute custom install script
[0.396s] -- Up-to-date symlink: /home/canveo/turtlebot_ws/install/cmd_vel_mux/lib/cmd_vel_mux/cmd_vel_mux_node
[0.396s] -- Up-to-date symlink: /home/canveo/turtlebot_ws/install/cmd_vel_mux/lib/libcmd_vel_mux.so
[0.397s] -- Up-to-date symlink: /home/canveo/turtlebot_ws/install/cmd_vel_mux/include/cmd_vel_mux/cmd_vel_mux.hpp
[0.397s] -- Up-to-date symlink: /home/canveo/turtlebot_ws/install/cmd_vel_mux/share/cmd_vel_mux/config/cmd_vel_mux_params.yaml
[0.403s] -- Up-to-date symlink: /home/canveo/turtlebot_ws/install/cmd_vel_mux/share/cmd_vel_mux/launch/cmd_vel_mux-composed-launch.py
[0.411s] -- Up-to-date symlink: /home/canveo/turtlebot_ws/install/cmd_vel_mux/share/cmd_vel_mux/launch/cmd_vel_mux-launch.py
[0.412s] -- Up-to-date symlink: /home/canveo/turtlebot_ws/install/cmd_vel_mux/share/ament_index/resource_index/package_run_dependencies/cmd_vel_mux
[0.412s] -- Up-to-date symlink: /home/canveo/turtlebot_ws/install/cmd_vel_mux/share/ament_index/resource_index/parent_prefix_path/cmd_vel_mux
[0.413s] -- Up-to-date symlink: /home/canveo/turtlebot_ws/install/cmd_vel_mux/share/cmd_vel_mux/environment/ament_prefix_path.sh
[0.415s] -- Up-to-date symlink: /home/canveo/turtlebot_ws/install/cmd_vel_mux/share/cmd_vel_mux/environment/ament_prefix_path.dsv
[0.418s] -- Up-to-date symlink: /home/canveo/turtlebot_ws/install/cmd_vel_mux/share/cmd_vel_mux/environment/path.sh
[0.418s] -- Up-to-date symlink: /home/canveo/turtlebot_ws/install/cmd_vel_mux/share/cmd_vel_mux/environment/path.dsv
[0.418s] -- Up-to-date symlink: /home/canveo/turtlebot_ws/install/cmd_vel_mux/share/cmd_vel_mux/local_setup.bash
[0.418s] -- Up-to-date symlink: /home/canveo/turtlebot_ws/install/cmd_vel_mux/share/cmd_vel_mux/local_setup.sh
[0.420s] -- Up-to-date symlink: /home/canveo/turtlebot_ws/install/cmd_vel_mux/share/cmd_vel_mux/local_setup.zsh
[0.420s] -- Up-to-date symlink: /home/canveo/turtlebot_ws/install/cmd_vel_mux/share/cmd_vel_mux/local_setup.dsv
[0.421s] -- Symlinking: /home/canveo/turtlebot_ws/install/cmd_vel_mux/share/cmd_vel_mux/package.dsv
[0.443s] -- Up-to-date symlink: /home/canveo/turtlebot_ws/install/cmd_vel_mux/share/ament_index/resource_index/packages/cmd_vel_mux
[0.443s] -- Up-to-date symlink: /home/canveo/turtlebot_ws/install/cmd_vel_mux/share/ament_index/resource_index/rclcpp_components/cmd_vel_mux
[0.443s] -- Up-to-date symlink: /home/canveo/turtlebot_ws/install/cmd_vel_mux/share/cmd_vel_mux/cmake/cmd_vel_muxConfig.cmake
[0.443s] -- Up-to-date symlink: /home/canveo/turtlebot_ws/install/cmd_vel_mux/share/cmd_vel_mux/cmake/cmd_vel_muxConfig-version.cmake
[0.443s] -- Up-to-date symlink: /home/canveo/turtlebot_ws/install/cmd_vel_mux/share/cmd_vel_mux/package.xml
[0.468s] Invoked command in '/home/canveo/turtlebot_ws/build/cmd_vel_mux' returned '0': CMAKE_PREFIX_PATH=${CMAKE_PREFIX_PATH}:/home/canveo/turtlebot_ws/install/move_base:/opt/ros/iron /usr/bin/cmake --install /home/canveo/turtlebot_ws/build/cmd_vel_mux
