/home/canveo/turtlebot_ws/install/follow_line/lib/python3.10/site-packages/follow_line/test_seguidor.py
/home/canveo/turtlebot_ws/install/follow_line/lib/python3.10/site-packages/follow_line/follow_path_pid.py
/home/canveo/turtlebot_ws/install/follow_line/lib/python3.10/site-packages/follow_line/move_turtle.py
/home/canveo/turtlebot_ws/install/follow_line/lib/python3.10/site-packages/follow_line/__init__.py
/home/canveo/turtlebot_ws/install/follow_line/lib/python3.10/site-packages/follow_line/pilotnet_turtle.py
/home/canveo/turtlebot_ws/install/follow_line/lib/python3.10/site-packages/follow_line/__pycache__/test_seguidor.cpython-310.pyc
/home/canveo/turtlebot_ws/install/follow_line/lib/python3.10/site-packages/follow_line/__pycache__/follow_path_pid.cpython-310.pyc
/home/canveo/turtlebot_ws/install/follow_line/lib/python3.10/site-packages/follow_line/__pycache__/move_turtle.cpython-310.pyc
/home/canveo/turtlebot_ws/install/follow_line/lib/python3.10/site-packages/follow_line/__pycache__/__init__.cpython-310.pyc
/home/canveo/turtlebot_ws/install/follow_line/lib/python3.10/site-packages/follow_line/__pycache__/pilotnet_turtle.cpython-310.pyc
/home/canveo/turtlebot_ws/install/follow_line/share/ament_index/resource_index/packages/follow_line
/home/canveo/turtlebot_ws/install/follow_line/share/follow_line/package.xml
/home/canveo/turtlebot_ws/install/follow_line/share/follow_line/tortuga.launch.py
/home/canveo/turtlebot_ws/install/follow_line/share/follow_line/pilot_turtlebot.launch.py
/home/canveo/turtlebot_ws/install/follow_line/share/follow_line/turtlebot_follow_line.launch.py
/home/canveo/turtlebot_ws/install/follow_line/share/follow_line/follow_line.launch.py
/home/canveo/turtlebot_ws/install/follow_line/lib/python3.10/site-packages/follow_line-0.0.0-py3.10.egg-info/dependency_links.txt
/home/canveo/turtlebot_ws/install/follow_line/lib/python3.10/site-packages/follow_line-0.0.0-py3.10.egg-info/SOURCES.txt
/home/canveo/turtlebot_ws/install/follow_line/lib/python3.10/site-packages/follow_line-0.0.0-py3.10.egg-info/zip-safe
/home/canveo/turtlebot_ws/install/follow_line/lib/python3.10/site-packages/follow_line-0.0.0-py3.10.egg-info/PKG-INFO
/home/canveo/turtlebot_ws/install/follow_line/lib/python3.10/site-packages/follow_line-0.0.0-py3.10.egg-info/entry_points.txt
/home/canveo/turtlebot_ws/install/follow_line/lib/python3.10/site-packages/follow_line-0.0.0-py3.10.egg-info/top_level.txt
/home/canveo/turtlebot_ws/install/follow_line/lib/follow_line/follow_line_node
/home/canveo/turtlebot_ws/install/follow_line/lib/follow_line/pilotnet_turtle
