[35m[1mConsolidate compiler generated dependencies of target kobuki_velocity_smoother[0m
[ 50%] Built target kobuki_velocity_smoother
[35m[1mConsolidate compiler generated dependencies of target velocity_smoother_node[0m
[100%] Built target velocity_smoother_node
-- Install configuration: ""
-- Execute custom install script
-- Up-to-date symlink: /home/canveo/turtlebot_ws/install/kobuki_velocity_smoother/lib/libkobuki_velocity_smoother.so
-- Up-to-date symlink: /home/canveo/turtlebot_ws/install/kobuki_velocity_smoother/include/kobuki_velocity_smoother/velocity_smoother.hpp
-- Up-to-date symlink: /home/canveo/turtlebot_ws/install/kobuki_velocity_smoother/lib/kobuki_velocity_smoother/velocity_smoother
-- Up-to-date symlink: /home/canveo/turtlebot_ws/install/kobuki_velocity_smoother/share/kobuki_velocity_smoother/config/velocity_smoother_params.yaml
-- Up-to-date symlink: /home/canveo/turtlebot_ws/install/kobuki_velocity_smoother/share/kobuki_velocity_smoother/launch/velocity_smoother-composed-launch.py
-- Up-to-date symlink: /home/canveo/turtlebot_ws/install/kobuki_velocity_smoother/share/kobuki_velocity_smoother/launch/velocity_smoother-launch.py
-- Up-to-date symlink: /home/canveo/turtlebot_ws/install/kobuki_velocity_smoother/share/ament_index/resource_index/package_run_dependencies/kobuki_velocity_smoother
-- Up-to-date symlink: /home/canveo/turtlebot_ws/install/kobuki_velocity_smoother/share/ament_index/resource_index/parent_prefix_path/kobuki_velocity_smoother
-- Up-to-date symlink: /home/canveo/turtlebot_ws/install/kobuki_velocity_smoother/share/kobuki_velocity_smoother/environment/ament_prefix_path.sh
-- Up-to-date symlink: /home/canveo/turtlebot_ws/install/kobuki_velocity_smoother/share/kobuki_velocity_smoother/environment/ament_prefix_path.dsv
-- Up-to-date symlink: /home/canveo/turtlebot_ws/install/kobuki_velocity_smoother/share/kobuki_velocity_smoother/environment/path.sh
-- Up-to-date symlink: /home/canveo/turtlebot_ws/install/kobuki_velocity_smoother/share/kobuki_velocity_smoother/environment/path.dsv
-- Up-to-date symlink: /home/canveo/turtlebot_ws/install/kobuki_velocity_smoother/share/kobuki_velocity_smoother/local_setup.bash
-- Up-to-date symlink: /home/canveo/turtlebot_ws/install/kobuki_velocity_smoother/share/kobuki_velocity_smoother/local_setup.sh
-- Up-to-date symlink: /home/canveo/turtlebot_ws/install/kobuki_velocity_smoother/share/kobuki_velocity_smoother/local_setup.zsh
-- Up-to-date symlink: /home/canveo/turtlebot_ws/install/kobuki_velocity_smoother/share/kobuki_velocity_smoother/local_setup.dsv
-- Symlinking: /home/canveo/turtlebot_ws/install/kobuki_velocity_smoother/share/kobuki_velocity_smoother/package.dsv
-- Up-to-date symlink: /home/canveo/turtlebot_ws/install/kobuki_velocity_smoother/share/ament_index/resource_index/packages/kobuki_velocity_smoother
-- Up-to-date symlink: /home/canveo/turtlebot_ws/install/kobuki_velocity_smoother/share/ament_index/resource_index/rclcpp_components/kobuki_velocity_smoother
-- Up-to-date symlink: /home/canveo/turtlebot_ws/install/kobuki_velocity_smoother/share/kobuki_velocity_smoother/cmake/kobuki_velocity_smootherConfig.cmake
-- Up-to-date symlink: /home/canveo/turtlebot_ws/install/kobuki_velocity_smoother/share/kobuki_velocity_smoother/cmake/kobuki_velocity_smootherConfig-version.cmake
-- Up-to-date symlink: /home/canveo/turtlebot_ws/install/kobuki_velocity_smoother/share/kobuki_velocity_smoother/package.xml
