[0.331s] Invoking command in '/home/canveo/turtlebot_ws/build/turtlebot2_bringup': CMAKE_PREFIX_PATH=/home/canveo/turtlebot_ws/install/turtlebot2_description:/home/canveo/turtlebot_ws/install/turtlebot2_gazebo:/home/canveo/turtlebot_ws/install/turtlebot2_bringup:/home/canveo/turtlebot_ws/install/kobuki_ros:/home/canveo/turtlebot_ws/install/kobuki_keyop:/home/canveo/turtlebot_ws/install/kobuki_velocity_smoother:/home/canveo/turtlebot_ws/install/kobuki_safety_controller:/home/canveo/turtlebot_ws/install/kobuki_random_walker:/home/canveo/turtlebot_ws/install/kobuki_node:/home/canveo/turtlebot_ws/install/kobuki_description:/home/canveo/turtlebot_ws/install/kobuki_auto_docking:/home/canveo/turtlebot_ws/install/kobuki_core:/home/canveo/turtlebot_ws/install/kobuki_bumper2pc:/home/canveo/turtlebot_ws/install/cmd_vel_mux:/home/canveo/turtlebot_ws/install/move_base:/opt/ros/iron /usr/bin/cmake --build /home/canveo/turtlebot_ws/build/turtlebot2_bringup -- -j8 -l8
[0.381s] Invoked command in '/home/canveo/turtlebot_ws/build/turtlebot2_bringup' returned '0': CMAKE_PREFIX_PATH=/home/canveo/turtlebot_ws/install/turtlebot2_description:/home/canveo/turtlebot_ws/install/turtlebot2_gazebo:/home/canveo/turtlebot_ws/install/turtlebot2_bringup:/home/canveo/turtlebot_ws/install/kobuki_ros:/home/canveo/turtlebot_ws/install/kobuki_keyop:/home/canveo/turtlebot_ws/install/kobuki_velocity_smoother:/home/canveo/turtlebot_ws/install/kobuki_safety_controller:/home/canveo/turtlebot_ws/install/kobuki_random_walker:/home/canveo/turtlebot_ws/install/kobuki_node:/home/canveo/turtlebot_ws/install/kobuki_description:/home/canveo/turtlebot_ws/install/kobuki_auto_docking:/home/canveo/turtlebot_ws/install/kobuki_core:/home/canveo/turtlebot_ws/install/kobuki_bumper2pc:/home/canveo/turtlebot_ws/install/cmd_vel_mux:/home/canveo/turtlebot_ws/install/move_base:/opt/ros/iron /usr/bin/cmake --build /home/canveo/turtlebot_ws/build/turtlebot2_bringup -- -j8 -l8
[0.435s] Invoking command in '/home/canveo/turtlebot_ws/build/turtlebot2_bringup': CMAKE_PREFIX_PATH=/home/canveo/turtlebot_ws/install/turtlebot2_description:/home/canveo/turtlebot_ws/install/turtlebot2_gazebo:/home/canveo/turtlebot_ws/install/turtlebot2_bringup:/home/canveo/turtlebot_ws/install/kobuki_ros:/home/canveo/turtlebot_ws/install/kobuki_keyop:/home/canveo/turtlebot_ws/install/kobuki_velocity_smoother:/home/canveo/turtlebot_ws/install/kobuki_safety_controller:/home/canveo/turtlebot_ws/install/kobuki_random_walker:/home/canveo/turtlebot_ws/install/kobuki_node:/home/canveo/turtlebot_ws/install/kobuki_description:/home/canveo/turtlebot_ws/install/kobuki_auto_docking:/home/canveo/turtlebot_ws/install/kobuki_core:/home/canveo/turtlebot_ws/install/kobuki_bumper2pc:/home/canveo/turtlebot_ws/install/cmd_vel_mux:/home/canveo/turtlebot_ws/install/move_base:/opt/ros/iron /usr/bin/cmake --install /home/canveo/turtlebot_ws/build/turtlebot2_bringup
[0.453s] -- Install configuration: ""
[0.453s] -- Execute custom install script
[0.455s] -- Up-to-date symlink: /home/canveo/turtlebot_ws/install/turtlebot2_bringup/share/turtlebot2_bringup/launch/ekf_node.launch.py
[0.455s] -- Up-to-date symlink: /home/canveo/turtlebot_ws/install/turtlebot2_bringup/share/turtlebot2_bringup/launch/turtlebot2_bringup.launch.py
[0.455s] -- Up-to-date symlink: /home/canveo/turtlebot_ws/install/turtlebot2_bringup/share/turtlebot2_bringup/config/ekf.yaml
[0.455s] -- Up-to-date symlink: /home/canveo/turtlebot_ws/install/turtlebot2_bringup/share/turtlebot2_bringup/config/turtlebot2_laser_scan_filter.yaml
[0.455s] -- Up-to-date symlink: /home/canveo/turtlebot_ws/install/turtlebot2_bringup/share/turtlebot2_bringup/config/urg-04lx-ug01.yaml
[0.456s] -- Up-to-date symlink: /home/canveo/turtlebot_ws/install/turtlebot2_bringup/share/ament_index/resource_index/package_run_dependencies/turtlebot2_bringup
[0.456s] -- Up-to-date symlink: /home/canveo/turtlebot_ws/install/turtlebot2_bringup/share/ament_index/resource_index/parent_prefix_path/turtlebot2_bringup
[0.456s] -- Up-to-date symlink: /home/canveo/turtlebot_ws/install/turtlebot2_bringup/share/turtlebot2_bringup/environment/ament_prefix_path.sh
[0.456s] -- Up-to-date symlink: /home/canveo/turtlebot_ws/install/turtlebot2_bringup/share/turtlebot2_bringup/environment/ament_prefix_path.dsv
[0.456s] -- Up-to-date symlink: /home/canveo/turtlebot_ws/install/turtlebot2_bringup/share/turtlebot2_bringup/environment/path.sh
[0.456s] -- Up-to-date symlink: /home/canveo/turtlebot_ws/install/turtlebot2_bringup/share/turtlebot2_bringup/environment/path.dsv
[0.456s] -- Up-to-date symlink: /home/canveo/turtlebot_ws/install/turtlebot2_bringup/share/turtlebot2_bringup/local_setup.bash
[0.456s] -- Up-to-date symlink: /home/canveo/turtlebot_ws/install/turtlebot2_bringup/share/turtlebot2_bringup/local_setup.sh
[0.457s] -- Up-to-date symlink: /home/canveo/turtlebot_ws/install/turtlebot2_bringup/share/turtlebot2_bringup/local_setup.zsh
[0.457s] -- Up-to-date symlink: /home/canveo/turtlebot_ws/install/turtlebot2_bringup/share/turtlebot2_bringup/local_setup.dsv
[0.457s] -- Symlinking: /home/canveo/turtlebot_ws/install/turtlebot2_bringup/share/turtlebot2_bringup/package.dsv
[0.471s] -- Up-to-date symlink: /home/canveo/turtlebot_ws/install/turtlebot2_bringup/share/ament_index/resource_index/packages/turtlebot2_bringup
[0.473s] -- Up-to-date symlink: /home/canveo/turtlebot_ws/install/turtlebot2_bringup/share/turtlebot2_bringup/cmake/turtlebot2_bringupConfig.cmake
[0.473s] -- Up-to-date symlink: /home/canveo/turtlebot_ws/install/turtlebot2_bringup/share/turtlebot2_bringup/cmake/turtlebot2_bringupConfig-version.cmake
[0.474s] -- Up-to-date symlink: /home/canveo/turtlebot_ws/install/turtlebot2_bringup/share/turtlebot2_bringup/package.xml
[0.494s] Invoked command in '/home/canveo/turtlebot_ws/build/turtlebot2_bringup' returned '0': CMAKE_PREFIX_PATH=/home/canveo/turtlebot_ws/install/turtlebot2_description:/home/canveo/turtlebot_ws/install/turtlebot2_gazebo:/home/canveo/turtlebot_ws/install/turtlebot2_bringup:/home/canveo/turtlebot_ws/install/kobuki_ros:/home/canveo/turtlebot_ws/install/kobuki_keyop:/home/canveo/turtlebot_ws/install/kobuki_velocity_smoother:/home/canveo/turtlebot_ws/install/kobuki_safety_controller:/home/canveo/turtlebot_ws/install/kobuki_random_walker:/home/canveo/turtlebot_ws/install/kobuki_node:/home/canveo/turtlebot_ws/install/kobuki_description:/home/canveo/turtlebot_ws/install/kobuki_auto_docking:/home/canveo/turtlebot_ws/install/kobuki_core:/home/canveo/turtlebot_ws/install/kobuki_bumper2pc:/home/canveo/turtlebot_ws/install/cmd_vel_mux:/home/canveo/turtlebot_ws/install/move_base:/opt/ros/iron /usr/bin/cmake --install /home/canveo/turtlebot_ws/build/turtlebot2_bringup
