[0.073s] Invoking command in '/home/canveo/turtlebot_ws/build/kobuki_description': CMAKE_PREFIX_PATH=${CMAKE_PREFIX_PATH}:/home/canveo/turtlebot_ws/install/move_base:/opt/ros/iron /usr/bin/cmake --build /home/canveo/turtlebot_ws/build/kobuki_description -- -j8 -l8
[0.416s] Invoked command in '/home/canveo/turtlebot_ws/build/kobuki_description' returned '0': CMAKE_PREFIX_PATH=${CMAKE_PREFIX_PATH}:/home/canveo/turtlebot_ws/install/move_base:/opt/ros/iron /usr/bin/cmake --build /home/canveo/turtlebot_ws/build/kobuki_description -- -j8 -l8
[0.458s] Invoking command in '/home/canveo/turtlebot_ws/build/kobuki_description': CMAKE_PREFIX_PATH=${CMAKE_PREFIX_PATH}:/home/canveo/turtlebot_ws/install/move_base:/opt/ros/iron /usr/bin/cmake --install /home/canveo/turtlebot_ws/build/kobuki_description
[0.473s] -- Install configuration: ""
[0.474s] -- Execute custom install script
[0.475s] -- Up-to-date symlink: /home/canveo/turtlebot_ws/install/kobuki_description/share/kobuki_description/launch/robot_description.launch.py
[0.476s] -- Up-to-date symlink: /home/canveo/turtlebot_ws/install/kobuki_description/share/kobuki_description/meshes/images/main_body.jpg
[0.477s] -- Up-to-date symlink: /home/canveo/turtlebot_ws/install/kobuki_description/share/kobuki_description/meshes/images/wheel.jpg
[0.477s] -- Up-to-date symlink: /home/canveo/turtlebot_ws/install/kobuki_description/share/kobuki_description/meshes/main_body.dae
[0.478s] -- Up-to-date symlink: /home/canveo/turtlebot_ws/install/kobuki_description/share/kobuki_description/meshes/wheel.dae
[0.479s] -- Up-to-date symlink: /home/canveo/turtlebot_ws/install/kobuki_description/share/kobuki_description/rviz/model.rviz
[0.480s] -- Up-to-date symlink: /home/canveo/turtlebot_ws/install/kobuki_description/share/kobuki_description/urdf/common_properties.urdf.xacro
[0.481s] -- Up-to-date symlink: /home/canveo/turtlebot_ws/install/kobuki_description/share/kobuki_description/urdf/kobuki.urdf.xacro
[0.482s] -- Up-to-date symlink: /home/canveo/turtlebot_ws/install/kobuki_description/share/kobuki_description/urdf/kobuki_gazebo.urdf.xacro
[0.482s] -- Up-to-date symlink: /home/canveo/turtlebot_ws/install/kobuki_description/share/kobuki_description/urdf/kobuki_standalone.urdf.xacro
[0.484s] -- Up-to-date symlink: /home/canveo/turtlebot_ws/install/kobuki_description/share/ament_index/resource_index/package_run_dependencies/kobuki_description
[0.484s] -- Up-to-date symlink: /home/canveo/turtlebot_ws/install/kobuki_description/share/ament_index/resource_index/parent_prefix_path/kobuki_description
[0.485s] -- Up-to-date symlink: /home/canveo/turtlebot_ws/install/kobuki_description/share/kobuki_description/environment/ament_prefix_path.sh
[0.486s] -- Up-to-date symlink: /home/canveo/turtlebot_ws/install/kobuki_description/share/kobuki_description/environment/ament_prefix_path.dsv
[0.489s] -- Up-to-date symlink: /home/canveo/turtlebot_ws/install/kobuki_description/share/kobuki_description/environment/path.sh
[0.489s] -- Up-to-date symlink: /home/canveo/turtlebot_ws/install/kobuki_description/share/kobuki_description/environment/path.dsv
[0.491s] -- Up-to-date symlink: /home/canveo/turtlebot_ws/install/kobuki_description/share/kobuki_description/local_setup.bash
[0.491s] -- Up-to-date symlink: /home/canveo/turtlebot_ws/install/kobuki_description/share/kobuki_description/local_setup.sh
[0.491s] -- Up-to-date symlink: /home/canveo/turtlebot_ws/install/kobuki_description/share/kobuki_description/local_setup.zsh
[0.491s] -- Up-to-date symlink: /home/canveo/turtlebot_ws/install/kobuki_description/share/kobuki_description/local_setup.dsv
[0.491s] -- Symlinking: /home/canveo/turtlebot_ws/install/kobuki_description/share/kobuki_description/package.dsv
[0.513s] -- Up-to-date symlink: /home/canveo/turtlebot_ws/install/kobuki_description/share/ament_index/resource_index/packages/kobuki_description
[0.515s] -- Up-to-date symlink: /home/canveo/turtlebot_ws/install/kobuki_description/share/kobuki_description/cmake/kobuki_descriptionConfig.cmake
[0.516s] -- Up-to-date symlink: /home/canveo/turtlebot_ws/install/kobuki_description/share/kobuki_description/cmake/kobuki_descriptionConfig-version.cmake
[0.518s] -- Up-to-date symlink: /home/canveo/turtlebot_ws/install/kobuki_description/share/kobuki_description/package.xml
[0.522s] Invoked command in '/home/canveo/turtlebot_ws/build/kobuki_description' returned '0': CMAKE_PREFIX_PATH=${CMAKE_PREFIX_PATH}:/home/canveo/turtlebot_ws/install/move_base:/opt/ros/iron /usr/bin/cmake --install /home/canveo/turtlebot_ws/build/kobuki_description
