[0.051s] Invoking command in '/home/canveo/turtlebot_ws/build/kobuki_random_walker': CMAKE_PREFIX_PATH=${CMAKE_PREFIX_PATH}:/home/canveo/turtlebot_ws/install/move_base:/opt/ros/iron /usr/bin/cmake --build /home/canveo/turtlebot_ws/build/kobuki_random_walker -- -j8 -l8
[0.212s] [ 50%] Built target kobuki_random_walker
[0.212s] [100%] Built target kobuki_random_walker_node
[0.240s] Invoked command in '/home/canveo/turtlebot_ws/build/kobuki_random_walker' returned '0': CMAKE_PREFIX_PATH=${CMAKE_PREFIX_PATH}:/home/canveo/turtlebot_ws/install/move_base:/opt/ros/iron /usr/bin/cmake --build /home/canveo/turtlebot_ws/build/kobuki_random_walker -- -j8 -l8
[0.380s] Invoking command in '/home/canveo/turtlebot_ws/build/kobuki_random_walker': CMAKE_PREFIX_PATH=${CMAKE_PREFIX_PATH}:/home/canveo/turtlebot_ws/install/move_base:/opt/ros/iron /usr/bin/cmake --install /home/canveo/turtlebot_ws/build/kobuki_random_walker
[0.410s] -- Install configuration: ""
[0.414s] -- Execute custom install script
[0.414s] -- Up-to-date symlink: /home/canveo/turtlebot_ws/install/kobuki_random_walker/lib/kobuki_random_walker/kobuki_random_walker_node
[0.416s] -- Up-to-date symlink: /home/canveo/turtlebot_ws/install/kobuki_random_walker/lib/libkobuki_random_walker.so
[0.416s] -- Up-to-date symlink: /home/canveo/turtlebot_ws/install/kobuki_random_walker/include/kobuki_random_walker/random_walker.hpp
[0.416s] -- Up-to-date symlink: /home/canveo/turtlebot_ws/install/kobuki_random_walker/share/kobuki_random_walker/launch/random_walker_app.launch
[0.417s] -- Up-to-date symlink: /home/canveo/turtlebot_ws/install/kobuki_random_walker/share/kobuki_random_walker/launch/safe_random_walker_app.launch
[0.420s] -- Up-to-date symlink: /home/canveo/turtlebot_ws/install/kobuki_random_walker/share/kobuki_random_walker/launch/standalone.launch
[0.420s] -- Up-to-date symlink: /home/canveo/turtlebot_ws/install/kobuki_random_walker/share/ament_index/resource_index/package_run_dependencies/kobuki_random_walker
[0.420s] -- Up-to-date symlink: /home/canveo/turtlebot_ws/install/kobuki_random_walker/share/ament_index/resource_index/parent_prefix_path/kobuki_random_walker
[0.420s] -- Up-to-date symlink: /home/canveo/turtlebot_ws/install/kobuki_random_walker/share/kobuki_random_walker/environment/ament_prefix_path.sh
[0.421s] -- Up-to-date symlink: /home/canveo/turtlebot_ws/install/kobuki_random_walker/share/kobuki_random_walker/environment/ament_prefix_path.dsv
[0.421s] -- Up-to-date symlink: /home/canveo/turtlebot_ws/install/kobuki_random_walker/share/kobuki_random_walker/environment/path.sh
[0.421s] -- Up-to-date symlink: /home/canveo/turtlebot_ws/install/kobuki_random_walker/share/kobuki_random_walker/environment/path.dsv
[0.422s] -- Up-to-date symlink: /home/canveo/turtlebot_ws/install/kobuki_random_walker/share/kobuki_random_walker/local_setup.bash
[0.423s] -- Up-to-date symlink: /home/canveo/turtlebot_ws/install/kobuki_random_walker/share/kobuki_random_walker/local_setup.sh
[0.423s] -- Up-to-date symlink: /home/canveo/turtlebot_ws/install/kobuki_random_walker/share/kobuki_random_walker/local_setup.zsh
[0.424s] -- Up-to-date symlink: /home/canveo/turtlebot_ws/install/kobuki_random_walker/share/kobuki_random_walker/local_setup.dsv
[0.425s] -- Symlinking: /home/canveo/turtlebot_ws/install/kobuki_random_walker/share/kobuki_random_walker/package.dsv
[0.439s] -- Up-to-date symlink: /home/canveo/turtlebot_ws/install/kobuki_random_walker/share/ament_index/resource_index/packages/kobuki_random_walker
[0.440s] -- Up-to-date symlink: /home/canveo/turtlebot_ws/install/kobuki_random_walker/share/ament_index/resource_index/rclcpp_components/kobuki_random_walker
[0.441s] -- Up-to-date symlink: /home/canveo/turtlebot_ws/install/kobuki_random_walker/share/kobuki_random_walker/cmake/kobuki_random_walkerConfig.cmake
[0.442s] -- Up-to-date symlink: /home/canveo/turtlebot_ws/install/kobuki_random_walker/share/kobuki_random_walker/cmake/kobuki_random_walkerConfig-version.cmake
[0.443s] -- Up-to-date symlink: /home/canveo/turtlebot_ws/install/kobuki_random_walker/share/kobuki_random_walker/package.xml
[0.479s] Invoked command in '/home/canveo/turtlebot_ws/build/kobuki_random_walker' returned '0': CMAKE_PREFIX_PATH=${CMAKE_PREFIX_PATH}:/home/canveo/turtlebot_ws/install/move_base:/opt/ros/iron /usr/bin/cmake --install /home/canveo/turtlebot_ws/build/kobuki_random_walker
