[0.015s] Invoking command in '/home/canveo/turtlebot_ws/build/turtlebot2_bringup': AMENT_PREFIX_PATH=/home/canveo/turtlebot_ws/install/turtlebot2_description:${AMENT_PREFIX_PATH} CMAKE_PREFIX_PATH=/home/canveo/turtlebot_ws/install/turtlebot2_description:/home/canveo/turtlebot_ws/install/kobuki_ros:/home/canveo/turtlebot_ws/install/kobuki_keyop:/home/canveo/turtlebot_ws/install/kobuki_velocity_smoother:/home/canveo/turtlebot_ws/install/kobuki_safety_controller:/home/canveo/turtlebot_ws/install/kobuki_random_walker:/home/canveo/turtlebot_ws/install/kobuki_node:/home/canveo/turtlebot_ws/install/kobuki_description:/home/canveo/turtlebot_ws/install/kobuki_auto_docking:/home/canveo/turtlebot_ws/install/kobuki_core:/home/canveo/turtlebot_ws/install/kobuki_bumper2pc:/home/canveo/turtlebot_ws/install/cmd_vel_mux:/opt/ros/iron /usr/bin/cmake /home/canveo/turtlebot_ws/src/turtlebot2_bringup -DCMAKE_INSTALL_PREFIX=/home/canveo/turtlebot_ws/install/turtlebot2_bringup
[0.084s] -- The C compiler identification is GNU 11.4.0
[0.151s] -- The CXX compiler identification is GNU 11.4.0
[0.158s] -- Detecting C compiler ABI info
[0.228s] -- Detecting C compiler ABI info - done
[0.236s] -- Check for working C compiler: /usr/bin/cc - skipped
[0.237s] -- Detecting C compile features
[0.237s] -- Detecting C compile features - done
[0.240s] -- Detecting CXX compiler ABI info
[0.321s] -- Detecting CXX compiler ABI info - done
[0.328s] -- Check for working CXX compiler: /usr/bin/c++ - skipped
[0.328s] -- Detecting CXX compile features
[0.329s] -- Detecting CXX compile features - done
[0.332s] -- Found ament_cmake: 2.0.6 (/opt/ros/iron/share/ament_cmake/cmake)
[0.489s] -- Found Python3: /usr/bin/python3.10 (found version "3.10.12") found components: Interpreter 
[0.583s] -- Found xacro: 2.0.11 (/opt/ros/iron/share/xacro/cmake)
[0.586s] -- Found ament_lint_auto: 0.14.4 (/opt/ros/iron/share/ament_lint_auto/cmake)
[0.662s] -- Added test 'flake8' to check Python code syntax and style conventions
[0.663s] -- Configured 'flake8' exclude dirs and/or files: 
[0.663s] -- Added test 'lint_cmake' to check CMake code style
[0.664s] -- Added test 'pep257' to check Python code against some of the docstring style conventions in PEP 257
[0.665s] -- Added test 'xmllint' to check XML markup files
[0.666s] -- Configuring done
[0.669s] -- Generating done
[0.670s] -- Build files have been written to: /home/canveo/turtlebot_ws/build/turtlebot2_bringup
[0.674s] Invoked command in '/home/canveo/turtlebot_ws/build/turtlebot2_bringup' returned '0': AMENT_PREFIX_PATH=/home/canveo/turtlebot_ws/install/turtlebot2_description:${AMENT_PREFIX_PATH} CMAKE_PREFIX_PATH=/home/canveo/turtlebot_ws/install/turtlebot2_description:/home/canveo/turtlebot_ws/install/kobuki_ros:/home/canveo/turtlebot_ws/install/kobuki_keyop:/home/canveo/turtlebot_ws/install/kobuki_velocity_smoother:/home/canveo/turtlebot_ws/install/kobuki_safety_controller:/home/canveo/turtlebot_ws/install/kobuki_random_walker:/home/canveo/turtlebot_ws/install/kobuki_node:/home/canveo/turtlebot_ws/install/kobuki_description:/home/canveo/turtlebot_ws/install/kobuki_auto_docking:/home/canveo/turtlebot_ws/install/kobuki_core:/home/canveo/turtlebot_ws/install/kobuki_bumper2pc:/home/canveo/turtlebot_ws/install/cmd_vel_mux:/opt/ros/iron /usr/bin/cmake /home/canveo/turtlebot_ws/src/turtlebot2_bringup -DCMAKE_INSTALL_PREFIX=/home/canveo/turtlebot_ws/install/turtlebot2_bringup
[0.676s] Invoking command in '/home/canveo/turtlebot_ws/build/turtlebot2_bringup': AMENT_PREFIX_PATH=/home/canveo/turtlebot_ws/install/turtlebot2_description:${AMENT_PREFIX_PATH} CMAKE_PREFIX_PATH=/home/canveo/turtlebot_ws/install/turtlebot2_description:/home/canveo/turtlebot_ws/install/kobuki_ros:/home/canveo/turtlebot_ws/install/kobuki_keyop:/home/canveo/turtlebot_ws/install/kobuki_velocity_smoother:/home/canveo/turtlebot_ws/install/kobuki_safety_controller:/home/canveo/turtlebot_ws/install/kobuki_random_walker:/home/canveo/turtlebot_ws/install/kobuki_node:/home/canveo/turtlebot_ws/install/kobuki_description:/home/canveo/turtlebot_ws/install/kobuki_auto_docking:/home/canveo/turtlebot_ws/install/kobuki_core:/home/canveo/turtlebot_ws/install/kobuki_bumper2pc:/home/canveo/turtlebot_ws/install/cmd_vel_mux:/opt/ros/iron /usr/bin/cmake --build /home/canveo/turtlebot_ws/build/turtlebot2_bringup -- -j8 -l8
[0.717s] Invoked command in '/home/canveo/turtlebot_ws/build/turtlebot2_bringup' returned '0': AMENT_PREFIX_PATH=/home/canveo/turtlebot_ws/install/turtlebot2_description:${AMENT_PREFIX_PATH} CMAKE_PREFIX_PATH=/home/canveo/turtlebot_ws/install/turtlebot2_description:/home/canveo/turtlebot_ws/install/kobuki_ros:/home/canveo/turtlebot_ws/install/kobuki_keyop:/home/canveo/turtlebot_ws/install/kobuki_velocity_smoother:/home/canveo/turtlebot_ws/install/kobuki_safety_controller:/home/canveo/turtlebot_ws/install/kobuki_random_walker:/home/canveo/turtlebot_ws/install/kobuki_node:/home/canveo/turtlebot_ws/install/kobuki_description:/home/canveo/turtlebot_ws/install/kobuki_auto_docking:/home/canveo/turtlebot_ws/install/kobuki_core:/home/canveo/turtlebot_ws/install/kobuki_bumper2pc:/home/canveo/turtlebot_ws/install/cmd_vel_mux:/opt/ros/iron /usr/bin/cmake --build /home/canveo/turtlebot_ws/build/turtlebot2_bringup -- -j8 -l8
[0.745s] Invoking command in '/home/canveo/turtlebot_ws/build/turtlebot2_bringup': AMENT_PREFIX_PATH=/home/canveo/turtlebot_ws/install/turtlebot2_description:${AMENT_PREFIX_PATH} CMAKE_PREFIX_PATH=/home/canveo/turtlebot_ws/install/turtlebot2_description:/home/canveo/turtlebot_ws/install/kobuki_ros:/home/canveo/turtlebot_ws/install/kobuki_keyop:/home/canveo/turtlebot_ws/install/kobuki_velocity_smoother:/home/canveo/turtlebot_ws/install/kobuki_safety_controller:/home/canveo/turtlebot_ws/install/kobuki_random_walker:/home/canveo/turtlebot_ws/install/kobuki_node:/home/canveo/turtlebot_ws/install/kobuki_description:/home/canveo/turtlebot_ws/install/kobuki_auto_docking:/home/canveo/turtlebot_ws/install/kobuki_core:/home/canveo/turtlebot_ws/install/kobuki_bumper2pc:/home/canveo/turtlebot_ws/install/cmd_vel_mux:/opt/ros/iron /usr/bin/cmake --install /home/canveo/turtlebot_ws/build/turtlebot2_bringup
[0.753s] -- Install configuration: ""
[0.753s] -- Installing: /home/canveo/turtlebot_ws/install/turtlebot2_bringup/share/turtlebot2_bringup/launch
[0.754s] -- Installing: /home/canveo/turtlebot_ws/install/turtlebot2_bringup/share/turtlebot2_bringup/launch/ekf_node.launch.py
[0.754s] -- Installing: /home/canveo/turtlebot_ws/install/turtlebot2_bringup/share/turtlebot2_bringup/launch/turtlebot2_bringup.launch.py
[0.754s] -- Installing: /home/canveo/turtlebot_ws/install/turtlebot2_bringup/share/turtlebot2_bringup/config
[0.754s] -- Installing: /home/canveo/turtlebot_ws/install/turtlebot2_bringup/share/turtlebot2_bringup/config/turtlebot2_laser_scan_filter.yaml
[0.754s] -- Installing: /home/canveo/turtlebot_ws/install/turtlebot2_bringup/share/turtlebot2_bringup/config/urg-04lx-ug01.yaml
[0.754s] -- Installing: /home/canveo/turtlebot_ws/install/turtlebot2_bringup/share/turtlebot2_bringup/config/ekf.yaml
[0.754s] -- Installing: /home/canveo/turtlebot_ws/install/turtlebot2_bringup/share/ament_index/resource_index/package_run_dependencies/turtlebot2_bringup
[0.754s] -- Installing: /home/canveo/turtlebot_ws/install/turtlebot2_bringup/share/ament_index/resource_index/parent_prefix_path/turtlebot2_bringup
[0.755s] -- Installing: /home/canveo/turtlebot_ws/install/turtlebot2_bringup/share/turtlebot2_bringup/environment/ament_prefix_path.sh
[0.755s] -- Installing: /home/canveo/turtlebot_ws/install/turtlebot2_bringup/share/turtlebot2_bringup/environment/ament_prefix_path.dsv
[0.755s] -- Installing: /home/canveo/turtlebot_ws/install/turtlebot2_bringup/share/turtlebot2_bringup/environment/path.sh
[0.755s] -- Installing: /home/canveo/turtlebot_ws/install/turtlebot2_bringup/share/turtlebot2_bringup/environment/path.dsv
[0.755s] -- Installing: /home/canveo/turtlebot_ws/install/turtlebot2_bringup/share/turtlebot2_bringup/local_setup.bash
[0.755s] -- Installing: /home/canveo/turtlebot_ws/install/turtlebot2_bringup/share/turtlebot2_bringup/local_setup.sh
[0.756s] -- Installing: /home/canveo/turtlebot_ws/install/turtlebot2_bringup/share/turtlebot2_bringup/local_setup.zsh
[0.756s] -- Installing: /home/canveo/turtlebot_ws/install/turtlebot2_bringup/share/turtlebot2_bringup/local_setup.dsv
[0.756s] -- Installing: /home/canveo/turtlebot_ws/install/turtlebot2_bringup/share/turtlebot2_bringup/package.dsv
[0.756s] -- Installing: /home/canveo/turtlebot_ws/install/turtlebot2_bringup/share/ament_index/resource_index/packages/turtlebot2_bringup
[0.756s] -- Installing: /home/canveo/turtlebot_ws/install/turtlebot2_bringup/share/turtlebot2_bringup/cmake/turtlebot2_bringupConfig.cmake
[0.756s] -- Installing: /home/canveo/turtlebot_ws/install/turtlebot2_bringup/share/turtlebot2_bringup/cmake/turtlebot2_bringupConfig-version.cmake
[0.757s] -- Installing: /home/canveo/turtlebot_ws/install/turtlebot2_bringup/share/turtlebot2_bringup/package.xml
[0.759s] Invoked command in '/home/canveo/turtlebot_ws/build/turtlebot2_bringup' returned '0': AMENT_PREFIX_PATH=/home/canveo/turtlebot_ws/install/turtlebot2_description:${AMENT_PREFIX_PATH} CMAKE_PREFIX_PATH=/home/canveo/turtlebot_ws/install/turtlebot2_description:/home/canveo/turtlebot_ws/install/kobuki_ros:/home/canveo/turtlebot_ws/install/kobuki_keyop:/home/canveo/turtlebot_ws/install/kobuki_velocity_smoother:/home/canveo/turtlebot_ws/install/kobuki_safety_controller:/home/canveo/turtlebot_ws/install/kobuki_random_walker:/home/canveo/turtlebot_ws/install/kobuki_node:/home/canveo/turtlebot_ws/install/kobuki_description:/home/canveo/turtlebot_ws/install/kobuki_auto_docking:/home/canveo/turtlebot_ws/install/kobuki_core:/home/canveo/turtlebot_ws/install/kobuki_bumper2pc:/home/canveo/turtlebot_ws/install/cmd_vel_mux:/opt/ros/iron /usr/bin/cmake --install /home/canveo/turtlebot_ws/build/turtlebot2_bringup
