-- The C compiler identification is GNU 11.4.0
-- The CXX compiler identification is GNU 11.4.0
-- Detecting C compiler ABI info
-- Detecting C compiler ABI info - done
-- Check for working C compiler: /usr/bin/cc - skipped
-- Detecting C compile features
-- Detecting C compile features - done
-- Detecting CXX compiler ABI info
-- Detecting CXX compiler ABI info - done
-- Check for working CXX compiler: /usr/bin/c++ - skipped
-- Detecting CXX compile features
-- Detecting CXX compile features - done
-- Found ament_cmake_ros: 0.11.2 (/opt/ros/iron/share/ament_cmake_ros/cmake)
-- Found Python3: /usr/bin/python3.10 (found version "3.10.12") found components: Interpreter 
-- Override CMake install command with custom implementation using symlinks instead of copying resources
-- Found ecl_linear_algebra: 1.2.1 (/opt/ros/iron/share/ecl_linear_algebra/cmake)
-- Found geometry_msgs: 5.0.1 (/opt/ros/iron/share/geometry_msgs/cmake)
-- Found rosidl_generator_c: 4.0.1 (/opt/ros/iron/share/rosidl_generator_c/cmake)
-- Found rosidl_generator_cpp: 4.0.1 (/opt/ros/iron/share/rosidl_generator_cpp/cmake)
-- Using all available rosidl_typesupport_c: rosidl_typesupport_fastrtps_c;rosidl_typesupport_introspection_c
-- Using all available rosidl_typesupport_cpp: rosidl_typesupport_fastrtps_cpp;rosidl_typesupport_introspection_cpp
-- Found kobuki_core: 1.4.0 (/home/canveo/turtlebot_ws/install/kobuki_core/share/kobuki_core/cmake)
-- Found ecl_build: 1.0.3 (/opt/ros/iron/share/ecl_build/cmake)
[33mCMake Warning (dev) at /usr/share/cmake-3.22/Modules/FindPackageHandleStandardArgs.cmake:438 (message):
  The package name passed to `find_package_handle_standard_args` (Threads)
  does not match the name of the calling package (ecl_threads).  This can
  lead to problems in calling code that expects `find_package` result
  variables (e.g., `_FOUND`) to follow a certain pattern.
Call Stack (most recent call first):
  /usr/share/cmake-3.22/Modules/FindThreads.cmake:238 (FIND_PACKAGE_HANDLE_STANDARD_ARGS)
  /opt/ros/iron/share/ecl_build/cmake/ecl_platform_detection.cmake:225 (include)
  /opt/ros/iron/share/ecl_threads/cmake/ecl_threads-extras.cmake:4 (ecl_detect_threads)
  /opt/ros/iron/share/ecl_threads/cmake/ecl_threadsConfig.cmake:41 (include)
  /opt/ros/iron/share/ecl_devices/cmake/ament_cmake_export_dependencies-extras.cmake:21 (find_package)
  /opt/ros/iron/share/ecl_devices/cmake/ecl_devicesConfig.cmake:41 (include)
  /home/canveo/turtlebot_ws/install/kobuki_core/share/kobuki_core/cmake/ament_cmake_export_dependencies-extras.cmake:21 (find_package)
  /home/canveo/turtlebot_ws/install/kobuki_core/share/kobuki_core/cmake/kobuki_coreConfig.cmake:41 (include)
  CMakeLists.txt:16 (find_package)
This warning is for project developers.  Use -Wno-dev to suppress it.
[0m
-- Found Threads: TRUE  
-- Found kobuki_ros_interfaces: 1.0.0 (/opt/ros/iron/share/kobuki_ros_interfaces/cmake)
-- Found message_filters: 4.7.1 (/opt/ros/iron/share/message_filters/cmake)
-- Found rmw_implementation_cmake: 7.1.0 (/opt/ros/iron/share/rmw_implementation_cmake/cmake)
-- Found rmw_fastrtps_cpp: 7.1.4 (/opt/ros/iron/share/rmw_fastrtps_cpp/cmake)
-- Found OpenSSL: /usr/lib/x86_64-linux-gnu/libcrypto.so (found version "3.0.2")  
-- Found FastRTPS: /opt/ros/iron/include  
-- Using RMW implementation 'rmw_fastrtps_cpp' as default
-- Found nav_msgs: 5.0.1 (/opt/ros/iron/share/nav_msgs/cmake)
-- Found rclcpp_components: 21.0.7 (/opt/ros/iron/share/rclcpp_components/cmake)
-- Found rclcpp_action: 21.0.7 (/opt/ros/iron/share/rclcpp_action/cmake)
-- Found tf2_geometry_msgs: 0.31.8 (/opt/ros/iron/share/tf2_geometry_msgs/cmake)
-- Found eigen3_cmake_module: 0.2.2 (/opt/ros/iron/share/eigen3_cmake_module/cmake)
-- Found Eigen3: TRUE (found version "3.4.0") 
-- Ensuring Eigen3 include directory is part of orocos-kdl CMake target
-- Configuring done
-- Generating done
-- Build files have been written to: /home/canveo/turtlebot_ws/build/kobuki_auto_docking
[ 25%] [32mBuilding CXX object CMakeFiles/kobuki_auto_docking.dir/src/auto_docking_ros.cpp.o[0m
[ 50%] [32mBuilding CXX object CMakeFiles/kobuki_auto_docking_node.dir/rclcpp_components/node_main_kobuki_auto_docking_node.cpp.o[0m
[ 75%] [32m[1mLinking CXX executable kobuki_auto_docking_node[0m
[ 75%] Built target kobuki_auto_docking_node
[100%] [32m[1mLinking CXX shared library libkobuki_auto_docking.so[0m
[100%] Built target kobuki_auto_docking
-- Install configuration: ""
-- Execute custom install script
-- Symlinking: /home/canveo/turtlebot_ws/install/kobuki_auto_docking/lib/kobuki_auto_docking/kobuki_auto_docking_node
-- Symlinking: /home/canveo/turtlebot_ws/install/kobuki_auto_docking/lib/libkobuki_auto_docking.so
-- Symlinking: /home/canveo/turtlebot_ws/install/kobuki_auto_docking/include/kobuki_auto_docking/auto_docking_ros.hpp
-- Symlinking: /home/canveo/turtlebot_ws/install/kobuki_auto_docking/share/kobuki_auto_docking/launch/compact.launch.py
-- Symlinking: /home/canveo/turtlebot_ws/install/kobuki_auto_docking/share/kobuki_auto_docking/config/auto_docking.yaml
-- Symlinking: /home/canveo/turtlebot_ws/install/kobuki_auto_docking/share/kobuki_auto_docking/config/kobuki_node_params.yaml
-- Symlinking: /home/canveo/turtlebot_ws/install/kobuki_auto_docking/lib/kobuki_auto_docking/activate.sh
-- Symlinking: /home/canveo/turtlebot_ws/install/kobuki_auto_docking/share/ament_index/resource_index/package_run_dependencies/kobuki_auto_docking
-- Symlinking: /home/canveo/turtlebot_ws/install/kobuki_auto_docking/share/ament_index/resource_index/parent_prefix_path/kobuki_auto_docking
-- Symlinking: /home/canveo/turtlebot_ws/install/kobuki_auto_docking/share/kobuki_auto_docking/environment/ament_prefix_path.sh
-- Symlinking: /home/canveo/turtlebot_ws/install/kobuki_auto_docking/share/kobuki_auto_docking/environment/ament_prefix_path.dsv
-- Symlinking: /home/canveo/turtlebot_ws/install/kobuki_auto_docking/share/kobuki_auto_docking/environment/path.sh
-- Symlinking: /home/canveo/turtlebot_ws/install/kobuki_auto_docking/share/kobuki_auto_docking/environment/path.dsv
-- Symlinking: /home/canveo/turtlebot_ws/install/kobuki_auto_docking/share/kobuki_auto_docking/local_setup.bash
-- Symlinking: /home/canveo/turtlebot_ws/install/kobuki_auto_docking/share/kobuki_auto_docking/local_setup.sh
-- Symlinking: /home/canveo/turtlebot_ws/install/kobuki_auto_docking/share/kobuki_auto_docking/local_setup.zsh
-- Symlinking: /home/canveo/turtlebot_ws/install/kobuki_auto_docking/share/kobuki_auto_docking/local_setup.dsv
-- Symlinking: /home/canveo/turtlebot_ws/install/kobuki_auto_docking/share/kobuki_auto_docking/package.dsv
-- Symlinking: /home/canveo/turtlebot_ws/install/kobuki_auto_docking/share/ament_index/resource_index/packages/kobuki_auto_docking
-- Symlinking: /home/canveo/turtlebot_ws/install/kobuki_auto_docking/share/ament_index/resource_index/rclcpp_components/kobuki_auto_docking
-- Symlinking: /home/canveo/turtlebot_ws/install/kobuki_auto_docking/share/kobuki_auto_docking/cmake/kobuki_auto_dockingConfig.cmake
-- Symlinking: /home/canveo/turtlebot_ws/install/kobuki_auto_docking/share/kobuki_auto_docking/cmake/kobuki_auto_dockingConfig-version.cmake
-- Symlinking: /home/canveo/turtlebot_ws/install/kobuki_auto_docking/share/kobuki_auto_docking/package.xml
