[0.024s] Invoking command in '/home/canveo/turtlebot_ws/build/kobuki_auto_docking': AMENT_PREFIX_PATH=/home/canveo/turtlebot_ws/install/kobuki_core:${AMENT_PREFIX_PATH} CMAKE_PREFIX_PATH=/home/canveo/turtlebot_ws/install/kobuki_core:/opt/ros/iron LD_LIBRARY_PATH=/home/canveo/turtlebot_ws/install/kobuki_core/lib:${LD_LIBRARY_PATH} PATH=/home/canveo/turtlebot_ws/install/kobuki_core/bin:${PATH} /usr/bin/cmake /home/canveo/turtlebot_ws/src/kobuki_ros/kobuki_auto_docking -DAMENT_CMAKE_SYMLINK_INSTALL=1 -DCMAKE_INSTALL_PREFIX=/home/canveo/turtlebot_ws/install/kobuki_auto_docking
[0.168s] -- The C compiler identification is GNU 11.4.0
[0.295s] -- The CXX compiler identification is GNU 11.4.0
[0.314s] -- Detecting C compiler ABI info
[0.432s] -- Detecting C compiler ABI info - done
[0.444s] -- Check for working C compiler: /usr/bin/cc - skipped
[0.444s] -- Detecting C compile features
[0.445s] -- Detecting C compile features - done
[0.451s] -- Detecting CXX compiler ABI info
[0.606s] -- Detecting CXX compiler ABI info - done
[0.630s] -- Check for working CXX compiler: /usr/bin/c++ - skipped
[0.631s] -- Detecting CXX compile features
[0.632s] -- Detecting CXX compile features - done
[0.638s] -- Found ament_cmake_ros: 0.11.2 (/opt/ros/iron/share/ament_cmake_ros/cmake)
[1.058s] -- Found Python3: /usr/bin/python3.10 (found version "3.10.12") found components: Interpreter 
[1.222s] -- Override CMake install command with custom implementation using symlinks instead of copying resources
[1.294s] -- Found ecl_linear_algebra: 1.2.1 (/opt/ros/iron/share/ecl_linear_algebra/cmake)
[1.696s] -- Found geometry_msgs: 5.0.1 (/opt/ros/iron/share/geometry_msgs/cmake)
[1.754s] -- Found rosidl_generator_c: 4.0.1 (/opt/ros/iron/share/rosidl_generator_c/cmake)
[1.775s] -- Found rosidl_generator_cpp: 4.0.1 (/opt/ros/iron/share/rosidl_generator_cpp/cmake)
[1.802s] -- Using all available rosidl_typesupport_c: rosidl_typesupport_fastrtps_c;rosidl_typesupport_introspection_c
[1.835s] -- Using all available rosidl_typesupport_cpp: rosidl_typesupport_fastrtps_cpp;rosidl_typesupport_introspection_cpp
[2.045s] -- Found kobuki_core: 1.4.0 (/home/canveo/turtlebot_ws/install/kobuki_core/share/kobuki_core/cmake)
[2.095s] -- Found ecl_build: 1.0.3 (/opt/ros/iron/share/ecl_build/cmake)
[2.108s] [33mCMake Warning (dev) at /usr/share/cmake-3.22/Modules/FindPackageHandleStandardArgs.cmake:438 (message):
[2.108s]   The package name passed to `find_package_handle_standard_args` (Threads)
[2.108s]   does not match the name of the calling package (ecl_threads).  This can
[2.108s]   lead to problems in calling code that expects `find_package` result
[2.108s]   variables (e.g., `_FOUND`) to follow a certain pattern.
[2.109s] Call Stack (most recent call first):
[2.109s]   /usr/share/cmake-3.22/Modules/FindThreads.cmake:238 (FIND_PACKAGE_HANDLE_STANDARD_ARGS)
[2.109s]   /opt/ros/iron/share/ecl_build/cmake/ecl_platform_detection.cmake:225 (include)
[2.109s]   /opt/ros/iron/share/ecl_threads/cmake/ecl_threads-extras.cmake:4 (ecl_detect_threads)
[2.109s]   /opt/ros/iron/share/ecl_threads/cmake/ecl_threadsConfig.cmake:41 (include)
[2.109s]   /opt/ros/iron/share/ecl_devices/cmake/ament_cmake_export_dependencies-extras.cmake:21 (find_package)
[2.109s]   /opt/ros/iron/share/ecl_devices/cmake/ecl_devicesConfig.cmake:41 (include)
[2.110s]   /home/canveo/turtlebot_ws/install/kobuki_core/share/kobuki_core/cmake/ament_cmake_export_dependencies-extras.cmake:21 (find_package)
[2.110s]   /home/canveo/turtlebot_ws/install/kobuki_core/share/kobuki_core/cmake/kobuki_coreConfig.cmake:41 (include)
[2.110s]   CMakeLists.txt:16 (find_package)
[2.110s] This warning is for project developers.  Use -Wno-dev to suppress it.
[2.110s] [0m
[2.110s] -- Found Threads: TRUE  
[2.182s] -- Found kobuki_ros_interfaces: 1.0.0 (/opt/ros/iron/share/kobuki_ros_interfaces/cmake)
[3.006s] -- Found message_filters: 4.7.1 (/opt/ros/iron/share/message_filters/cmake)
[3.314s] -- Found rmw_implementation_cmake: 7.1.0 (/opt/ros/iron/share/rmw_implementation_cmake/cmake)
[3.321s] -- Found rmw_fastrtps_cpp: 7.1.4 (/opt/ros/iron/share/rmw_fastrtps_cpp/cmake)
[3.563s] -- Found OpenSSL: /usr/lib/x86_64-linux-gnu/libcrypto.so (found version "3.0.2")  
[3.621s] -- Found FastRTPS: /opt/ros/iron/include  
[3.720s] -- Using RMW implementation 'rmw_fastrtps_cpp' as default
[4.256s] -- Found nav_msgs: 5.0.1 (/opt/ros/iron/share/nav_msgs/cmake)
[4.611s] -- Found rclcpp_components: 21.0.7 (/opt/ros/iron/share/rclcpp_components/cmake)
[4.910s] -- Found rclcpp_action: 21.0.7 (/opt/ros/iron/share/rclcpp_action/cmake)
[5.021s] -- Found tf2_geometry_msgs: 0.31.8 (/opt/ros/iron/share/tf2_geometry_msgs/cmake)
[5.044s] -- Found eigen3_cmake_module: 0.2.2 (/opt/ros/iron/share/eigen3_cmake_module/cmake)
[5.048s] -- Found Eigen3: TRUE (found version "3.4.0") 
[5.048s] -- Ensuring Eigen3 include directory is part of orocos-kdl CMake target
[5.997s] -- Configuring done
[6.069s] -- Generating done
[6.076s] -- Build files have been written to: /home/canveo/turtlebot_ws/build/kobuki_auto_docking
[6.109s] Invoked command in '/home/canveo/turtlebot_ws/build/kobuki_auto_docking' returned '0': AMENT_PREFIX_PATH=/home/canveo/turtlebot_ws/install/kobuki_core:${AMENT_PREFIX_PATH} CMAKE_PREFIX_PATH=/home/canveo/turtlebot_ws/install/kobuki_core:/opt/ros/iron LD_LIBRARY_PATH=/home/canveo/turtlebot_ws/install/kobuki_core/lib:${LD_LIBRARY_PATH} PATH=/home/canveo/turtlebot_ws/install/kobuki_core/bin:${PATH} /usr/bin/cmake /home/canveo/turtlebot_ws/src/kobuki_ros/kobuki_auto_docking -DAMENT_CMAKE_SYMLINK_INSTALL=1 -DCMAKE_INSTALL_PREFIX=/home/canveo/turtlebot_ws/install/kobuki_auto_docking
[6.116s] Invoking command in '/home/canveo/turtlebot_ws/build/kobuki_auto_docking': AMENT_PREFIX_PATH=/home/canveo/turtlebot_ws/install/kobuki_core:${AMENT_PREFIX_PATH} CMAKE_PREFIX_PATH=/home/canveo/turtlebot_ws/install/kobuki_core:/opt/ros/iron LD_LIBRARY_PATH=/home/canveo/turtlebot_ws/install/kobuki_core/lib:${LD_LIBRARY_PATH} PATH=/home/canveo/turtlebot_ws/install/kobuki_core/bin:${PATH} /usr/bin/cmake --build /home/canveo/turtlebot_ws/build/kobuki_auto_docking -- -j8 -l8
[6.239s] [ 25%] [32mBuilding CXX object CMakeFiles/kobuki_auto_docking.dir/src/auto_docking_ros.cpp.o[0m
[6.253s] [ 50%] [32mBuilding CXX object CMakeFiles/kobuki_auto_docking_node.dir/rclcpp_components/node_main_kobuki_auto_docking_node.cpp.o[0m
[16.062s] [ 75%] [32m[1mLinking CXX executable kobuki_auto_docking_node[0m
[16.389s] [ 75%] Built target kobuki_auto_docking_node
[43.097s] [100%] [32m[1mLinking CXX shared library libkobuki_auto_docking.so[0m
[45.430s] [100%] Built target kobuki_auto_docking
[45.443s] Invoked command in '/home/canveo/turtlebot_ws/build/kobuki_auto_docking' returned '0': AMENT_PREFIX_PATH=/home/canveo/turtlebot_ws/install/kobuki_core:${AMENT_PREFIX_PATH} CMAKE_PREFIX_PATH=/home/canveo/turtlebot_ws/install/kobuki_core:/opt/ros/iron LD_LIBRARY_PATH=/home/canveo/turtlebot_ws/install/kobuki_core/lib:${LD_LIBRARY_PATH} PATH=/home/canveo/turtlebot_ws/install/kobuki_core/bin:${PATH} /usr/bin/cmake --build /home/canveo/turtlebot_ws/build/kobuki_auto_docking -- -j8 -l8
[45.475s] Invoking command in '/home/canveo/turtlebot_ws/build/kobuki_auto_docking': AMENT_PREFIX_PATH=/home/canveo/turtlebot_ws/install/kobuki_core:${AMENT_PREFIX_PATH} CMAKE_PREFIX_PATH=/home/canveo/turtlebot_ws/install/kobuki_core:/opt/ros/iron LD_LIBRARY_PATH=/home/canveo/turtlebot_ws/install/kobuki_core/lib:${LD_LIBRARY_PATH} PATH=/home/canveo/turtlebot_ws/install/kobuki_core/bin:${PATH} /usr/bin/cmake --install /home/canveo/turtlebot_ws/build/kobuki_auto_docking
[45.482s] -- Install configuration: ""
[45.483s] -- Execute custom install script
[45.483s] -- Symlinking: /home/canveo/turtlebot_ws/install/kobuki_auto_docking/lib/kobuki_auto_docking/kobuki_auto_docking_node
[45.494s] -- Symlinking: /home/canveo/turtlebot_ws/install/kobuki_auto_docking/lib/libkobuki_auto_docking.so
[45.504s] -- Symlinking: /home/canveo/turtlebot_ws/install/kobuki_auto_docking/include/kobuki_auto_docking/auto_docking_ros.hpp
[45.514s] -- Symlinking: /home/canveo/turtlebot_ws/install/kobuki_auto_docking/share/kobuki_auto_docking/launch/compact.launch.py
[45.524s] -- Symlinking: /home/canveo/turtlebot_ws/install/kobuki_auto_docking/share/kobuki_auto_docking/config/auto_docking.yaml
[45.535s] -- Symlinking: /home/canveo/turtlebot_ws/install/kobuki_auto_docking/share/kobuki_auto_docking/config/kobuki_node_params.yaml
[45.545s] -- Symlinking: /home/canveo/turtlebot_ws/install/kobuki_auto_docking/lib/kobuki_auto_docking/activate.sh
[45.556s] -- Symlinking: /home/canveo/turtlebot_ws/install/kobuki_auto_docking/share/ament_index/resource_index/package_run_dependencies/kobuki_auto_docking
[45.566s] -- Symlinking: /home/canveo/turtlebot_ws/install/kobuki_auto_docking/share/ament_index/resource_index/parent_prefix_path/kobuki_auto_docking
[45.578s] -- Symlinking: /home/canveo/turtlebot_ws/install/kobuki_auto_docking/share/kobuki_auto_docking/environment/ament_prefix_path.sh
[45.588s] -- Symlinking: /home/canveo/turtlebot_ws/install/kobuki_auto_docking/share/kobuki_auto_docking/environment/ament_prefix_path.dsv
[45.598s] -- Symlinking: /home/canveo/turtlebot_ws/install/kobuki_auto_docking/share/kobuki_auto_docking/environment/path.sh
[45.610s] -- Symlinking: /home/canveo/turtlebot_ws/install/kobuki_auto_docking/share/kobuki_auto_docking/environment/path.dsv
[45.620s] -- Symlinking: /home/canveo/turtlebot_ws/install/kobuki_auto_docking/share/kobuki_auto_docking/local_setup.bash
[45.630s] -- Symlinking: /home/canveo/turtlebot_ws/install/kobuki_auto_docking/share/kobuki_auto_docking/local_setup.sh
[45.640s] -- Symlinking: /home/canveo/turtlebot_ws/install/kobuki_auto_docking/share/kobuki_auto_docking/local_setup.zsh
[45.650s] -- Symlinking: /home/canveo/turtlebot_ws/install/kobuki_auto_docking/share/kobuki_auto_docking/local_setup.dsv
[45.660s] -- Symlinking: /home/canveo/turtlebot_ws/install/kobuki_auto_docking/share/kobuki_auto_docking/package.dsv
[45.670s] -- Symlinking: /home/canveo/turtlebot_ws/install/kobuki_auto_docking/share/ament_index/resource_index/packages/kobuki_auto_docking
[45.679s] -- Symlinking: /home/canveo/turtlebot_ws/install/kobuki_auto_docking/share/ament_index/resource_index/rclcpp_components/kobuki_auto_docking
[45.689s] -- Symlinking: /home/canveo/turtlebot_ws/install/kobuki_auto_docking/share/kobuki_auto_docking/cmake/kobuki_auto_dockingConfig.cmake
[45.699s] -- Symlinking: /home/canveo/turtlebot_ws/install/kobuki_auto_docking/share/kobuki_auto_docking/cmake/kobuki_auto_dockingConfig-version.cmake
[45.710s] -- Symlinking: /home/canveo/turtlebot_ws/install/kobuki_auto_docking/share/kobuki_auto_docking/package.xml
[45.722s] Invoked command in '/home/canveo/turtlebot_ws/build/kobuki_auto_docking' returned '0': AMENT_PREFIX_PATH=/home/canveo/turtlebot_ws/install/kobuki_core:${AMENT_PREFIX_PATH} CMAKE_PREFIX_PATH=/home/canveo/turtlebot_ws/install/kobuki_core:/opt/ros/iron LD_LIBRARY_PATH=/home/canveo/turtlebot_ws/install/kobuki_core/lib:${LD_LIBRARY_PATH} PATH=/home/canveo/turtlebot_ws/install/kobuki_core/bin:${PATH} /usr/bin/cmake --install /home/canveo/turtlebot_ws/build/kobuki_auto_docking
