[0.072s] Invoking command in '/home/canveo/turtlebot_ws/build/turtlebot2_gazebo': CMAKE_PREFIX_PATH=${CMAKE_PREFIX_PATH}:/opt/ros/iron /usr/bin/cmake --build /home/canveo/turtlebot_ws/build/turtlebot2_gazebo -- -j8 -l8
[0.113s] -- Found ament_cmake: 2.0.6 (/opt/ros/iron/share/ament_cmake/cmake)
[0.340s] -- Override CMake install command with custom implementation using symlinks instead of copying resources
[0.351s] -- Found gazebo_ros: 3.7.0 (/opt/ros/iron/share/gazebo_ros/cmake)
[0.412s] -- Found rosidl_generator_c: 4.0.1 (/opt/ros/iron/share/rosidl_generator_c/cmake)
[0.422s] -- Found rosidl_generator_cpp: 4.0.1 (/opt/ros/iron/share/rosidl_generator_cpp/cmake)
[0.437s] -- Using all available rosidl_typesupport_c: rosidl_typesupport_fastrtps_c;rosidl_typesupport_introspection_c
[0.455s] -- Using all available rosidl_typesupport_cpp: rosidl_typesupport_fastrtps_cpp;rosidl_typesupport_introspection_cpp
[0.638s] -- Found rmw_implementation_cmake: 7.1.0 (/opt/ros/iron/share/rmw_implementation_cmake/cmake)
[0.639s] -- Found rmw_fastrtps_cpp: 7.1.4 (/opt/ros/iron/share/rmw_fastrtps_cpp/cmake)
[0.762s] -- Using RMW implementation 'rmw_fastrtps_cpp' as default
[0.959s] -- Found DART: /usr/include (Required is at least version "6.6") found components: dart 
[0.983s] -- Found Protobuf: /usr/lib/x86_64-linux-gnu/libprotobuf.so (found version "3.12.4") 
[0.985s] -- Looking for ignition-math6 -- found version 6.15.1
[0.990s] -- Searching for dependencies of ignition-math6
[0.991s] -- Looking for OGRE...
[0.998s] -- Found Ogre Ghadamon (1.9.0)
[0.998s] -- Found OGRE: optimized;/usr/lib/x86_64-linux-gnu/libOgreMain.so;debug;/usr/lib/x86_64-linux-gnu/libOgreMain.so
[1.007s] -- Looking for OGRE_Paging...
[1.007s] -- Found OGRE_Paging: optimized;/usr/lib/x86_64-linux-gnu/libOgrePaging.so;debug;/usr/lib/x86_64-linux-gnu/libOgrePaging.so
[1.007s] -- Looking for OGRE_Terrain...
[1.007s] -- Found OGRE_Terrain: optimized;/usr/lib/x86_64-linux-gnu/libOgreTerrain.so;debug;/usr/lib/x86_64-linux-gnu/libOgreTerrain.so
[1.007s] -- Looking for OGRE_Property...
[1.007s] -- Found OGRE_Property: optimized;/usr/lib/x86_64-linux-gnu/libOgreProperty.so;debug;/usr/lib/x86_64-linux-gnu/libOgreProperty.so
[1.007s] -- Looking for OGRE_RTShaderSystem...
[1.008s] -- Found OGRE_RTShaderSystem: optimized;/usr/lib/x86_64-linux-gnu/libOgreRTShaderSystem.so;debug;/usr/lib/x86_64-linux-gnu/libOgreRTShaderSystem.so
[1.008s] -- Looking for OGRE_Volume...
[1.008s] -- Found OGRE_Volume: optimized;/usr/lib/x86_64-linux-gnu/libOgreVolume.so;debug;/usr/lib/x86_64-linux-gnu/libOgreVolume.so
[1.008s] -- Looking for OGRE_Overlay...
[1.008s] -- Found OGRE_Overlay: optimized;/usr/lib/x86_64-linux-gnu/libOgreOverlay.so;debug;/usr/lib/x86_64-linux-gnu/libOgreOverlay.so
[1.131s] -- Looking for ignition-math6 -- found version 6.15.1
[1.132s] -- Looking for ignition-transport8 -- found version 8.2.1
[1.132s] -- Searching for dependencies of ignition-transport8
[1.150s] -- Found Protobuf: /usr/lib/x86_64-linux-gnu/libprotobuf.so (found suitable version "3.12.4", minimum required is "3") 
[1.161s] -- Config-file not installed for ZeroMQ -- checking for pkg-config
[1.166s] -- Checking for module 'libzmq >= 4'
[1.179s] --   Found libzmq , version 4.3.4
[1.222s] -- Checking for module 'uuid'
[1.235s] --   Found uuid, version 2.37.2
[1.269s] -- Looking for ignition-msgs5 -- found version 5.8.1
[1.269s] -- Searching for dependencies of ignition-msgs5
[1.289s] -- Looking for ignition-math6 -- found version 6.15.1
[1.295s] -- Checking for module 'tinyxml2'
[1.309s] --   Found tinyxml2, version 9.0.0
[1.342s] -- Looking for ignition-msgs5 -- found version 5.8.1
[1.342s] -- Looking for ignition-common3 -- found version 3.14.0
[1.343s] -- Searching for dependencies of ignition-common3
[1.343s] -- Looking for dlfcn.h - found
[1.343s] -- Looking for libdl - found
[1.353s] -- Searching for <ignition-common3> component [graphics]
[1.354s] -- Looking for ignition-common3-graphics -- found version 3.14.0
[1.354s] -- Searching for dependencies of ignition-common3-graphics
[1.354s] -- Looking for ignition-math6 -- found version 6.15.1
[1.355s] -- Looking for ignition-fuel_tools4 -- found version 4.4.0
[1.356s] -- Searching for dependencies of ignition-fuel_tools4
[1.394s] -- Checking for module 'jsoncpp'
[1.408s] --   Found jsoncpp, version 1.9.5
[1.452s] -- Checking for module 'libzip'
[1.467s] --   Found libzip, version 1.7.3
[1.501s] -- Looking for ignition-common3 -- found version 3.14.0
[1.502s] -- Looking for ignition-math6 -- found version 6.15.1
[1.502s] -- Looking for ignition-msgs5 -- found version 5.8.1
[1.503s] -- Gazebo version: 11.10
[1.513s] -- Found xacro: 2.0.11 (/opt/ros/iron/share/xacro/cmake)
[1.513s] -- Found ament_lint_auto: 0.14.4 (/opt/ros/iron/share/ament_lint_auto/cmake)
[1.576s] -- Added test 'flake8' to check Python code syntax and style conventions
[1.576s] -- Configured 'flake8' exclude dirs and/or files: 
[1.576s] -- Added test 'lint_cmake' to check CMake code style
[1.577s] -- Added test 'pep257' to check Python code against some of the docstring style conventions in PEP 257
[1.578s] -- Added test 'xmllint' to check XML markup files
[1.579s] -- Configuring done
[1.585s] -- Generating done
[1.587s] -- Build files have been written to: /home/canveo/turtlebot_ws/build/turtlebot2_gazebo
[1.619s] Invoked command in '/home/canveo/turtlebot_ws/build/turtlebot2_gazebo' returned '0': CMAKE_PREFIX_PATH=${CMAKE_PREFIX_PATH}:/opt/ros/iron /usr/bin/cmake --build /home/canveo/turtlebot_ws/build/turtlebot2_gazebo -- -j8 -l8
[1.653s] Invoking command in '/home/canveo/turtlebot_ws/build/turtlebot2_gazebo': CMAKE_PREFIX_PATH=${CMAKE_PREFIX_PATH}:/opt/ros/iron /usr/bin/cmake --install /home/canveo/turtlebot_ws/build/turtlebot2_gazebo
[1.661s] -- Install configuration: ""
[1.661s] -- Execute custom install script
[1.662s] -- Up-to-date symlink: /home/canveo/turtlebot_ws/install/turtlebot2_gazebo/share/ament_index/resource_index/package_run_dependencies/turtlebot2_gazebo
[1.662s] -- Up-to-date symlink: /home/canveo/turtlebot_ws/install/turtlebot2_gazebo/share/ament_index/resource_index/parent_prefix_path/turtlebot2_gazebo
[1.662s] -- Up-to-date symlink: /home/canveo/turtlebot_ws/install/turtlebot2_gazebo/share/turtlebot2_gazebo/environment/ament_prefix_path.sh
[1.663s] -- Up-to-date symlink: /home/canveo/turtlebot_ws/install/turtlebot2_gazebo/share/turtlebot2_gazebo/environment/ament_prefix_path.dsv
[1.663s] -- Up-to-date symlink: /home/canveo/turtlebot_ws/install/turtlebot2_gazebo/share/turtlebot2_gazebo/environment/path.sh
[1.663s] -- Up-to-date symlink: /home/canveo/turtlebot_ws/install/turtlebot2_gazebo/share/turtlebot2_gazebo/environment/path.dsv
[1.663s] -- Up-to-date symlink: /home/canveo/turtlebot_ws/install/turtlebot2_gazebo/share/turtlebot2_gazebo/local_setup.bash
[1.663s] -- Up-to-date symlink: /home/canveo/turtlebot_ws/install/turtlebot2_gazebo/share/turtlebot2_gazebo/local_setup.sh
[1.664s] -- Up-to-date symlink: /home/canveo/turtlebot_ws/install/turtlebot2_gazebo/share/turtlebot2_gazebo/local_setup.zsh
[1.664s] -- Up-to-date symlink: /home/canveo/turtlebot_ws/install/turtlebot2_gazebo/share/turtlebot2_gazebo/local_setup.dsv
[1.664s] -- Symlinking: /home/canveo/turtlebot_ws/install/turtlebot2_gazebo/share/turtlebot2_gazebo/package.dsv
[1.675s] -- Up-to-date symlink: /home/canveo/turtlebot_ws/install/turtlebot2_gazebo/share/ament_index/resource_index/packages/turtlebot2_gazebo
[1.675s] -- Up-to-date symlink: /home/canveo/turtlebot_ws/install/turtlebot2_gazebo/share/turtlebot2_gazebo/cmake/turtlebot2_gazeboConfig.cmake
[1.675s] -- Up-to-date symlink: /home/canveo/turtlebot_ws/install/turtlebot2_gazebo/share/turtlebot2_gazebo/cmake/turtlebot2_gazeboConfig-version.cmake
[1.675s] -- Up-to-date symlink: /home/canveo/turtlebot_ws/install/turtlebot2_gazebo/share/turtlebot2_gazebo/package.xml
[1.676s] -- Symlinking: /home/canveo/turtlebot_ws/install/turtlebot2_gazebo/share/turtlebot2_gazebo/launch/turtlebot2_gazebo.launch.py
[1.689s] Invoked command in '/home/canveo/turtlebot_ws/build/turtlebot2_gazebo' returned '0': CMAKE_PREFIX_PATH=${CMAKE_PREFIX_PATH}:/opt/ros/iron /usr/bin/cmake --install /home/canveo/turtlebot_ws/build/turtlebot2_gazebo
