[0.108s] DEBUG:colcon:Command line arguments: ['/usr/bin/colcon', 'build', '--packages-select', 'turtlebot2_gazebo']
[0.109s] DEBUG:colcon:Parsed command line arguments: Namespace(log_base=None, log_level=None, verb_name='build', build_base='build', install_base='install', merge_install=False, symlink_install=False, test_result_base=None, continue_on_error=False, executor='parallel', parallel_workers=8, event_handlers=None, ignore_user_meta=False, metas=['./colcon.meta'], base_paths=['.'], packages_ignore=None, packages_ignore_regex=None, paths=None, packages_up_to=None, packages_up_to_regex=None, packages_above=None, packages_above_and_dependencies=None, packages_above_depth=None, packages_select_by_dep=None, packages_skip_by_dep=None, packages_skip_up_to=None, packages_select_build_failed=False, packages_skip_build_finished=False, packages_select_test_failures=False, packages_skip_test_passed=False, packages_select=['turtlebot2_gazebo'], packages_skip=None, packages_select_regex=None, packages_skip_regex=None, packages_start=None, packages_end=None, allow_overriding=[], cmake_args=None, cmake_target=None, cmake_target_skip_unavailable=False, cmake_clean_cache=False, cmake_clean_first=False, cmake_force_configure=False, ament_cmake_args=None, catkin_cmake_args=None, catkin_skip_building_tests=False, mixin_files=None, mixin=None, verb_parser=<colcon_mixin.mixin.mixin_argument.MixinArgumentDecorator object at 0x726ea4c52320>, verb_extension=<colcon_core.verb.build.BuildVerb object at 0x726ea4c51c90>, main=<bound method BuildVerb.main of <colcon_core.verb.build.BuildVerb object at 0x726ea4c51c90>>, mixin_verb=('build',))
[0.267s] Level 1:colcon.colcon_core.package_discovery:discover_packages(colcon_meta) check parameters
[0.267s] Level 1:colcon.colcon_core.package_discovery:discover_packages(recursive) check parameters
[0.267s] Level 1:colcon.colcon_core.package_discovery:discover_packages(ignore) check parameters
[0.267s] Level 1:colcon.colcon_core.package_discovery:discover_packages(path) check parameters
[0.267s] Level 1:colcon.colcon_core.package_discovery:discover_packages(colcon_meta) discover
[0.267s] Level 1:colcon.colcon_core.package_discovery:discover_packages(recursive) discover
[0.267s] INFO:colcon.colcon_core.package_discovery:Crawling recursively for packages in '/home/canveo/turtlebot_ws'
[0.267s] Level 1:colcon.colcon_core.package_identification:_identify(.) by extensions ['ignore', 'ignore_ament_install']
[0.268s] Level 1:colcon.colcon_core.package_identification:_identify(.) by extension 'ignore'
[0.268s] Level 1:colcon.colcon_core.package_identification:_identify(.) by extension 'ignore_ament_install'
[0.268s] Level 1:colcon.colcon_core.package_identification:_identify(.) by extensions ['colcon_pkg']
[0.268s] Level 1:colcon.colcon_core.package_identification:_identify(.) by extension 'colcon_pkg'
[0.268s] Level 1:colcon.colcon_core.package_identification:_identify(.) by extensions ['colcon_meta']
[0.268s] Level 1:colcon.colcon_core.package_identification:_identify(.) by extension 'colcon_meta'
[0.268s] Level 1:colcon.colcon_core.package_identification:_identify(.) by extensions ['ros']
[0.268s] Level 1:colcon.colcon_core.package_identification:_identify(.) by extension 'ros'
[0.277s] Level 1:colcon.colcon_core.package_identification:_identify(.) by extensions ['cmake', 'python']
[0.278s] Level 1:colcon.colcon_core.package_identification:_identify(.) by extension 'cmake'
[0.278s] Level 1:colcon.colcon_core.package_identification:_identify(.) by extension 'python'
[0.278s] Level 1:colcon.colcon_core.package_identification:_identify(.) by extensions ['python_setup_py']
[0.278s] Level 1:colcon.colcon_core.package_identification:_identify(.) by extension 'python_setup_py'
[0.278s] Level 1:colcon.colcon_core.package_identification:_identify(build) by extensions ['ignore', 'ignore_ament_install']
[0.278s] Level 1:colcon.colcon_core.package_identification:_identify(build) by extension 'ignore'
[0.278s] Level 1:colcon.colcon_core.package_identification:_identify(build) ignored
[0.278s] Level 1:colcon.colcon_core.package_identification:_identify(install) by extensions ['ignore', 'ignore_ament_install']
[0.278s] Level 1:colcon.colcon_core.package_identification:_identify(install) by extension 'ignore'
[0.278s] Level 1:colcon.colcon_core.package_identification:_identify(install) ignored
[0.278s] Level 1:colcon.colcon_core.package_identification:_identify(log) by extensions ['ignore', 'ignore_ament_install']
[0.279s] Level 1:colcon.colcon_core.package_identification:_identify(log) by extension 'ignore'
[0.279s] Level 1:colcon.colcon_core.package_identification:_identify(log) ignored
[0.279s] Level 1:colcon.colcon_core.package_identification:_identify(src) by extensions ['ignore', 'ignore_ament_install']
[0.279s] Level 1:colcon.colcon_core.package_identification:_identify(src) by extension 'ignore'
[0.279s] Level 1:colcon.colcon_core.package_identification:_identify(src) by extension 'ignore_ament_install'
[0.279s] Level 1:colcon.colcon_core.package_identification:_identify(src) by extensions ['colcon_pkg']
[0.279s] Level 1:colcon.colcon_core.package_identification:_identify(src) by extension 'colcon_pkg'
[0.279s] Level 1:colcon.colcon_core.package_identification:_identify(src) by extensions ['colcon_meta']
[0.279s] Level 1:colcon.colcon_core.package_identification:_identify(src) by extension 'colcon_meta'
[0.279s] Level 1:colcon.colcon_core.package_identification:_identify(src) by extensions ['ros']
[0.279s] Level 1:colcon.colcon_core.package_identification:_identify(src) by extension 'ros'
[0.279s] Level 1:colcon.colcon_core.package_identification:_identify(src) by extensions ['cmake', 'python']
[0.279s] Level 1:colcon.colcon_core.package_identification:_identify(src) by extension 'cmake'
[0.279s] Level 1:colcon.colcon_core.package_identification:_identify(src) by extension 'python'
[0.279s] Level 1:colcon.colcon_core.package_identification:_identify(src) by extensions ['python_setup_py']
[0.279s] Level 1:colcon.colcon_core.package_identification:_identify(src) by extension 'python_setup_py'
[0.279s] Level 1:colcon.colcon_core.package_identification:_identify(src/cmd_vel_mux) by extensions ['ignore', 'ignore_ament_install']
[0.280s] Level 1:colcon.colcon_core.package_identification:_identify(src/cmd_vel_mux) by extension 'ignore'
[0.280s] Level 1:colcon.colcon_core.package_identification:_identify(src/cmd_vel_mux) by extension 'ignore_ament_install'
[0.280s] Level 1:colcon.colcon_core.package_identification:_identify(src/cmd_vel_mux) by extensions ['colcon_pkg']
[0.280s] Level 1:colcon.colcon_core.package_identification:_identify(src/cmd_vel_mux) by extension 'colcon_pkg'
[0.280s] Level 1:colcon.colcon_core.package_identification:_identify(src/cmd_vel_mux) by extensions ['colcon_meta']
[0.280s] Level 1:colcon.colcon_core.package_identification:_identify(src/cmd_vel_mux) by extension 'colcon_meta'
[0.280s] Level 1:colcon.colcon_core.package_identification:_identify(src/cmd_vel_mux) by extensions ['ros']
[0.280s] Level 1:colcon.colcon_core.package_identification:_identify(src/cmd_vel_mux) by extension 'ros'
[0.282s] DEBUG:colcon.colcon_core.package_identification:Package 'src/cmd_vel_mux' with type 'ros.ament_cmake' and name 'cmd_vel_mux'
[0.282s] Level 1:colcon.colcon_core.package_identification:_identify(src/kobuki_core) by extensions ['ignore', 'ignore_ament_install']
[0.283s] Level 1:colcon.colcon_core.package_identification:_identify(src/kobuki_core) by extension 'ignore'
[0.283s] Level 1:colcon.colcon_core.package_identification:_identify(src/kobuki_core) by extension 'ignore_ament_install'
[0.283s] Level 1:colcon.colcon_core.package_identification:_identify(src/kobuki_core) by extensions ['colcon_pkg']
[0.283s] Level 1:colcon.colcon_core.package_identification:_identify(src/kobuki_core) by extension 'colcon_pkg'
[0.283s] Level 1:colcon.colcon_core.package_identification:_identify(src/kobuki_core) by extensions ['colcon_meta']
[0.283s] Level 1:colcon.colcon_core.package_identification:_identify(src/kobuki_core) by extension 'colcon_meta'
[0.283s] Level 1:colcon.colcon_core.package_identification:_identify(src/kobuki_core) by extensions ['ros']
[0.283s] Level 1:colcon.colcon_core.package_identification:_identify(src/kobuki_core) by extension 'ros'
[0.284s] DEBUG:colcon.colcon_core.package_identification:Package 'src/kobuki_core' with type 'ros.ament_cmake' and name 'kobuki_core'
[0.284s] Level 1:colcon.colcon_core.package_identification:_identify(src/kobuki_ros) by extensions ['ignore', 'ignore_ament_install']
[0.284s] Level 1:colcon.colcon_core.package_identification:_identify(src/kobuki_ros) by extension 'ignore'
[0.284s] Level 1:colcon.colcon_core.package_identification:_identify(src/kobuki_ros) by extension 'ignore_ament_install'
[0.284s] Level 1:colcon.colcon_core.package_identification:_identify(src/kobuki_ros) by extensions ['colcon_pkg']
[0.284s] Level 1:colcon.colcon_core.package_identification:_identify(src/kobuki_ros) by extension 'colcon_pkg'
[0.284s] Level 1:colcon.colcon_core.package_identification:_identify(src/kobuki_ros) by extensions ['colcon_meta']
[0.284s] Level 1:colcon.colcon_core.package_identification:_identify(src/kobuki_ros) by extension 'colcon_meta'
[0.284s] Level 1:colcon.colcon_core.package_identification:_identify(src/kobuki_ros) by extensions ['ros']
[0.284s] Level 1:colcon.colcon_core.package_identification:_identify(src/kobuki_ros) by extension 'ros'
[0.284s] Level 1:colcon.colcon_core.package_identification:_identify(src/kobuki_ros) by extensions ['cmake', 'python']
[0.284s] Level 1:colcon.colcon_core.package_identification:_identify(src/kobuki_ros) by extension 'cmake'
[0.284s] Level 1:colcon.colcon_core.package_identification:_identify(src/kobuki_ros) by extension 'python'
[0.284s] Level 1:colcon.colcon_core.package_identification:_identify(src/kobuki_ros) by extensions ['python_setup_py']
[0.284s] Level 1:colcon.colcon_core.package_identification:_identify(src/kobuki_ros) by extension 'python_setup_py'
[0.285s] Level 1:colcon.colcon_core.package_identification:_identify(src/kobuki_ros/kobuki_auto_docking) by extensions ['ignore', 'ignore_ament_install']
[0.285s] Level 1:colcon.colcon_core.package_identification:_identify(src/kobuki_ros/kobuki_auto_docking) by extension 'ignore'
[0.285s] Level 1:colcon.colcon_core.package_identification:_identify(src/kobuki_ros/kobuki_auto_docking) by extension 'ignore_ament_install'
[0.285s] Level 1:colcon.colcon_core.package_identification:_identify(src/kobuki_ros/kobuki_auto_docking) by extensions ['colcon_pkg']
[0.285s] Level 1:colcon.colcon_core.package_identification:_identify(src/kobuki_ros/kobuki_auto_docking) by extension 'colcon_pkg'
[0.285s] Level 1:colcon.colcon_core.package_identification:_identify(src/kobuki_ros/kobuki_auto_docking) by extensions ['colcon_meta']
[0.285s] Level 1:colcon.colcon_core.package_identification:_identify(src/kobuki_ros/kobuki_auto_docking) by extension 'colcon_meta'
[0.285s] Level 1:colcon.colcon_core.package_identification:_identify(src/kobuki_ros/kobuki_auto_docking) by extensions ['ros']
[0.285s] Level 1:colcon.colcon_core.package_identification:_identify(src/kobuki_ros/kobuki_auto_docking) by extension 'ros'
[0.286s] DEBUG:colcon.colcon_core.package_identification:Package 'src/kobuki_ros/kobuki_auto_docking' with type 'ros.ament_cmake' and name 'kobuki_auto_docking'
[0.286s] Level 1:colcon.colcon_core.package_identification:_identify(src/kobuki_ros/kobuki_bumper2pc) by extensions ['ignore', 'ignore_ament_install']
[0.286s] Level 1:colcon.colcon_core.package_identification:_identify(src/kobuki_ros/kobuki_bumper2pc) by extension 'ignore'
[0.287s] Level 1:colcon.colcon_core.package_identification:_identify(src/kobuki_ros/kobuki_bumper2pc) by extension 'ignore_ament_install'
[0.287s] Level 1:colcon.colcon_core.package_identification:_identify(src/kobuki_ros/kobuki_bumper2pc) by extensions ['colcon_pkg']
[0.287s] Level 1:colcon.colcon_core.package_identification:_identify(src/kobuki_ros/kobuki_bumper2pc) by extension 'colcon_pkg'
[0.287s] Level 1:colcon.colcon_core.package_identification:_identify(src/kobuki_ros/kobuki_bumper2pc) by extensions ['colcon_meta']
[0.287s] Level 1:colcon.colcon_core.package_identification:_identify(src/kobuki_ros/kobuki_bumper2pc) by extension 'colcon_meta'
[0.287s] Level 1:colcon.colcon_core.package_identification:_identify(src/kobuki_ros/kobuki_bumper2pc) by extensions ['ros']
[0.287s] Level 1:colcon.colcon_core.package_identification:_identify(src/kobuki_ros/kobuki_bumper2pc) by extension 'ros'
[0.288s] DEBUG:colcon.colcon_core.package_identification:Package 'src/kobuki_ros/kobuki_bumper2pc' with type 'ros.ament_cmake' and name 'kobuki_bumper2pc'
[0.288s] Level 1:colcon.colcon_core.package_identification:_identify(src/kobuki_ros/kobuki_controller_tutorial) by extensions ['ignore', 'ignore_ament_install']
[0.288s] Level 1:colcon.colcon_core.package_identification:_identify(src/kobuki_ros/kobuki_controller_tutorial) by extension 'ignore'
[0.288s] Level 1:colcon.colcon_core.package_identification:_identify(src/kobuki_ros/kobuki_controller_tutorial) ignored
[0.288s] Level 1:colcon.colcon_core.package_identification:_identify(src/kobuki_ros/kobuki_description) by extensions ['ignore', 'ignore_ament_install']
[0.288s] Level 1:colcon.colcon_core.package_identification:_identify(src/kobuki_ros/kobuki_description) by extension 'ignore'
[0.288s] Level 1:colcon.colcon_core.package_identification:_identify(src/kobuki_ros/kobuki_description) by extension 'ignore_ament_install'
[0.288s] Level 1:colcon.colcon_core.package_identification:_identify(src/kobuki_ros/kobuki_description) by extensions ['colcon_pkg']
[0.288s] Level 1:colcon.colcon_core.package_identification:_identify(src/kobuki_ros/kobuki_description) by extension 'colcon_pkg'
[0.288s] Level 1:colcon.colcon_core.package_identification:_identify(src/kobuki_ros/kobuki_description) by extensions ['colcon_meta']
[0.288s] Level 1:colcon.colcon_core.package_identification:_identify(src/kobuki_ros/kobuki_description) by extension 'colcon_meta'
[0.289s] Level 1:colcon.colcon_core.package_identification:_identify(src/kobuki_ros/kobuki_description) by extensions ['ros']
[0.289s] Level 1:colcon.colcon_core.package_identification:_identify(src/kobuki_ros/kobuki_description) by extension 'ros'
[0.289s] DEBUG:colcon.colcon_core.package_identification:Package 'src/kobuki_ros/kobuki_description' with type 'ros.ament_cmake' and name 'kobuki_description'
[0.289s] Level 1:colcon.colcon_core.package_identification:_identify(src/kobuki_ros/kobuki_keyop) by extensions ['ignore', 'ignore_ament_install']
[0.289s] Level 1:colcon.colcon_core.package_identification:_identify(src/kobuki_ros/kobuki_keyop) by extension 'ignore'
[0.289s] Level 1:colcon.colcon_core.package_identification:_identify(src/kobuki_ros/kobuki_keyop) by extension 'ignore_ament_install'
[0.289s] Level 1:colcon.colcon_core.package_identification:_identify(src/kobuki_ros/kobuki_keyop) by extensions ['colcon_pkg']
[0.290s] Level 1:colcon.colcon_core.package_identification:_identify(src/kobuki_ros/kobuki_keyop) by extension 'colcon_pkg'
[0.290s] Level 1:colcon.colcon_core.package_identification:_identify(src/kobuki_ros/kobuki_keyop) by extensions ['colcon_meta']
[0.290s] Level 1:colcon.colcon_core.package_identification:_identify(src/kobuki_ros/kobuki_keyop) by extension 'colcon_meta'
[0.290s] Level 1:colcon.colcon_core.package_identification:_identify(src/kobuki_ros/kobuki_keyop) by extensions ['ros']
[0.290s] Level 1:colcon.colcon_core.package_identification:_identify(src/kobuki_ros/kobuki_keyop) by extension 'ros'
[0.290s] DEBUG:colcon.colcon_core.package_identification:Package 'src/kobuki_ros/kobuki_keyop' with type 'ros.ament_cmake' and name 'kobuki_keyop'
[0.290s] Level 1:colcon.colcon_core.package_identification:_identify(src/kobuki_ros/kobuki_node) by extensions ['ignore', 'ignore_ament_install']
[0.291s] Level 1:colcon.colcon_core.package_identification:_identify(src/kobuki_ros/kobuki_node) by extension 'ignore'
[0.291s] Level 1:colcon.colcon_core.package_identification:_identify(src/kobuki_ros/kobuki_node) by extension 'ignore_ament_install'
[0.291s] Level 1:colcon.colcon_core.package_identification:_identify(src/kobuki_ros/kobuki_node) by extensions ['colcon_pkg']
[0.291s] Level 1:colcon.colcon_core.package_identification:_identify(src/kobuki_ros/kobuki_node) by extension 'colcon_pkg'
[0.291s] Level 1:colcon.colcon_core.package_identification:_identify(src/kobuki_ros/kobuki_node) by extensions ['colcon_meta']
[0.291s] Level 1:colcon.colcon_core.package_identification:_identify(src/kobuki_ros/kobuki_node) by extension 'colcon_meta'
[0.291s] Level 1:colcon.colcon_core.package_identification:_identify(src/kobuki_ros/kobuki_node) by extensions ['ros']
[0.291s] Level 1:colcon.colcon_core.package_identification:_identify(src/kobuki_ros/kobuki_node) by extension 'ros'
[0.294s] DEBUG:colcon.colcon_core.package_identification:Package 'src/kobuki_ros/kobuki_node' with type 'ros.ament_cmake' and name 'kobuki_node'
[0.294s] Level 1:colcon.colcon_core.package_identification:_identify(src/kobuki_ros/kobuki_random_walker) by extensions ['ignore', 'ignore_ament_install']
[0.294s] Level 1:colcon.colcon_core.package_identification:_identify(src/kobuki_ros/kobuki_random_walker) by extension 'ignore'
[0.294s] Level 1:colcon.colcon_core.package_identification:_identify(src/kobuki_ros/kobuki_random_walker) by extension 'ignore_ament_install'
[0.294s] Level 1:colcon.colcon_core.package_identification:_identify(src/kobuki_ros/kobuki_random_walker) by extensions ['colcon_pkg']
[0.294s] Level 1:colcon.colcon_core.package_identification:_identify(src/kobuki_ros/kobuki_random_walker) by extension 'colcon_pkg'
[0.294s] Level 1:colcon.colcon_core.package_identification:_identify(src/kobuki_ros/kobuki_random_walker) by extensions ['colcon_meta']
[0.294s] Level 1:colcon.colcon_core.package_identification:_identify(src/kobuki_ros/kobuki_random_walker) by extension 'colcon_meta'
[0.294s] Level 1:colcon.colcon_core.package_identification:_identify(src/kobuki_ros/kobuki_random_walker) by extensions ['ros']
[0.294s] Level 1:colcon.colcon_core.package_identification:_identify(src/kobuki_ros/kobuki_random_walker) by extension 'ros'
[0.295s] DEBUG:colcon.colcon_core.package_identification:Package 'src/kobuki_ros/kobuki_random_walker' with type 'ros.ament_cmake' and name 'kobuki_random_walker'
[0.295s] Level 1:colcon.colcon_core.package_identification:_identify(src/kobuki_ros/kobuki_ros) by extensions ['ignore', 'ignore_ament_install']
[0.295s] Level 1:colcon.colcon_core.package_identification:_identify(src/kobuki_ros/kobuki_ros) by extension 'ignore'
[0.295s] Level 1:colcon.colcon_core.package_identification:_identify(src/kobuki_ros/kobuki_ros) by extension 'ignore_ament_install'
[0.295s] Level 1:colcon.colcon_core.package_identification:_identify(src/kobuki_ros/kobuki_ros) by extensions ['colcon_pkg']
[0.295s] Level 1:colcon.colcon_core.package_identification:_identify(src/kobuki_ros/kobuki_ros) by extension 'colcon_pkg'
[0.296s] Level 1:colcon.colcon_core.package_identification:_identify(src/kobuki_ros/kobuki_ros) by extensions ['colcon_meta']
[0.296s] Level 1:colcon.colcon_core.package_identification:_identify(src/kobuki_ros/kobuki_ros) by extension 'colcon_meta'
[0.296s] Level 1:colcon.colcon_core.package_identification:_identify(src/kobuki_ros/kobuki_ros) by extensions ['ros']
[0.296s] Level 1:colcon.colcon_core.package_identification:_identify(src/kobuki_ros/kobuki_ros) by extension 'ros'
[0.296s] DEBUG:colcon.colcon_core.package_identification:Package 'src/kobuki_ros/kobuki_ros' with type 'ros.ament_cmake' and name 'kobuki_ros'
[0.296s] Level 1:colcon.colcon_core.package_identification:_identify(src/kobuki_ros/kobuki_safety_controller) by extensions ['ignore', 'ignore_ament_install']
[0.296s] Level 1:colcon.colcon_core.package_identification:_identify(src/kobuki_ros/kobuki_safety_controller) by extension 'ignore'
[0.297s] Level 1:colcon.colcon_core.package_identification:_identify(src/kobuki_ros/kobuki_safety_controller) by extension 'ignore_ament_install'
[0.297s] Level 1:colcon.colcon_core.package_identification:_identify(src/kobuki_ros/kobuki_safety_controller) by extensions ['colcon_pkg']
[0.297s] Level 1:colcon.colcon_core.package_identification:_identify(src/kobuki_ros/kobuki_safety_controller) by extension 'colcon_pkg'
[0.297s] Level 1:colcon.colcon_core.package_identification:_identify(src/kobuki_ros/kobuki_safety_controller) by extensions ['colcon_meta']
[0.297s] Level 1:colcon.colcon_core.package_identification:_identify(src/kobuki_ros/kobuki_safety_controller) by extension 'colcon_meta'
[0.297s] Level 1:colcon.colcon_core.package_identification:_identify(src/kobuki_ros/kobuki_safety_controller) by extensions ['ros']
[0.297s] Level 1:colcon.colcon_core.package_identification:_identify(src/kobuki_ros/kobuki_safety_controller) by extension 'ros'
[0.297s] DEBUG:colcon.colcon_core.package_identification:Package 'src/kobuki_ros/kobuki_safety_controller' with type 'ros.ament_cmake' and name 'kobuki_safety_controller'
[0.298s] Level 1:colcon.colcon_core.package_identification:_identify(src/kobuki_ros/kobuki_testsuite) by extensions ['ignore', 'ignore_ament_install']
[0.298s] Level 1:colcon.colcon_core.package_identification:_identify(src/kobuki_ros/kobuki_testsuite) by extension 'ignore'
[0.298s] Level 1:colcon.colcon_core.package_identification:_identify(src/kobuki_ros/kobuki_testsuite) ignored
[0.298s] Level 1:colcon.colcon_core.package_identification:_identify(src/move_base) by extensions ['ignore', 'ignore_ament_install']
[0.298s] Level 1:colcon.colcon_core.package_identification:_identify(src/move_base) by extension 'ignore'
[0.298s] Level 1:colcon.colcon_core.package_identification:_identify(src/move_base) by extension 'ignore_ament_install'
[0.298s] Level 1:colcon.colcon_core.package_identification:_identify(src/move_base) by extensions ['colcon_pkg']
[0.298s] Level 1:colcon.colcon_core.package_identification:_identify(src/move_base) by extension 'colcon_pkg'
[0.298s] Level 1:colcon.colcon_core.package_identification:_identify(src/move_base) by extensions ['colcon_meta']
[0.298s] Level 1:colcon.colcon_core.package_identification:_identify(src/move_base) by extension 'colcon_meta'
[0.298s] Level 1:colcon.colcon_core.package_identification:_identify(src/move_base) by extensions ['ros']
[0.298s] Level 1:colcon.colcon_core.package_identification:_identify(src/move_base) by extension 'ros'
[0.299s] DEBUG:colcon.colcon_core.package_identification:Package 'src/move_base' with type 'ros.ament_python' and name 'move_base'
[0.299s] Level 1:colcon.colcon_core.package_identification:_identify(src/turtlebot2_bringup) by extensions ['ignore', 'ignore_ament_install']
[0.299s] Level 1:colcon.colcon_core.package_identification:_identify(src/turtlebot2_bringup) by extension 'ignore'
[0.299s] Level 1:colcon.colcon_core.package_identification:_identify(src/turtlebot2_bringup) by extension 'ignore_ament_install'
[0.299s] Level 1:colcon.colcon_core.package_identification:_identify(src/turtlebot2_bringup) by extensions ['colcon_pkg']
[0.299s] Level 1:colcon.colcon_core.package_identification:_identify(src/turtlebot2_bringup) by extension 'colcon_pkg'
[0.299s] Level 1:colcon.colcon_core.package_identification:_identify(src/turtlebot2_bringup) by extensions ['colcon_meta']
[0.299s] Level 1:colcon.colcon_core.package_identification:_identify(src/turtlebot2_bringup) by extension 'colcon_meta'
[0.299s] Level 1:colcon.colcon_core.package_identification:_identify(src/turtlebot2_bringup) by extensions ['ros']
[0.299s] Level 1:colcon.colcon_core.package_identification:_identify(src/turtlebot2_bringup) by extension 'ros'
[0.308s] DEBUG:colcon.colcon_core.package_identification:Package 'src/turtlebot2_bringup' with type 'ros.ament_cmake' and name 'turtlebot2_bringup'
[0.309s] Level 1:colcon.colcon_core.package_identification:_identify(src/turtlebot2_description) by extensions ['ignore', 'ignore_ament_install']
[0.309s] Level 1:colcon.colcon_core.package_identification:_identify(src/turtlebot2_description) by extension 'ignore'
[0.309s] Level 1:colcon.colcon_core.package_identification:_identify(src/turtlebot2_description) by extension 'ignore_ament_install'
[0.309s] Level 1:colcon.colcon_core.package_identification:_identify(src/turtlebot2_description) by extensions ['colcon_pkg']
[0.309s] Level 1:colcon.colcon_core.package_identification:_identify(src/turtlebot2_description) by extension 'colcon_pkg'
[0.309s] Level 1:colcon.colcon_core.package_identification:_identify(src/turtlebot2_description) by extensions ['colcon_meta']
[0.309s] Level 1:colcon.colcon_core.package_identification:_identify(src/turtlebot2_description) by extension 'colcon_meta'
[0.309s] Level 1:colcon.colcon_core.package_identification:_identify(src/turtlebot2_description) by extensions ['ros']
[0.309s] Level 1:colcon.colcon_core.package_identification:_identify(src/turtlebot2_description) by extension 'ros'
[0.310s] DEBUG:colcon.colcon_core.package_identification:Package 'src/turtlebot2_description' with type 'ros.ament_cmake' and name 'turtlebot2_description'
[0.310s] Level 1:colcon.colcon_core.package_identification:_identify(src/turtlebot2_gazebo) by extensions ['ignore', 'ignore_ament_install']
[0.310s] Level 1:colcon.colcon_core.package_identification:_identify(src/turtlebot2_gazebo) by extension 'ignore'
[0.310s] Level 1:colcon.colcon_core.package_identification:_identify(src/turtlebot2_gazebo) by extension 'ignore_ament_install'
[0.310s] Level 1:colcon.colcon_core.package_identification:_identify(src/turtlebot2_gazebo) by extensions ['colcon_pkg']
[0.310s] Level 1:colcon.colcon_core.package_identification:_identify(src/turtlebot2_gazebo) by extension 'colcon_pkg'
[0.310s] Level 1:colcon.colcon_core.package_identification:_identify(src/turtlebot2_gazebo) by extensions ['colcon_meta']
[0.310s] Level 1:colcon.colcon_core.package_identification:_identify(src/turtlebot2_gazebo) by extension 'colcon_meta'
[0.310s] Level 1:colcon.colcon_core.package_identification:_identify(src/turtlebot2_gazebo) by extensions ['ros']
[0.310s] Level 1:colcon.colcon_core.package_identification:_identify(src/turtlebot2_gazebo) by extension 'ros'
[0.311s] DEBUG:colcon.colcon_core.package_identification:Package 'src/turtlebot2_gazebo' with type 'ros.ament_cmake' and name 'turtlebot2_gazebo'
[0.311s] Level 1:colcon.colcon_core.package_identification:_identify(src/velocity_smoother) by extensions ['ignore', 'ignore_ament_install']
[0.311s] Level 1:colcon.colcon_core.package_identification:_identify(src/velocity_smoother) by extension 'ignore'
[0.311s] Level 1:colcon.colcon_core.package_identification:_identify(src/velocity_smoother) by extension 'ignore_ament_install'
[0.311s] Level 1:colcon.colcon_core.package_identification:_identify(src/velocity_smoother) by extensions ['colcon_pkg']
[0.311s] Level 1:colcon.colcon_core.package_identification:_identify(src/velocity_smoother) by extension 'colcon_pkg'
[0.311s] Level 1:colcon.colcon_core.package_identification:_identify(src/velocity_smoother) by extensions ['colcon_meta']
[0.311s] Level 1:colcon.colcon_core.package_identification:_identify(src/velocity_smoother) by extension 'colcon_meta'
[0.312s] Level 1:colcon.colcon_core.package_identification:_identify(src/velocity_smoother) by extensions ['ros']
[0.312s] Level 1:colcon.colcon_core.package_identification:_identify(src/velocity_smoother) by extension 'ros'
[0.312s] DEBUG:colcon.colcon_core.package_identification:Package 'src/velocity_smoother' with type 'ros.ament_cmake' and name 'kobuki_velocity_smoother'
[0.313s] Level 1:colcon.colcon_core.package_discovery:discover_packages(recursive) using defaults
[0.313s] Level 1:colcon.colcon_core.package_discovery:discover_packages(ignore) discover
[0.313s] Level 1:colcon.colcon_core.package_discovery:discover_packages(ignore) using defaults
[0.313s] Level 1:colcon.colcon_core.package_discovery:discover_packages(path) discover
[0.313s] Level 1:colcon.colcon_core.package_discovery:discover_packages(path) using defaults
[0.338s] INFO:colcon.colcon_core.package_selection:Skipping not selected package 'cmd_vel_mux' in 'src/cmd_vel_mux'
[0.338s] INFO:colcon.colcon_core.package_selection:Skipping not selected package 'kobuki_bumper2pc' in 'src/kobuki_ros/kobuki_bumper2pc'
[0.338s] INFO:colcon.colcon_core.package_selection:Skipping not selected package 'kobuki_core' in 'src/kobuki_core'
[0.338s] INFO:colcon.colcon_core.package_selection:Skipping not selected package 'kobuki_description' in 'src/kobuki_ros/kobuki_description'
[0.338s] INFO:colcon.colcon_core.package_selection:Skipping not selected package 'kobuki_random_walker' in 'src/kobuki_ros/kobuki_random_walker'
[0.338s] INFO:colcon.colcon_core.package_selection:Skipping not selected package 'kobuki_safety_controller' in 'src/kobuki_ros/kobuki_safety_controller'
[0.338s] INFO:colcon.colcon_core.package_selection:Skipping not selected package 'kobuki_velocity_smoother' in 'src/velocity_smoother'
[0.338s] INFO:colcon.colcon_core.package_selection:Skipping not selected package 'move_base' in 'src/move_base'
[0.338s] INFO:colcon.colcon_core.package_selection:Skipping not selected package 'turtlebot2_description' in 'src/turtlebot2_description'
[0.338s] INFO:colcon.colcon_core.package_selection:Skipping not selected package 'kobuki_auto_docking' in 'src/kobuki_ros/kobuki_auto_docking'
[0.338s] INFO:colcon.colcon_core.package_selection:Skipping not selected package 'kobuki_keyop' in 'src/kobuki_ros/kobuki_keyop'
[0.338s] INFO:colcon.colcon_core.package_selection:Skipping not selected package 'kobuki_node' in 'src/kobuki_ros/kobuki_node'
[0.338s] INFO:colcon.colcon_core.package_selection:Skipping not selected package 'turtlebot2_bringup' in 'src/turtlebot2_bringup'
[0.338s] INFO:colcon.colcon_core.package_selection:Skipping not selected package 'kobuki_ros' in 'src/kobuki_ros/kobuki_ros'
[0.339s] Level 1:colcon.colcon_core.package_discovery:discover_packages(prefix_path) check parameters
[0.339s] Level 1:colcon.colcon_core.package_discovery:discover_packages(prefix_path) discover
[0.342s] DEBUG:colcon.colcon_installed_package_information.package_discovery:Found 15 installed packages in /home/canveo/turtlebot_ws/install
[0.343s] DEBUG:colcon.colcon_installed_package_information.package_discovery:Found 373 installed packages in /opt/ros/iron
[0.346s] Level 1:colcon.colcon_core.package_discovery:discover_packages(prefix_path) using defaults
[0.396s] Level 5:colcon.colcon_core.verb:set package 'turtlebot2_gazebo' build argument 'cmake_args' from command line to 'None'
[0.396s] Level 5:colcon.colcon_core.verb:set package 'turtlebot2_gazebo' build argument 'cmake_target' from command line to 'None'
[0.396s] Level 5:colcon.colcon_core.verb:set package 'turtlebot2_gazebo' build argument 'cmake_target_skip_unavailable' from command line to 'False'
[0.396s] Level 5:colcon.colcon_core.verb:set package 'turtlebot2_gazebo' build argument 'cmake_clean_cache' from command line to 'False'
[0.396s] Level 5:colcon.colcon_core.verb:set package 'turtlebot2_gazebo' build argument 'cmake_clean_first' from command line to 'False'
[0.396s] Level 5:colcon.colcon_core.verb:set package 'turtlebot2_gazebo' build argument 'cmake_force_configure' from command line to 'False'
[0.396s] Level 5:colcon.colcon_core.verb:set package 'turtlebot2_gazebo' build argument 'ament_cmake_args' from command line to 'None'
[0.396s] Level 5:colcon.colcon_core.verb:set package 'turtlebot2_gazebo' build argument 'catkin_cmake_args' from command line to 'None'
[0.396s] Level 5:colcon.colcon_core.verb:set package 'turtlebot2_gazebo' build argument 'catkin_skip_building_tests' from command line to 'False'
[0.396s] DEBUG:colcon.colcon_core.verb:Building package 'turtlebot2_gazebo' with the following arguments: {'ament_cmake_args': None, 'build_base': '/home/canveo/turtlebot_ws/build/turtlebot2_gazebo', 'catkin_cmake_args': None, 'catkin_skip_building_tests': False, 'cmake_args': None, 'cmake_clean_cache': False, 'cmake_clean_first': False, 'cmake_force_configure': False, 'cmake_target': None, 'cmake_target_skip_unavailable': False, 'install_base': '/home/canveo/turtlebot_ws/install/turtlebot2_gazebo', 'merge_install': False, 'path': '/home/canveo/turtlebot_ws/src/turtlebot2_gazebo', 'symlink_install': False, 'test_result_base': None}
[0.396s] INFO:colcon.colcon_core.executor:Executing jobs using 'parallel' executor
[0.397s] DEBUG:colcon.colcon_parallel_executor.executor.parallel:run_until_complete
[0.398s] INFO:colcon.colcon_ros.task.ament_cmake.build:Building ROS package in '/home/canveo/turtlebot_ws/src/turtlebot2_gazebo' with build type 'ament_cmake'
[0.398s] INFO:colcon.colcon_cmake.task.cmake.build:Building CMake package in '/home/canveo/turtlebot_ws/src/turtlebot2_gazebo'
[0.400s] INFO:colcon.colcon_core.plugin_system:Skipping extension 'colcon_core.shell.bat': Not used on non-Windows systems
[0.400s] INFO:colcon.colcon_core.shell:Skip shell extension 'powershell' for command environment: Not usable outside of PowerShell
[0.400s] DEBUG:colcon.colcon_core.shell:Skip shell extension 'dsv' for command environment
[0.410s] DEBUG:colcon.colcon_core.event_handler.log_command:Invoking command in '/home/canveo/turtlebot_ws/build/turtlebot2_gazebo': CMAKE_PREFIX_PATH=${CMAKE_PREFIX_PATH}:/home/canveo/turtlebot_ws/install/move_base:/opt/ros/iron /usr/bin/cmake /home/canveo/turtlebot_ws/src/turtlebot2_gazebo -DCMAKE_INSTALL_PREFIX=/home/canveo/turtlebot_ws/install/turtlebot2_gazebo
[2.012s] DEBUG:colcon.colcon_core.event_handler.log_command:Invoked command in '/home/canveo/turtlebot_ws/build/turtlebot2_gazebo' returned '0': CMAKE_PREFIX_PATH=${CMAKE_PREFIX_PATH}:/home/canveo/turtlebot_ws/install/move_base:/opt/ros/iron /usr/bin/cmake /home/canveo/turtlebot_ws/src/turtlebot2_gazebo -DCMAKE_INSTALL_PREFIX=/home/canveo/turtlebot_ws/install/turtlebot2_gazebo
[2.014s] DEBUG:colcon.colcon_core.event_handler.log_command:Invoking command in '/home/canveo/turtlebot_ws/build/turtlebot2_gazebo': CMAKE_PREFIX_PATH=${CMAKE_PREFIX_PATH}:/home/canveo/turtlebot_ws/install/move_base:/opt/ros/iron /usr/bin/cmake --build /home/canveo/turtlebot_ws/build/turtlebot2_gazebo -- -j8 -l8
[2.069s] DEBUG:colcon.colcon_core.event_handler.log_command:Invoked command in '/home/canveo/turtlebot_ws/build/turtlebot2_gazebo' returned '0': CMAKE_PREFIX_PATH=${CMAKE_PREFIX_PATH}:/home/canveo/turtlebot_ws/install/move_base:/opt/ros/iron /usr/bin/cmake --build /home/canveo/turtlebot_ws/build/turtlebot2_gazebo -- -j8 -l8
[2.111s] DEBUG:colcon.colcon_core.event_handler.log_command:Invoking command in '/home/canveo/turtlebot_ws/build/turtlebot2_gazebo': CMAKE_PREFIX_PATH=${CMAKE_PREFIX_PATH}:/home/canveo/turtlebot_ws/install/move_base:/opt/ros/iron /usr/bin/cmake --install /home/canveo/turtlebot_ws/build/turtlebot2_gazebo
[2.136s] Level 1:colcon.colcon_core.environment:create_environment_scripts_only(turtlebot2_gazebo)
[2.137s] DEBUG:colcon.colcon_core.event_handler.log_command:Invoked command in '/home/canveo/turtlebot_ws/build/turtlebot2_gazebo' returned '0': CMAKE_PREFIX_PATH=${CMAKE_PREFIX_PATH}:/home/canveo/turtlebot_ws/install/move_base:/opt/ros/iron /usr/bin/cmake --install /home/canveo/turtlebot_ws/build/turtlebot2_gazebo
[2.139s] Level 1:colcon.colcon_core.environment:checking '/home/canveo/turtlebot_ws/install/turtlebot2_gazebo' for CMake module files
[2.140s] Level 1:colcon.colcon_core.environment:checking '/home/canveo/turtlebot_ws/install/turtlebot2_gazebo' for CMake config files
[2.140s] Level 1:colcon.colcon_core.shell:create_environment_hook('turtlebot2_gazebo', 'cmake_prefix_path')
[2.140s] INFO:colcon.colcon_core.shell:Creating environment hook '/home/canveo/turtlebot_ws/install/turtlebot2_gazebo/share/turtlebot2_gazebo/hook/cmake_prefix_path.ps1'
[2.141s] INFO:colcon.colcon_core.shell:Creating environment descriptor '/home/canveo/turtlebot_ws/install/turtlebot2_gazebo/share/turtlebot2_gazebo/hook/cmake_prefix_path.dsv'
[2.141s] INFO:colcon.colcon_core.shell:Creating environment hook '/home/canveo/turtlebot_ws/install/turtlebot2_gazebo/share/turtlebot2_gazebo/hook/cmake_prefix_path.sh'
[2.142s] Level 1:colcon.colcon_core.environment:checking '/home/canveo/turtlebot_ws/install/turtlebot2_gazebo/bin'
[2.143s] Level 1:colcon.colcon_core.environment:checking '/home/canveo/turtlebot_ws/install/turtlebot2_gazebo/lib/pkgconfig/turtlebot2_gazebo.pc'
[2.143s] Level 1:colcon.colcon_core.environment:checking '/home/canveo/turtlebot_ws/install/turtlebot2_gazebo/lib/python3.10/site-packages'
[2.143s] Level 1:colcon.colcon_core.environment:checking '/home/canveo/turtlebot_ws/install/turtlebot2_gazebo/bin'
[2.143s] INFO:colcon.colcon_core.shell:Creating package script '/home/canveo/turtlebot_ws/install/turtlebot2_gazebo/share/turtlebot2_gazebo/package.ps1'
[2.144s] INFO:colcon.colcon_core.shell:Creating package descriptor '/home/canveo/turtlebot_ws/install/turtlebot2_gazebo/share/turtlebot2_gazebo/package.dsv'
[2.145s] INFO:colcon.colcon_core.shell:Creating package script '/home/canveo/turtlebot_ws/install/turtlebot2_gazebo/share/turtlebot2_gazebo/package.sh'
[2.145s] INFO:colcon.colcon_core.shell:Creating package script '/home/canveo/turtlebot_ws/install/turtlebot2_gazebo/share/turtlebot2_gazebo/package.bash'
[2.146s] INFO:colcon.colcon_core.shell:Creating package script '/home/canveo/turtlebot_ws/install/turtlebot2_gazebo/share/turtlebot2_gazebo/package.zsh'
[2.147s] Level 1:colcon.colcon_core.environment:create_file_with_runtime_dependencies(/home/canveo/turtlebot_ws/install/turtlebot2_gazebo/share/colcon-core/packages/turtlebot2_gazebo)
[2.178s] Level 1:colcon.colcon_core.environment:create_environment_scripts_only(turtlebot2_gazebo)
[2.178s] Level 1:colcon.colcon_core.environment:checking '/home/canveo/turtlebot_ws/install/turtlebot2_gazebo' for CMake module files
[2.178s] Level 1:colcon.colcon_core.environment:checking '/home/canveo/turtlebot_ws/install/turtlebot2_gazebo' for CMake config files
[2.179s] Level 1:colcon.colcon_core.shell:create_environment_hook('turtlebot2_gazebo', 'cmake_prefix_path')
[2.179s] INFO:colcon.colcon_core.shell:Creating environment hook '/home/canveo/turtlebot_ws/install/turtlebot2_gazebo/share/turtlebot2_gazebo/hook/cmake_prefix_path.ps1'
[2.179s] INFO:colcon.colcon_core.shell:Creating environment descriptor '/home/canveo/turtlebot_ws/install/turtlebot2_gazebo/share/turtlebot2_gazebo/hook/cmake_prefix_path.dsv'
[2.180s] INFO:colcon.colcon_core.shell:Creating environment hook '/home/canveo/turtlebot_ws/install/turtlebot2_gazebo/share/turtlebot2_gazebo/hook/cmake_prefix_path.sh'
[2.180s] Level 1:colcon.colcon_core.environment:checking '/home/canveo/turtlebot_ws/install/turtlebot2_gazebo/bin'
[2.180s] Level 1:colcon.colcon_core.environment:checking '/home/canveo/turtlebot_ws/install/turtlebot2_gazebo/lib/pkgconfig/turtlebot2_gazebo.pc'
[2.181s] Level 1:colcon.colcon_core.environment:checking '/home/canveo/turtlebot_ws/install/turtlebot2_gazebo/lib/python3.10/site-packages'
[2.181s] Level 1:colcon.colcon_core.environment:checking '/home/canveo/turtlebot_ws/install/turtlebot2_gazebo/bin'
[2.181s] INFO:colcon.colcon_core.shell:Creating package script '/home/canveo/turtlebot_ws/install/turtlebot2_gazebo/share/turtlebot2_gazebo/package.ps1'
[2.182s] INFO:colcon.colcon_core.shell:Creating package descriptor '/home/canveo/turtlebot_ws/install/turtlebot2_gazebo/share/turtlebot2_gazebo/package.dsv'
[2.182s] INFO:colcon.colcon_core.shell:Creating package script '/home/canveo/turtlebot_ws/install/turtlebot2_gazebo/share/turtlebot2_gazebo/package.sh'
[2.183s] INFO:colcon.colcon_core.shell:Creating package script '/home/canveo/turtlebot_ws/install/turtlebot2_gazebo/share/turtlebot2_gazebo/package.bash'
[2.183s] INFO:colcon.colcon_core.shell:Creating package script '/home/canveo/turtlebot_ws/install/turtlebot2_gazebo/share/turtlebot2_gazebo/package.zsh'
[2.183s] Level 1:colcon.colcon_core.environment:create_file_with_runtime_dependencies(/home/canveo/turtlebot_ws/install/turtlebot2_gazebo/share/colcon-core/packages/turtlebot2_gazebo)
[2.184s] DEBUG:colcon.colcon_parallel_executor.executor.parallel:closing loop
[2.184s] DEBUG:colcon.colcon_parallel_executor.executor.parallel:loop closed
[2.184s] DEBUG:colcon.colcon_parallel_executor.executor.parallel:run_until_complete finished with '0'
[2.184s] DEBUG:colcon.colcon_core.event_reactor:joining thread
[2.190s] INFO:colcon.colcon_core.plugin_system:Skipping extension 'colcon_notification.desktop_notification.terminal_notifier': Not used on non-Darwin systems
[2.190s] INFO:colcon.colcon_core.plugin_system:Skipping extension 'colcon_notification.desktop_notification.win32': Not used on non-Windows systems
[2.190s] INFO:colcon.colcon_notification.desktop_notification:Sending desktop notification using 'notify2'
[2.204s] DEBUG:colcon.colcon_core.event_reactor:joined thread
[2.205s] INFO:colcon.colcon_core.shell:Creating prefix script '/home/canveo/turtlebot_ws/install/local_setup.ps1'
[2.206s] INFO:colcon.colcon_core.shell:Creating prefix util module '/home/canveo/turtlebot_ws/install/_local_setup_util_ps1.py'
[2.207s] INFO:colcon.colcon_core.shell:Creating prefix chain script '/home/canveo/turtlebot_ws/install/setup.ps1'
[2.209s] INFO:colcon.colcon_core.shell:Creating prefix script '/home/canveo/turtlebot_ws/install/local_setup.sh'
[2.210s] INFO:colcon.colcon_core.shell:Creating prefix util module '/home/canveo/turtlebot_ws/install/_local_setup_util_sh.py'
[2.211s] INFO:colcon.colcon_core.shell:Creating prefix chain script '/home/canveo/turtlebot_ws/install/setup.sh'
[2.213s] INFO:colcon.colcon_core.shell:Creating prefix script '/home/canveo/turtlebot_ws/install/local_setup.bash'
[2.213s] INFO:colcon.colcon_core.shell:Creating prefix chain script '/home/canveo/turtlebot_ws/install/setup.bash'
[2.215s] INFO:colcon.colcon_core.shell:Creating prefix script '/home/canveo/turtlebot_ws/install/local_setup.zsh'
[2.216s] INFO:colcon.colcon_core.shell:Creating prefix chain script '/home/canveo/turtlebot_ws/install/setup.zsh'
