-- The C compiler identification is GNU 11.4.0
-- The CXX compiler identification is GNU 11.4.0
-- Detecting C compiler ABI info
-- Detecting C compiler ABI info - done
-- Check for working C compiler: /usr/bin/cc - skipped
-- Detecting C compile features
-- Detecting C compile features - done
-- Detecting CXX compiler ABI info
-- Detecting CXX compiler ABI info - done
-- Check for working CXX compiler: /usr/bin/c++ - skipped
-- Detecting CXX compile features
-- Detecting CXX compile features - done
-- Found ament_cmake_ros: 0.11.2 (/opt/ros/iron/share/ament_cmake_ros/cmake)
-- Found Python3: /usr/bin/python3.10 (found version "3.10.12") found components: Interpreter 
-- Override CMake install command with custom implementation using symlinks instead of copying resources
-- Found ecl_build: 1.0.3 (/opt/ros/iron/share/ecl_build/cmake)
-- Found geometry_msgs: 5.0.1 (/opt/ros/iron/share/geometry_msgs/cmake)
-- Found rosidl_generator_c: 4.0.1 (/opt/ros/iron/share/rosidl_generator_c/cmake)
-- Found rosidl_generator_cpp: 4.0.1 (/opt/ros/iron/share/rosidl_generator_cpp/cmake)
-- Using all available rosidl_typesupport_c: rosidl_typesupport_fastrtps_c;rosidl_typesupport_introspection_c
-- Using all available rosidl_typesupport_cpp: rosidl_typesupport_fastrtps_cpp;rosidl_typesupport_introspection_cpp
-- Found nav_msgs: 5.0.1 (/opt/ros/iron/share/nav_msgs/cmake)
-- Found rcl_interfaces: 1.6.0 (/opt/ros/iron/share/rcl_interfaces/cmake)
-- Found rclcpp: 21.0.7 (/opt/ros/iron/share/rclcpp/cmake)
-- Found rmw_implementation_cmake: 7.1.0 (/opt/ros/iron/share/rmw_implementation_cmake/cmake)
-- Found rmw_fastrtps_cpp: 7.1.4 (/opt/ros/iron/share/rmw_fastrtps_cpp/cmake)
-- Found OpenSSL: /usr/lib/x86_64-linux-gnu/libcrypto.so (found version "3.0.2")  
-- Found FastRTPS: /opt/ros/iron/include  
-- Using RMW implementation 'rmw_fastrtps_cpp' as default
-- Found rclcpp_components: 21.0.7 (/opt/ros/iron/share/rclcpp_components/cmake)
-- Found ament_lint_auto: 0.14.4 (/opt/ros/iron/share/ament_lint_auto/cmake)
-- Found python_cmake_module: 0.10.2 (/opt/ros/iron/share/python_cmake_module/cmake)
-- Found PythonInterp: /usr/bin/python3 (found suitable version "3.10.12", minimum required is "3.6") 
-- Found PythonLibs: /usr/lib/x86_64-linux-gnu/libpython3.10.so (found suitable version "3.10.12", minimum required is "3.5") 
-- Using PYTHON_EXECUTABLE: /usr/bin/python3
-- Using PYTHON_INCLUDE_DIRS: /usr/include/python3.10
-- Using PYTHON_LIBRARIES: /usr/lib/x86_64-linux-gnu/libpython3.10.so
-- Found PythonExtra: .so  
-- Added test 'cppcheck' to perform static code analysis on C / C++ code
-- Configured cppcheck include dirs: /home/canveo/turtlebot_ws/src/velocity_smoother/include
-- Configured cppcheck exclude dirs and/or files: 
-- Added test 'cpplint' to check C / C++ code against the Google style
-- Configured cpplint exclude dirs and/or files: 
-- Added test 'flake8' to check Python code syntax and style conventions
-- Configured 'flake8' exclude dirs and/or files: 
-- Added test 'lint_cmake' to check CMake code style
-- Added test 'pep257' to check Python code against some of the docstring style conventions in PEP 257
-- Added test 'uncrustify' to check C / C++ code style
-- Configured uncrustify additional arguments: 
-- Added test 'xmllint' to check XML markup files
-- Configuring done
-- Generating done
-- Build files have been written to: /home/canveo/turtlebot_ws/build/kobuki_velocity_smoother
[ 25%] [32mBuilding CXX object CMakeFiles/kobuki_velocity_smoother.dir/src/velocity_smoother.cpp.o[0m
[ 50%] [32m[1mLinking CXX shared library libkobuki_velocity_smoother.so[0m
[ 50%] Built target kobuki_velocity_smoother
[ 75%] [32mBuilding CXX object CMakeFiles/velocity_smoother_node.dir/src/velocity_smoother_node.cpp.o[0m
[100%] [32m[1mLinking CXX executable velocity_smoother[0m
[100%] Built target velocity_smoother_node
-- Install configuration: ""
-- Execute custom install script
-- Symlinking: /home/canveo/turtlebot_ws/install/kobuki_velocity_smoother/lib/libkobuki_velocity_smoother.so
-- Symlinking: /home/canveo/turtlebot_ws/install/kobuki_velocity_smoother/include/kobuki_velocity_smoother/velocity_smoother.hpp
-- Symlinking: /home/canveo/turtlebot_ws/install/kobuki_velocity_smoother/lib/kobuki_velocity_smoother/velocity_smoother
-- Symlinking: /home/canveo/turtlebot_ws/install/kobuki_velocity_smoother/share/kobuki_velocity_smoother/config/velocity_smoother_params.yaml
-- Symlinking: /home/canveo/turtlebot_ws/install/kobuki_velocity_smoother/share/kobuki_velocity_smoother/launch/velocity_smoother-composed-launch.py
-- Symlinking: /home/canveo/turtlebot_ws/install/kobuki_velocity_smoother/share/kobuki_velocity_smoother/launch/velocity_smoother-launch.py
-- Symlinking: /home/canveo/turtlebot_ws/install/kobuki_velocity_smoother/share/ament_index/resource_index/package_run_dependencies/kobuki_velocity_smoother
-- Symlinking: /home/canveo/turtlebot_ws/install/kobuki_velocity_smoother/share/ament_index/resource_index/parent_prefix_path/kobuki_velocity_smoother
-- Symlinking: /home/canveo/turtlebot_ws/install/kobuki_velocity_smoother/share/kobuki_velocity_smoother/environment/ament_prefix_path.sh
-- Symlinking: /home/canveo/turtlebot_ws/install/kobuki_velocity_smoother/share/kobuki_velocity_smoother/environment/ament_prefix_path.dsv
-- Symlinking: /home/canveo/turtlebot_ws/install/kobuki_velocity_smoother/share/kobuki_velocity_smoother/environment/path.sh
-- Symlinking: /home/canveo/turtlebot_ws/install/kobuki_velocity_smoother/share/kobuki_velocity_smoother/environment/path.dsv
-- Symlinking: /home/canveo/turtlebot_ws/install/kobuki_velocity_smoother/share/kobuki_velocity_smoother/local_setup.bash
-- Symlinking: /home/canveo/turtlebot_ws/install/kobuki_velocity_smoother/share/kobuki_velocity_smoother/local_setup.sh
-- Symlinking: /home/canveo/turtlebot_ws/install/kobuki_velocity_smoother/share/kobuki_velocity_smoother/local_setup.zsh
-- Symlinking: /home/canveo/turtlebot_ws/install/kobuki_velocity_smoother/share/kobuki_velocity_smoother/local_setup.dsv
-- Symlinking: /home/canveo/turtlebot_ws/install/kobuki_velocity_smoother/share/kobuki_velocity_smoother/package.dsv
-- Symlinking: /home/canveo/turtlebot_ws/install/kobuki_velocity_smoother/share/ament_index/resource_index/packages/kobuki_velocity_smoother
-- Symlinking: /home/canveo/turtlebot_ws/install/kobuki_velocity_smoother/share/ament_index/resource_index/rclcpp_components/kobuki_velocity_smoother
-- Symlinking: /home/canveo/turtlebot_ws/install/kobuki_velocity_smoother/share/kobuki_velocity_smoother/cmake/kobuki_velocity_smootherConfig.cmake
-- Symlinking: /home/canveo/turtlebot_ws/install/kobuki_velocity_smoother/share/kobuki_velocity_smoother/cmake/kobuki_velocity_smootherConfig-version.cmake
-- Symlinking: /home/canveo/turtlebot_ws/install/kobuki_velocity_smoother/share/kobuki_velocity_smoother/package.xml
