[0.024s] Invoking command in '/home/canveo/turtlebot_ws/build/kobuki_velocity_smoother': CMAKE_PREFIX_PATH=/opt/ros/iron /usr/bin/cmake /home/canveo/turtlebot_ws/src/velocity_smoother -DAMENT_CMAKE_SYMLINK_INSTALL=1 -DCMAKE_INSTALL_PREFIX=/home/canveo/turtlebot_ws/install/kobuki_velocity_smoother
[0.164s] -- The C compiler identification is GNU 11.4.0
[0.296s] -- The CXX compiler identification is GNU 11.4.0
[0.312s] -- Detecting C compiler ABI info
[0.443s] -- Detecting C compiler ABI info - done
[0.461s] -- Check for working C compiler: /usr/bin/cc - skipped
[0.462s] -- Detecting C compile features
[0.463s] -- Detecting C compile features - done
[0.468s] -- Detecting CXX compiler ABI info
[0.620s] -- Detecting CXX compiler ABI info - done
[0.633s] -- Check for working CXX compiler: /usr/bin/c++ - skipped
[0.633s] -- Detecting CXX compile features
[0.634s] -- Detecting CXX compile features - done
[0.636s] -- Found ament_cmake_ros: 0.11.2 (/opt/ros/iron/share/ament_cmake_ros/cmake)
[0.966s] -- Found Python3: /usr/bin/python3.10 (found version "3.10.12") found components: Interpreter 
[1.098s] -- Override CMake install command with custom implementation using symlinks instead of copying resources
[1.140s] -- Found ecl_build: 1.0.3 (/opt/ros/iron/share/ecl_build/cmake)
[1.150s] -- Found geometry_msgs: 5.0.1 (/opt/ros/iron/share/geometry_msgs/cmake)
[1.218s] -- Found rosidl_generator_c: 4.0.1 (/opt/ros/iron/share/rosidl_generator_c/cmake)
[1.242s] -- Found rosidl_generator_cpp: 4.0.1 (/opt/ros/iron/share/rosidl_generator_cpp/cmake)
[1.281s] -- Using all available rosidl_typesupport_c: rosidl_typesupport_fastrtps_c;rosidl_typesupport_introspection_c
[1.322s] -- Using all available rosidl_typesupport_cpp: rosidl_typesupport_fastrtps_cpp;rosidl_typesupport_introspection_cpp
[1.482s] -- Found nav_msgs: 5.0.1 (/opt/ros/iron/share/nav_msgs/cmake)
[1.670s] -- Found rcl_interfaces: 1.6.0 (/opt/ros/iron/share/rcl_interfaces/cmake)
[1.801s] -- Found rclcpp: 21.0.7 (/opt/ros/iron/share/rclcpp/cmake)
[1.841s] -- Found rmw_implementation_cmake: 7.1.0 (/opt/ros/iron/share/rmw_implementation_cmake/cmake)
[1.845s] -- Found rmw_fastrtps_cpp: 7.1.4 (/opt/ros/iron/share/rmw_fastrtps_cpp/cmake)
[2.167s] -- Found OpenSSL: /usr/lib/x86_64-linux-gnu/libcrypto.so (found version "3.0.2")  
[2.264s] -- Found FastRTPS: /opt/ros/iron/include  
[2.445s] -- Using RMW implementation 'rmw_fastrtps_cpp' as default
[3.306s] -- Found rclcpp_components: 21.0.7 (/opt/ros/iron/share/rclcpp_components/cmake)
[3.889s] -- Found ament_lint_auto: 0.14.4 (/opt/ros/iron/share/ament_lint_auto/cmake)
[4.258s] -- Found python_cmake_module: 0.10.2 (/opt/ros/iron/share/python_cmake_module/cmake)
[4.333s] -- Found PythonInterp: /usr/bin/python3 (found suitable version "3.10.12", minimum required is "3.6") 
[4.356s] -- Found PythonLibs: /usr/lib/x86_64-linux-gnu/libpython3.10.so (found suitable version "3.10.12", minimum required is "3.5") 
[4.363s] -- Using PYTHON_EXECUTABLE: /usr/bin/python3
[4.364s] -- Using PYTHON_INCLUDE_DIRS: /usr/include/python3.10
[4.364s] -- Using PYTHON_LIBRARIES: /usr/lib/x86_64-linux-gnu/libpython3.10.so
[4.471s] -- Found PythonExtra: .so  
[4.646s] -- Added test 'cppcheck' to perform static code analysis on C / C++ code
[4.646s] -- Configured cppcheck include dirs: /home/canveo/turtlebot_ws/src/velocity_smoother/include
[4.646s] -- Configured cppcheck exclude dirs and/or files: 
[4.676s] -- Added test 'cpplint' to check C / C++ code against the Google style
[4.676s] -- Configured cpplint exclude dirs and/or files: 
[4.677s] -- Added test 'flake8' to check Python code syntax and style conventions
[4.677s] -- Configured 'flake8' exclude dirs and/or files: 
[4.683s] -- Added test 'lint_cmake' to check CMake code style
[4.684s] -- Added test 'pep257' to check Python code against some of the docstring style conventions in PEP 257
[4.714s] -- Added test 'uncrustify' to check C / C++ code style
[4.714s] -- Configured uncrustify additional arguments: 
[4.716s] -- Added test 'xmllint' to check XML markup files
[4.728s] -- Configuring done
[4.837s] -- Generating done
[4.844s] -- Build files have been written to: /home/canveo/turtlebot_ws/build/kobuki_velocity_smoother
[4.943s] Invoked command in '/home/canveo/turtlebot_ws/build/kobuki_velocity_smoother' returned '0': CMAKE_PREFIX_PATH=/opt/ros/iron /usr/bin/cmake /home/canveo/turtlebot_ws/src/velocity_smoother -DAMENT_CMAKE_SYMLINK_INSTALL=1 -DCMAKE_INSTALL_PREFIX=/home/canveo/turtlebot_ws/install/kobuki_velocity_smoother
[4.953s] Invoking command in '/home/canveo/turtlebot_ws/build/kobuki_velocity_smoother': CMAKE_PREFIX_PATH=/opt/ros/iron /usr/bin/cmake --build /home/canveo/turtlebot_ws/build/kobuki_velocity_smoother -- -j8 -l8
[5.177s] [ 25%] [32mBuilding CXX object CMakeFiles/kobuki_velocity_smoother.dir/src/velocity_smoother.cpp.o[0m
[38.797s] [ 50%] [32m[1mLinking CXX shared library libkobuki_velocity_smoother.so[0m
[40.125s] [ 50%] Built target kobuki_velocity_smoother
[40.162s] [ 75%] [32mBuilding CXX object CMakeFiles/velocity_smoother_node.dir/src/velocity_smoother_node.cpp.o[0m
[46.951s] [100%] [32m[1mLinking CXX executable velocity_smoother[0m
[47.826s] [100%] Built target velocity_smoother_node
[47.873s] Invoked command in '/home/canveo/turtlebot_ws/build/kobuki_velocity_smoother' returned '0': CMAKE_PREFIX_PATH=/opt/ros/iron /usr/bin/cmake --build /home/canveo/turtlebot_ws/build/kobuki_velocity_smoother -- -j8 -l8
[47.993s] Invoking command in '/home/canveo/turtlebot_ws/build/kobuki_velocity_smoother': CMAKE_PREFIX_PATH=/opt/ros/iron /usr/bin/cmake --install /home/canveo/turtlebot_ws/build/kobuki_velocity_smoother
[48.021s] -- Install configuration: ""
[48.021s] -- Execute custom install script
[48.022s] -- Symlinking: /home/canveo/turtlebot_ws/install/kobuki_velocity_smoother/lib/libkobuki_velocity_smoother.so
[48.061s] -- Symlinking: /home/canveo/turtlebot_ws/install/kobuki_velocity_smoother/include/kobuki_velocity_smoother/velocity_smoother.hpp
[48.100s] -- Symlinking: /home/canveo/turtlebot_ws/install/kobuki_velocity_smoother/lib/kobuki_velocity_smoother/velocity_smoother
[48.135s] -- Symlinking: /home/canveo/turtlebot_ws/install/kobuki_velocity_smoother/share/kobuki_velocity_smoother/config/velocity_smoother_params.yaml
[48.161s] -- Symlinking: /home/canveo/turtlebot_ws/install/kobuki_velocity_smoother/share/kobuki_velocity_smoother/launch/velocity_smoother-composed-launch.py
[48.181s] -- Symlinking: /home/canveo/turtlebot_ws/install/kobuki_velocity_smoother/share/kobuki_velocity_smoother/launch/velocity_smoother-launch.py
[48.209s] -- Symlinking: /home/canveo/turtlebot_ws/install/kobuki_velocity_smoother/share/ament_index/resource_index/package_run_dependencies/kobuki_velocity_smoother
[48.227s] -- Symlinking: /home/canveo/turtlebot_ws/install/kobuki_velocity_smoother/share/ament_index/resource_index/parent_prefix_path/kobuki_velocity_smoother
[48.247s] -- Symlinking: /home/canveo/turtlebot_ws/install/kobuki_velocity_smoother/share/kobuki_velocity_smoother/environment/ament_prefix_path.sh
[48.267s] -- Symlinking: /home/canveo/turtlebot_ws/install/kobuki_velocity_smoother/share/kobuki_velocity_smoother/environment/ament_prefix_path.dsv
[48.289s] -- Symlinking: /home/canveo/turtlebot_ws/install/kobuki_velocity_smoother/share/kobuki_velocity_smoother/environment/path.sh
[48.311s] -- Symlinking: /home/canveo/turtlebot_ws/install/kobuki_velocity_smoother/share/kobuki_velocity_smoother/environment/path.dsv
[48.333s] -- Symlinking: /home/canveo/turtlebot_ws/install/kobuki_velocity_smoother/share/kobuki_velocity_smoother/local_setup.bash
[48.353s] -- Symlinking: /home/canveo/turtlebot_ws/install/kobuki_velocity_smoother/share/kobuki_velocity_smoother/local_setup.sh
[48.373s] -- Symlinking: /home/canveo/turtlebot_ws/install/kobuki_velocity_smoother/share/kobuki_velocity_smoother/local_setup.zsh
[48.394s] -- Symlinking: /home/canveo/turtlebot_ws/install/kobuki_velocity_smoother/share/kobuki_velocity_smoother/local_setup.dsv
[48.420s] -- Symlinking: /home/canveo/turtlebot_ws/install/kobuki_velocity_smoother/share/kobuki_velocity_smoother/package.dsv
[48.440s] -- Symlinking: /home/canveo/turtlebot_ws/install/kobuki_velocity_smoother/share/ament_index/resource_index/packages/kobuki_velocity_smoother
[48.461s] -- Symlinking: /home/canveo/turtlebot_ws/install/kobuki_velocity_smoother/share/ament_index/resource_index/rclcpp_components/kobuki_velocity_smoother
[48.482s] -- Symlinking: /home/canveo/turtlebot_ws/install/kobuki_velocity_smoother/share/kobuki_velocity_smoother/cmake/kobuki_velocity_smootherConfig.cmake
[48.509s] -- Symlinking: /home/canveo/turtlebot_ws/install/kobuki_velocity_smoother/share/kobuki_velocity_smoother/cmake/kobuki_velocity_smootherConfig-version.cmake
[48.526s] -- Symlinking: /home/canveo/turtlebot_ws/install/kobuki_velocity_smoother/share/kobuki_velocity_smoother/package.xml
[48.553s] Invoked command in '/home/canveo/turtlebot_ws/build/kobuki_velocity_smoother' returned '0': CMAKE_PREFIX_PATH=/opt/ros/iron /usr/bin/cmake --install /home/canveo/turtlebot_ws/build/kobuki_velocity_smoother
