[0.045s] Invoking command in '/home/canveo/turtlebot_ws/build/kobuki_velocity_smoother': CMAKE_PREFIX_PATH=${CMAKE_PREFIX_PATH}:/home/canveo/turtlebot_ws/install/move_base:/opt/ros/iron /usr/bin/cmake --build /home/canveo/turtlebot_ws/build/kobuki_velocity_smoother -- -j8 -l8
[0.193s] [ 50%] Built target kobuki_velocity_smoother
[0.248s] [100%] Built target velocity_smoother_node
[0.313s] Invoked command in '/home/canveo/turtlebot_ws/build/kobuki_velocity_smoother' returned '0': CMAKE_PREFIX_PATH=${CMAKE_PREFIX_PATH}:/home/canveo/turtlebot_ws/install/move_base:/opt/ros/iron /usr/bin/cmake --build /home/canveo/turtlebot_ws/build/kobuki_velocity_smoother -- -j8 -l8
[0.497s] Invoking command in '/home/canveo/turtlebot_ws/build/kobuki_velocity_smoother': CMAKE_PREFIX_PATH=${CMAKE_PREFIX_PATH}:/home/canveo/turtlebot_ws/install/move_base:/opt/ros/iron /usr/bin/cmake --install /home/canveo/turtlebot_ws/build/kobuki_velocity_smoother
[0.510s] -- Install configuration: ""
[0.513s] -- Execute custom install script
[0.514s] -- Up-to-date symlink: /home/canveo/turtlebot_ws/install/kobuki_velocity_smoother/lib/libkobuki_velocity_smoother.so
[0.514s] -- Up-to-date symlink: /home/canveo/turtlebot_ws/install/kobuki_velocity_smoother/include/kobuki_velocity_smoother/velocity_smoother.hpp
[0.514s] -- Up-to-date symlink: /home/canveo/turtlebot_ws/install/kobuki_velocity_smoother/lib/kobuki_velocity_smoother/velocity_smoother
[0.514s] -- Up-to-date symlink: /home/canveo/turtlebot_ws/install/kobuki_velocity_smoother/share/kobuki_velocity_smoother/config/velocity_smoother_params.yaml
[0.515s] -- Up-to-date symlink: /home/canveo/turtlebot_ws/install/kobuki_velocity_smoother/share/kobuki_velocity_smoother/launch/velocity_smoother-composed-launch.py
[0.515s] -- Up-to-date symlink: /home/canveo/turtlebot_ws/install/kobuki_velocity_smoother/share/kobuki_velocity_smoother/launch/velocity_smoother-launch.py
[0.515s] -- Up-to-date symlink: /home/canveo/turtlebot_ws/install/kobuki_velocity_smoother/share/ament_index/resource_index/package_run_dependencies/kobuki_velocity_smoother
[0.515s] -- Up-to-date symlink: /home/canveo/turtlebot_ws/install/kobuki_velocity_smoother/share/ament_index/resource_index/parent_prefix_path/kobuki_velocity_smoother
[0.517s] -- Up-to-date symlink: /home/canveo/turtlebot_ws/install/kobuki_velocity_smoother/share/kobuki_velocity_smoother/environment/ament_prefix_path.sh
[0.517s] -- Up-to-date symlink: /home/canveo/turtlebot_ws/install/kobuki_velocity_smoother/share/kobuki_velocity_smoother/environment/ament_prefix_path.dsv
[0.517s] -- Up-to-date symlink: /home/canveo/turtlebot_ws/install/kobuki_velocity_smoother/share/kobuki_velocity_smoother/environment/path.sh
[0.518s] -- Up-to-date symlink: /home/canveo/turtlebot_ws/install/kobuki_velocity_smoother/share/kobuki_velocity_smoother/environment/path.dsv
[0.518s] -- Up-to-date symlink: /home/canveo/turtlebot_ws/install/kobuki_velocity_smoother/share/kobuki_velocity_smoother/local_setup.bash
[0.518s] -- Up-to-date symlink: /home/canveo/turtlebot_ws/install/kobuki_velocity_smoother/share/kobuki_velocity_smoother/local_setup.sh
[0.518s] -- Up-to-date symlink: /home/canveo/turtlebot_ws/install/kobuki_velocity_smoother/share/kobuki_velocity_smoother/local_setup.zsh
[0.519s] -- Up-to-date symlink: /home/canveo/turtlebot_ws/install/kobuki_velocity_smoother/share/kobuki_velocity_smoother/local_setup.dsv
[0.519s] -- Symlinking: /home/canveo/turtlebot_ws/install/kobuki_velocity_smoother/share/kobuki_velocity_smoother/package.dsv
[0.533s] -- Up-to-date symlink: /home/canveo/turtlebot_ws/install/kobuki_velocity_smoother/share/ament_index/resource_index/packages/kobuki_velocity_smoother
[0.533s] -- Up-to-date symlink: /home/canveo/turtlebot_ws/install/kobuki_velocity_smoother/share/ament_index/resource_index/rclcpp_components/kobuki_velocity_smoother
[0.534s] -- Up-to-date symlink: /home/canveo/turtlebot_ws/install/kobuki_velocity_smoother/share/kobuki_velocity_smoother/cmake/kobuki_velocity_smootherConfig.cmake
[0.534s] -- Up-to-date symlink: /home/canveo/turtlebot_ws/install/kobuki_velocity_smoother/share/kobuki_velocity_smoother/cmake/kobuki_velocity_smootherConfig-version.cmake
[0.535s] -- Up-to-date symlink: /home/canveo/turtlebot_ws/install/kobuki_velocity_smoother/share/kobuki_velocity_smoother/package.xml
[0.601s] Invoked command in '/home/canveo/turtlebot_ws/build/kobuki_velocity_smoother' returned '0': CMAKE_PREFIX_PATH=${CMAKE_PREFIX_PATH}:/home/canveo/turtlebot_ws/install/move_base:/opt/ros/iron /usr/bin/cmake --install /home/canveo/turtlebot_ws/build/kobuki_velocity_smoother
