[0.011s] Invoking command in '/home/canveo/turtlebot_ws/build/kobuki_keyop': AMENT_PREFIX_PATH=/home/canveo/turtlebot_ws/install/kobuki_velocity_smoother:/home/canveo/turtlebot_ws/install/cmd_vel_mux CMAKE_PREFIX_PATH=/home/canveo/turtlebot_ws/install/kobuki_velocity_smoother:/home/canveo/turtlebot_ws/install/cmd_vel_mux LD_LIBRARY_PATH=/home/canveo/turtlebot_ws/install/kobuki_velocity_smoother/lib:/home/canveo/turtlebot_ws/install/cmd_vel_mux/lib /usr/bin/cmake --build /home/canveo/turtlebot_ws/build/kobuki_keyop -- -j8 -l8
[0.096s] [100%] Built target kobuki_keyop_node
[0.096s] [100%] Built target kobuki_keyop
[0.115s] Invoked command in '/home/canveo/turtlebot_ws/build/kobuki_keyop' returned '0': AMENT_PREFIX_PATH=/home/canveo/turtlebot_ws/install/kobuki_velocity_smoother:/home/canveo/turtlebot_ws/install/cmd_vel_mux CMAKE_PREFIX_PATH=/home/canveo/turtlebot_ws/install/kobuki_velocity_smoother:/home/canveo/turtlebot_ws/install/cmd_vel_mux LD_LIBRARY_PATH=/home/canveo/turtlebot_ws/install/kobuki_velocity_smoother/lib:/home/canveo/turtlebot_ws/install/cmd_vel_mux/lib /usr/bin/cmake --build /home/canveo/turtlebot_ws/build/kobuki_keyop -- -j8 -l8
[0.153s] Invoking command in '/home/canveo/turtlebot_ws/build/kobuki_keyop': AMENT_PREFIX_PATH=/home/canveo/turtlebot_ws/install/kobuki_velocity_smoother:/home/canveo/turtlebot_ws/install/cmd_vel_mux CMAKE_PREFIX_PATH=/home/canveo/turtlebot_ws/install/kobuki_velocity_smoother:/home/canveo/turtlebot_ws/install/cmd_vel_mux LD_LIBRARY_PATH=/home/canveo/turtlebot_ws/install/kobuki_velocity_smoother/lib:/home/canveo/turtlebot_ws/install/cmd_vel_mux/lib /usr/bin/cmake --install /home/canveo/turtlebot_ws/build/kobuki_keyop
[0.165s] -- Install configuration: ""
[0.166s] -- Execute custom install script
[0.168s] -- Up-to-date symlink: /home/canveo/turtlebot_ws/install/kobuki_keyop/lib/kobuki_keyop/kobuki_keyop_node
[0.168s] -- Up-to-date symlink: /home/canveo/turtlebot_ws/install/kobuki_keyop/lib/libkobuki_keyop.so
[0.169s] -- Up-to-date symlink: /home/canveo/turtlebot_ws/install/kobuki_keyop/include/kobuki_keyop/keyop.hpp
[0.169s] -- Up-to-date symlink: /home/canveo/turtlebot_ws/install/kobuki_keyop/share/kobuki_keyop/config/keyop_params.yaml
[0.170s] -- Up-to-date symlink: /home/canveo/turtlebot_ws/install/kobuki_keyop/share/ament_index/resource_index/package_run_dependencies/kobuki_keyop
[0.170s] -- Up-to-date symlink: /home/canveo/turtlebot_ws/install/kobuki_keyop/share/ament_index/resource_index/parent_prefix_path/kobuki_keyop
[0.170s] -- Up-to-date symlink: /home/canveo/turtlebot_ws/install/kobuki_keyop/share/kobuki_keyop/environment/ament_prefix_path.sh
[0.171s] -- Up-to-date symlink: /home/canveo/turtlebot_ws/install/kobuki_keyop/share/kobuki_keyop/environment/ament_prefix_path.dsv
[0.171s] -- Up-to-date symlink: /home/canveo/turtlebot_ws/install/kobuki_keyop/share/kobuki_keyop/environment/path.sh
[0.171s] -- Up-to-date symlink: /home/canveo/turtlebot_ws/install/kobuki_keyop/share/kobuki_keyop/environment/path.dsv
[0.171s] -- Up-to-date symlink: /home/canveo/turtlebot_ws/install/kobuki_keyop/share/kobuki_keyop/local_setup.bash
[0.172s] -- Up-to-date symlink: /home/canveo/turtlebot_ws/install/kobuki_keyop/share/kobuki_keyop/local_setup.sh
[0.172s] -- Up-to-date symlink: /home/canveo/turtlebot_ws/install/kobuki_keyop/share/kobuki_keyop/local_setup.zsh
[0.172s] -- Up-to-date symlink: /home/canveo/turtlebot_ws/install/kobuki_keyop/share/kobuki_keyop/local_setup.dsv
[0.173s] -- Symlinking: /home/canveo/turtlebot_ws/install/kobuki_keyop/share/kobuki_keyop/package.dsv
[0.185s] -- Up-to-date symlink: /home/canveo/turtlebot_ws/install/kobuki_keyop/share/ament_index/resource_index/packages/kobuki_keyop
[0.185s] -- Up-to-date symlink: /home/canveo/turtlebot_ws/install/kobuki_keyop/share/ament_index/resource_index/rclcpp_components/kobuki_keyop
[0.185s] -- Up-to-date symlink: /home/canveo/turtlebot_ws/install/kobuki_keyop/share/kobuki_keyop/cmake/kobuki_keyopConfig.cmake
[0.185s] -- Up-to-date symlink: /home/canveo/turtlebot_ws/install/kobuki_keyop/share/kobuki_keyop/cmake/kobuki_keyopConfig-version.cmake
[0.185s] -- Up-to-date symlink: /home/canveo/turtlebot_ws/install/kobuki_keyop/share/kobuki_keyop/package.xml
[0.191s] Invoked command in '/home/canveo/turtlebot_ws/build/kobuki_keyop' returned '0': AMENT_PREFIX_PATH=/home/canveo/turtlebot_ws/install/kobuki_velocity_smoother:/home/canveo/turtlebot_ws/install/cmd_vel_mux CMAKE_PREFIX_PATH=/home/canveo/turtlebot_ws/install/kobuki_velocity_smoother:/home/canveo/turtlebot_ws/install/cmd_vel_mux LD_LIBRARY_PATH=/home/canveo/turtlebot_ws/install/kobuki_velocity_smoother/lib:/home/canveo/turtlebot_ws/install/cmd_vel_mux/lib /usr/bin/cmake --install /home/canveo/turtlebot_ws/build/kobuki_keyop
