[0.039s] Invoking command in '/home/canveo/turtlebot_ws/build/kobuki_node': CMAKE_PREFIX_PATH=/home/canveo/turtlebot_ws/install/kobuki_core:/home/canveo/turtlebot_ws/install/turtlebot2_gazebo:/home/canveo/turtlebot_ws/install/turtlebot2_bringup:/home/canveo/turtlebot_ws/install/turtlebot2_description:/home/canveo/turtlebot_ws/install/kobuki_ros:/home/canveo/turtlebot_ws/install/kobuki_keyop:/home/canveo/turtlebot_ws/install/kobuki_velocity_smoother:/home/canveo/turtlebot_ws/install/kobuki_safety_controller:/home/canveo/turtlebot_ws/install/kobuki_random_walker:/home/canveo/turtlebot_ws/install/kobuki_node:/home/canveo/turtlebot_ws/install/kobuki_description:/home/canveo/turtlebot_ws/install/kobuki_auto_docking:/home/canveo/turtlebot_ws/install/kobuki_bumper2pc:/home/canveo/turtlebot_ws/install/cmd_vel_mux:/home/canveo/turtlebot_ws/install/move_base:/opt/ros/iron LD_LIBRARY_PATH=/home/canveo/turtlebot_ws/install/kobuki_core/lib:/home/canveo/turtlebot_ws/install/kobuki_keyop/lib:/home/canveo/turtlebot_ws/install/kobuki_velocity_smoother/lib:/home/canveo/turtlebot_ws/install/kobuki_safety_controller/lib:/home/canveo/turtlebot_ws/install/kobuki_random_walker/lib:/home/canveo/turtlebot_ws/install/kobuki_node/lib:/home/canveo/turtlebot_ws/install/kobuki_auto_docking/lib:/home/canveo/turtlebot_ws/install/kobuki_bumper2pc/lib:/home/canveo/turtlebot_ws/install/cmd_vel_mux/lib:/usr/lib/x86_64-linux-gnu/gazebo-11/plugins:/opt/ros/iron/opt/rviz_ogre_vendor/lib:/opt/ros/iron/lib/x86_64-linux-gnu:/opt/ros/iron/lib /usr/bin/cmake --build /home/canveo/turtlebot_ws/build/kobuki_node -- -j8 -l8
[0.164s] [ 33%] Built target kobuki_ros_node
[0.182s] [100%] Built target kobuki_ros
[0.204s] Invoked command in '/home/canveo/turtlebot_ws/build/kobuki_node' returned '0': CMAKE_PREFIX_PATH=/home/canveo/turtlebot_ws/install/kobuki_core:/home/canveo/turtlebot_ws/install/turtlebot2_gazebo:/home/canveo/turtlebot_ws/install/turtlebot2_bringup:/home/canveo/turtlebot_ws/install/turtlebot2_description:/home/canveo/turtlebot_ws/install/kobuki_ros:/home/canveo/turtlebot_ws/install/kobuki_keyop:/home/canveo/turtlebot_ws/install/kobuki_velocity_smoother:/home/canveo/turtlebot_ws/install/kobuki_safety_controller:/home/canveo/turtlebot_ws/install/kobuki_random_walker:/home/canveo/turtlebot_ws/install/kobuki_node:/home/canveo/turtlebot_ws/install/kobuki_description:/home/canveo/turtlebot_ws/install/kobuki_auto_docking:/home/canveo/turtlebot_ws/install/kobuki_bumper2pc:/home/canveo/turtlebot_ws/install/cmd_vel_mux:/home/canveo/turtlebot_ws/install/move_base:/opt/ros/iron LD_LIBRARY_PATH=/home/canveo/turtlebot_ws/install/kobuki_core/lib:/home/canveo/turtlebot_ws/install/kobuki_keyop/lib:/home/canveo/turtlebot_ws/install/kobuki_velocity_smoother/lib:/home/canveo/turtlebot_ws/install/kobuki_safety_controller/lib:/home/canveo/turtlebot_ws/install/kobuki_random_walker/lib:/home/canveo/turtlebot_ws/install/kobuki_node/lib:/home/canveo/turtlebot_ws/install/kobuki_auto_docking/lib:/home/canveo/turtlebot_ws/install/kobuki_bumper2pc/lib:/home/canveo/turtlebot_ws/install/cmd_vel_mux/lib:/usr/lib/x86_64-linux-gnu/gazebo-11/plugins:/opt/ros/iron/opt/rviz_ogre_vendor/lib:/opt/ros/iron/lib/x86_64-linux-gnu:/opt/ros/iron/lib /usr/bin/cmake --build /home/canveo/turtlebot_ws/build/kobuki_node -- -j8 -l8
[0.260s] Invoking command in '/home/canveo/turtlebot_ws/build/kobuki_node': CMAKE_PREFIX_PATH=/home/canveo/turtlebot_ws/install/kobuki_core:/home/canveo/turtlebot_ws/install/turtlebot2_gazebo:/home/canveo/turtlebot_ws/install/turtlebot2_bringup:/home/canveo/turtlebot_ws/install/turtlebot2_description:/home/canveo/turtlebot_ws/install/kobuki_ros:/home/canveo/turtlebot_ws/install/kobuki_keyop:/home/canveo/turtlebot_ws/install/kobuki_velocity_smoother:/home/canveo/turtlebot_ws/install/kobuki_safety_controller:/home/canveo/turtlebot_ws/install/kobuki_random_walker:/home/canveo/turtlebot_ws/install/kobuki_node:/home/canveo/turtlebot_ws/install/kobuki_description:/home/canveo/turtlebot_ws/install/kobuki_auto_docking:/home/canveo/turtlebot_ws/install/kobuki_bumper2pc:/home/canveo/turtlebot_ws/install/cmd_vel_mux:/home/canveo/turtlebot_ws/install/move_base:/opt/ros/iron LD_LIBRARY_PATH=/home/canveo/turtlebot_ws/install/kobuki_core/lib:/home/canveo/turtlebot_ws/install/kobuki_keyop/lib:/home/canveo/turtlebot_ws/install/kobuki_velocity_smoother/lib:/home/canveo/turtlebot_ws/install/kobuki_safety_controller/lib:/home/canveo/turtlebot_ws/install/kobuki_random_walker/lib:/home/canveo/turtlebot_ws/install/kobuki_node/lib:/home/canveo/turtlebot_ws/install/kobuki_auto_docking/lib:/home/canveo/turtlebot_ws/install/kobuki_bumper2pc/lib:/home/canveo/turtlebot_ws/install/cmd_vel_mux/lib:/usr/lib/x86_64-linux-gnu/gazebo-11/plugins:/opt/ros/iron/opt/rviz_ogre_vendor/lib:/opt/ros/iron/lib/x86_64-linux-gnu:/opt/ros/iron/lib /usr/bin/cmake --install /home/canveo/turtlebot_ws/build/kobuki_node
[0.270s] -- Install configuration: ""
[0.271s] -- Execute custom install script
[0.271s] -- Up-to-date symlink: /home/canveo/turtlebot_ws/install/kobuki_node/lib/kobuki_node/kobuki_ros_node
[0.272s] -- Up-to-date symlink: /home/canveo/turtlebot_ws/install/kobuki_node/lib/libkobuki_ros.so
[0.272s] -- Up-to-date symlink: /home/canveo/turtlebot_ws/install/kobuki_node/include/kobuki_node/diagnostics.hpp
[0.273s] -- Up-to-date symlink: /home/canveo/turtlebot_ws/install/kobuki_node/include/kobuki_node/kobuki_ros.hpp
[0.273s] -- Up-to-date symlink: /home/canveo/turtlebot_ws/install/kobuki_node/include/kobuki_node/odometry.hpp
[0.273s] -- Up-to-date symlink: /home/canveo/turtlebot_ws/install/kobuki_node/share/kobuki_node/config/kobuki_node_params.yaml
[0.274s] -- Up-to-date symlink: /home/canveo/turtlebot_ws/install/kobuki_node/share/kobuki_node/launch/kobuki_node-composed-launch.py
[0.274s] -- Up-to-date symlink: /home/canveo/turtlebot_ws/install/kobuki_node/share/kobuki_node/launch/kobuki_node-launch.py
[0.275s] -- Up-to-date symlink: /home/canveo/turtlebot_ws/install/kobuki_node/share/ament_index/resource_index/package_run_dependencies/kobuki_node
[0.276s] -- Up-to-date symlink: /home/canveo/turtlebot_ws/install/kobuki_node/share/ament_index/resource_index/parent_prefix_path/kobuki_node
[0.276s] -- Up-to-date symlink: /home/canveo/turtlebot_ws/install/kobuki_node/share/kobuki_node/environment/ament_prefix_path.sh
[0.277s] -- Up-to-date symlink: /home/canveo/turtlebot_ws/install/kobuki_node/share/kobuki_node/environment/ament_prefix_path.dsv
[0.277s] -- Up-to-date symlink: /home/canveo/turtlebot_ws/install/kobuki_node/share/kobuki_node/environment/path.sh
[0.277s] -- Up-to-date symlink: /home/canveo/turtlebot_ws/install/kobuki_node/share/kobuki_node/environment/path.dsv
[0.277s] -- Up-to-date symlink: /home/canveo/turtlebot_ws/install/kobuki_node/share/kobuki_node/local_setup.bash
[0.277s] -- Up-to-date symlink: /home/canveo/turtlebot_ws/install/kobuki_node/share/kobuki_node/local_setup.sh
[0.278s] -- Up-to-date symlink: /home/canveo/turtlebot_ws/install/kobuki_node/share/kobuki_node/local_setup.zsh
[0.278s] -- Up-to-date symlink: /home/canveo/turtlebot_ws/install/kobuki_node/share/kobuki_node/local_setup.dsv
[0.278s] -- Symlinking: /home/canveo/turtlebot_ws/install/kobuki_node/share/kobuki_node/package.dsv
[0.290s] -- Up-to-date symlink: /home/canveo/turtlebot_ws/install/kobuki_node/share/ament_index/resource_index/packages/kobuki_node
[0.290s] -- Up-to-date symlink: /home/canveo/turtlebot_ws/install/kobuki_node/share/ament_index/resource_index/rclcpp_components/kobuki_node
[0.290s] -- Up-to-date symlink: /home/canveo/turtlebot_ws/install/kobuki_node/share/kobuki_node/cmake/kobuki_nodeConfig.cmake
[0.291s] -- Up-to-date symlink: /home/canveo/turtlebot_ws/install/kobuki_node/share/kobuki_node/cmake/kobuki_nodeConfig-version.cmake
[0.291s] -- Up-to-date symlink: /home/canveo/turtlebot_ws/install/kobuki_node/share/kobuki_node/package.xml
[0.294s] Invoked command in '/home/canveo/turtlebot_ws/build/kobuki_node' returned '0': CMAKE_PREFIX_PATH=/home/canveo/turtlebot_ws/install/kobuki_core:/home/canveo/turtlebot_ws/install/turtlebot2_gazebo:/home/canveo/turtlebot_ws/install/turtlebot2_bringup:/home/canveo/turtlebot_ws/install/turtlebot2_description:/home/canveo/turtlebot_ws/install/kobuki_ros:/home/canveo/turtlebot_ws/install/kobuki_keyop:/home/canveo/turtlebot_ws/install/kobuki_velocity_smoother:/home/canveo/turtlebot_ws/install/kobuki_safety_controller:/home/canveo/turtlebot_ws/install/kobuki_random_walker:/home/canveo/turtlebot_ws/install/kobuki_node:/home/canveo/turtlebot_ws/install/kobuki_description:/home/canveo/turtlebot_ws/install/kobuki_auto_docking:/home/canveo/turtlebot_ws/install/kobuki_bumper2pc:/home/canveo/turtlebot_ws/install/cmd_vel_mux:/home/canveo/turtlebot_ws/install/move_base:/opt/ros/iron LD_LIBRARY_PATH=/home/canveo/turtlebot_ws/install/kobuki_core/lib:/home/canveo/turtlebot_ws/install/kobuki_keyop/lib:/home/canveo/turtlebot_ws/install/kobuki_velocity_smoother/lib:/home/canveo/turtlebot_ws/install/kobuki_safety_controller/lib:/home/canveo/turtlebot_ws/install/kobuki_random_walker/lib:/home/canveo/turtlebot_ws/install/kobuki_node/lib:/home/canveo/turtlebot_ws/install/kobuki_auto_docking/lib:/home/canveo/turtlebot_ws/install/kobuki_bumper2pc/lib:/home/canveo/turtlebot_ws/install/cmd_vel_mux/lib:/usr/lib/x86_64-linux-gnu/gazebo-11/plugins:/opt/ros/iron/opt/rviz_ogre_vendor/lib:/opt/ros/iron/lib/x86_64-linux-gnu:/opt/ros/iron/lib /usr/bin/cmake --install /home/canveo/turtlebot_ws/build/kobuki_node
