[0.136s] DEBUG:colcon:Command line arguments: ['/usr/bin/colcon', 'build', '--packages-select', 'kobuki_ros', '--allow-overriding', 'kobuki_description']
[0.136s] DEBUG:colcon:Parsed command line arguments: Namespace(log_base=None, log_level=None, verb_name='build', build_base='build', install_base='install', merge_install=False, symlink_install=False, test_result_base=None, continue_on_error=False, executor='parallel', parallel_workers=8, event_handlers=None, ignore_user_meta=False, metas=['./colcon.meta'], base_paths=['.'], packages_ignore=None, packages_ignore_regex=None, paths=None, packages_up_to=None, packages_up_to_regex=None, packages_above=None, packages_above_and_dependencies=None, packages_above_depth=None, packages_select_by_dep=None, packages_skip_by_dep=None, packages_skip_up_to=None, packages_select_build_failed=False, packages_skip_build_finished=False, packages_select_test_failures=False, packages_skip_test_passed=False, packages_select=['kobuki_ros'], packages_skip=None, packages_select_regex=None, packages_skip_regex=None, packages_start=None, packages_end=None, allow_overriding=['kobuki_description'], cmake_args=None, cmake_target=None, cmake_target_skip_unavailable=False, cmake_clean_cache=False, cmake_clean_first=False, cmake_force_configure=False, ament_cmake_args=None, catkin_cmake_args=None, catkin_skip_building_tests=False, mixin_files=None, mixin=None, verb_parser=<colcon_mixin.mixin.mixin_argument.MixinArgumentDecorator object at 0x7c6090f528f0>, verb_extension=<colcon_core.verb.build.BuildVerb object at 0x7c6090f52260>, main=<bound method BuildVerb.main of <colcon_core.verb.build.BuildVerb object at 0x7c6090f52260>>, mixin_verb=('build',))
[0.338s] Level 1:colcon.colcon_core.package_discovery:discover_packages(colcon_meta) check parameters
[0.338s] Level 1:colcon.colcon_core.package_discovery:discover_packages(recursive) check parameters
[0.338s] Level 1:colcon.colcon_core.package_discovery:discover_packages(ignore) check parameters
[0.338s] Level 1:colcon.colcon_core.package_discovery:discover_packages(path) check parameters
[0.338s] Level 1:colcon.colcon_core.package_discovery:discover_packages(colcon_meta) discover
[0.339s] Level 1:colcon.colcon_core.package_discovery:discover_packages(recursive) discover
[0.339s] INFO:colcon.colcon_core.package_discovery:Crawling recursively for packages in '/home/canveo/turtlebot_ws'
[0.339s] Level 1:colcon.colcon_core.package_identification:_identify(.) by extensions ['ignore', 'ignore_ament_install']
[0.339s] Level 1:colcon.colcon_core.package_identification:_identify(.) by extension 'ignore'
[0.339s] Level 1:colcon.colcon_core.package_identification:_identify(.) by extension 'ignore_ament_install'
[0.339s] Level 1:colcon.colcon_core.package_identification:_identify(.) by extensions ['colcon_pkg']
[0.339s] Level 1:colcon.colcon_core.package_identification:_identify(.) by extension 'colcon_pkg'
[0.339s] Level 1:colcon.colcon_core.package_identification:_identify(.) by extensions ['colcon_meta']
[0.339s] Level 1:colcon.colcon_core.package_identification:_identify(.) by extension 'colcon_meta'
[0.339s] Level 1:colcon.colcon_core.package_identification:_identify(.) by extensions ['ros']
[0.339s] Level 1:colcon.colcon_core.package_identification:_identify(.) by extension 'ros'
[0.352s] Level 1:colcon.colcon_core.package_identification:_identify(.) by extensions ['cmake', 'python']
[0.352s] Level 1:colcon.colcon_core.package_identification:_identify(.) by extension 'cmake'
[0.352s] Level 1:colcon.colcon_core.package_identification:_identify(.) by extension 'python'
[0.352s] Level 1:colcon.colcon_core.package_identification:_identify(.) by extensions ['python_setup_py']
[0.352s] Level 1:colcon.colcon_core.package_identification:_identify(.) by extension 'python_setup_py'
[0.352s] Level 1:colcon.colcon_core.package_identification:_identify(build) by extensions ['ignore', 'ignore_ament_install']
[0.352s] Level 1:colcon.colcon_core.package_identification:_identify(build) by extension 'ignore'
[0.352s] Level 1:colcon.colcon_core.package_identification:_identify(build) ignored
[0.352s] Level 1:colcon.colcon_core.package_identification:_identify(install) by extensions ['ignore', 'ignore_ament_install']
[0.353s] Level 1:colcon.colcon_core.package_identification:_identify(install) by extension 'ignore'
[0.353s] Level 1:colcon.colcon_core.package_identification:_identify(install) ignored
[0.353s] Level 1:colcon.colcon_core.package_identification:_identify(log) by extensions ['ignore', 'ignore_ament_install']
[0.353s] Level 1:colcon.colcon_core.package_identification:_identify(log) by extension 'ignore'
[0.353s] Level 1:colcon.colcon_core.package_identification:_identify(log) ignored
[0.353s] Level 1:colcon.colcon_core.package_identification:_identify(src) by extensions ['ignore', 'ignore_ament_install']
[0.353s] Level 1:colcon.colcon_core.package_identification:_identify(src) by extension 'ignore'
[0.353s] Level 1:colcon.colcon_core.package_identification:_identify(src) by extension 'ignore_ament_install'
[0.353s] Level 1:colcon.colcon_core.package_identification:_identify(src) by extensions ['colcon_pkg']
[0.353s] Level 1:colcon.colcon_core.package_identification:_identify(src) by extension 'colcon_pkg'
[0.353s] Level 1:colcon.colcon_core.package_identification:_identify(src) by extensions ['colcon_meta']
[0.353s] Level 1:colcon.colcon_core.package_identification:_identify(src) by extension 'colcon_meta'
[0.353s] Level 1:colcon.colcon_core.package_identification:_identify(src) by extensions ['ros']
[0.353s] Level 1:colcon.colcon_core.package_identification:_identify(src) by extension 'ros'
[0.353s] Level 1:colcon.colcon_core.package_identification:_identify(src) by extensions ['cmake', 'python']
[0.353s] Level 1:colcon.colcon_core.package_identification:_identify(src) by extension 'cmake'
[0.353s] Level 1:colcon.colcon_core.package_identification:_identify(src) by extension 'python'
[0.354s] Level 1:colcon.colcon_core.package_identification:_identify(src) by extensions ['python_setup_py']
[0.354s] Level 1:colcon.colcon_core.package_identification:_identify(src) by extension 'python_setup_py'
[0.354s] Level 1:colcon.colcon_core.package_identification:_identify(src/cmd_vel_mux) by extensions ['ignore', 'ignore_ament_install']
[0.354s] Level 1:colcon.colcon_core.package_identification:_identify(src/cmd_vel_mux) by extension 'ignore'
[0.354s] Level 1:colcon.colcon_core.package_identification:_identify(src/cmd_vel_mux) by extension 'ignore_ament_install'
[0.354s] Level 1:colcon.colcon_core.package_identification:_identify(src/cmd_vel_mux) by extensions ['colcon_pkg']
[0.354s] Level 1:colcon.colcon_core.package_identification:_identify(src/cmd_vel_mux) by extension 'colcon_pkg'
[0.354s] Level 1:colcon.colcon_core.package_identification:_identify(src/cmd_vel_mux) by extensions ['colcon_meta']
[0.354s] Level 1:colcon.colcon_core.package_identification:_identify(src/cmd_vel_mux) by extension 'colcon_meta'
[0.354s] Level 1:colcon.colcon_core.package_identification:_identify(src/cmd_vel_mux) by extensions ['ros']
[0.354s] Level 1:colcon.colcon_core.package_identification:_identify(src/cmd_vel_mux) by extension 'ros'
[0.358s] DEBUG:colcon.colcon_core.package_identification:Package 'src/cmd_vel_mux' with type 'ros.ament_cmake' and name 'cmd_vel_mux'
[0.358s] Level 1:colcon.colcon_core.package_identification:_identify(src/follow_line) by extensions ['ignore', 'ignore_ament_install']
[0.359s] Level 1:colcon.colcon_core.package_identification:_identify(src/follow_line) by extension 'ignore'
[0.359s] Level 1:colcon.colcon_core.package_identification:_identify(src/follow_line) by extension 'ignore_ament_install'
[0.359s] Level 1:colcon.colcon_core.package_identification:_identify(src/follow_line) by extensions ['colcon_pkg']
[0.359s] Level 1:colcon.colcon_core.package_identification:_identify(src/follow_line) by extension 'colcon_pkg'
[0.359s] Level 1:colcon.colcon_core.package_identification:_identify(src/follow_line) by extensions ['colcon_meta']
[0.359s] Level 1:colcon.colcon_core.package_identification:_identify(src/follow_line) by extension 'colcon_meta'
[0.359s] Level 1:colcon.colcon_core.package_identification:_identify(src/follow_line) by extensions ['ros']
[0.359s] Level 1:colcon.colcon_core.package_identification:_identify(src/follow_line) by extension 'ros'
[0.360s] DEBUG:colcon.colcon_core.package_identification:Package 'src/follow_line' with type 'ros.ament_python' and name 'follow_line'
[0.360s] Level 1:colcon.colcon_core.package_identification:_identify(src/kobuki_core) by extensions ['ignore', 'ignore_ament_install']
[0.360s] Level 1:colcon.colcon_core.package_identification:_identify(src/kobuki_core) by extension 'ignore'
[0.360s] Level 1:colcon.colcon_core.package_identification:_identify(src/kobuki_core) by extension 'ignore_ament_install'
[0.361s] Level 1:colcon.colcon_core.package_identification:_identify(src/kobuki_core) by extensions ['colcon_pkg']
[0.361s] Level 1:colcon.colcon_core.package_identification:_identify(src/kobuki_core) by extension 'colcon_pkg'
[0.361s] Level 1:colcon.colcon_core.package_identification:_identify(src/kobuki_core) by extensions ['colcon_meta']
[0.361s] Level 1:colcon.colcon_core.package_identification:_identify(src/kobuki_core) by extension 'colcon_meta'
[0.361s] Level 1:colcon.colcon_core.package_identification:_identify(src/kobuki_core) by extensions ['ros']
[0.361s] Level 1:colcon.colcon_core.package_identification:_identify(src/kobuki_core) by extension 'ros'
[0.362s] DEBUG:colcon.colcon_core.package_identification:Package 'src/kobuki_core' with type 'ros.ament_cmake' and name 'kobuki_core'
[0.362s] Level 1:colcon.colcon_core.package_identification:_identify(src/kobuki_ros) by extensions ['ignore', 'ignore_ament_install']
[0.362s] Level 1:colcon.colcon_core.package_identification:_identify(src/kobuki_ros) by extension 'ignore'
[0.362s] Level 1:colcon.colcon_core.package_identification:_identify(src/kobuki_ros) by extension 'ignore_ament_install'
[0.362s] Level 1:colcon.colcon_core.package_identification:_identify(src/kobuki_ros) by extensions ['colcon_pkg']
[0.362s] Level 1:colcon.colcon_core.package_identification:_identify(src/kobuki_ros) by extension 'colcon_pkg'
[0.362s] Level 1:colcon.colcon_core.package_identification:_identify(src/kobuki_ros) by extensions ['colcon_meta']
[0.362s] Level 1:colcon.colcon_core.package_identification:_identify(src/kobuki_ros) by extension 'colcon_meta'
[0.362s] Level 1:colcon.colcon_core.package_identification:_identify(src/kobuki_ros) by extensions ['ros']
[0.362s] Level 1:colcon.colcon_core.package_identification:_identify(src/kobuki_ros) by extension 'ros'
[0.363s] Level 1:colcon.colcon_core.package_identification:_identify(src/kobuki_ros) by extensions ['cmake', 'python']
[0.363s] Level 1:colcon.colcon_core.package_identification:_identify(src/kobuki_ros) by extension 'cmake'
[0.363s] Level 1:colcon.colcon_core.package_identification:_identify(src/kobuki_ros) by extension 'python'
[0.363s] Level 1:colcon.colcon_core.package_identification:_identify(src/kobuki_ros) by extensions ['python_setup_py']
[0.363s] Level 1:colcon.colcon_core.package_identification:_identify(src/kobuki_ros) by extension 'python_setup_py'
[0.363s] Level 1:colcon.colcon_core.package_identification:_identify(src/kobuki_ros/kobuki_auto_docking) by extensions ['ignore', 'ignore_ament_install']
[0.363s] Level 1:colcon.colcon_core.package_identification:_identify(src/kobuki_ros/kobuki_auto_docking) by extension 'ignore'
[0.363s] Level 1:colcon.colcon_core.package_identification:_identify(src/kobuki_ros/kobuki_auto_docking) by extension 'ignore_ament_install'
[0.363s] Level 1:colcon.colcon_core.package_identification:_identify(src/kobuki_ros/kobuki_auto_docking) by extensions ['colcon_pkg']
[0.363s] Level 1:colcon.colcon_core.package_identification:_identify(src/kobuki_ros/kobuki_auto_docking) by extension 'colcon_pkg'
[0.363s] Level 1:colcon.colcon_core.package_identification:_identify(src/kobuki_ros/kobuki_auto_docking) by extensions ['colcon_meta']
[0.363s] Level 1:colcon.colcon_core.package_identification:_identify(src/kobuki_ros/kobuki_auto_docking) by extension 'colcon_meta'
[0.363s] Level 1:colcon.colcon_core.package_identification:_identify(src/kobuki_ros/kobuki_auto_docking) by extensions ['ros']
[0.363s] Level 1:colcon.colcon_core.package_identification:_identify(src/kobuki_ros/kobuki_auto_docking) by extension 'ros'
[0.365s] DEBUG:colcon.colcon_core.package_identification:Package 'src/kobuki_ros/kobuki_auto_docking' with type 'ros.ament_cmake' and name 'kobuki_auto_docking'
[0.365s] Level 1:colcon.colcon_core.package_identification:_identify(src/kobuki_ros/kobuki_bumper2pc) by extensions ['ignore', 'ignore_ament_install']
[0.365s] Level 1:colcon.colcon_core.package_identification:_identify(src/kobuki_ros/kobuki_bumper2pc) by extension 'ignore'
[0.365s] Level 1:colcon.colcon_core.package_identification:_identify(src/kobuki_ros/kobuki_bumper2pc) by extension 'ignore_ament_install'
[0.365s] Level 1:colcon.colcon_core.package_identification:_identify(src/kobuki_ros/kobuki_bumper2pc) by extensions ['colcon_pkg']
[0.365s] Level 1:colcon.colcon_core.package_identification:_identify(src/kobuki_ros/kobuki_bumper2pc) by extension 'colcon_pkg'
[0.365s] Level 1:colcon.colcon_core.package_identification:_identify(src/kobuki_ros/kobuki_bumper2pc) by extensions ['colcon_meta']
[0.365s] Level 1:colcon.colcon_core.package_identification:_identify(src/kobuki_ros/kobuki_bumper2pc) by extension 'colcon_meta'
[0.366s] Level 1:colcon.colcon_core.package_identification:_identify(src/kobuki_ros/kobuki_bumper2pc) by extensions ['ros']
[0.366s] Level 1:colcon.colcon_core.package_identification:_identify(src/kobuki_ros/kobuki_bumper2pc) by extension 'ros'
[0.367s] DEBUG:colcon.colcon_core.package_identification:Package 'src/kobuki_ros/kobuki_bumper2pc' with type 'ros.ament_cmake' and name 'kobuki_bumper2pc'
[0.367s] Level 1:colcon.colcon_core.package_identification:_identify(src/kobuki_ros/kobuki_controller_tutorial) by extensions ['ignore', 'ignore_ament_install']
[0.367s] Level 1:colcon.colcon_core.package_identification:_identify(src/kobuki_ros/kobuki_controller_tutorial) by extension 'ignore'
[0.367s] Level 1:colcon.colcon_core.package_identification:_identify(src/kobuki_ros/kobuki_controller_tutorial) ignored
[0.367s] Level 1:colcon.colcon_core.package_identification:_identify(src/kobuki_ros/kobuki_description) by extensions ['ignore', 'ignore_ament_install']
[0.367s] Level 1:colcon.colcon_core.package_identification:_identify(src/kobuki_ros/kobuki_description) by extension 'ignore'
[0.367s] Level 1:colcon.colcon_core.package_identification:_identify(src/kobuki_ros/kobuki_description) by extension 'ignore_ament_install'
[0.367s] Level 1:colcon.colcon_core.package_identification:_identify(src/kobuki_ros/kobuki_description) by extensions ['colcon_pkg']
[0.367s] Level 1:colcon.colcon_core.package_identification:_identify(src/kobuki_ros/kobuki_description) by extension 'colcon_pkg'
[0.367s] Level 1:colcon.colcon_core.package_identification:_identify(src/kobuki_ros/kobuki_description) by extensions ['colcon_meta']
[0.367s] Level 1:colcon.colcon_core.package_identification:_identify(src/kobuki_ros/kobuki_description) by extension 'colcon_meta'
[0.367s] Level 1:colcon.colcon_core.package_identification:_identify(src/kobuki_ros/kobuki_description) by extensions ['ros']
[0.367s] Level 1:colcon.colcon_core.package_identification:_identify(src/kobuki_ros/kobuki_description) by extension 'ros'
[0.368s] DEBUG:colcon.colcon_core.package_identification:Package 'src/kobuki_ros/kobuki_description' with type 'ros.ament_cmake' and name 'kobuki_description'
[0.368s] Level 1:colcon.colcon_core.package_identification:_identify(src/kobuki_ros/kobuki_keyop) by extensions ['ignore', 'ignore_ament_install']
[0.368s] Level 1:colcon.colcon_core.package_identification:_identify(src/kobuki_ros/kobuki_keyop) by extension 'ignore'
[0.368s] Level 1:colcon.colcon_core.package_identification:_identify(src/kobuki_ros/kobuki_keyop) by extension 'ignore_ament_install'
[0.368s] Level 1:colcon.colcon_core.package_identification:_identify(src/kobuki_ros/kobuki_keyop) by extensions ['colcon_pkg']
[0.368s] Level 1:colcon.colcon_core.package_identification:_identify(src/kobuki_ros/kobuki_keyop) by extension 'colcon_pkg'
[0.368s] Level 1:colcon.colcon_core.package_identification:_identify(src/kobuki_ros/kobuki_keyop) by extensions ['colcon_meta']
[0.368s] Level 1:colcon.colcon_core.package_identification:_identify(src/kobuki_ros/kobuki_keyop) by extension 'colcon_meta'
[0.369s] Level 1:colcon.colcon_core.package_identification:_identify(src/kobuki_ros/kobuki_keyop) by extensions ['ros']
[0.369s] Level 1:colcon.colcon_core.package_identification:_identify(src/kobuki_ros/kobuki_keyop) by extension 'ros'
[0.369s] DEBUG:colcon.colcon_core.package_identification:Package 'src/kobuki_ros/kobuki_keyop' with type 'ros.ament_cmake' and name 'kobuki_keyop'
[0.369s] Level 1:colcon.colcon_core.package_identification:_identify(src/kobuki_ros/kobuki_node) by extensions ['ignore', 'ignore_ament_install']
[0.369s] Level 1:colcon.colcon_core.package_identification:_identify(src/kobuki_ros/kobuki_node) by extension 'ignore'
[0.370s] Level 1:colcon.colcon_core.package_identification:_identify(src/kobuki_ros/kobuki_node) by extension 'ignore_ament_install'
[0.370s] Level 1:colcon.colcon_core.package_identification:_identify(src/kobuki_ros/kobuki_node) by extensions ['colcon_pkg']
[0.370s] Level 1:colcon.colcon_core.package_identification:_identify(src/kobuki_ros/kobuki_node) by extension 'colcon_pkg'
[0.370s] Level 1:colcon.colcon_core.package_identification:_identify(src/kobuki_ros/kobuki_node) by extensions ['colcon_meta']
[0.370s] Level 1:colcon.colcon_core.package_identification:_identify(src/kobuki_ros/kobuki_node) by extension 'colcon_meta'
[0.370s] Level 1:colcon.colcon_core.package_identification:_identify(src/kobuki_ros/kobuki_node) by extensions ['ros']
[0.370s] Level 1:colcon.colcon_core.package_identification:_identify(src/kobuki_ros/kobuki_node) by extension 'ros'
[0.373s] DEBUG:colcon.colcon_core.package_identification:Package 'src/kobuki_ros/kobuki_node' with type 'ros.ament_cmake' and name 'kobuki_node'
[0.373s] Level 1:colcon.colcon_core.package_identification:_identify(src/kobuki_ros/kobuki_random_walker) by extensions ['ignore', 'ignore_ament_install']
[0.373s] Level 1:colcon.colcon_core.package_identification:_identify(src/kobuki_ros/kobuki_random_walker) by extension 'ignore'
[0.373s] Level 1:colcon.colcon_core.package_identification:_identify(src/kobuki_ros/kobuki_random_walker) by extension 'ignore_ament_install'
[0.373s] Level 1:colcon.colcon_core.package_identification:_identify(src/kobuki_ros/kobuki_random_walker) by extensions ['colcon_pkg']
[0.374s] Level 1:colcon.colcon_core.package_identification:_identify(src/kobuki_ros/kobuki_random_walker) by extension 'colcon_pkg'
[0.374s] Level 1:colcon.colcon_core.package_identification:_identify(src/kobuki_ros/kobuki_random_walker) by extensions ['colcon_meta']
[0.374s] Level 1:colcon.colcon_core.package_identification:_identify(src/kobuki_ros/kobuki_random_walker) by extension 'colcon_meta'
[0.374s] Level 1:colcon.colcon_core.package_identification:_identify(src/kobuki_ros/kobuki_random_walker) by extensions ['ros']
[0.374s] Level 1:colcon.colcon_core.package_identification:_identify(src/kobuki_ros/kobuki_random_walker) by extension 'ros'
[0.375s] DEBUG:colcon.colcon_core.package_identification:Package 'src/kobuki_ros/kobuki_random_walker' with type 'ros.ament_cmake' and name 'kobuki_random_walker'
[0.375s] Level 1:colcon.colcon_core.package_identification:_identify(src/kobuki_ros/kobuki_ros) by extensions ['ignore', 'ignore_ament_install']
[0.376s] Level 1:colcon.colcon_core.package_identification:_identify(src/kobuki_ros/kobuki_ros) by extension 'ignore'
[0.376s] Level 1:colcon.colcon_core.package_identification:_identify(src/kobuki_ros/kobuki_ros) by extension 'ignore_ament_install'
[0.376s] Level 1:colcon.colcon_core.package_identification:_identify(src/kobuki_ros/kobuki_ros) by extensions ['colcon_pkg']
[0.376s] Level 1:colcon.colcon_core.package_identification:_identify(src/kobuki_ros/kobuki_ros) by extension 'colcon_pkg'
[0.376s] Level 1:colcon.colcon_core.package_identification:_identify(src/kobuki_ros/kobuki_ros) by extensions ['colcon_meta']
[0.376s] Level 1:colcon.colcon_core.package_identification:_identify(src/kobuki_ros/kobuki_ros) by extension 'colcon_meta'
[0.376s] Level 1:colcon.colcon_core.package_identification:_identify(src/kobuki_ros/kobuki_ros) by extensions ['ros']
[0.376s] Level 1:colcon.colcon_core.package_identification:_identify(src/kobuki_ros/kobuki_ros) by extension 'ros'
[0.377s] DEBUG:colcon.colcon_core.package_identification:Package 'src/kobuki_ros/kobuki_ros' with type 'ros.ament_cmake' and name 'kobuki_ros'
[0.378s] Level 1:colcon.colcon_core.package_identification:_identify(src/kobuki_ros/kobuki_safety_controller) by extensions ['ignore', 'ignore_ament_install']
[0.378s] Level 1:colcon.colcon_core.package_identification:_identify(src/kobuki_ros/kobuki_safety_controller) by extension 'ignore'
[0.378s] Level 1:colcon.colcon_core.package_identification:_identify(src/kobuki_ros/kobuki_safety_controller) by extension 'ignore_ament_install'
[0.378s] Level 1:colcon.colcon_core.package_identification:_identify(src/kobuki_ros/kobuki_safety_controller) by extensions ['colcon_pkg']
[0.378s] Level 1:colcon.colcon_core.package_identification:_identify(src/kobuki_ros/kobuki_safety_controller) by extension 'colcon_pkg'
[0.378s] Level 1:colcon.colcon_core.package_identification:_identify(src/kobuki_ros/kobuki_safety_controller) by extensions ['colcon_meta']
[0.378s] Level 1:colcon.colcon_core.package_identification:_identify(src/kobuki_ros/kobuki_safety_controller) by extension 'colcon_meta'
[0.378s] Level 1:colcon.colcon_core.package_identification:_identify(src/kobuki_ros/kobuki_safety_controller) by extensions ['ros']
[0.378s] Level 1:colcon.colcon_core.package_identification:_identify(src/kobuki_ros/kobuki_safety_controller) by extension 'ros'
[0.379s] DEBUG:colcon.colcon_core.package_identification:Package 'src/kobuki_ros/kobuki_safety_controller' with type 'ros.ament_cmake' and name 'kobuki_safety_controller'
[0.379s] Level 1:colcon.colcon_core.package_identification:_identify(src/kobuki_ros/kobuki_testsuite) by extensions ['ignore', 'ignore_ament_install']
[0.379s] Level 1:colcon.colcon_core.package_identification:_identify(src/kobuki_ros/kobuki_testsuite) by extension 'ignore'
[0.380s] Level 1:colcon.colcon_core.package_identification:_identify(src/kobuki_ros/kobuki_testsuite) ignored
[0.380s] Level 1:colcon.colcon_core.package_identification:_identify(src/move_base) by extensions ['ignore', 'ignore_ament_install']
[0.380s] Level 1:colcon.colcon_core.package_identification:_identify(src/move_base) by extension 'ignore'
[0.380s] Level 1:colcon.colcon_core.package_identification:_identify(src/move_base) by extension 'ignore_ament_install'
[0.380s] Level 1:colcon.colcon_core.package_identification:_identify(src/move_base) by extensions ['colcon_pkg']
[0.380s] Level 1:colcon.colcon_core.package_identification:_identify(src/move_base) by extension 'colcon_pkg'
[0.380s] Level 1:colcon.colcon_core.package_identification:_identify(src/move_base) by extensions ['colcon_meta']
[0.380s] Level 1:colcon.colcon_core.package_identification:_identify(src/move_base) by extension 'colcon_meta'
[0.380s] Level 1:colcon.colcon_core.package_identification:_identify(src/move_base) by extensions ['ros']
[0.380s] Level 1:colcon.colcon_core.package_identification:_identify(src/move_base) by extension 'ros'
[0.381s] DEBUG:colcon.colcon_core.package_identification:Package 'src/move_base' with type 'ros.ament_python' and name 'move_base'
[0.381s] Level 1:colcon.colcon_core.package_identification:_identify(src/turtlebot2_bringup) by extensions ['ignore', 'ignore_ament_install']
[0.381s] Level 1:colcon.colcon_core.package_identification:_identify(src/turtlebot2_bringup) by extension 'ignore'
[0.381s] Level 1:colcon.colcon_core.package_identification:_identify(src/turtlebot2_bringup) by extension 'ignore_ament_install'
[0.382s] Level 1:colcon.colcon_core.package_identification:_identify(src/turtlebot2_bringup) by extensions ['colcon_pkg']
[0.382s] Level 1:colcon.colcon_core.package_identification:_identify(src/turtlebot2_bringup) by extension 'colcon_pkg'
[0.382s] Level 1:colcon.colcon_core.package_identification:_identify(src/turtlebot2_bringup) by extensions ['colcon_meta']
[0.382s] Level 1:colcon.colcon_core.package_identification:_identify(src/turtlebot2_bringup) by extension 'colcon_meta'
[0.382s] Level 1:colcon.colcon_core.package_identification:_identify(src/turtlebot2_bringup) by extensions ['ros']
[0.382s] Level 1:colcon.colcon_core.package_identification:_identify(src/turtlebot2_bringup) by extension 'ros'
[0.394s] DEBUG:colcon.colcon_core.package_identification:Package 'src/turtlebot2_bringup' with type 'ros.ament_cmake' and name 'turtlebot2_bringup'
[0.394s] Level 1:colcon.colcon_core.package_identification:_identify(src/turtlebot2_description) by extensions ['ignore', 'ignore_ament_install']
[0.395s] Level 1:colcon.colcon_core.package_identification:_identify(src/turtlebot2_description) by extension 'ignore'
[0.395s] Level 1:colcon.colcon_core.package_identification:_identify(src/turtlebot2_description) by extension 'ignore_ament_install'
[0.395s] Level 1:colcon.colcon_core.package_identification:_identify(src/turtlebot2_description) by extensions ['colcon_pkg']
[0.395s] Level 1:colcon.colcon_core.package_identification:_identify(src/turtlebot2_description) by extension 'colcon_pkg'
[0.395s] Level 1:colcon.colcon_core.package_identification:_identify(src/turtlebot2_description) by extensions ['colcon_meta']
[0.395s] Level 1:colcon.colcon_core.package_identification:_identify(src/turtlebot2_description) by extension 'colcon_meta'
[0.395s] Level 1:colcon.colcon_core.package_identification:_identify(src/turtlebot2_description) by extensions ['ros']
[0.395s] Level 1:colcon.colcon_core.package_identification:_identify(src/turtlebot2_description) by extension 'ros'
[0.396s] DEBUG:colcon.colcon_core.package_identification:Package 'src/turtlebot2_description' with type 'ros.ament_cmake' and name 'turtlebot2_description'
[0.396s] Level 1:colcon.colcon_core.package_identification:_identify(src/velocity_smoother) by extensions ['ignore', 'ignore_ament_install']
[0.396s] Level 1:colcon.colcon_core.package_identification:_identify(src/velocity_smoother) by extension 'ignore'
[0.397s] Level 1:colcon.colcon_core.package_identification:_identify(src/velocity_smoother) by extension 'ignore_ament_install'
[0.397s] Level 1:colcon.colcon_core.package_identification:_identify(src/velocity_smoother) by extensions ['colcon_pkg']
[0.397s] Level 1:colcon.colcon_core.package_identification:_identify(src/velocity_smoother) by extension 'colcon_pkg'
[0.397s] Level 1:colcon.colcon_core.package_identification:_identify(src/velocity_smoother) by extensions ['colcon_meta']
[0.397s] Level 1:colcon.colcon_core.package_identification:_identify(src/velocity_smoother) by extension 'colcon_meta'
[0.397s] Level 1:colcon.colcon_core.package_identification:_identify(src/velocity_smoother) by extensions ['ros']
[0.397s] Level 1:colcon.colcon_core.package_identification:_identify(src/velocity_smoother) by extension 'ros'
[0.399s] DEBUG:colcon.colcon_core.package_identification:Package 'src/velocity_smoother' with type 'ros.ament_cmake' and name 'kobuki_velocity_smoother'
[0.399s] Level 1:colcon.colcon_core.package_discovery:discover_packages(recursive) using defaults
[0.399s] Level 1:colcon.colcon_core.package_discovery:discover_packages(ignore) discover
[0.399s] Level 1:colcon.colcon_core.package_discovery:discover_packages(ignore) using defaults
[0.399s] Level 1:colcon.colcon_core.package_discovery:discover_packages(path) discover
[0.399s] Level 1:colcon.colcon_core.package_discovery:discover_packages(path) using defaults
[0.428s] INFO:colcon.colcon_core.package_selection:Skipping not selected package 'cmd_vel_mux' in 'src/cmd_vel_mux'
[0.429s] INFO:colcon.colcon_core.package_selection:Skipping not selected package 'follow_line' in 'src/follow_line'
[0.429s] INFO:colcon.colcon_core.package_selection:Skipping not selected package 'kobuki_bumper2pc' in 'src/kobuki_ros/kobuki_bumper2pc'
[0.429s] INFO:colcon.colcon_core.package_selection:Skipping not selected package 'kobuki_core' in 'src/kobuki_core'
[0.429s] INFO:colcon.colcon_core.package_selection:Skipping not selected package 'kobuki_description' in 'src/kobuki_ros/kobuki_description'
[0.429s] INFO:colcon.colcon_core.package_selection:Skipping not selected package 'kobuki_random_walker' in 'src/kobuki_ros/kobuki_random_walker'
[0.429s] INFO:colcon.colcon_core.package_selection:Skipping not selected package 'kobuki_safety_controller' in 'src/kobuki_ros/kobuki_safety_controller'
[0.429s] INFO:colcon.colcon_core.package_selection:Skipping not selected package 'kobuki_velocity_smoother' in 'src/velocity_smoother'
[0.429s] INFO:colcon.colcon_core.package_selection:Skipping not selected package 'move_base' in 'src/move_base'
[0.429s] INFO:colcon.colcon_core.package_selection:Skipping not selected package 'turtlebot2_description' in 'src/turtlebot2_description'
[0.429s] INFO:colcon.colcon_core.package_selection:Skipping not selected package 'kobuki_auto_docking' in 'src/kobuki_ros/kobuki_auto_docking'
[0.429s] INFO:colcon.colcon_core.package_selection:Skipping not selected package 'kobuki_keyop' in 'src/kobuki_ros/kobuki_keyop'
[0.429s] INFO:colcon.colcon_core.package_selection:Skipping not selected package 'kobuki_node' in 'src/kobuki_ros/kobuki_node'
[0.429s] INFO:colcon.colcon_core.package_selection:Skipping not selected package 'turtlebot2_bringup' in 'src/turtlebot2_bringup'
[0.429s] Level 1:colcon.colcon_core.package_discovery:discover_packages(prefix_path) check parameters
[0.429s] Level 1:colcon.colcon_core.package_discovery:discover_packages(prefix_path) discover
[0.432s] DEBUG:colcon.colcon_installed_package_information.package_discovery:Found 16 installed packages in /home/canveo/turtlebot_ws/install
[0.434s] DEBUG:colcon.colcon_installed_package_information.package_discovery:Found 373 installed packages in /opt/ros/iron
[0.437s] Level 1:colcon.colcon_core.package_discovery:discover_packages(prefix_path) using defaults
[0.500s] Level 5:colcon.colcon_core.verb:set package 'kobuki_ros' build argument 'cmake_args' from command line to 'None'
[0.500s] Level 5:colcon.colcon_core.verb:set package 'kobuki_ros' build argument 'cmake_target' from command line to 'None'
[0.500s] Level 5:colcon.colcon_core.verb:set package 'kobuki_ros' build argument 'cmake_target_skip_unavailable' from command line to 'False'
[0.500s] Level 5:colcon.colcon_core.verb:set package 'kobuki_ros' build argument 'cmake_clean_cache' from command line to 'False'
[0.500s] Level 5:colcon.colcon_core.verb:set package 'kobuki_ros' build argument 'cmake_clean_first' from command line to 'False'
[0.500s] Level 5:colcon.colcon_core.verb:set package 'kobuki_ros' build argument 'cmake_force_configure' from command line to 'False'
[0.500s] Level 5:colcon.colcon_core.verb:set package 'kobuki_ros' build argument 'ament_cmake_args' from command line to 'None'
[0.500s] Level 5:colcon.colcon_core.verb:set package 'kobuki_ros' build argument 'catkin_cmake_args' from command line to 'None'
[0.500s] Level 5:colcon.colcon_core.verb:set package 'kobuki_ros' build argument 'catkin_skip_building_tests' from command line to 'False'
[0.500s] DEBUG:colcon.colcon_core.verb:Building package 'kobuki_ros' with the following arguments: {'ament_cmake_args': None, 'build_base': '/home/canveo/turtlebot_ws/build/kobuki_ros', 'catkin_cmake_args': None, 'catkin_skip_building_tests': False, 'cmake_args': None, 'cmake_clean_cache': False, 'cmake_clean_first': False, 'cmake_force_configure': False, 'cmake_target': None, 'cmake_target_skip_unavailable': False, 'install_base': '/home/canveo/turtlebot_ws/install/kobuki_ros', 'merge_install': False, 'path': '/home/canveo/turtlebot_ws/src/kobuki_ros/kobuki_ros', 'symlink_install': False, 'test_result_base': None}
[0.500s] INFO:colcon.colcon_core.executor:Executing jobs using 'parallel' executor
[0.501s] DEBUG:colcon.colcon_parallel_executor.executor.parallel:run_until_complete
[0.502s] INFO:colcon.colcon_ros.task.ament_cmake.build:Building ROS package in '/home/canveo/turtlebot_ws/src/kobuki_ros/kobuki_ros' with build type 'ament_cmake'
[0.502s] INFO:colcon.colcon_cmake.task.cmake.build:Building CMake package in '/home/canveo/turtlebot_ws/src/kobuki_ros/kobuki_ros'
[0.511s] INFO:colcon.colcon_core.plugin_system:Skipping extension 'colcon_core.shell.bat': Not used on non-Windows systems
[0.511s] INFO:colcon.colcon_core.shell:Skip shell extension 'powershell' for command environment: Not usable outside of PowerShell
[0.511s] DEBUG:colcon.colcon_core.shell:Skip shell extension 'dsv' for command environment
[0.548s] DEBUG:colcon.colcon_core.event_handler.log_command:Invoking command in '/home/canveo/turtlebot_ws/build/kobuki_ros': CMAKE_PREFIX_PATH=/home/canveo/turtlebot_ws/install/kobuki_node:/home/canveo/turtlebot_ws/install/kobuki_keyop:/home/canveo/turtlebot_ws/install/kobuki_auto_docking:/home/canveo/turtlebot_ws/install/kobuki_velocity_smoother:/home/canveo/turtlebot_ws/install/kobuki_safety_controller:/home/canveo/turtlebot_ws/install/kobuki_random_walker:/home/canveo/turtlebot_ws/install/kobuki_core:/home/canveo/turtlebot_ws/install/kobuki_bumper2pc:/home/canveo/turtlebot_ws/install/cmd_vel_mux:/home/canveo/turtlebot_ws/install/turtlebot2_gazebo:/home/canveo/turtlebot_ws/install/turtlebot2_bringup:/home/canveo/turtlebot_ws/install/turtlebot2_description:/home/canveo/turtlebot_ws/install/kobuki_ros:/home/canveo/turtlebot_ws/install/kobuki_description:/home/canveo/turtlebot_ws/install/move_base:/home/canveo/turtlebot_ws/install/follow_line:/opt/ros/iron LD_LIBRARY_PATH=/home/canveo/turtlebot_ws/install/kobuki_node/lib:/home/canveo/turtlebot_ws/install/kobuki_keyop/lib:/home/canveo/turtlebot_ws/install/kobuki_auto_docking/lib:/home/canveo/turtlebot_ws/install/kobuki_velocity_smoother/lib:/home/canveo/turtlebot_ws/install/kobuki_safety_controller/lib:/home/canveo/turtlebot_ws/install/kobuki_random_walker/lib:/home/canveo/turtlebot_ws/install/kobuki_core/lib:/home/canveo/turtlebot_ws/install/kobuki_bumper2pc/lib:/home/canveo/turtlebot_ws/install/cmd_vel_mux/lib:/usr/lib/x86_64-linux-gnu/gazebo-11/plugins:/opt/ros/iron/opt/rviz_ogre_vendor/lib:/opt/ros/iron/lib/x86_64-linux-gnu:/opt/ros/iron/lib /usr/bin/cmake /home/canveo/turtlebot_ws/src/kobuki_ros/kobuki_ros -DCMAKE_INSTALL_PREFIX=/home/canveo/turtlebot_ws/install/kobuki_ros
[0.875s] DEBUG:colcon.colcon_core.event_handler.log_command:Invoked command in '/home/canveo/turtlebot_ws/build/kobuki_ros' returned '0': CMAKE_PREFIX_PATH=/home/canveo/turtlebot_ws/install/kobuki_node:/home/canveo/turtlebot_ws/install/kobuki_keyop:/home/canveo/turtlebot_ws/install/kobuki_auto_docking:/home/canveo/turtlebot_ws/install/kobuki_velocity_smoother:/home/canveo/turtlebot_ws/install/kobuki_safety_controller:/home/canveo/turtlebot_ws/install/kobuki_random_walker:/home/canveo/turtlebot_ws/install/kobuki_core:/home/canveo/turtlebot_ws/install/kobuki_bumper2pc:/home/canveo/turtlebot_ws/install/cmd_vel_mux:/home/canveo/turtlebot_ws/install/turtlebot2_gazebo:/home/canveo/turtlebot_ws/install/turtlebot2_bringup:/home/canveo/turtlebot_ws/install/turtlebot2_description:/home/canveo/turtlebot_ws/install/kobuki_ros:/home/canveo/turtlebot_ws/install/kobuki_description:/home/canveo/turtlebot_ws/install/move_base:/home/canveo/turtlebot_ws/install/follow_line:/opt/ros/iron LD_LIBRARY_PATH=/home/canveo/turtlebot_ws/install/kobuki_node/lib:/home/canveo/turtlebot_ws/install/kobuki_keyop/lib:/home/canveo/turtlebot_ws/install/kobuki_auto_docking/lib:/home/canveo/turtlebot_ws/install/kobuki_velocity_smoother/lib:/home/canveo/turtlebot_ws/install/kobuki_safety_controller/lib:/home/canveo/turtlebot_ws/install/kobuki_random_walker/lib:/home/canveo/turtlebot_ws/install/kobuki_core/lib:/home/canveo/turtlebot_ws/install/kobuki_bumper2pc/lib:/home/canveo/turtlebot_ws/install/cmd_vel_mux/lib:/usr/lib/x86_64-linux-gnu/gazebo-11/plugins:/opt/ros/iron/opt/rviz_ogre_vendor/lib:/opt/ros/iron/lib/x86_64-linux-gnu:/opt/ros/iron/lib /usr/bin/cmake /home/canveo/turtlebot_ws/src/kobuki_ros/kobuki_ros -DCMAKE_INSTALL_PREFIX=/home/canveo/turtlebot_ws/install/kobuki_ros
[0.877s] DEBUG:colcon.colcon_core.event_handler.log_command:Invoking command in '/home/canveo/turtlebot_ws/build/kobuki_ros': CMAKE_PREFIX_PATH=/home/canveo/turtlebot_ws/install/kobuki_node:/home/canveo/turtlebot_ws/install/kobuki_keyop:/home/canveo/turtlebot_ws/install/kobuki_auto_docking:/home/canveo/turtlebot_ws/install/kobuki_velocity_smoother:/home/canveo/turtlebot_ws/install/kobuki_safety_controller:/home/canveo/turtlebot_ws/install/kobuki_random_walker:/home/canveo/turtlebot_ws/install/kobuki_core:/home/canveo/turtlebot_ws/install/kobuki_bumper2pc:/home/canveo/turtlebot_ws/install/cmd_vel_mux:/home/canveo/turtlebot_ws/install/turtlebot2_gazebo:/home/canveo/turtlebot_ws/install/turtlebot2_bringup:/home/canveo/turtlebot_ws/install/turtlebot2_description:/home/canveo/turtlebot_ws/install/kobuki_ros:/home/canveo/turtlebot_ws/install/kobuki_description:/home/canveo/turtlebot_ws/install/move_base:/home/canveo/turtlebot_ws/install/follow_line:/opt/ros/iron LD_LIBRARY_PATH=/home/canveo/turtlebot_ws/install/kobuki_node/lib:/home/canveo/turtlebot_ws/install/kobuki_keyop/lib:/home/canveo/turtlebot_ws/install/kobuki_auto_docking/lib:/home/canveo/turtlebot_ws/install/kobuki_velocity_smoother/lib:/home/canveo/turtlebot_ws/install/kobuki_safety_controller/lib:/home/canveo/turtlebot_ws/install/kobuki_random_walker/lib:/home/canveo/turtlebot_ws/install/kobuki_core/lib:/home/canveo/turtlebot_ws/install/kobuki_bumper2pc/lib:/home/canveo/turtlebot_ws/install/cmd_vel_mux/lib:/usr/lib/x86_64-linux-gnu/gazebo-11/plugins:/opt/ros/iron/opt/rviz_ogre_vendor/lib:/opt/ros/iron/lib/x86_64-linux-gnu:/opt/ros/iron/lib /usr/bin/cmake --build /home/canveo/turtlebot_ws/build/kobuki_ros -- -j8 -l8
[0.928s] DEBUG:colcon.colcon_core.event_handler.log_command:Invoked command in '/home/canveo/turtlebot_ws/build/kobuki_ros' returned '0': CMAKE_PREFIX_PATH=/home/canveo/turtlebot_ws/install/kobuki_node:/home/canveo/turtlebot_ws/install/kobuki_keyop:/home/canveo/turtlebot_ws/install/kobuki_auto_docking:/home/canveo/turtlebot_ws/install/kobuki_velocity_smoother:/home/canveo/turtlebot_ws/install/kobuki_safety_controller:/home/canveo/turtlebot_ws/install/kobuki_random_walker:/home/canveo/turtlebot_ws/install/kobuki_core:/home/canveo/turtlebot_ws/install/kobuki_bumper2pc:/home/canveo/turtlebot_ws/install/cmd_vel_mux:/home/canveo/turtlebot_ws/install/turtlebot2_gazebo:/home/canveo/turtlebot_ws/install/turtlebot2_bringup:/home/canveo/turtlebot_ws/install/turtlebot2_description:/home/canveo/turtlebot_ws/install/kobuki_ros:/home/canveo/turtlebot_ws/install/kobuki_description:/home/canveo/turtlebot_ws/install/move_base:/home/canveo/turtlebot_ws/install/follow_line:/opt/ros/iron LD_LIBRARY_PATH=/home/canveo/turtlebot_ws/install/kobuki_node/lib:/home/canveo/turtlebot_ws/install/kobuki_keyop/lib:/home/canveo/turtlebot_ws/install/kobuki_auto_docking/lib:/home/canveo/turtlebot_ws/install/kobuki_velocity_smoother/lib:/home/canveo/turtlebot_ws/install/kobuki_safety_controller/lib:/home/canveo/turtlebot_ws/install/kobuki_random_walker/lib:/home/canveo/turtlebot_ws/install/kobuki_core/lib:/home/canveo/turtlebot_ws/install/kobuki_bumper2pc/lib:/home/canveo/turtlebot_ws/install/cmd_vel_mux/lib:/usr/lib/x86_64-linux-gnu/gazebo-11/plugins:/opt/ros/iron/opt/rviz_ogre_vendor/lib:/opt/ros/iron/lib/x86_64-linux-gnu:/opt/ros/iron/lib /usr/bin/cmake --build /home/canveo/turtlebot_ws/build/kobuki_ros -- -j8 -l8
[0.941s] DEBUG:colcon.colcon_core.event_handler.log_command:Invoking command in '/home/canveo/turtlebot_ws/build/kobuki_ros': CMAKE_PREFIX_PATH=/home/canveo/turtlebot_ws/install/kobuki_node:/home/canveo/turtlebot_ws/install/kobuki_keyop:/home/canveo/turtlebot_ws/install/kobuki_auto_docking:/home/canveo/turtlebot_ws/install/kobuki_velocity_smoother:/home/canveo/turtlebot_ws/install/kobuki_safety_controller:/home/canveo/turtlebot_ws/install/kobuki_random_walker:/home/canveo/turtlebot_ws/install/kobuki_core:/home/canveo/turtlebot_ws/install/kobuki_bumper2pc:/home/canveo/turtlebot_ws/install/cmd_vel_mux:/home/canveo/turtlebot_ws/install/turtlebot2_gazebo:/home/canveo/turtlebot_ws/install/turtlebot2_bringup:/home/canveo/turtlebot_ws/install/turtlebot2_description:/home/canveo/turtlebot_ws/install/kobuki_ros:/home/canveo/turtlebot_ws/install/kobuki_description:/home/canveo/turtlebot_ws/install/move_base:/home/canveo/turtlebot_ws/install/follow_line:/opt/ros/iron LD_LIBRARY_PATH=/home/canveo/turtlebot_ws/install/kobuki_node/lib:/home/canveo/turtlebot_ws/install/kobuki_keyop/lib:/home/canveo/turtlebot_ws/install/kobuki_auto_docking/lib:/home/canveo/turtlebot_ws/install/kobuki_velocity_smoother/lib:/home/canveo/turtlebot_ws/install/kobuki_safety_controller/lib:/home/canveo/turtlebot_ws/install/kobuki_random_walker/lib:/home/canveo/turtlebot_ws/install/kobuki_core/lib:/home/canveo/turtlebot_ws/install/kobuki_bumper2pc/lib:/home/canveo/turtlebot_ws/install/cmd_vel_mux/lib:/usr/lib/x86_64-linux-gnu/gazebo-11/plugins:/opt/ros/iron/opt/rviz_ogre_vendor/lib:/opt/ros/iron/lib/x86_64-linux-gnu:/opt/ros/iron/lib /usr/bin/cmake --install /home/canveo/turtlebot_ws/build/kobuki_ros
[0.970s] Level 1:colcon.colcon_core.environment:create_environment_scripts_only(kobuki_ros)
[0.970s] DEBUG:colcon.colcon_core.event_handler.log_command:Invoked command in '/home/canveo/turtlebot_ws/build/kobuki_ros' returned '0': CMAKE_PREFIX_PATH=/home/canveo/turtlebot_ws/install/kobuki_node:/home/canveo/turtlebot_ws/install/kobuki_keyop:/home/canveo/turtlebot_ws/install/kobuki_auto_docking:/home/canveo/turtlebot_ws/install/kobuki_velocity_smoother:/home/canveo/turtlebot_ws/install/kobuki_safety_controller:/home/canveo/turtlebot_ws/install/kobuki_random_walker:/home/canveo/turtlebot_ws/install/kobuki_core:/home/canveo/turtlebot_ws/install/kobuki_bumper2pc:/home/canveo/turtlebot_ws/install/cmd_vel_mux:/home/canveo/turtlebot_ws/install/turtlebot2_gazebo:/home/canveo/turtlebot_ws/install/turtlebot2_bringup:/home/canveo/turtlebot_ws/install/turtlebot2_description:/home/canveo/turtlebot_ws/install/kobuki_ros:/home/canveo/turtlebot_ws/install/kobuki_description:/home/canveo/turtlebot_ws/install/move_base:/home/canveo/turtlebot_ws/install/follow_line:/opt/ros/iron LD_LIBRARY_PATH=/home/canveo/turtlebot_ws/install/kobuki_node/lib:/home/canveo/turtlebot_ws/install/kobuki_keyop/lib:/home/canveo/turtlebot_ws/install/kobuki_auto_docking/lib:/home/canveo/turtlebot_ws/install/kobuki_velocity_smoother/lib:/home/canveo/turtlebot_ws/install/kobuki_safety_controller/lib:/home/canveo/turtlebot_ws/install/kobuki_random_walker/lib:/home/canveo/turtlebot_ws/install/kobuki_core/lib:/home/canveo/turtlebot_ws/install/kobuki_bumper2pc/lib:/home/canveo/turtlebot_ws/install/cmd_vel_mux/lib:/usr/lib/x86_64-linux-gnu/gazebo-11/plugins:/opt/ros/iron/opt/rviz_ogre_vendor/lib:/opt/ros/iron/lib/x86_64-linux-gnu:/opt/ros/iron/lib /usr/bin/cmake --install /home/canveo/turtlebot_ws/build/kobuki_ros
[0.975s] Level 1:colcon.colcon_core.environment:checking '/home/canveo/turtlebot_ws/install/kobuki_ros' for CMake module files
[0.975s] Level 1:colcon.colcon_core.environment:checking '/home/canveo/turtlebot_ws/install/kobuki_ros' for CMake config files
[0.976s] Level 1:colcon.colcon_core.shell:create_environment_hook('kobuki_ros', 'cmake_prefix_path')
[0.976s] INFO:colcon.colcon_core.shell:Creating environment hook '/home/canveo/turtlebot_ws/install/kobuki_ros/share/kobuki_ros/hook/cmake_prefix_path.ps1'
[0.977s] INFO:colcon.colcon_core.shell:Creating environment descriptor '/home/canveo/turtlebot_ws/install/kobuki_ros/share/kobuki_ros/hook/cmake_prefix_path.dsv'
[0.978s] INFO:colcon.colcon_core.shell:Creating environment hook '/home/canveo/turtlebot_ws/install/kobuki_ros/share/kobuki_ros/hook/cmake_prefix_path.sh'
[0.979s] Level 1:colcon.colcon_core.environment:checking '/home/canveo/turtlebot_ws/install/kobuki_ros/bin'
[0.979s] Level 1:colcon.colcon_core.environment:checking '/home/canveo/turtlebot_ws/install/kobuki_ros/lib/pkgconfig/kobuki_ros.pc'
[0.979s] Level 1:colcon.colcon_core.environment:checking '/home/canveo/turtlebot_ws/install/kobuki_ros/lib/python3.10/site-packages'
[0.979s] Level 1:colcon.colcon_core.environment:checking '/home/canveo/turtlebot_ws/install/kobuki_ros/bin'
[0.980s] INFO:colcon.colcon_core.shell:Creating package script '/home/canveo/turtlebot_ws/install/kobuki_ros/share/kobuki_ros/package.ps1'
[0.980s] INFO:colcon.colcon_core.shell:Creating package descriptor '/home/canveo/turtlebot_ws/install/kobuki_ros/share/kobuki_ros/package.dsv'
[0.981s] INFO:colcon.colcon_core.shell:Creating package script '/home/canveo/turtlebot_ws/install/kobuki_ros/share/kobuki_ros/package.sh'
[0.982s] INFO:colcon.colcon_core.shell:Creating package script '/home/canveo/turtlebot_ws/install/kobuki_ros/share/kobuki_ros/package.bash'
[0.983s] INFO:colcon.colcon_core.shell:Creating package script '/home/canveo/turtlebot_ws/install/kobuki_ros/share/kobuki_ros/package.zsh'
[0.984s] Level 1:colcon.colcon_core.environment:create_file_with_runtime_dependencies(/home/canveo/turtlebot_ws/install/kobuki_ros/share/colcon-core/packages/kobuki_ros)
[0.985s] Level 1:colcon.colcon_core.environment:create_environment_scripts_only(kobuki_ros)
[0.985s] Level 1:colcon.colcon_core.environment:checking '/home/canveo/turtlebot_ws/install/kobuki_ros' for CMake module files
[0.985s] Level 1:colcon.colcon_core.environment:checking '/home/canveo/turtlebot_ws/install/kobuki_ros' for CMake config files
[0.985s] Level 1:colcon.colcon_core.shell:create_environment_hook('kobuki_ros', 'cmake_prefix_path')
[0.986s] INFO:colcon.colcon_core.shell:Creating environment hook '/home/canveo/turtlebot_ws/install/kobuki_ros/share/kobuki_ros/hook/cmake_prefix_path.ps1'
[0.986s] INFO:colcon.colcon_core.shell:Creating environment descriptor '/home/canveo/turtlebot_ws/install/kobuki_ros/share/kobuki_ros/hook/cmake_prefix_path.dsv'
[0.986s] INFO:colcon.colcon_core.shell:Creating environment hook '/home/canveo/turtlebot_ws/install/kobuki_ros/share/kobuki_ros/hook/cmake_prefix_path.sh'
[0.987s] Level 1:colcon.colcon_core.environment:checking '/home/canveo/turtlebot_ws/install/kobuki_ros/bin'
[0.987s] Level 1:colcon.colcon_core.environment:checking '/home/canveo/turtlebot_ws/install/kobuki_ros/lib/pkgconfig/kobuki_ros.pc'
[0.987s] Level 1:colcon.colcon_core.environment:checking '/home/canveo/turtlebot_ws/install/kobuki_ros/lib/python3.10/site-packages'
[0.987s] Level 1:colcon.colcon_core.environment:checking '/home/canveo/turtlebot_ws/install/kobuki_ros/bin'
[0.988s] INFO:colcon.colcon_core.shell:Creating package script '/home/canveo/turtlebot_ws/install/kobuki_ros/share/kobuki_ros/package.ps1'
[0.988s] INFO:colcon.colcon_core.shell:Creating package descriptor '/home/canveo/turtlebot_ws/install/kobuki_ros/share/kobuki_ros/package.dsv'
[0.989s] INFO:colcon.colcon_core.shell:Creating package script '/home/canveo/turtlebot_ws/install/kobuki_ros/share/kobuki_ros/package.sh'
[0.989s] INFO:colcon.colcon_core.shell:Creating package script '/home/canveo/turtlebot_ws/install/kobuki_ros/share/kobuki_ros/package.bash'
[0.990s] INFO:colcon.colcon_core.shell:Creating package script '/home/canveo/turtlebot_ws/install/kobuki_ros/share/kobuki_ros/package.zsh'
[0.990s] Level 1:colcon.colcon_core.environment:create_file_with_runtime_dependencies(/home/canveo/turtlebot_ws/install/kobuki_ros/share/colcon-core/packages/kobuki_ros)
[0.991s] DEBUG:colcon.colcon_parallel_executor.executor.parallel:closing loop
[0.992s] DEBUG:colcon.colcon_parallel_executor.executor.parallel:loop closed
[0.992s] DEBUG:colcon.colcon_parallel_executor.executor.parallel:run_until_complete finished with '0'
[0.992s] DEBUG:colcon.colcon_core.event_reactor:joining thread
[1.001s] INFO:colcon.colcon_core.plugin_system:Skipping extension 'colcon_notification.desktop_notification.terminal_notifier': Not used on non-Darwin systems
[1.001s] INFO:colcon.colcon_core.plugin_system:Skipping extension 'colcon_notification.desktop_notification.win32': Not used on non-Windows systems
[1.001s] INFO:colcon.colcon_notification.desktop_notification:Sending desktop notification using 'notify2'
[1.018s] DEBUG:colcon.colcon_core.event_reactor:joined thread
[1.019s] INFO:colcon.colcon_core.shell:Creating prefix script '/home/canveo/turtlebot_ws/install/local_setup.ps1'
[1.020s] INFO:colcon.colcon_core.shell:Creating prefix util module '/home/canveo/turtlebot_ws/install/_local_setup_util_ps1.py'
[1.023s] INFO:colcon.colcon_core.shell:Creating prefix chain script '/home/canveo/turtlebot_ws/install/setup.ps1'
[1.026s] INFO:colcon.colcon_core.shell:Creating prefix script '/home/canveo/turtlebot_ws/install/local_setup.sh'
[1.027s] INFO:colcon.colcon_core.shell:Creating prefix util module '/home/canveo/turtlebot_ws/install/_local_setup_util_sh.py'
[1.027s] INFO:colcon.colcon_core.shell:Creating prefix chain script '/home/canveo/turtlebot_ws/install/setup.sh'
[1.029s] INFO:colcon.colcon_core.shell:Creating prefix script '/home/canveo/turtlebot_ws/install/local_setup.bash'
[1.030s] INFO:colcon.colcon_core.shell:Creating prefix chain script '/home/canveo/turtlebot_ws/install/setup.bash'
[1.032s] INFO:colcon.colcon_core.shell:Creating prefix script '/home/canveo/turtlebot_ws/install/local_setup.zsh'
[1.033s] INFO:colcon.colcon_core.shell:Creating prefix chain script '/home/canveo/turtlebot_ws/install/setup.zsh'
