[0.036s] Invoking command in '/home/canveo/turtlebot_ws/build/kobuki_velocity_smoother': /usr/bin/cmake --build /home/canveo/turtlebot_ws/build/kobuki_velocity_smoother -- -j8 -l8
[0.178s] [ 50%] Built target kobuki_velocity_smoother
[0.240s] [100%] Built target velocity_smoother_node
[0.316s] Invoked command in '/home/canveo/turtlebot_ws/build/kobuki_velocity_smoother' returned '0': /usr/bin/cmake --build /home/canveo/turtlebot_ws/build/kobuki_velocity_smoother -- -j8 -l8
[0.445s] Invoking command in '/home/canveo/turtlebot_ws/build/kobuki_velocity_smoother': /usr/bin/cmake --install /home/canveo/turtlebot_ws/build/kobuki_velocity_smoother
[0.465s] -- Install configuration: ""
[0.466s] -- Execute custom install script
[0.466s] -- Up-to-date symlink: /home/canveo/turtlebot_ws/install/kobuki_velocity_smoother/lib/libkobuki_velocity_smoother.so
[0.466s] -- Up-to-date symlink: /home/canveo/turtlebot_ws/install/kobuki_velocity_smoother/include/kobuki_velocity_smoother/velocity_smoother.hpp
[0.466s] -- Up-to-date symlink: /home/canveo/turtlebot_ws/install/kobuki_velocity_smoother/lib/kobuki_velocity_smoother/velocity_smoother
[0.466s] -- Up-to-date symlink: /home/canveo/turtlebot_ws/install/kobuki_velocity_smoother/share/kobuki_velocity_smoother/config/velocity_smoother_params.yaml
[0.466s] -- Up-to-date symlink: /home/canveo/turtlebot_ws/install/kobuki_velocity_smoother/share/kobuki_velocity_smoother/launch/velocity_smoother-composed-launch.py
[0.467s] -- Up-to-date symlink: /home/canveo/turtlebot_ws/install/kobuki_velocity_smoother/share/kobuki_velocity_smoother/launch/velocity_smoother-launch.py
[0.467s] -- Up-to-date symlink: /home/canveo/turtlebot_ws/install/kobuki_velocity_smoother/share/ament_index/resource_index/package_run_dependencies/kobuki_velocity_smoother
[0.467s] -- Up-to-date symlink: /home/canveo/turtlebot_ws/install/kobuki_velocity_smoother/share/ament_index/resource_index/parent_prefix_path/kobuki_velocity_smoother
[0.467s] -- Up-to-date symlink: /home/canveo/turtlebot_ws/install/kobuki_velocity_smoother/share/kobuki_velocity_smoother/environment/ament_prefix_path.sh
[0.467s] -- Up-to-date symlink: /home/canveo/turtlebot_ws/install/kobuki_velocity_smoother/share/kobuki_velocity_smoother/environment/ament_prefix_path.dsv
[0.467s] -- Up-to-date symlink: /home/canveo/turtlebot_ws/install/kobuki_velocity_smoother/share/kobuki_velocity_smoother/environment/path.sh
[0.467s] -- Up-to-date symlink: /home/canveo/turtlebot_ws/install/kobuki_velocity_smoother/share/kobuki_velocity_smoother/environment/path.dsv
[0.468s] -- Up-to-date symlink: /home/canveo/turtlebot_ws/install/kobuki_velocity_smoother/share/kobuki_velocity_smoother/local_setup.bash
[0.468s] -- Up-to-date symlink: /home/canveo/turtlebot_ws/install/kobuki_velocity_smoother/share/kobuki_velocity_smoother/local_setup.sh
[0.468s] -- Up-to-date symlink: /home/canveo/turtlebot_ws/install/kobuki_velocity_smoother/share/kobuki_velocity_smoother/local_setup.zsh
[0.468s] -- Up-to-date symlink: /home/canveo/turtlebot_ws/install/kobuki_velocity_smoother/share/kobuki_velocity_smoother/local_setup.dsv
[0.468s] -- Symlinking: /home/canveo/turtlebot_ws/install/kobuki_velocity_smoother/share/kobuki_velocity_smoother/package.dsv
[0.477s] -- Up-to-date symlink: /home/canveo/turtlebot_ws/install/kobuki_velocity_smoother/share/ament_index/resource_index/packages/kobuki_velocity_smoother
[0.477s] -- Up-to-date symlink: /home/canveo/turtlebot_ws/install/kobuki_velocity_smoother/share/ament_index/resource_index/rclcpp_components/kobuki_velocity_smoother
[0.477s] -- Up-to-date symlink: /home/canveo/turtlebot_ws/install/kobuki_velocity_smoother/share/kobuki_velocity_smoother/cmake/kobuki_velocity_smootherConfig.cmake
[0.477s] -- Up-to-date symlink: /home/canveo/turtlebot_ws/install/kobuki_velocity_smoother/share/kobuki_velocity_smoother/cmake/kobuki_velocity_smootherConfig-version.cmake
[0.477s] -- Up-to-date symlink: /home/canveo/turtlebot_ws/install/kobuki_velocity_smoother/share/kobuki_velocity_smoother/package.xml
[0.518s] Invoked command in '/home/canveo/turtlebot_ws/build/kobuki_velocity_smoother' returned '0': /usr/bin/cmake --install /home/canveo/turtlebot_ws/build/kobuki_velocity_smoother
