[0.267s] Invoking command in '/home/canveo/turtlebot_ws/build/turtlebot2_bringup': AMENT_PREFIX_PATH=/home/canveo/turtlebot_ws/install/turtlebot2_description CMAKE_PREFIX_PATH=/home/canveo/turtlebot_ws/install/turtlebot2_description /usr/bin/cmake --build /home/canveo/turtlebot_ws/build/turtlebot2_bringup -- -j8 -l8
[0.310s] Invoked command in '/home/canveo/turtlebot_ws/build/turtlebot2_bringup' returned '0': AMENT_PREFIX_PATH=/home/canveo/turtlebot_ws/install/turtlebot2_description CMAKE_PREFIX_PATH=/home/canveo/turtlebot_ws/install/turtlebot2_description /usr/bin/cmake --build /home/canveo/turtlebot_ws/build/turtlebot2_bringup -- -j8 -l8
[0.340s] Invoking command in '/home/canveo/turtlebot_ws/build/turtlebot2_bringup': AMENT_PREFIX_PATH=/home/canveo/turtlebot_ws/install/turtlebot2_description CMAKE_PREFIX_PATH=/home/canveo/turtlebot_ws/install/turtlebot2_description /usr/bin/cmake --install /home/canveo/turtlebot_ws/build/turtlebot2_bringup
[0.351s] -- Install configuration: ""
[0.351s] -- Execute custom install script
[0.351s] -- Up-to-date symlink: /home/canveo/turtlebot_ws/install/turtlebot2_bringup/share/turtlebot2_bringup/launch/ekf_node.launch.py
[0.352s] -- Up-to-date symlink: /home/canveo/turtlebot_ws/install/turtlebot2_bringup/share/turtlebot2_bringup/launch/turtlebot2_bringup.launch.py
[0.352s] -- Up-to-date symlink: /home/canveo/turtlebot_ws/install/turtlebot2_bringup/share/turtlebot2_bringup/config/ekf.yaml
[0.352s] -- Up-to-date symlink: /home/canveo/turtlebot_ws/install/turtlebot2_bringup/share/turtlebot2_bringup/config/turtlebot2_laser_scan_filter.yaml
[0.353s] -- Up-to-date symlink: /home/canveo/turtlebot_ws/install/turtlebot2_bringup/share/turtlebot2_bringup/config/urg-04lx-ug01.yaml
[0.353s] -- Up-to-date symlink: /home/canveo/turtlebot_ws/install/turtlebot2_bringup/share/ament_index/resource_index/package_run_dependencies/turtlebot2_bringup
[0.354s] -- Up-to-date symlink: /home/canveo/turtlebot_ws/install/turtlebot2_bringup/share/ament_index/resource_index/parent_prefix_path/turtlebot2_bringup
[0.355s] -- Up-to-date symlink: /home/canveo/turtlebot_ws/install/turtlebot2_bringup/share/turtlebot2_bringup/environment/ament_prefix_path.sh
[0.359s] -- Up-to-date symlink: /home/canveo/turtlebot_ws/install/turtlebot2_bringup/share/turtlebot2_bringup/environment/ament_prefix_path.dsv
[0.360s] -- Up-to-date symlink: /home/canveo/turtlebot_ws/install/turtlebot2_bringup/share/turtlebot2_bringup/environment/path.sh
[0.360s] -- Up-to-date symlink: /home/canveo/turtlebot_ws/install/turtlebot2_bringup/share/turtlebot2_bringup/environment/path.dsv
[0.360s] -- Up-to-date symlink: /home/canveo/turtlebot_ws/install/turtlebot2_bringup/share/turtlebot2_bringup/local_setup.bash
[0.361s] -- Up-to-date symlink: /home/canveo/turtlebot_ws/install/turtlebot2_bringup/share/turtlebot2_bringup/local_setup.sh
[0.361s] -- Up-to-date symlink: /home/canveo/turtlebot_ws/install/turtlebot2_bringup/share/turtlebot2_bringup/local_setup.zsh
[0.361s] -- Up-to-date symlink: /home/canveo/turtlebot_ws/install/turtlebot2_bringup/share/turtlebot2_bringup/local_setup.dsv
[0.361s] -- Symlinking: /home/canveo/turtlebot_ws/install/turtlebot2_bringup/share/turtlebot2_bringup/package.dsv
[0.374s] -- Up-to-date symlink: /home/canveo/turtlebot_ws/install/turtlebot2_bringup/share/ament_index/resource_index/packages/turtlebot2_bringup
[0.374s] -- Up-to-date symlink: /home/canveo/turtlebot_ws/install/turtlebot2_bringup/share/turtlebot2_bringup/cmake/turtlebot2_bringupConfig.cmake
[0.374s] -- Up-to-date symlink: /home/canveo/turtlebot_ws/install/turtlebot2_bringup/share/turtlebot2_bringup/cmake/turtlebot2_bringupConfig-version.cmake
[0.375s] -- Up-to-date symlink: /home/canveo/turtlebot_ws/install/turtlebot2_bringup/share/turtlebot2_bringup/package.xml
[0.375s] Invoked command in '/home/canveo/turtlebot_ws/build/turtlebot2_bringup' returned '0': AMENT_PREFIX_PATH=/home/canveo/turtlebot_ws/install/turtlebot2_description CMAKE_PREFIX_PATH=/home/canveo/turtlebot_ws/install/turtlebot2_description /usr/bin/cmake --install /home/canveo/turtlebot_ws/build/turtlebot2_bringup
