-- Install configuration: ""
-- Execute custom install script
-- Up-to-date symlink: /home/canveo/turtlebot_ws/install/turtlebot2_bringup/share/turtlebot2_bringup/launch/ekf_node.launch.py
-- Up-to-date symlink: /home/canveo/turtlebot_ws/install/turtlebot2_bringup/share/turtlebot2_bringup/launch/turtlebot2_bringup.launch.py
-- Up-to-date symlink: /home/canveo/turtlebot_ws/install/turtlebot2_bringup/share/turtlebot2_bringup/config/ekf.yaml
-- Up-to-date symlink: /home/canveo/turtlebot_ws/install/turtlebot2_bringup/share/turtlebot2_bringup/config/turtlebot2_laser_scan_filter.yaml
-- Up-to-date symlink: /home/canveo/turtlebot_ws/install/turtlebot2_bringup/share/turtlebot2_bringup/config/urg-04lx-ug01.yaml
-- Up-to-date symlink: /home/canveo/turtlebot_ws/install/turtlebot2_bringup/share/ament_index/resource_index/package_run_dependencies/turtlebot2_bringup
-- Up-to-date symlink: /home/canveo/turtlebot_ws/install/turtlebot2_bringup/share/ament_index/resource_index/parent_prefix_path/turtlebot2_bringup
-- Up-to-date symlink: /home/canveo/turtlebot_ws/install/turtlebot2_bringup/share/turtlebot2_bringup/environment/ament_prefix_path.sh
-- Up-to-date symlink: /home/canveo/turtlebot_ws/install/turtlebot2_bringup/share/turtlebot2_bringup/environment/ament_prefix_path.dsv
-- Up-to-date symlink: /home/canveo/turtlebot_ws/install/turtlebot2_bringup/share/turtlebot2_bringup/environment/path.sh
-- Up-to-date symlink: /home/canveo/turtlebot_ws/install/turtlebot2_bringup/share/turtlebot2_bringup/environment/path.dsv
-- Up-to-date symlink: /home/canveo/turtlebot_ws/install/turtlebot2_bringup/share/turtlebot2_bringup/local_setup.bash
-- Up-to-date symlink: /home/canveo/turtlebot_ws/install/turtlebot2_bringup/share/turtlebot2_bringup/local_setup.sh
-- Up-to-date symlink: /home/canveo/turtlebot_ws/install/turtlebot2_bringup/share/turtlebot2_bringup/local_setup.zsh
-- Up-to-date symlink: /home/canveo/turtlebot_ws/install/turtlebot2_bringup/share/turtlebot2_bringup/local_setup.dsv
-- Symlinking: /home/canveo/turtlebot_ws/install/turtlebot2_bringup/share/turtlebot2_bringup/package.dsv
-- Up-to-date symlink: /home/canveo/turtlebot_ws/install/turtlebot2_bringup/share/ament_index/resource_index/packages/turtlebot2_bringup
-- Up-to-date symlink: /home/canveo/turtlebot_ws/install/turtlebot2_bringup/share/turtlebot2_bringup/cmake/turtlebot2_bringupConfig.cmake
-- Up-to-date symlink: /home/canveo/turtlebot_ws/install/turtlebot2_bringup/share/turtlebot2_bringup/cmake/turtlebot2_bringupConfig-version.cmake
-- Up-to-date symlink: /home/canveo/turtlebot_ws/install/turtlebot2_bringup/share/turtlebot2_bringup/package.xml
