-- Install configuration: ""
-- Execute custom install script
-- Up-to-date symlink: /home/canveo/turtlebot_ws/install/kobuki_description/share/kobuki_description/launch/robot_description.launch.py
-- Up-to-date symlink: /home/canveo/turtlebot_ws/install/kobuki_description/share/kobuki_description/meshes/images/main_body.jpg
-- Up-to-date symlink: /home/canveo/turtlebot_ws/install/kobuki_description/share/kobuki_description/meshes/images/wheel.jpg
-- Up-to-date symlink: /home/canveo/turtlebot_ws/install/kobuki_description/share/kobuki_description/meshes/main_body.dae
-- Up-to-date symlink: /home/canveo/turtlebot_ws/install/kobuki_description/share/kobuki_description/meshes/wheel.dae
-- Up-to-date symlink: /home/canveo/turtlebot_ws/install/kobuki_description/share/kobuki_description/rviz/model.rviz
-- Up-to-date symlink: /home/canveo/turtlebot_ws/install/kobuki_description/share/kobuki_description/urdf/common_properties.urdf.xacro
-- Up-to-date symlink: /home/canveo/turtlebot_ws/install/kobuki_description/share/kobuki_description/urdf/kobuki.urdf.xacro
-- Up-to-date symlink: /home/canveo/turtlebot_ws/install/kobuki_description/share/kobuki_description/urdf/kobuki_gazebo.urdf.xacro
-- Up-to-date symlink: /home/canveo/turtlebot_ws/install/kobuki_description/share/kobuki_description/urdf/kobuki_standalone.urdf.xacro
-- Up-to-date symlink: /home/canveo/turtlebot_ws/install/kobuki_description/share/ament_index/resource_index/package_run_dependencies/kobuki_description
-- Up-to-date symlink: /home/canveo/turtlebot_ws/install/kobuki_description/share/ament_index/resource_index/parent_prefix_path/kobuki_description
-- Up-to-date symlink: /home/canveo/turtlebot_ws/install/kobuki_description/share/kobuki_description/environment/ament_prefix_path.sh
-- Up-to-date symlink: /home/canveo/turtlebot_ws/install/kobuki_description/share/kobuki_description/environment/ament_prefix_path.dsv
-- Up-to-date symlink: /home/canveo/turtlebot_ws/install/kobuki_description/share/kobuki_description/environment/path.sh
-- Up-to-date symlink: /home/canveo/turtlebot_ws/install/kobuki_description/share/kobuki_description/environment/path.dsv
-- Up-to-date symlink: /home/canveo/turtlebot_ws/install/kobuki_description/share/kobuki_description/local_setup.bash
-- Up-to-date symlink: /home/canveo/turtlebot_ws/install/kobuki_description/share/kobuki_description/local_setup.sh
-- Up-to-date symlink: /home/canveo/turtlebot_ws/install/kobuki_description/share/kobuki_description/local_setup.zsh
-- Up-to-date symlink: /home/canveo/turtlebot_ws/install/kobuki_description/share/kobuki_description/local_setup.dsv
-- Symlinking: /home/canveo/turtlebot_ws/install/kobuki_description/share/kobuki_description/package.dsv
-- Up-to-date symlink: /home/canveo/turtlebot_ws/install/kobuki_description/share/ament_index/resource_index/packages/kobuki_description
-- Up-to-date symlink: /home/canveo/turtlebot_ws/install/kobuki_description/share/kobuki_description/cmake/kobuki_descriptionConfig.cmake
-- Up-to-date symlink: /home/canveo/turtlebot_ws/install/kobuki_description/share/kobuki_description/cmake/kobuki_descriptionConfig-version.cmake
-- Up-to-date symlink: /home/canveo/turtlebot_ws/install/kobuki_description/share/kobuki_description/package.xml
