[0.056s] Invoking command in '/home/canveo/turtlebot_ws/build/turtlebot2_gazebo': CMAKE_PREFIX_PATH=${CMAKE_PREFIX_PATH}:/opt/ros/iron /usr/bin/cmake /home/canveo/turtlebot_ws/src/turtlebot2_gazebo -DAMENT_CMAKE_SYMLINK_INSTALL=1 -DCMAKE_INSTALL_PREFIX=/home/canveo/turtlebot_ws/install/turtlebot2_gazebo
[0.183s] -- The C compiler identification is GNU 11.4.0
[0.335s] -- The CXX compiler identification is GNU 11.4.0
[0.349s] -- Detecting C compiler ABI info
[0.462s] -- Detecting C compiler ABI info - done
[0.478s] -- Check for working C compiler: /usr/bin/cc - skipped
[0.478s] -- Detecting C compile features
[0.480s] -- Detecting C compile features - done
[0.487s] -- Detecting CXX compiler ABI info
[0.590s] -- Detecting CXX compiler ABI info - done
[0.606s] -- Check for working CXX compiler: /usr/bin/c++ - skipped
[0.607s] -- Detecting CXX compile features
[0.608s] -- Detecting CXX compile features - done
[0.614s] -- Found ament_cmake: 2.0.6 (/opt/ros/iron/share/ament_cmake/cmake)
[0.837s] -- Found Python3: /usr/bin/python3.10 (found version "3.10.12") found components: Interpreter 
[0.907s] -- Override CMake install command with custom implementation using symlinks instead of copying resources
[0.965s] -- Found gazebo_ros: 3.7.0 (/opt/ros/iron/share/gazebo_ros/cmake)
[1.046s] -- Found rosidl_generator_c: 4.0.1 (/opt/ros/iron/share/rosidl_generator_c/cmake)
[1.067s] -- Found rosidl_generator_cpp: 4.0.1 (/opt/ros/iron/share/rosidl_generator_cpp/cmake)
[1.094s] -- Using all available rosidl_typesupport_c: rosidl_typesupport_fastrtps_c;rosidl_typesupport_introspection_c
[1.125s] -- Using all available rosidl_typesupport_cpp: rosidl_typesupport_fastrtps_cpp;rosidl_typesupport_introspection_cpp
[1.363s] -- Found rmw_implementation_cmake: 7.1.0 (/opt/ros/iron/share/rmw_implementation_cmake/cmake)
[1.375s] -- Found rmw_fastrtps_cpp: 7.1.4 (/opt/ros/iron/share/rmw_fastrtps_cpp/cmake)
[1.517s] -- Found OpenSSL: /usr/lib/x86_64-linux-gnu/libcrypto.so (found version "3.0.2")  
[1.551s] -- Found FastRTPS: /opt/ros/iron/include  
[1.605s] -- Using RMW implementation 'rmw_fastrtps_cpp' as default
[1.846s] -- Found PkgConfig: /usr/bin/pkg-config (found version "0.29.2") 
[1.847s] -- Checking for module 'bullet>=2.82'
[1.861s] --   Found bullet, version 3.05
[1.982s] -- Found fcl: /usr/include (found suitable version "0.7.0", minimum required is "0.5.0") 
[2.040s] -- Found assimp: /usr/include (found version "5.2.0") 
[2.080s] -- Found DART: /usr/include (Required is at least version "6.6") found components: dart 
[2.279s] -- Found Boost: /usr/lib/x86_64-linux-gnu/cmake/Boost-1.74.0/BoostConfig.cmake (found suitable version "1.74.0", minimum required is "1.40.0") found components: thread system filesystem program_options regex iostreams date_time 
[2.299s] -- Found Protobuf: /usr/lib/x86_64-linux-gnu/libprotobuf.so (found version "3.12.4") 
[2.307s] -- Looking for ignition-math6 -- found version 6.15.1
[2.316s] -- Searching for dependencies of ignition-math6
[2.318s] -- Looking for OGRE...
[2.318s] -- OGRE_PREFIX_WATCH changed.
[2.323s] -- Checking for module 'OGRE'
[2.337s] --   Found OGRE, version 1.9.0
[2.377s] -- Found Ogre Ghadamon (1.9.0)
[2.386s] -- Found OGRE: optimized;/usr/lib/x86_64-linux-gnu/libOgreMain.so;debug;/usr/lib/x86_64-linux-gnu/libOgreMain.so
[2.395s] -- Looking for OGRE_Paging...
[2.402s] -- Found OGRE_Paging: optimized;/usr/lib/x86_64-linux-gnu/libOgrePaging.so;debug;/usr/lib/x86_64-linux-gnu/libOgrePaging.so
[2.402s] -- Looking for OGRE_Terrain...
[2.408s] -- Found OGRE_Terrain: optimized;/usr/lib/x86_64-linux-gnu/libOgreTerrain.so;debug;/usr/lib/x86_64-linux-gnu/libOgreTerrain.so
[2.408s] -- Looking for OGRE_Property...
[2.414s] -- Found OGRE_Property: optimized;/usr/lib/x86_64-linux-gnu/libOgreProperty.so;debug;/usr/lib/x86_64-linux-gnu/libOgreProperty.so
[2.414s] -- Looking for OGRE_RTShaderSystem...
[2.419s] -- Found OGRE_RTShaderSystem: optimized;/usr/lib/x86_64-linux-gnu/libOgreRTShaderSystem.so;debug;/usr/lib/x86_64-linux-gnu/libOgreRTShaderSystem.so
[2.419s] -- Looking for OGRE_Volume...
[2.425s] -- Found OGRE_Volume: optimized;/usr/lib/x86_64-linux-gnu/libOgreVolume.so;debug;/usr/lib/x86_64-linux-gnu/libOgreVolume.so
[2.425s] -- Looking for OGRE_Overlay...
[2.430s] -- Found OGRE_Overlay: optimized;/usr/lib/x86_64-linux-gnu/libOgreOverlay.so;debug;/usr/lib/x86_64-linux-gnu/libOgreOverlay.so
[2.561s] -- Looking for ignition-math6 -- found version 6.15.1
[2.565s] -- Looking for ignition-transport8 -- found version 8.2.1
[2.566s] -- Searching for dependencies of ignition-transport8
[2.583s] -- Found Protobuf: /usr/lib/x86_64-linux-gnu/libprotobuf.so (found suitable version "3.12.4", minimum required is "3") 
[2.595s] -- Config-file not installed for ZeroMQ -- checking for pkg-config
[2.599s] -- Checking for module 'libzmq >= 4'
[2.614s] --   Found libzmq , version 4.3.4
[2.650s] -- Found ZeroMQ: TRUE (Required is at least version "4") 
[2.656s] -- Checking for module 'uuid'
[2.670s] --   Found uuid, version 2.37.2
[2.706s] -- Found UUID: TRUE  
[2.710s] -- Looking for ignition-msgs5 -- found version 5.8.1
[2.711s] -- Searching for dependencies of ignition-msgs5
[2.732s] -- Looking for ignition-math6 -- found version 6.15.1
[2.737s] -- Checking for module 'tinyxml2'
[2.752s] --   Found tinyxml2, version 9.0.0
[2.788s] -- Looking for ignition-msgs5 -- found version 5.8.1
[2.792s] -- Looking for ignition-common3 -- found version 3.14.0
[2.792s] -- Searching for dependencies of ignition-common3
[2.793s] -- Looking for dlfcn.h - found
[2.793s] -- Looking for libdl - found
[2.795s] -- Found DL: TRUE  
[2.808s] -- Found tinyobjloader: /usr/lib/x86_64-linux-gnu/cmake/tinyobjloader/tinyobjloader-config.cmake (found version "2.0.0") 
[2.809s] -- Searching for <ignition-common3> component [graphics]
[2.814s] -- Looking for ignition-common3-graphics -- found version 3.14.0
[2.815s] -- Searching for dependencies of ignition-common3-graphics
[2.816s] -- Looking for ignition-math6 -- found version 6.15.1
[2.822s] -- Looking for ignition-fuel_tools4 -- found version 4.4.0
[2.823s] -- Searching for dependencies of ignition-fuel_tools4
[2.924s] -- Found CURL: /usr/lib/x86_64-linux-gnu/libcurl.so (found version "7.81.0")  
[2.936s] -- Checking for module 'jsoncpp'
[2.953s] --   Found jsoncpp, version 1.9.5
[2.992s] -- Found JSONCPP: TRUE  
[3.001s] -- Checking for module 'libzip'
[3.018s] --   Found libzip, version 1.7.3
[3.057s] -- Found ZIP: TRUE  
[3.057s] -- Looking for ignition-common3 -- found version 3.14.0
[3.058s] -- Looking for ignition-math6 -- found version 6.15.1
[3.058s] -- Looking for ignition-msgs5 -- found version 5.8.1
[3.064s] -- Gazebo version: 11.10
[3.064s] -- Checking for module 'tbb'
[3.081s] --   Found tbb, version 2021.5.0
[3.133s] -- Found xacro: 2.0.11 (/opt/ros/iron/share/xacro/cmake)
[3.136s] -- Found ament_lint_auto: 0.14.4 (/opt/ros/iron/share/ament_lint_auto/cmake)
[3.223s] -- Added test 'flake8' to check Python code syntax and style conventions
[3.223s] -- Configured 'flake8' exclude dirs and/or files: 
[3.224s] -- Added test 'lint_cmake' to check CMake code style
[3.225s] -- Added test 'pep257' to check Python code against some of the docstring style conventions in PEP 257
[3.226s] -- Added test 'xmllint' to check XML markup files
[3.228s] -- Configuring done
[3.234s] -- Generating done
[3.236s] -- Build files have been written to: /home/canveo/turtlebot_ws/build/turtlebot2_gazebo
[3.249s] Invoked command in '/home/canveo/turtlebot_ws/build/turtlebot2_gazebo' returned '0': CMAKE_PREFIX_PATH=${CMAKE_PREFIX_PATH}:/opt/ros/iron /usr/bin/cmake /home/canveo/turtlebot_ws/src/turtlebot2_gazebo -DAMENT_CMAKE_SYMLINK_INSTALL=1 -DCMAKE_INSTALL_PREFIX=/home/canveo/turtlebot_ws/install/turtlebot2_gazebo
[3.252s] Invoking command in '/home/canveo/turtlebot_ws/build/turtlebot2_gazebo': CMAKE_PREFIX_PATH=${CMAKE_PREFIX_PATH}:/opt/ros/iron /usr/bin/cmake --build /home/canveo/turtlebot_ws/build/turtlebot2_gazebo -- -j8 -l8
[3.303s] Invoked command in '/home/canveo/turtlebot_ws/build/turtlebot2_gazebo' returned '0': CMAKE_PREFIX_PATH=${CMAKE_PREFIX_PATH}:/opt/ros/iron /usr/bin/cmake --build /home/canveo/turtlebot_ws/build/turtlebot2_gazebo -- -j8 -l8
[3.335s] Invoking command in '/home/canveo/turtlebot_ws/build/turtlebot2_gazebo': CMAKE_PREFIX_PATH=${CMAKE_PREFIX_PATH}:/opt/ros/iron /usr/bin/cmake --install /home/canveo/turtlebot_ws/build/turtlebot2_gazebo
[3.344s] -- Install configuration: ""
[3.345s] -- Execute custom install script
[3.345s] -- Symlinking: /home/canveo/turtlebot_ws/install/turtlebot2_gazebo/share/ament_index/resource_index/package_run_dependencies/turtlebot2_gazebo
[3.356s] -- Symlinking: /home/canveo/turtlebot_ws/install/turtlebot2_gazebo/share/ament_index/resource_index/parent_prefix_path/turtlebot2_gazebo
[3.366s] -- Symlinking: /home/canveo/turtlebot_ws/install/turtlebot2_gazebo/share/turtlebot2_gazebo/environment/ament_prefix_path.sh
[3.377s] -- Symlinking: /home/canveo/turtlebot_ws/install/turtlebot2_gazebo/share/turtlebot2_gazebo/environment/ament_prefix_path.dsv
[3.387s] -- Symlinking: /home/canveo/turtlebot_ws/install/turtlebot2_gazebo/share/turtlebot2_gazebo/environment/path.sh
[3.397s] -- Symlinking: /home/canveo/turtlebot_ws/install/turtlebot2_gazebo/share/turtlebot2_gazebo/environment/path.dsv
[3.407s] -- Symlinking: /home/canveo/turtlebot_ws/install/turtlebot2_gazebo/share/turtlebot2_gazebo/local_setup.bash
[3.417s] -- Symlinking: /home/canveo/turtlebot_ws/install/turtlebot2_gazebo/share/turtlebot2_gazebo/local_setup.sh
[3.427s] -- Symlinking: /home/canveo/turtlebot_ws/install/turtlebot2_gazebo/share/turtlebot2_gazebo/local_setup.zsh
[3.437s] -- Symlinking: /home/canveo/turtlebot_ws/install/turtlebot2_gazebo/share/turtlebot2_gazebo/local_setup.dsv
[3.447s] -- Symlinking: /home/canveo/turtlebot_ws/install/turtlebot2_gazebo/share/turtlebot2_gazebo/package.dsv
[3.458s] -- Symlinking: /home/canveo/turtlebot_ws/install/turtlebot2_gazebo/share/ament_index/resource_index/packages/turtlebot2_gazebo
[3.468s] -- Symlinking: /home/canveo/turtlebot_ws/install/turtlebot2_gazebo/share/turtlebot2_gazebo/cmake/turtlebot2_gazeboConfig.cmake
[3.478s] -- Symlinking: /home/canveo/turtlebot_ws/install/turtlebot2_gazebo/share/turtlebot2_gazebo/cmake/turtlebot2_gazeboConfig-version.cmake
[3.489s] -- Symlinking: /home/canveo/turtlebot_ws/install/turtlebot2_gazebo/share/turtlebot2_gazebo/package.xml
[3.501s] Invoked command in '/home/canveo/turtlebot_ws/build/turtlebot2_gazebo' returned '0': CMAKE_PREFIX_PATH=${CMAKE_PREFIX_PATH}:/opt/ros/iron /usr/bin/cmake --install /home/canveo/turtlebot_ws/build/turtlebot2_gazebo
