running develop
/usr/lib/python3/dist-packages/setuptools/command/easy_install.py:158: EasyInstallDeprecationWarning: easy_install command is deprecated. Use build and pip and other standards-based tools.
  warnings.warn(
running egg_info
creating follow_line.egg-info
writing follow_line.egg-info/PKG-INFO
writing dependency_links to follow_line.egg-info/dependency_links.txt
writing entry points to follow_line.egg-info/entry_points.txt
writing top-level names to follow_line.egg-info/top_level.txt
writing manifest file 'follow_line.egg-info/SOURCES.txt'
reading manifest file 'follow_line.egg-info/SOURCES.txt'
writing manifest file 'follow_line.egg-info/SOURCES.txt'
running build_ext
Creating /home/canveo/turtlebot_ws/install/follow_line/lib/python3.10/site-packages/follow-line.egg-link (link to .)
Installing follow_line_node script to /home/canveo/turtlebot_ws/install/follow_line/lib/follow_line
Installing pilotnet_turtle script to /home/canveo/turtlebot_ws/install/follow_line/lib/follow_line

Installed /home/canveo/turtlebot_ws/build/follow_line
running symlink_data
creating /home/canveo/turtlebot_ws/install/follow_line/share/ament_index
creating /home/canveo/turtlebot_ws/install/follow_line/share/ament_index/resource_index
creating /home/canveo/turtlebot_ws/install/follow_line/share/ament_index/resource_index/packages
symbolically linking /home/canveo/turtlebot_ws/build/follow_line/resource/follow_line -> /home/canveo/turtlebot_ws/install/follow_line/share/ament_index/resource_index/packages
symbolically linking /home/canveo/turtlebot_ws/build/follow_line/package.xml -> /home/canveo/turtlebot_ws/install/follow_line/share/follow_line
symbolically linking /home/canveo/turtlebot_ws/build/follow_line/launch/tortuga.launch.py -> /home/canveo/turtlebot_ws/install/follow_line/share/follow_line
symbolically linking /home/canveo/turtlebot_ws/build/follow_line/launch/pilot_turtlebot.launch.py -> /home/canveo/turtlebot_ws/install/follow_line/share/follow_line
symbolically linking /home/canveo/turtlebot_ws/build/follow_line/launch/turtlebot_follow_line.launch.py -> /home/canveo/turtlebot_ws/install/follow_line/share/follow_line
symbolically linking /home/canveo/turtlebot_ws/build/follow_line/launch/follow_line.launch.py -> /home/canveo/turtlebot_ws/install/follow_line/share/follow_line
