[1.256s] Invoking command in '/home/canveo/turtlebot_ws/build/follow_line': PYTHONPATH=/home/canveo/turtlebot_ws/build/follow_line/prefix_override:/usr/lib/python3/dist-packages/colcon_core/task/python/colcon_distutils_commands:/home/canveo/turtlebot_ws/install/follow_line/lib/python3.10/site-packages:${PYTHONPATH} /usr/bin/python3 -W ignore:setup.py install is deprecated setup.py develop --editable --build-directory /home/canveo/turtlebot_ws/build/follow_line/build --no-deps symlink_data
[1.754s] running develop
[1.755s] /usr/lib/python3/dist-packages/setuptools/command/easy_install.py:158: EasyInstallDeprecationWarning: easy_install command is deprecated. Use build and pip and other standards-based tools.
[1.755s]   warnings.warn(
[1.977s] running egg_info
[1.977s] creating follow_line.egg-info
[1.978s] writing follow_line.egg-info/PKG-INFO
[1.978s] writing dependency_links to follow_line.egg-info/dependency_links.txt
[1.978s] writing entry points to follow_line.egg-info/entry_points.txt
[1.978s] writing top-level names to follow_line.egg-info/top_level.txt
[1.978s] writing manifest file 'follow_line.egg-info/SOURCES.txt'
[1.980s] reading manifest file 'follow_line.egg-info/SOURCES.txt'
[1.981s] writing manifest file 'follow_line.egg-info/SOURCES.txt'
[1.983s] running build_ext
[1.983s] Creating /home/canveo/turtlebot_ws/install/follow_line/lib/python3.10/site-packages/follow-line.egg-link (link to .)
[1.984s] Installing follow_line_node script to /home/canveo/turtlebot_ws/install/follow_line/lib/follow_line
[1.984s] Installing pilotnet_turtle script to /home/canveo/turtlebot_ws/install/follow_line/lib/follow_line
[1.984s] 
[1.984s] Installed /home/canveo/turtlebot_ws/build/follow_line
[1.984s] running symlink_data
[1.984s] creating /home/canveo/turtlebot_ws/install/follow_line/share/ament_index
[1.984s] creating /home/canveo/turtlebot_ws/install/follow_line/share/ament_index/resource_index
[1.984s] creating /home/canveo/turtlebot_ws/install/follow_line/share/ament_index/resource_index/packages
[1.984s] symbolically linking /home/canveo/turtlebot_ws/build/follow_line/resource/follow_line -> /home/canveo/turtlebot_ws/install/follow_line/share/ament_index/resource_index/packages
[1.985s] symbolically linking /home/canveo/turtlebot_ws/build/follow_line/package.xml -> /home/canveo/turtlebot_ws/install/follow_line/share/follow_line
[1.985s] symbolically linking /home/canveo/turtlebot_ws/build/follow_line/launch/tortuga.launch.py -> /home/canveo/turtlebot_ws/install/follow_line/share/follow_line
[1.985s] symbolically linking /home/canveo/turtlebot_ws/build/follow_line/launch/pilot_turtlebot.launch.py -> /home/canveo/turtlebot_ws/install/follow_line/share/follow_line
[1.985s] symbolically linking /home/canveo/turtlebot_ws/build/follow_line/launch/turtlebot_follow_line.launch.py -> /home/canveo/turtlebot_ws/install/follow_line/share/follow_line
[1.985s] symbolically linking /home/canveo/turtlebot_ws/build/follow_line/launch/follow_line.launch.py -> /home/canveo/turtlebot_ws/install/follow_line/share/follow_line
[2.015s] Invoked command in '/home/canveo/turtlebot_ws/build/follow_line' returned '0': PYTHONPATH=/home/canveo/turtlebot_ws/build/follow_line/prefix_override:/usr/lib/python3/dist-packages/colcon_core/task/python/colcon_distutils_commands:/home/canveo/turtlebot_ws/install/follow_line/lib/python3.10/site-packages:${PYTHONPATH} /usr/bin/python3 -W ignore:setup.py install is deprecated setup.py develop --editable --build-directory /home/canveo/turtlebot_ws/build/follow_line/build --no-deps symlink_data
