[0.058s] Invoking command in '/home/canveo/turtlebot_ws/build/kobuki_safety_controller': /usr/bin/cmake --build /home/canveo/turtlebot_ws/build/kobuki_safety_controller -- -j8 -l8
[0.181s] [ 50%] Built target kobuki_safety_controller
[0.181s] [100%] Built target kobuki_safety_controller_node
[0.233s] Invoked command in '/home/canveo/turtlebot_ws/build/kobuki_safety_controller' returned '0': /usr/bin/cmake --build /home/canveo/turtlebot_ws/build/kobuki_safety_controller -- -j8 -l8
[0.325s] Invoking command in '/home/canveo/turtlebot_ws/build/kobuki_safety_controller': /usr/bin/cmake --install /home/canveo/turtlebot_ws/build/kobuki_safety_controller
[0.360s] -- Install configuration: ""
[0.360s] -- Execute custom install script
[0.360s] -- Up-to-date symlink: /home/canveo/turtlebot_ws/install/kobuki_safety_controller/lib/kobuki_safety_controller/kobuki_safety_controller_node
[0.360s] -- Up-to-date symlink: /home/canveo/turtlebot_ws/install/kobuki_safety_controller/lib/libkobuki_safety_controller.so
[0.361s] -- Up-to-date symlink: /home/canveo/turtlebot_ws/install/kobuki_safety_controller/include/kobuki_safety_controller/safety_controller.hpp
[0.361s] -- Up-to-date symlink: /home/canveo/turtlebot_ws/install/kobuki_safety_controller/share/kobuki_safety_controller/config/safety_controller_params.yaml
[0.361s] -- Up-to-date symlink: /home/canveo/turtlebot_ws/install/kobuki_safety_controller/share/kobuki_safety_controller/launch/safety_controller-composed-launch.py
[0.361s] -- Up-to-date symlink: /home/canveo/turtlebot_ws/install/kobuki_safety_controller/share/kobuki_safety_controller/launch/safety_controller-launch.py
[0.361s] -- Up-to-date symlink: /home/canveo/turtlebot_ws/install/kobuki_safety_controller/share/ament_index/resource_index/package_run_dependencies/kobuki_safety_controller
[0.361s] -- Up-to-date symlink: /home/canveo/turtlebot_ws/install/kobuki_safety_controller/share/ament_index/resource_index/parent_prefix_path/kobuki_safety_controller
[0.362s] -- Up-to-date symlink: /home/canveo/turtlebot_ws/install/kobuki_safety_controller/share/kobuki_safety_controller/environment/ament_prefix_path.sh
[0.362s] -- Up-to-date symlink: /home/canveo/turtlebot_ws/install/kobuki_safety_controller/share/kobuki_safety_controller/environment/ament_prefix_path.dsv
[0.363s] -- Up-to-date symlink: /home/canveo/turtlebot_ws/install/kobuki_safety_controller/share/kobuki_safety_controller/environment/path.sh
[0.363s] -- Up-to-date symlink: /home/canveo/turtlebot_ws/install/kobuki_safety_controller/share/kobuki_safety_controller/environment/path.dsv
[0.363s] -- Up-to-date symlink: /home/canveo/turtlebot_ws/install/kobuki_safety_controller/share/kobuki_safety_controller/local_setup.bash
[0.363s] -- Up-to-date symlink: /home/canveo/turtlebot_ws/install/kobuki_safety_controller/share/kobuki_safety_controller/local_setup.sh
[0.363s] -- Up-to-date symlink: /home/canveo/turtlebot_ws/install/kobuki_safety_controller/share/kobuki_safety_controller/local_setup.zsh
[0.363s] -- Up-to-date symlink: /home/canveo/turtlebot_ws/install/kobuki_safety_controller/share/kobuki_safety_controller/local_setup.dsv
[0.363s] -- Symlinking: /home/canveo/turtlebot_ws/install/kobuki_safety_controller/share/kobuki_safety_controller/package.dsv
[0.366s] -- Up-to-date symlink: /home/canveo/turtlebot_ws/install/kobuki_safety_controller/share/ament_index/resource_index/packages/kobuki_safety_controller
[0.366s] -- Up-to-date symlink: /home/canveo/turtlebot_ws/install/kobuki_safety_controller/share/ament_index/resource_index/rclcpp_components/kobuki_safety_controller
[0.366s] -- Up-to-date symlink: /home/canveo/turtlebot_ws/install/kobuki_safety_controller/share/kobuki_safety_controller/cmake/kobuki_safety_controllerConfig.cmake
[0.367s] -- Up-to-date symlink: /home/canveo/turtlebot_ws/install/kobuki_safety_controller/share/kobuki_safety_controller/cmake/kobuki_safety_controllerConfig-version.cmake
[0.367s] -- Up-to-date symlink: /home/canveo/turtlebot_ws/install/kobuki_safety_controller/share/kobuki_safety_controller/package.xml
[0.444s] Invoked command in '/home/canveo/turtlebot_ws/build/kobuki_safety_controller' returned '0': /usr/bin/cmake --install /home/canveo/turtlebot_ws/build/kobuki_safety_controller
