[0.020s] Invoking command in '/home/canveo/turtlebot_ws/build/kobuki_node': AMENT_PREFIX_PATH=/home/canveo/turtlebot_ws/install/kobuki_core:${AMENT_PREFIX_PATH} CMAKE_PREFIX_PATH=/home/canveo/turtlebot_ws/install/kobuki_core:/opt/ros/iron LD_LIBRARY_PATH=/home/canveo/turtlebot_ws/install/kobuki_core/lib:${LD_LIBRARY_PATH} PATH=/home/canveo/turtlebot_ws/install/kobuki_core/bin:${PATH} /usr/bin/cmake /home/canveo/turtlebot_ws/src/kobuki_ros/kobuki_node -DAMENT_CMAKE_SYMLINK_INSTALL=1 -DCMAKE_INSTALL_PREFIX=/home/canveo/turtlebot_ws/install/kobuki_node
[0.158s] -- The C compiler identification is GNU 11.4.0
[0.300s] -- The CXX compiler identification is GNU 11.4.0
[0.316s] -- Detecting C compiler ABI info
[0.462s] -- Detecting C compiler ABI info - done
[0.485s] -- Check for working C compiler: /usr/bin/cc - skipped
[0.485s] -- Detecting C compile features
[0.486s] -- Detecting C compile features - done
[0.493s] -- Detecting CXX compiler ABI info
[0.657s] -- Detecting CXX compiler ABI info - done
[0.681s] -- Check for working CXX compiler: /usr/bin/c++ - skipped
[0.682s] -- Detecting CXX compile features
[0.683s] -- Detecting CXX compile features - done
[0.687s] -- Found ament_cmake_ros: 0.11.2 (/opt/ros/iron/share/ament_cmake_ros/cmake)
[1.085s] -- Found Python3: /usr/bin/python3.10 (found version "3.10.12") found components: Interpreter 
[1.227s] -- Override CMake install command with custom implementation using symlinks instead of copying resources
[1.286s] -- Found angles: 1.16.0 (/opt/ros/iron/share/angles/cmake)
[1.293s] -- Found diagnostic_msgs: 5.0.1 (/opt/ros/iron/share/diagnostic_msgs/cmake)
[1.389s] -- Found rosidl_generator_c: 4.0.1 (/opt/ros/iron/share/rosidl_generator_c/cmake)
[1.422s] -- Found rosidl_generator_cpp: 4.0.1 (/opt/ros/iron/share/rosidl_generator_cpp/cmake)
[1.471s] -- Using all available rosidl_typesupport_c: rosidl_typesupport_fastrtps_c;rosidl_typesupport_introspection_c
[1.526s] -- Using all available rosidl_typesupport_cpp: rosidl_typesupport_fastrtps_cpp;rosidl_typesupport_introspection_cpp
[2.014s] -- Found diagnostic_updater: 4.1.0 (/opt/ros/iron/share/diagnostic_updater/cmake)
[2.276s] -- Found rmw_implementation_cmake: 7.1.0 (/opt/ros/iron/share/rmw_implementation_cmake/cmake)
[2.281s] -- Found rmw_fastrtps_cpp: 7.1.4 (/opt/ros/iron/share/rmw_fastrtps_cpp/cmake)
[2.481s] -- Found OpenSSL: /usr/lib/x86_64-linux-gnu/libcrypto.so (found version "3.0.2")  
[2.524s] -- Found FastRTPS: /opt/ros/iron/include  
[2.590s] -- Using RMW implementation 'rmw_fastrtps_cpp' as default
[2.961s] -- Found ecl_build: 1.0.3 (/opt/ros/iron/share/ecl_build/cmake)
[2.972s] -- Found ecl_errors: 1.2.0 (/opt/ros/iron/share/ecl_errors/cmake)
[2.980s] -- Found ecl_exceptions: 1.2.1 (/opt/ros/iron/share/ecl_exceptions/cmake)
[2.985s] -- Found ecl_geometry: 1.2.1 (/opt/ros/iron/share/ecl_geometry/cmake)
[3.304s] -- Found ecl_sigslots: 1.2.1 (/opt/ros/iron/share/ecl_sigslots/cmake)
[3.312s] [33mCMake Warning (dev) at /usr/share/cmake-3.22/Modules/FindPackageHandleStandardArgs.cmake:438 (message):
[3.312s]   The package name passed to `find_package_handle_standard_args` (Threads)
[3.312s]   does not match the name of the calling package (ecl_threads).  This can
[3.312s]   lead to problems in calling code that expects `find_package` result
[3.312s]   variables (e.g., `_FOUND`) to follow a certain pattern.
[3.312s] Call Stack (most recent call first):
[3.312s]   /usr/share/cmake-3.22/Modules/FindThreads.cmake:238 (FIND_PACKAGE_HANDLE_STANDARD_ARGS)
[3.313s]   /opt/ros/iron/share/ecl_build/cmake/ecl_platform_detection.cmake:225 (include)
[3.313s]   /opt/ros/iron/share/ecl_threads/cmake/ecl_threads-extras.cmake:4 (ecl_detect_threads)
[3.313s]   /opt/ros/iron/share/ecl_threads/cmake/ecl_threadsConfig.cmake:41 (include)
[3.313s]   /opt/ros/iron/share/ecl_sigslots/cmake/ament_cmake_export_dependencies-extras.cmake:21 (find_package)
[3.313s]   /opt/ros/iron/share/ecl_sigslots/cmake/ecl_sigslotsConfig.cmake:41 (include)
[3.313s]   CMakeLists.txt:13 (find_package)
[3.313s] This warning is for project developers.  Use -Wno-dev to suppress it.
[3.313s] [0m
[3.314s] -- Found Threads: TRUE  
[3.333s] -- Found geometry_msgs: 5.0.1 (/opt/ros/iron/share/geometry_msgs/cmake)
[3.403s] -- Found kobuki_core: 1.4.0 (/home/canveo/turtlebot_ws/install/kobuki_core/share/kobuki_core/cmake)
[3.436s] -- Found kobuki_ros_interfaces: 1.0.0 (/opt/ros/iron/share/kobuki_ros_interfaces/cmake)
[3.871s] -- Found nav_msgs: 5.0.1 (/opt/ros/iron/share/nav_msgs/cmake)
[4.097s] -- Found rclcpp_components: 21.0.7 (/opt/ros/iron/share/rclcpp_components/cmake)
[4.305s] -- Found sensor_msgs: 5.0.1 (/opt/ros/iron/share/sensor_msgs/cmake)
[4.496s] -- Found tf2: 0.31.8 (/opt/ros/iron/share/tf2/cmake)
[4.511s] -- Found tf2_ros: 0.31.8 (/opt/ros/iron/share/tf2_ros/cmake)
[5.042s] -- Configuring done
[5.077s] -- Generating done
[5.081s] -- Build files have been written to: /home/canveo/turtlebot_ws/build/kobuki_node
[5.103s] Invoked command in '/home/canveo/turtlebot_ws/build/kobuki_node' returned '0': AMENT_PREFIX_PATH=/home/canveo/turtlebot_ws/install/kobuki_core:${AMENT_PREFIX_PATH} CMAKE_PREFIX_PATH=/home/canveo/turtlebot_ws/install/kobuki_core:/opt/ros/iron LD_LIBRARY_PATH=/home/canveo/turtlebot_ws/install/kobuki_core/lib:${LD_LIBRARY_PATH} PATH=/home/canveo/turtlebot_ws/install/kobuki_core/bin:${PATH} /usr/bin/cmake /home/canveo/turtlebot_ws/src/kobuki_ros/kobuki_node -DAMENT_CMAKE_SYMLINK_INSTALL=1 -DCMAKE_INSTALL_PREFIX=/home/canveo/turtlebot_ws/install/kobuki_node
[5.104s] Invoking command in '/home/canveo/turtlebot_ws/build/kobuki_node': AMENT_PREFIX_PATH=/home/canveo/turtlebot_ws/install/kobuki_core:${AMENT_PREFIX_PATH} CMAKE_PREFIX_PATH=/home/canveo/turtlebot_ws/install/kobuki_core:/opt/ros/iron LD_LIBRARY_PATH=/home/canveo/turtlebot_ws/install/kobuki_core/lib:${LD_LIBRARY_PATH} PATH=/home/canveo/turtlebot_ws/install/kobuki_core/bin:${PATH} /usr/bin/cmake --build /home/canveo/turtlebot_ws/build/kobuki_node -- -j8 -l8
[5.192s] [ 16%] [32mBuilding CXX object CMakeFiles/kobuki_ros.dir/src/kobuki_ros.cpp.o[0m
[5.192s] [ 33%] [32mBuilding CXX object CMakeFiles/kobuki_ros.dir/src/odometry.cpp.o[0m
[5.192s] [ 50%] [32mBuilding CXX object CMakeFiles/kobuki_ros.dir/src/diagnostics.cpp.o[0m
[5.194s] [ 66%] [32mBuilding CXX object CMakeFiles/kobuki_ros_node.dir/rclcpp_components/node_main_kobuki_ros_node.cpp.o[0m
[15.579s] [ 83%] [32m[1mLinking CXX executable kobuki_ros_node[0m
[15.916s] [ 83%] Built target kobuki_ros_node
[55.526s] [100%] [32m[1mLinking CXX shared library libkobuki_ros.so[0m
[59.155s] [100%] Built target kobuki_ros
[59.166s] Invoked command in '/home/canveo/turtlebot_ws/build/kobuki_node' returned '0': AMENT_PREFIX_PATH=/home/canveo/turtlebot_ws/install/kobuki_core:${AMENT_PREFIX_PATH} CMAKE_PREFIX_PATH=/home/canveo/turtlebot_ws/install/kobuki_core:/opt/ros/iron LD_LIBRARY_PATH=/home/canveo/turtlebot_ws/install/kobuki_core/lib:${LD_LIBRARY_PATH} PATH=/home/canveo/turtlebot_ws/install/kobuki_core/bin:${PATH} /usr/bin/cmake --build /home/canveo/turtlebot_ws/build/kobuki_node -- -j8 -l8
[59.207s] Invoking command in '/home/canveo/turtlebot_ws/build/kobuki_node': AMENT_PREFIX_PATH=/home/canveo/turtlebot_ws/install/kobuki_core:${AMENT_PREFIX_PATH} CMAKE_PREFIX_PATH=/home/canveo/turtlebot_ws/install/kobuki_core:/opt/ros/iron LD_LIBRARY_PATH=/home/canveo/turtlebot_ws/install/kobuki_core/lib:${LD_LIBRARY_PATH} PATH=/home/canveo/turtlebot_ws/install/kobuki_core/bin:${PATH} /usr/bin/cmake --install /home/canveo/turtlebot_ws/build/kobuki_node
[59.214s] -- Install configuration: ""
[59.215s] -- Execute custom install script
[59.215s] -- Symlinking: /home/canveo/turtlebot_ws/install/kobuki_node/lib/kobuki_node/kobuki_ros_node
[59.224s] -- Symlinking: /home/canveo/turtlebot_ws/install/kobuki_node/lib/libkobuki_ros.so
[59.234s] -- Symlinking: /home/canveo/turtlebot_ws/install/kobuki_node/include/kobuki_node/diagnostics.hpp
[59.244s] -- Symlinking: /home/canveo/turtlebot_ws/install/kobuki_node/include/kobuki_node/kobuki_ros.hpp
[59.255s] -- Symlinking: /home/canveo/turtlebot_ws/install/kobuki_node/include/kobuki_node/odometry.hpp
[59.277s] -- Symlinking: /home/canveo/turtlebot_ws/install/kobuki_node/share/kobuki_node/config/kobuki_node_params.yaml
[59.284s] -- Symlinking: /home/canveo/turtlebot_ws/install/kobuki_node/share/kobuki_node/launch/kobuki_node-composed-launch.py
[59.299s] -- Symlinking: /home/canveo/turtlebot_ws/install/kobuki_node/share/kobuki_node/launch/kobuki_node-launch.py
[59.320s] -- Symlinking: /home/canveo/turtlebot_ws/install/kobuki_node/share/ament_index/resource_index/package_run_dependencies/kobuki_node
[59.335s] -- Symlinking: /home/canveo/turtlebot_ws/install/kobuki_node/share/ament_index/resource_index/parent_prefix_path/kobuki_node
[59.348s] -- Symlinking: /home/canveo/turtlebot_ws/install/kobuki_node/share/kobuki_node/environment/ament_prefix_path.sh
[59.359s] -- Symlinking: /home/canveo/turtlebot_ws/install/kobuki_node/share/kobuki_node/environment/ament_prefix_path.dsv
[59.370s] -- Symlinking: /home/canveo/turtlebot_ws/install/kobuki_node/share/kobuki_node/environment/path.sh
[59.382s] -- Symlinking: /home/canveo/turtlebot_ws/install/kobuki_node/share/kobuki_node/environment/path.dsv
[59.394s] -- Symlinking: /home/canveo/turtlebot_ws/install/kobuki_node/share/kobuki_node/local_setup.bash
[59.413s] -- Symlinking: /home/canveo/turtlebot_ws/install/kobuki_node/share/kobuki_node/local_setup.sh
[59.424s] -- Symlinking: /home/canveo/turtlebot_ws/install/kobuki_node/share/kobuki_node/local_setup.zsh
[59.435s] -- Symlinking: /home/canveo/turtlebot_ws/install/kobuki_node/share/kobuki_node/local_setup.dsv
[59.446s] -- Symlinking: /home/canveo/turtlebot_ws/install/kobuki_node/share/kobuki_node/package.dsv
[59.457s] -- Symlinking: /home/canveo/turtlebot_ws/install/kobuki_node/share/ament_index/resource_index/packages/kobuki_node
[59.467s] -- Symlinking: /home/canveo/turtlebot_ws/install/kobuki_node/share/ament_index/resource_index/rclcpp_components/kobuki_node
[59.478s] -- Symlinking: /home/canveo/turtlebot_ws/install/kobuki_node/share/kobuki_node/cmake/kobuki_nodeConfig.cmake
[59.488s] -- Symlinking: /home/canveo/turtlebot_ws/install/kobuki_node/share/kobuki_node/cmake/kobuki_nodeConfig-version.cmake
[59.500s] -- Symlinking: /home/canveo/turtlebot_ws/install/kobuki_node/share/kobuki_node/package.xml
[59.513s] Invoked command in '/home/canveo/turtlebot_ws/build/kobuki_node' returned '0': AMENT_PREFIX_PATH=/home/canveo/turtlebot_ws/install/kobuki_core:${AMENT_PREFIX_PATH} CMAKE_PREFIX_PATH=/home/canveo/turtlebot_ws/install/kobuki_core:/opt/ros/iron LD_LIBRARY_PATH=/home/canveo/turtlebot_ws/install/kobuki_core/lib:${LD_LIBRARY_PATH} PATH=/home/canveo/turtlebot_ws/install/kobuki_core/bin:${PATH} /usr/bin/cmake --install /home/canveo/turtlebot_ws/build/kobuki_node
