[0.908s] Invoking command in '/home/canveo/turtlebot_ws/build/move_base': PYTHONPATH=/home/canveo/turtlebot_ws/build/move_base/prefix_override:/usr/lib/python3/dist-packages/colcon_core/task/python/colcon_distutils_commands:/home/canveo/turtlebot_ws/install/move_base/lib/python3.10/site-packages:${PYTHONPATH} /usr/bin/python3 -W ignore:setup.py install is deprecated setup.py develop --editable --build-directory /home/canveo/turtlebot_ws/build/move_base/build --no-deps symlink_data
[1.172s] running develop
[1.173s] /usr/lib/python3/dist-packages/setuptools/command/easy_install.py:158: EasyInstallDeprecationWarning: easy_install command is deprecated. Use build and pip and other standards-based tools.
[1.174s]   warnings.warn(
[1.344s] running egg_info
[1.344s] creating move_base.egg-info
[1.344s] writing move_base.egg-info/PKG-INFO
[1.344s] writing dependency_links to move_base.egg-info/dependency_links.txt
[1.345s] writing entry points to move_base.egg-info/entry_points.txt
[1.345s] writing requirements to move_base.egg-info/requires.txt
[1.345s] writing top-level names to move_base.egg-info/top_level.txt
[1.345s] writing manifest file 'move_base.egg-info/SOURCES.txt'
[1.346s] reading manifest file 'move_base.egg-info/SOURCES.txt'
[1.347s] writing manifest file 'move_base.egg-info/SOURCES.txt'
[1.348s] running build_ext
[1.348s] Creating /home/canveo/turtlebot_ws/install/move_base/lib/python3.10/site-packages/move-base.egg-link (link to .)
[1.349s] 
[1.349s] Installed /home/canveo/turtlebot_ws/build/move_base
[1.349s] running symlink_data
[1.349s] creating /home/canveo/turtlebot_ws/install/move_base/share/ament_index
[1.349s] creating /home/canveo/turtlebot_ws/install/move_base/share/ament_index/resource_index
[1.349s] creating /home/canveo/turtlebot_ws/install/move_base/share/ament_index/resource_index/packages
[1.349s] symbolically linking /home/canveo/turtlebot_ws/build/move_base/resource/move_base -> /home/canveo/turtlebot_ws/install/move_base/share/ament_index/resource_index/packages
[1.349s] symbolically linking /home/canveo/turtlebot_ws/build/move_base/package.xml -> /home/canveo/turtlebot_ws/install/move_base/share/move_base
[1.378s] Invoked command in '/home/canveo/turtlebot_ws/build/move_base' returned '0': PYTHONPATH=/home/canveo/turtlebot_ws/build/move_base/prefix_override:/usr/lib/python3/dist-packages/colcon_core/task/python/colcon_distutils_commands:/home/canveo/turtlebot_ws/install/move_base/lib/python3.10/site-packages:${PYTHONPATH} /usr/bin/python3 -W ignore:setup.py install is deprecated setup.py develop --editable --build-directory /home/canveo/turtlebot_ws/build/move_base/build --no-deps symlink_data
