[0.040s] Invoking command in '/home/canveo/turtlebot_ws/build/kobuki_bumper2pc': CMAKE_PREFIX_PATH=${CMAKE_PREFIX_PATH}:/opt/ros/iron /usr/bin/cmake --build /home/canveo/turtlebot_ws/build/kobuki_bumper2pc -- -j8 -l8
[0.143s] [35m[1mConsolidate compiler generated dependencies of target kobuki_bumper2pc_node[0m
[0.146s] [35m[1mConsolidate compiler generated dependencies of target kobuki_bumper2pc[0m
[0.217s] [ 50%] Built target kobuki_bumper2pc_node
[0.218s] [100%] Built target kobuki_bumper2pc
[0.256s] Invoked command in '/home/canveo/turtlebot_ws/build/kobuki_bumper2pc' returned '0': CMAKE_PREFIX_PATH=${CMAKE_PREFIX_PATH}:/opt/ros/iron /usr/bin/cmake --build /home/canveo/turtlebot_ws/build/kobuki_bumper2pc -- -j8 -l8
[0.422s] Invoking command in '/home/canveo/turtlebot_ws/build/kobuki_bumper2pc': CMAKE_PREFIX_PATH=${CMAKE_PREFIX_PATH}:/opt/ros/iron /usr/bin/cmake --install /home/canveo/turtlebot_ws/build/kobuki_bumper2pc
[0.444s] -- Install configuration: ""
[0.445s] -- Execute custom install script
[0.446s] -- Up-to-date symlink: /home/canveo/turtlebot_ws/install/kobuki_bumper2pc/lib/kobuki_bumper2pc/kobuki_bumper2pc_node
[0.447s] -- Up-to-date symlink: /home/canveo/turtlebot_ws/install/kobuki_bumper2pc/lib/libkobuki_bumper2pc.so
[0.447s] -- Up-to-date symlink: /home/canveo/turtlebot_ws/install/kobuki_bumper2pc/include/kobuki_bumper2pc/kobuki_bumper2pc.hpp
[0.448s] -- Up-to-date symlink: /home/canveo/turtlebot_ws/install/kobuki_bumper2pc/share/kobuki_bumper2pc/launch/kobuki_bumper2pc-launch.py
[0.448s] -- Up-to-date symlink: /home/canveo/turtlebot_ws/install/kobuki_bumper2pc/share/ament_index/resource_index/package_run_dependencies/kobuki_bumper2pc
[0.448s] -- Up-to-date symlink: /home/canveo/turtlebot_ws/install/kobuki_bumper2pc/share/ament_index/resource_index/parent_prefix_path/kobuki_bumper2pc
[0.449s] -- Up-to-date symlink: /home/canveo/turtlebot_ws/install/kobuki_bumper2pc/share/kobuki_bumper2pc/environment/ament_prefix_path.sh
[0.449s] -- Up-to-date symlink: /home/canveo/turtlebot_ws/install/kobuki_bumper2pc/share/kobuki_bumper2pc/environment/ament_prefix_path.dsv
[0.450s] -- Up-to-date symlink: /home/canveo/turtlebot_ws/install/kobuki_bumper2pc/share/kobuki_bumper2pc/environment/path.sh
[0.455s] -- Up-to-date symlink: /home/canveo/turtlebot_ws/install/kobuki_bumper2pc/share/kobuki_bumper2pc/environment/path.dsv
[0.456s] -- Up-to-date symlink: /home/canveo/turtlebot_ws/install/kobuki_bumper2pc/share/kobuki_bumper2pc/local_setup.bash
[0.456s] -- Up-to-date symlink: /home/canveo/turtlebot_ws/install/kobuki_bumper2pc/share/kobuki_bumper2pc/local_setup.sh
[0.459s] -- Up-to-date symlink: /home/canveo/turtlebot_ws/install/kobuki_bumper2pc/share/kobuki_bumper2pc/local_setup.zsh
[0.460s] -- Up-to-date symlink: /home/canveo/turtlebot_ws/install/kobuki_bumper2pc/share/kobuki_bumper2pc/local_setup.dsv
[0.460s] -- Symlinking: /home/canveo/turtlebot_ws/install/kobuki_bumper2pc/share/kobuki_bumper2pc/package.dsv
[0.473s] -- Up-to-date symlink: /home/canveo/turtlebot_ws/install/kobuki_bumper2pc/share/ament_index/resource_index/packages/kobuki_bumper2pc
[0.474s] -- Up-to-date symlink: /home/canveo/turtlebot_ws/install/kobuki_bumper2pc/share/ament_index/resource_index/rclcpp_components/kobuki_bumper2pc
[0.474s] -- Up-to-date symlink: /home/canveo/turtlebot_ws/install/kobuki_bumper2pc/share/kobuki_bumper2pc/cmake/kobuki_bumper2pcConfig.cmake
[0.474s] -- Up-to-date symlink: /home/canveo/turtlebot_ws/install/kobuki_bumper2pc/share/kobuki_bumper2pc/cmake/kobuki_bumper2pcConfig-version.cmake
[0.476s] -- Up-to-date symlink: /home/canveo/turtlebot_ws/install/kobuki_bumper2pc/share/kobuki_bumper2pc/package.xml
[0.514s] Invoked command in '/home/canveo/turtlebot_ws/build/kobuki_bumper2pc' returned '0': CMAKE_PREFIX_PATH=${CMAKE_PREFIX_PATH}:/opt/ros/iron /usr/bin/cmake --install /home/canveo/turtlebot_ws/build/kobuki_bumper2pc
