[0.015s] Invoking command in '/home/canveo/turtlebot_ws/build/kobuki_auto_docking': AMENT_PREFIX_PATH=/home/canveo/turtlebot_ws/install/kobuki_core CMAKE_PREFIX_PATH=/home/canveo/turtlebot_ws/install/kobuki_core LD_LIBRARY_PATH=/home/canveo/turtlebot_ws/install/kobuki_core/lib PATH=/home/canveo/turtlebot_ws/install/kobuki_core/bin:${PATH} /usr/bin/cmake --build /home/canveo/turtlebot_ws/build/kobuki_auto_docking -- -j8 -l8
[0.127s] [ 50%] Built target kobuki_auto_docking_node
[0.141s] [100%] Built target kobuki_auto_docking
[0.166s] Invoked command in '/home/canveo/turtlebot_ws/build/kobuki_auto_docking' returned '0': AMENT_PREFIX_PATH=/home/canveo/turtlebot_ws/install/kobuki_core CMAKE_PREFIX_PATH=/home/canveo/turtlebot_ws/install/kobuki_core LD_LIBRARY_PATH=/home/canveo/turtlebot_ws/install/kobuki_core/lib PATH=/home/canveo/turtlebot_ws/install/kobuki_core/bin:${PATH} /usr/bin/cmake --build /home/canveo/turtlebot_ws/build/kobuki_auto_docking -- -j8 -l8
[0.208s] Invoking command in '/home/canveo/turtlebot_ws/build/kobuki_auto_docking': AMENT_PREFIX_PATH=/home/canveo/turtlebot_ws/install/kobuki_core CMAKE_PREFIX_PATH=/home/canveo/turtlebot_ws/install/kobuki_core LD_LIBRARY_PATH=/home/canveo/turtlebot_ws/install/kobuki_core/lib PATH=/home/canveo/turtlebot_ws/install/kobuki_core/bin:${PATH} /usr/bin/cmake --install /home/canveo/turtlebot_ws/build/kobuki_auto_docking
[0.215s] -- Install configuration: ""
[0.216s] -- Execute custom install script
[0.216s] -- Up-to-date symlink: /home/canveo/turtlebot_ws/install/kobuki_auto_docking/lib/kobuki_auto_docking/kobuki_auto_docking_node
[0.217s] -- Up-to-date symlink: /home/canveo/turtlebot_ws/install/kobuki_auto_docking/lib/libkobuki_auto_docking.so
[0.217s] -- Up-to-date symlink: /home/canveo/turtlebot_ws/install/kobuki_auto_docking/include/kobuki_auto_docking/auto_docking_ros.hpp
[0.218s] -- Up-to-date symlink: /home/canveo/turtlebot_ws/install/kobuki_auto_docking/share/kobuki_auto_docking/launch/compact.launch.py
[0.218s] -- Up-to-date symlink: /home/canveo/turtlebot_ws/install/kobuki_auto_docking/share/kobuki_auto_docking/config/auto_docking.yaml
[0.219s] -- Up-to-date symlink: /home/canveo/turtlebot_ws/install/kobuki_auto_docking/share/kobuki_auto_docking/config/kobuki_node_params.yaml
[0.219s] -- Up-to-date symlink: /home/canveo/turtlebot_ws/install/kobuki_auto_docking/lib/kobuki_auto_docking/activate.sh
[0.219s] -- Up-to-date symlink: /home/canveo/turtlebot_ws/install/kobuki_auto_docking/share/ament_index/resource_index/package_run_dependencies/kobuki_auto_docking
[0.219s] -- Up-to-date symlink: /home/canveo/turtlebot_ws/install/kobuki_auto_docking/share/ament_index/resource_index/parent_prefix_path/kobuki_auto_docking
[0.220s] -- Up-to-date symlink: /home/canveo/turtlebot_ws/install/kobuki_auto_docking/share/kobuki_auto_docking/environment/ament_prefix_path.sh
[0.220s] -- Up-to-date symlink: /home/canveo/turtlebot_ws/install/kobuki_auto_docking/share/kobuki_auto_docking/environment/ament_prefix_path.dsv
[0.220s] -- Up-to-date symlink: /home/canveo/turtlebot_ws/install/kobuki_auto_docking/share/kobuki_auto_docking/environment/path.sh
[0.221s] -- Up-to-date symlink: /home/canveo/turtlebot_ws/install/kobuki_auto_docking/share/kobuki_auto_docking/environment/path.dsv
[0.222s] -- Up-to-date symlink: /home/canveo/turtlebot_ws/install/kobuki_auto_docking/share/kobuki_auto_docking/local_setup.bash
[0.222s] -- Up-to-date symlink: /home/canveo/turtlebot_ws/install/kobuki_auto_docking/share/kobuki_auto_docking/local_setup.sh
[0.222s] -- Up-to-date symlink: /home/canveo/turtlebot_ws/install/kobuki_auto_docking/share/kobuki_auto_docking/local_setup.zsh
[0.222s] -- Up-to-date symlink: /home/canveo/turtlebot_ws/install/kobuki_auto_docking/share/kobuki_auto_docking/local_setup.dsv
[0.223s] -- Symlinking: /home/canveo/turtlebot_ws/install/kobuki_auto_docking/share/kobuki_auto_docking/package.dsv
[0.232s] -- Up-to-date symlink: /home/canveo/turtlebot_ws/install/kobuki_auto_docking/share/ament_index/resource_index/packages/kobuki_auto_docking
[0.232s] -- Up-to-date symlink: /home/canveo/turtlebot_ws/install/kobuki_auto_docking/share/ament_index/resource_index/rclcpp_components/kobuki_auto_docking
[0.233s] -- Up-to-date symlink: /home/canveo/turtlebot_ws/install/kobuki_auto_docking/share/kobuki_auto_docking/cmake/kobuki_auto_dockingConfig.cmake
[0.233s] -- Up-to-date symlink: /home/canveo/turtlebot_ws/install/kobuki_auto_docking/share/kobuki_auto_docking/cmake/kobuki_auto_dockingConfig-version.cmake
[0.233s] -- Up-to-date symlink: /home/canveo/turtlebot_ws/install/kobuki_auto_docking/share/kobuki_auto_docking/package.xml
[0.246s] Invoked command in '/home/canveo/turtlebot_ws/build/kobuki_auto_docking' returned '0': AMENT_PREFIX_PATH=/home/canveo/turtlebot_ws/install/kobuki_core CMAKE_PREFIX_PATH=/home/canveo/turtlebot_ws/install/kobuki_core LD_LIBRARY_PATH=/home/canveo/turtlebot_ws/install/kobuki_core/lib PATH=/home/canveo/turtlebot_ws/install/kobuki_core/bin:${PATH} /usr/bin/cmake --install /home/canveo/turtlebot_ws/build/kobuki_auto_docking
