[0.346s] Invoking command in '/home/canveo/turtlebot_ws/build/turtlebot2_gazebo': CMAKE_PREFIX_PATH=${CMAKE_PREFIX_PATH}:/home/canveo/turtlebot_ws/install/move_base:/opt/ros/iron /usr/bin/cmake /home/canveo/turtlebot_ws/src/turtlebot2_gazebo -DAMENT_CMAKE_SYMLINK_INSTALL=1 -DCMAKE_INSTALL_PREFIX=/home/canveo/turtlebot_ws/install/turtlebot2_gazebo
[0.355s] -- Found ament_cmake: 2.0.6 (/opt/ros/iron/share/ament_cmake/cmake)
[0.626s] -- Override CMake install command with custom implementation using symlinks instead of copying resources
[0.647s] -- Found gazebo_ros: 3.7.0 (/opt/ros/iron/share/gazebo_ros/cmake)
[0.721s] -- Found rosidl_generator_c: 4.0.1 (/opt/ros/iron/share/rosidl_generator_c/cmake)
[0.739s] -- Found rosidl_generator_cpp: 4.0.1 (/opt/ros/iron/share/rosidl_generator_cpp/cmake)
[0.770s] -- Using all available rosidl_typesupport_c: rosidl_typesupport_fastrtps_c;rosidl_typesupport_introspection_c
[0.798s] -- Using all available rosidl_typesupport_cpp: rosidl_typesupport_fastrtps_cpp;rosidl_typesupport_introspection_cpp
[1.025s] -- Found rmw_implementation_cmake: 7.1.0 (/opt/ros/iron/share/rmw_implementation_cmake/cmake)
[1.028s] -- Found rmw_fastrtps_cpp: 7.1.4 (/opt/ros/iron/share/rmw_fastrtps_cpp/cmake)
[1.171s] -- Using RMW implementation 'rmw_fastrtps_cpp' as default
[1.407s] -- Found DART: /usr/include (Required is at least version "6.6") found components: dart 
[1.450s] -- Found Protobuf: /usr/lib/x86_64-linux-gnu/libprotobuf.so (found version "3.12.4") 
[1.452s] -- Looking for ignition-math6 -- found version 6.15.1
[1.463s] -- Searching for dependencies of ignition-math6
[1.465s] -- Looking for OGRE...
[1.473s] -- Found Ogre Ghadamon (1.9.0)
[1.473s] -- Found OGRE: optimized;/usr/lib/x86_64-linux-gnu/libOgreMain.so;debug;/usr/lib/x86_64-linux-gnu/libOgreMain.so
[1.485s] -- Looking for OGRE_Paging...
[1.485s] -- Found OGRE_Paging: optimized;/usr/lib/x86_64-linux-gnu/libOgrePaging.so;debug;/usr/lib/x86_64-linux-gnu/libOgrePaging.so
[1.485s] -- Looking for OGRE_Terrain...
[1.485s] -- Found OGRE_Terrain: optimized;/usr/lib/x86_64-linux-gnu/libOgreTerrain.so;debug;/usr/lib/x86_64-linux-gnu/libOgreTerrain.so
[1.485s] -- Looking for OGRE_Property...
[1.485s] -- Found OGRE_Property: optimized;/usr/lib/x86_64-linux-gnu/libOgreProperty.so;debug;/usr/lib/x86_64-linux-gnu/libOgreProperty.so
[1.486s] -- Looking for OGRE_RTShaderSystem...
[1.486s] -- Found OGRE_RTShaderSystem: optimized;/usr/lib/x86_64-linux-gnu/libOgreRTShaderSystem.so;debug;/usr/lib/x86_64-linux-gnu/libOgreRTShaderSystem.so
[1.486s] -- Looking for OGRE_Volume...
[1.486s] -- Found OGRE_Volume: optimized;/usr/lib/x86_64-linux-gnu/libOgreVolume.so;debug;/usr/lib/x86_64-linux-gnu/libOgreVolume.so
[1.486s] -- Looking for OGRE_Overlay...
[1.486s] -- Found OGRE_Overlay: optimized;/usr/lib/x86_64-linux-gnu/libOgreOverlay.so;debug;/usr/lib/x86_64-linux-gnu/libOgreOverlay.so
[1.630s] -- Looking for ignition-math6 -- found version 6.15.1
[1.638s] -- Looking for ignition-transport8 -- found version 8.2.1
[1.641s] -- Searching for dependencies of ignition-transport8
[1.671s] -- Found Protobuf: /usr/lib/x86_64-linux-gnu/libprotobuf.so (found suitable version "3.12.4", minimum required is "3") 
[1.683s] -- Config-file not installed for ZeroMQ -- checking for pkg-config
[1.688s] -- Checking for module 'libzmq >= 4'
[1.703s] --   Found libzmq , version 4.3.4
[1.745s] -- Checking for module 'uuid'
[1.758s] --   Found uuid, version 2.37.2
[1.792s] -- Looking for ignition-msgs5 -- found version 5.8.1
[1.793s] -- Searching for dependencies of ignition-msgs5
[1.813s] -- Looking for ignition-math6 -- found version 6.15.1
[1.819s] -- Checking for module 'tinyxml2'
[1.833s] --   Found tinyxml2, version 9.0.0
[1.868s] -- Looking for ignition-msgs5 -- found version 5.8.1
[1.869s] -- Looking for ignition-common3 -- found version 3.14.0
[1.870s] -- Searching for dependencies of ignition-common3
[1.871s] -- Looking for dlfcn.h - found
[1.871s] -- Looking for libdl - found
[1.884s] -- Searching for <ignition-common3> component [graphics]
[1.885s] -- Looking for ignition-common3-graphics -- found version 3.14.0
[1.885s] -- Searching for dependencies of ignition-common3-graphics
[1.885s] -- Looking for ignition-math6 -- found version 6.15.1
[1.887s] -- Looking for ignition-fuel_tools4 -- found version 4.4.0
[1.888s] -- Searching for dependencies of ignition-fuel_tools4
[1.930s] -- Checking for module 'jsoncpp'
[1.945s] --   Found jsoncpp, version 1.9.5
[1.986s] -- Checking for module 'libzip'
[2.001s] --   Found libzip, version 1.7.3
[2.036s] -- Looking for ignition-common3 -- found version 3.14.0
[2.037s] -- Looking for ignition-math6 -- found version 6.15.1
[2.037s] -- Looking for ignition-msgs5 -- found version 5.8.1
[2.040s] -- Gazebo version: 11.10
[2.051s] -- Found xacro: 2.0.11 (/opt/ros/iron/share/xacro/cmake)
[2.052s] -- Found ament_lint_auto: 0.14.4 (/opt/ros/iron/share/ament_lint_auto/cmake)
[2.127s] -- Added test 'lint_cmake' to check CMake code style
[2.128s] -- Added test 'xmllint' to check XML markup files
[2.130s] -- Configuring done
[2.137s] -- Generating done
[2.139s] -- Build files have been written to: /home/canveo/turtlebot_ws/build/turtlebot2_gazebo
[2.149s] Invoked command in '/home/canveo/turtlebot_ws/build/turtlebot2_gazebo' returned '0': CMAKE_PREFIX_PATH=${CMAKE_PREFIX_PATH}:/home/canveo/turtlebot_ws/install/move_base:/opt/ros/iron /usr/bin/cmake /home/canveo/turtlebot_ws/src/turtlebot2_gazebo -DAMENT_CMAKE_SYMLINK_INSTALL=1 -DCMAKE_INSTALL_PREFIX=/home/canveo/turtlebot_ws/install/turtlebot2_gazebo
[2.150s] Invoking command in '/home/canveo/turtlebot_ws/build/turtlebot2_gazebo': CMAKE_PREFIX_PATH=${CMAKE_PREFIX_PATH}:/home/canveo/turtlebot_ws/install/move_base:/opt/ros/iron /usr/bin/cmake --build /home/canveo/turtlebot_ws/build/turtlebot2_gazebo -- -j8 -l8
[2.201s] Invoked command in '/home/canveo/turtlebot_ws/build/turtlebot2_gazebo' returned '0': CMAKE_PREFIX_PATH=${CMAKE_PREFIX_PATH}:/home/canveo/turtlebot_ws/install/move_base:/opt/ros/iron /usr/bin/cmake --build /home/canveo/turtlebot_ws/build/turtlebot2_gazebo -- -j8 -l8
[2.233s] Invoking command in '/home/canveo/turtlebot_ws/build/turtlebot2_gazebo': CMAKE_PREFIX_PATH=${CMAKE_PREFIX_PATH}:/home/canveo/turtlebot_ws/install/move_base:/opt/ros/iron /usr/bin/cmake --install /home/canveo/turtlebot_ws/build/turtlebot2_gazebo
[2.242s] -- Install configuration: ""
[2.242s] -- Execute custom install script
[2.242s] -- Up-to-date symlink: /home/canveo/turtlebot_ws/install/turtlebot2_gazebo/share/ament_index/resource_index/package_run_dependencies/turtlebot2_gazebo
[2.243s] -- Up-to-date symlink: /home/canveo/turtlebot_ws/install/turtlebot2_gazebo/share/ament_index/resource_index/parent_prefix_path/turtlebot2_gazebo
[2.243s] -- Up-to-date symlink: /home/canveo/turtlebot_ws/install/turtlebot2_gazebo/share/turtlebot2_gazebo/environment/ament_prefix_path.sh
[2.243s] -- Up-to-date symlink: /home/canveo/turtlebot_ws/install/turtlebot2_gazebo/share/turtlebot2_gazebo/environment/ament_prefix_path.dsv
[2.244s] -- Up-to-date symlink: /home/canveo/turtlebot_ws/install/turtlebot2_gazebo/share/turtlebot2_gazebo/environment/path.sh
[2.244s] -- Up-to-date symlink: /home/canveo/turtlebot_ws/install/turtlebot2_gazebo/share/turtlebot2_gazebo/environment/path.dsv
[2.244s] -- Up-to-date symlink: /home/canveo/turtlebot_ws/install/turtlebot2_gazebo/share/turtlebot2_gazebo/local_setup.bash
[2.244s] -- Up-to-date symlink: /home/canveo/turtlebot_ws/install/turtlebot2_gazebo/share/turtlebot2_gazebo/local_setup.sh
[2.245s] -- Up-to-date symlink: /home/canveo/turtlebot_ws/install/turtlebot2_gazebo/share/turtlebot2_gazebo/local_setup.zsh
[2.245s] -- Up-to-date symlink: /home/canveo/turtlebot_ws/install/turtlebot2_gazebo/share/turtlebot2_gazebo/local_setup.dsv
[2.245s] -- Symlinking: /home/canveo/turtlebot_ws/install/turtlebot2_gazebo/share/turtlebot2_gazebo/package.dsv
[2.256s] -- Up-to-date symlink: /home/canveo/turtlebot_ws/install/turtlebot2_gazebo/share/ament_index/resource_index/packages/turtlebot2_gazebo
[2.256s] -- Up-to-date symlink: /home/canveo/turtlebot_ws/install/turtlebot2_gazebo/share/turtlebot2_gazebo/cmake/turtlebot2_gazeboConfig.cmake
[2.256s] -- Up-to-date symlink: /home/canveo/turtlebot_ws/install/turtlebot2_gazebo/share/turtlebot2_gazebo/cmake/turtlebot2_gazeboConfig-version.cmake
[2.256s] -- Up-to-date symlink: /home/canveo/turtlebot_ws/install/turtlebot2_gazebo/share/turtlebot2_gazebo/package.xml
[2.259s] Invoked command in '/home/canveo/turtlebot_ws/build/turtlebot2_gazebo' returned '0': CMAKE_PREFIX_PATH=${CMAKE_PREFIX_PATH}:/home/canveo/turtlebot_ws/install/move_base:/opt/ros/iron /usr/bin/cmake --install /home/canveo/turtlebot_ws/build/turtlebot2_gazebo
