-- The C compiler identification is GNU 11.4.0
-- The CXX compiler identification is GNU 11.4.0
-- Detecting C compiler ABI info
-- Detecting C compiler ABI info - done
-- Check for working C compiler: /usr/bin/cc - skipped
-- Detecting C compile features
-- Detecting C compile features - done
-- Detecting CXX compiler ABI info
-- Detecting CXX compiler ABI info - done
-- Check for working CXX compiler: /usr/bin/c++ - skipped
-- Detecting CXX compile features
-- Detecting CXX compile features - done
-- Found ament_cmake_ros: 0.11.2 (/opt/ros/iron/share/ament_cmake_ros/cmake)
-- Found Python3: /usr/bin/python3.10 (found version "3.10.12") found components: Interpreter 
-- Override CMake install command with custom implementation using symlinks instead of copying resources
-- Found geometry_msgs: 5.0.1 (/opt/ros/iron/share/geometry_msgs/cmake)
-- Found rosidl_generator_c: 4.0.1 (/opt/ros/iron/share/rosidl_generator_c/cmake)
-- Found rosidl_generator_cpp: 4.0.1 (/opt/ros/iron/share/rosidl_generator_cpp/cmake)
-- Using all available rosidl_typesupport_c: rosidl_typesupport_fastrtps_c;rosidl_typesupport_introspection_c
-- Using all available rosidl_typesupport_cpp: rosidl_typesupport_fastrtps_cpp;rosidl_typesupport_introspection_cpp
-- Found rcl_interfaces: 1.6.0 (/opt/ros/iron/share/rcl_interfaces/cmake)
-- Found rclcpp: 21.0.7 (/opt/ros/iron/share/rclcpp/cmake)
-- Found rmw_implementation_cmake: 7.1.0 (/opt/ros/iron/share/rmw_implementation_cmake/cmake)
-- Found rmw_fastrtps_cpp: 7.1.4 (/opt/ros/iron/share/rmw_fastrtps_cpp/cmake)
-- Found OpenSSL: /usr/lib/x86_64-linux-gnu/libcrypto.so (found version "3.0.2")  
-- Found FastRTPS: /opt/ros/iron/include  
-- Using RMW implementation 'rmw_fastrtps_cpp' as default
-- Found rclcpp_components: 21.0.7 (/opt/ros/iron/share/rclcpp_components/cmake)
-- Found ament_lint_auto: 0.14.4 (/opt/ros/iron/share/ament_lint_auto/cmake)
-- Found launch_testing_ament_cmake: 2.0.4 (/opt/ros/iron/share/launch_testing_ament_cmake/cmake)
-- Found python_cmake_module: 0.10.2 (/opt/ros/iron/share/python_cmake_module/cmake)
-- Found PythonInterp: /usr/bin/python3 (found suitable version "3.10.12", minimum required is "3.6") 
-- Found PythonLibs: /usr/lib/x86_64-linux-gnu/libpython3.10.so (found suitable version "3.10.12", minimum required is "3.5") 
-- Using PYTHON_EXECUTABLE: /usr/bin/python3
-- Using PYTHON_INCLUDE_DIRS: /usr/include/python3.10
-- Using PYTHON_LIBRARIES: /usr/lib/x86_64-linux-gnu/libpython3.10.so
-- Found PythonExtra: .so  
-- Added test 'cppcheck' to perform static code analysis on C / C++ code
-- Configured cppcheck include dirs: /home/canveo/turtlebot_ws/src/cmd_vel_mux/include
-- Configured cppcheck exclude dirs and/or files: 
-- Added test 'cpplint' to check C / C++ code against the Google style
-- Configured cpplint exclude dirs and/or files: 
-- Added test 'flake8' to check Python code syntax and style conventions
-- Configured 'flake8' exclude dirs and/or files: 
-- Added test 'lint_cmake' to check CMake code style
-- Added test 'pep257' to check Python code against some of the docstring style conventions in PEP 257
-- Added test 'uncrustify' to check C / C++ code style
-- Configured uncrustify additional arguments: 
-- Added test 'xmllint' to check XML markup files
-- Configuring done
-- Generating done
-- Build files have been written to: /home/canveo/turtlebot_ws/build/cmd_vel_mux
[ 25%] [32mBuilding CXX object CMakeFiles/cmd_vel_mux.dir/src/cmd_vel_mux.cpp.o[0m
[ 50%] [32mBuilding CXX object CMakeFiles/cmd_vel_mux_node.dir/rclcpp_components/node_main_cmd_vel_mux_node.cpp.o[0m
[ 75%] [32m[1mLinking CXX executable cmd_vel_mux_node[0m
[ 75%] Built target cmd_vel_mux_node
[100%] [32m[1mLinking CXX shared library libcmd_vel_mux.so[0m
[100%] Built target cmd_vel_mux
-- Install configuration: ""
-- Execute custom install script
-- Symlinking: /home/canveo/turtlebot_ws/install/cmd_vel_mux/lib/cmd_vel_mux/cmd_vel_mux_node
-- Symlinking: /home/canveo/turtlebot_ws/install/cmd_vel_mux/lib/libcmd_vel_mux.so
-- Symlinking: /home/canveo/turtlebot_ws/install/cmd_vel_mux/include/cmd_vel_mux/cmd_vel_mux.hpp
-- Symlinking: /home/canveo/turtlebot_ws/install/cmd_vel_mux/share/cmd_vel_mux/config/cmd_vel_mux_params.yaml
-- Symlinking: /home/canveo/turtlebot_ws/install/cmd_vel_mux/share/cmd_vel_mux/launch/cmd_vel_mux-composed-launch.py
-- Symlinking: /home/canveo/turtlebot_ws/install/cmd_vel_mux/share/cmd_vel_mux/launch/cmd_vel_mux-launch.py
-- Symlinking: /home/canveo/turtlebot_ws/install/cmd_vel_mux/share/ament_index/resource_index/package_run_dependencies/cmd_vel_mux
-- Symlinking: /home/canveo/turtlebot_ws/install/cmd_vel_mux/share/ament_index/resource_index/parent_prefix_path/cmd_vel_mux
-- Symlinking: /home/canveo/turtlebot_ws/install/cmd_vel_mux/share/cmd_vel_mux/environment/ament_prefix_path.sh
-- Symlinking: /home/canveo/turtlebot_ws/install/cmd_vel_mux/share/cmd_vel_mux/environment/ament_prefix_path.dsv
-- Symlinking: /home/canveo/turtlebot_ws/install/cmd_vel_mux/share/cmd_vel_mux/environment/path.sh
-- Symlinking: /home/canveo/turtlebot_ws/install/cmd_vel_mux/share/cmd_vel_mux/environment/path.dsv
-- Symlinking: /home/canveo/turtlebot_ws/install/cmd_vel_mux/share/cmd_vel_mux/local_setup.bash
-- Symlinking: /home/canveo/turtlebot_ws/install/cmd_vel_mux/share/cmd_vel_mux/local_setup.sh
-- Symlinking: /home/canveo/turtlebot_ws/install/cmd_vel_mux/share/cmd_vel_mux/local_setup.zsh
-- Symlinking: /home/canveo/turtlebot_ws/install/cmd_vel_mux/share/cmd_vel_mux/local_setup.dsv
-- Symlinking: /home/canveo/turtlebot_ws/install/cmd_vel_mux/share/cmd_vel_mux/package.dsv
-- Symlinking: /home/canveo/turtlebot_ws/install/cmd_vel_mux/share/ament_index/resource_index/packages/cmd_vel_mux
-- Symlinking: /home/canveo/turtlebot_ws/install/cmd_vel_mux/share/ament_index/resource_index/rclcpp_components/cmd_vel_mux
-- Symlinking: /home/canveo/turtlebot_ws/install/cmd_vel_mux/share/cmd_vel_mux/cmake/cmd_vel_muxConfig.cmake
-- Symlinking: /home/canveo/turtlebot_ws/install/cmd_vel_mux/share/cmd_vel_mux/cmake/cmd_vel_muxConfig-version.cmake
-- Symlinking: /home/canveo/turtlebot_ws/install/cmd_vel_mux/share/cmd_vel_mux/package.xml
