[0.011s] Invoking command in '/home/canveo/turtlebot_ws/build/turtlebot2_bringup': CMAKE_PREFIX_PATH=/home/canveo/turtlebot_ws/install/turtlebot2_description:/home/canveo/turtlebot_ws/install/turtlebot2_bringup:/home/canveo/turtlebot_ws/install/kobuki_ros:/home/canveo/turtlebot_ws/install/kobuki_keyop:/home/canveo/turtlebot_ws/install/kobuki_velocity_smoother:/home/canveo/turtlebot_ws/install/kobuki_safety_controller:/home/canveo/turtlebot_ws/install/kobuki_random_walker:/home/canveo/turtlebot_ws/install/kobuki_node:/home/canveo/turtlebot_ws/install/kobuki_description:/home/canveo/turtlebot_ws/install/kobuki_auto_docking:/home/canveo/turtlebot_ws/install/kobuki_core:/home/canveo/turtlebot_ws/install/kobuki_bumper2pc:/home/canveo/turtlebot_ws/install/cmd_vel_mux:/opt/ros/iron /usr/bin/cmake /home/canveo/turtlebot_ws/src/turtlebot2_bringup -DAMENT_CMAKE_SYMLINK_INSTALL=1 -DCMAKE_INSTALL_PREFIX=/home/canveo/turtlebot_ws/install/turtlebot2_bringup
[0.024s] -- Found ament_cmake: 2.0.6 (/opt/ros/iron/share/ament_cmake/cmake)
[0.186s] -- Override CMake install command with custom implementation using symlinks instead of copying resources
[0.194s] -- Found xacro: 2.0.11 (/opt/ros/iron/share/xacro/cmake)
[0.195s] -- Found ament_lint_auto: 0.14.4 (/opt/ros/iron/share/ament_lint_auto/cmake)
[0.270s] -- Added test 'flake8' to check Python code syntax and style conventions
[0.270s] -- Configured 'flake8' exclude dirs and/or files: 
[0.270s] -- Added test 'lint_cmake' to check CMake code style
[0.271s] -- Added test 'pep257' to check Python code against some of the docstring style conventions in PEP 257
[0.272s] -- Added test 'xmllint' to check XML markup files
[0.273s] -- Configuring done
[0.278s] -- Generating done
[0.279s] -- Build files have been written to: /home/canveo/turtlebot_ws/build/turtlebot2_bringup
[0.281s] Invoked command in '/home/canveo/turtlebot_ws/build/turtlebot2_bringup' returned '0': CMAKE_PREFIX_PATH=/home/canveo/turtlebot_ws/install/turtlebot2_description:/home/canveo/turtlebot_ws/install/turtlebot2_bringup:/home/canveo/turtlebot_ws/install/kobuki_ros:/home/canveo/turtlebot_ws/install/kobuki_keyop:/home/canveo/turtlebot_ws/install/kobuki_velocity_smoother:/home/canveo/turtlebot_ws/install/kobuki_safety_controller:/home/canveo/turtlebot_ws/install/kobuki_random_walker:/home/canveo/turtlebot_ws/install/kobuki_node:/home/canveo/turtlebot_ws/install/kobuki_description:/home/canveo/turtlebot_ws/install/kobuki_auto_docking:/home/canveo/turtlebot_ws/install/kobuki_core:/home/canveo/turtlebot_ws/install/kobuki_bumper2pc:/home/canveo/turtlebot_ws/install/cmd_vel_mux:/opt/ros/iron /usr/bin/cmake /home/canveo/turtlebot_ws/src/turtlebot2_bringup -DAMENT_CMAKE_SYMLINK_INSTALL=1 -DCMAKE_INSTALL_PREFIX=/home/canveo/turtlebot_ws/install/turtlebot2_bringup
[0.283s] Invoking command in '/home/canveo/turtlebot_ws/build/turtlebot2_bringup': CMAKE_PREFIX_PATH=/home/canveo/turtlebot_ws/install/turtlebot2_description:/home/canveo/turtlebot_ws/install/turtlebot2_bringup:/home/canveo/turtlebot_ws/install/kobuki_ros:/home/canveo/turtlebot_ws/install/kobuki_keyop:/home/canveo/turtlebot_ws/install/kobuki_velocity_smoother:/home/canveo/turtlebot_ws/install/kobuki_safety_controller:/home/canveo/turtlebot_ws/install/kobuki_random_walker:/home/canveo/turtlebot_ws/install/kobuki_node:/home/canveo/turtlebot_ws/install/kobuki_description:/home/canveo/turtlebot_ws/install/kobuki_auto_docking:/home/canveo/turtlebot_ws/install/kobuki_core:/home/canveo/turtlebot_ws/install/kobuki_bumper2pc:/home/canveo/turtlebot_ws/install/cmd_vel_mux:/opt/ros/iron /usr/bin/cmake --build /home/canveo/turtlebot_ws/build/turtlebot2_bringup -- -j8 -l8
[0.327s] Invoked command in '/home/canveo/turtlebot_ws/build/turtlebot2_bringup' returned '0': CMAKE_PREFIX_PATH=/home/canveo/turtlebot_ws/install/turtlebot2_description:/home/canveo/turtlebot_ws/install/turtlebot2_bringup:/home/canveo/turtlebot_ws/install/kobuki_ros:/home/canveo/turtlebot_ws/install/kobuki_keyop:/home/canveo/turtlebot_ws/install/kobuki_velocity_smoother:/home/canveo/turtlebot_ws/install/kobuki_safety_controller:/home/canveo/turtlebot_ws/install/kobuki_random_walker:/home/canveo/turtlebot_ws/install/kobuki_node:/home/canveo/turtlebot_ws/install/kobuki_description:/home/canveo/turtlebot_ws/install/kobuki_auto_docking:/home/canveo/turtlebot_ws/install/kobuki_core:/home/canveo/turtlebot_ws/install/kobuki_bumper2pc:/home/canveo/turtlebot_ws/install/cmd_vel_mux:/opt/ros/iron /usr/bin/cmake --build /home/canveo/turtlebot_ws/build/turtlebot2_bringup -- -j8 -l8
[0.356s] Invoking command in '/home/canveo/turtlebot_ws/build/turtlebot2_bringup': CMAKE_PREFIX_PATH=/home/canveo/turtlebot_ws/install/turtlebot2_description:/home/canveo/turtlebot_ws/install/turtlebot2_bringup:/home/canveo/turtlebot_ws/install/kobuki_ros:/home/canveo/turtlebot_ws/install/kobuki_keyop:/home/canveo/turtlebot_ws/install/kobuki_velocity_smoother:/home/canveo/turtlebot_ws/install/kobuki_safety_controller:/home/canveo/turtlebot_ws/install/kobuki_random_walker:/home/canveo/turtlebot_ws/install/kobuki_node:/home/canveo/turtlebot_ws/install/kobuki_description:/home/canveo/turtlebot_ws/install/kobuki_auto_docking:/home/canveo/turtlebot_ws/install/kobuki_core:/home/canveo/turtlebot_ws/install/kobuki_bumper2pc:/home/canveo/turtlebot_ws/install/cmd_vel_mux:/opt/ros/iron /usr/bin/cmake --install /home/canveo/turtlebot_ws/build/turtlebot2_bringup
[0.365s] -- Install configuration: ""
[0.365s] -- Execute custom install script
[0.366s] -- Symlinking: /home/canveo/turtlebot_ws/install/turtlebot2_bringup/share/turtlebot2_bringup/launch/ekf_node.launch.py
[0.376s] -- Symlinking: /home/canveo/turtlebot_ws/install/turtlebot2_bringup/share/turtlebot2_bringup/launch/turtlebot2_bringup.launch.py
[0.387s] -- Symlinking: /home/canveo/turtlebot_ws/install/turtlebot2_bringup/share/turtlebot2_bringup/config/ekf.yaml
[0.397s] -- Symlinking: /home/canveo/turtlebot_ws/install/turtlebot2_bringup/share/turtlebot2_bringup/config/turtlebot2_laser_scan_filter.yaml
[0.407s] -- Symlinking: /home/canveo/turtlebot_ws/install/turtlebot2_bringup/share/turtlebot2_bringup/config/urg-04lx-ug01.yaml
[0.418s] -- Symlinking: /home/canveo/turtlebot_ws/install/turtlebot2_bringup/share/ament_index/resource_index/package_run_dependencies/turtlebot2_bringup
[0.428s] -- Symlinking: /home/canveo/turtlebot_ws/install/turtlebot2_bringup/share/ament_index/resource_index/parent_prefix_path/turtlebot2_bringup
[0.438s] -- Symlinking: /home/canveo/turtlebot_ws/install/turtlebot2_bringup/share/turtlebot2_bringup/environment/ament_prefix_path.sh
[0.449s] -- Symlinking: /home/canveo/turtlebot_ws/install/turtlebot2_bringup/share/turtlebot2_bringup/environment/ament_prefix_path.dsv
[0.459s] -- Symlinking: /home/canveo/turtlebot_ws/install/turtlebot2_bringup/share/turtlebot2_bringup/environment/path.sh
[0.469s] -- Symlinking: /home/canveo/turtlebot_ws/install/turtlebot2_bringup/share/turtlebot2_bringup/environment/path.dsv
[0.480s] -- Symlinking: /home/canveo/turtlebot_ws/install/turtlebot2_bringup/share/turtlebot2_bringup/local_setup.bash
[0.490s] -- Symlinking: /home/canveo/turtlebot_ws/install/turtlebot2_bringup/share/turtlebot2_bringup/local_setup.sh
[0.500s] -- Symlinking: /home/canveo/turtlebot_ws/install/turtlebot2_bringup/share/turtlebot2_bringup/local_setup.zsh
[0.510s] -- Symlinking: /home/canveo/turtlebot_ws/install/turtlebot2_bringup/share/turtlebot2_bringup/local_setup.dsv
[0.521s] -- Symlinking: /home/canveo/turtlebot_ws/install/turtlebot2_bringup/share/turtlebot2_bringup/package.dsv
[0.531s] -- Symlinking: /home/canveo/turtlebot_ws/install/turtlebot2_bringup/share/ament_index/resource_index/packages/turtlebot2_bringup
[0.541s] -- Symlinking: /home/canveo/turtlebot_ws/install/turtlebot2_bringup/share/turtlebot2_bringup/cmake/turtlebot2_bringupConfig.cmake
[0.552s] -- Symlinking: /home/canveo/turtlebot_ws/install/turtlebot2_bringup/share/turtlebot2_bringup/cmake/turtlebot2_bringupConfig-version.cmake
[0.562s] -- Symlinking: /home/canveo/turtlebot_ws/install/turtlebot2_bringup/share/turtlebot2_bringup/package.xml
[0.574s] Invoked command in '/home/canveo/turtlebot_ws/build/turtlebot2_bringup' returned '0': CMAKE_PREFIX_PATH=/home/canveo/turtlebot_ws/install/turtlebot2_description:/home/canveo/turtlebot_ws/install/turtlebot2_bringup:/home/canveo/turtlebot_ws/install/kobuki_ros:/home/canveo/turtlebot_ws/install/kobuki_keyop:/home/canveo/turtlebot_ws/install/kobuki_velocity_smoother:/home/canveo/turtlebot_ws/install/kobuki_safety_controller:/home/canveo/turtlebot_ws/install/kobuki_random_walker:/home/canveo/turtlebot_ws/install/kobuki_node:/home/canveo/turtlebot_ws/install/kobuki_description:/home/canveo/turtlebot_ws/install/kobuki_auto_docking:/home/canveo/turtlebot_ws/install/kobuki_core:/home/canveo/turtlebot_ws/install/kobuki_bumper2pc:/home/canveo/turtlebot_ws/install/cmd_vel_mux:/opt/ros/iron /usr/bin/cmake --install /home/canveo/turtlebot_ws/build/turtlebot2_bringup
